==============================================================================================================
============================******************************************************============================
==============================================================================================================
cutoff strategy: TwentyfivePercent
delear strategy: FivePercent
small blind strategy: TenPercent
big blind strategy: FivePercent
=====================================================================
========= Table: 10, #Hand: 10000000

| 4d | 3s | 9c | 9s | Jh | 

Player ID: 11, Position: CutOff, Holding Cards: | Ad | 5d | , Action: AllIn, 
Best Hand: | Ad | Jh | 9c | 9s | 5d | = Pair of: 9, Money: 519176.774980

Player ID: 12, Position: Dealer, Holding Cards: | Kh | 6d | , Action: Fold, 
Best Hand: | Kh | Jh | 9c | 9s | 6d | = Pair of: 9, Money: 250668.408335

Player ID: 13, Position: SmallBlind, Holding Cards: | 5h | Qs | , Action: Fold, 
Best Hand: | Qs | Jh | 9c | 9s | 5h | = Pair of: 9, Money: -618583.149895

Player ID: 14, Position: BigBlind, Holding Cards: | 4c | 6c | , Action: Fold, 
Best Hand: | Jh | 9c | 9s | 4c | 4d | = TwoPairs of: 9 and 4, Money: -151262.033315

=====================================================================


HighCard: 17.426545
Pair: 43.830463
TwoPairs: 23.478370
Trips: 4.819660
Straight: 4.623710
Flush: 3.026222
FullHouse: 2.595292
Quads: 0.168648
StraightFlush: 0.031090

Empty-BigBlind: 62.886100
OneRaise-CutOff: 20.542190
OneRaise-Dealer: 3.594320
OneRaise-SmallBlind: 7.348130
TwoRaises-CutOff, Dealer: 1.086570
TwoRaises-CutOff, SmallBlind: 2.224990
TwoRaises-CutOff, BigBlind: 1.091800
TwoRaises-Dealer, SmallBlind: 0.381150
TwoRaises-Dealer, BigBlind: 0.184700
TwoRaises-SmallBlind, BigBlind: 0.385900
ThreeRaises-CutOff, Dealer, SmallBlind: 0.101760
ThreeRaises-CutOff, Dealer, BigBlind: 0.049010
ThreeRaises-CutOff, SmallBlind, BigBlind: 0.102600
ThreeRaises-Dealer, SmallBlind, BigBlind: 0.016880
FourRaises-CutOff, Dealer, SmallBlind, BigBlind: 0.003900


Show Downs Frequency: 5.629260
Two Players in Frequency: 5.355110
Three Players in Frequency: 0.270250
Four Players in Frequency: 0.003900
==============================================================================================================
============================******************************************************============================
==============================================================================================================
cutoff strategy: TwentyfivePercent
delear strategy: FivePercent
small blind strategy: TenPercent
big blind strategy: TenPercent
=====================================================================
========= Table: 10, #Hand: 10000000

| Qc | Ks | As | Kd | 6s | 

Player ID: 11, Position: CutOff, Holding Cards: | 3s | 4c | , Action: Fold, 
Best Hand: | As | Ks | Kd | Qc | 6s | = Pair of: 13, Money: 473584.424983

Player ID: 12, Position: Dealer, Holding Cards: | 9s | 5h | , Action: Fold, 
Best Hand: | As | Ks | Kd | Qc | 9s | = Pair of: 13, Money: 261999.983335

Player ID: 13, Position: SmallBlind, Holding Cards: | 5d | Jc | , Action: Fold, 
Best Hand: | As | Ks | Kd | Qc | Jc | = Pair of: 13, Money: -614124.474896

Player ID: 14, Position: BigBlind, Holding Cards: | 10s | 2d | , Action: AllIn, 
Best Hand: | As | Ks | Kd | Qc | 10s | = Pair of: 13, Money: -121459.933320

=====================================================================


HighCard: 17.414047
Pair: 43.820273
TwoPairs: 23.509567
Trips: 4.826150
Straight: 4.614835
Flush: 3.022553
FullHouse: 2.594345
Quads: 0.166960
StraightFlush: 0.031270

Empty-BigBlind: 62.928250
OneRaise-CutOff: 19.463560
OneRaise-Dealer: 3.423900
OneRaise-SmallBlind: 6.958940
TwoRaises-CutOff, Dealer: 1.034850
TwoRaises-CutOff, SmallBlind: 2.136090
TwoRaises-CutOff, BigBlind: 2.135960
TwoRaises-Dealer, SmallBlind: 0.365270
TwoRaises-Dealer, BigBlind: 0.365490
TwoRaises-SmallBlind, BigBlind: 0.749250
ThreeRaises-CutOff, Dealer, SmallBlind: 0.098420
ThreeRaises-CutOff, Dealer, BigBlind: 0.097700
ThreeRaises-CutOff, SmallBlind, BigBlind: 0.201590
ThreeRaises-Dealer, SmallBlind, BigBlind: 0.032920
FourRaises-CutOff, Dealer, SmallBlind, BigBlind: 0.007810


Show Downs Frequency: 7.225350
Two Players in Frequency: 6.786910
Three Players in Frequency: 0.430630
Four Players in Frequency: 0.007810
==============================================================================================================
============================******************************************************============================
==============================================================================================================
cutoff strategy: TwentyfivePercent
delear strategy: FivePercent
small blind strategy: TenPercent
big blind strategy: FifteenPercent
=====================================================================
========= Table: 10, #Hand: 10000000

| 4c | 3c | 8h | 4h | 6c | 

Player ID: 11, Position: CutOff, Holding Cards: | 2s | 10s | , Action: Fold, 
Best Hand: | 10s | 8h | 6c | 4c | 4h | = Pair of: 4, Money: 461465.874984

Player ID: 12, Position: Dealer, Holding Cards: | 9s | Ac | , Action: Fold, 
Best Hand: | Ac | 9s | 8h | 4c | 4h | = Pair of: 4, Money: 271752.733335

Player ID: 13, Position: SmallBlind, Holding Cards: | As | 8c | , Action: Fold, 
Best Hand: | As | 8c | 8h | 4c | 4h | = TwoPairs of: 8 and 4, Money: -600965.091565

Player ID: 14, Position: BigBlind, Holding Cards: | 10c | Ks | , Action: AllIn, 
Best Hand: | Ks | 10c | 8h | 4c | 4h | = Pair of: 4, Money: -132253.516651

=====================================================================


HighCard: 17.416583
Pair: 43.828205
TwoPairs: 23.484510
Trips: 4.827223
Straight: 4.621448
Flush: 3.023003
FullHouse: 2.599792
Quads: 0.168327
StraightFlush: 0.030910

Empty-BigBlind: 62.917840
OneRaise-CutOff: 18.582460
OneRaise-Dealer: 3.263290
OneRaise-SmallBlind: 6.641120
TwoRaises-CutOff, Dealer: 0.997140
TwoRaises-CutOff, SmallBlind: 2.038860
TwoRaises-CutOff, BigBlind: 3.034850
TwoRaises-Dealer, SmallBlind: 0.349000
TwoRaises-Dealer, BigBlind: 0.520090
TwoRaises-SmallBlind, BigBlind: 1.066410
ThreeRaises-CutOff, Dealer, SmallBlind: 0.094460
ThreeRaises-CutOff, Dealer, BigBlind: 0.140410
ThreeRaises-CutOff, SmallBlind, BigBlind: 0.292520
ThreeRaises-Dealer, SmallBlind, BigBlind: 0.049660
FourRaises-CutOff, Dealer, SmallBlind, BigBlind: 0.011890


Show Downs Frequency: 8.595290
Two Players in Frequency: 8.006350
Three Players in Frequency: 0.577050
Four Players in Frequency: 0.011890
==============================================================================================================
============================******************************************************============================
==============================================================================================================
cutoff strategy: TwentyfivePercent
delear strategy: FivePercent
small blind strategy: TenPercent
big blind strategy: TwentyPercent
=====================================================================
========= Table: 10, #Hand: 10000000

| 9c | Jh | 2c | 10h | Ks | 

Player ID: 11, Position: CutOff, Holding Cards: | 5s | Qs | , Action: Fold, 
Best Hand: | Ks | Qs | Jh | 10h | 9c | = Straight of: 13 high, Money: 462799.474984

Player ID: 12, Position: Dealer, Holding Cards: | 4h | 3c | , Action: Fold, 
Best Hand: | Ks | Jh | 10h | 9c | 4h | = HighCard of: 13, Money: 282184.791668

Player ID: 13, Position: SmallBlind, Holding Cards: | 6h | 3d | , Action: Fold, 
Best Hand: | Ks | Jh | 10h | 9c | 6h | = HighCard of: 13, Money: -580457.966569

Player ID: 14, Position: BigBlind, Holding Cards: | 5c | 2s | , Action: AllIn, 
Best Hand: | Ks | Jh | 10h | 2c | 2s | = Pair of: 2, Money: -164526.299980

=====================================================================


HighCard: 17.408707
Pair: 43.829332
TwoPairs: 23.484050
Trips: 4.836900
Straight: 4.613293
Flush: 3.026460
FullHouse: 2.601250
Quads: 0.169098
StraightFlush: 0.030910

Empty-BigBlind: 62.899630
OneRaise-CutOff: 17.548620
OneRaise-Dealer: 3.085740
OneRaise-SmallBlind: 6.286790
TwoRaises-CutOff, Dealer: 0.945850
TwoRaises-CutOff, SmallBlind: 1.934300
TwoRaises-CutOff, BigBlind: 4.067550
TwoRaises-Dealer, SmallBlind: 0.334610
TwoRaises-Dealer, BigBlind: 0.702250
TwoRaises-SmallBlind, BigBlind: 1.440600
ThreeRaises-CutOff, Dealer, SmallBlind: 0.087900
ThreeRaises-CutOff, Dealer, BigBlind: 0.189440
ThreeRaises-CutOff, SmallBlind, BigBlind: 0.394260
ThreeRaises-Dealer, SmallBlind, BigBlind: 0.066090
FourRaises-CutOff, Dealer, SmallBlind, BigBlind: 0.016370


Show Downs Frequency: 10.179220
Two Players in Frequency: 9.425160
Three Players in Frequency: 0.737690
Four Players in Frequency: 0.016370
==============================================================================================================
============================******************************************************============================
==============================================================================================================
cutoff strategy: TwentyfivePercent
delear strategy: FivePercent
small blind strategy: TenPercent
big blind strategy: TwentyfivePercent
=====================================================================
========= Table: 10, #Hand: 10000000

| Kh | 8h | Kc | Ac | Jc | 

Player ID: 11, Position: CutOff, Holding Cards: | 3d | Qc | , Action: Fold, 
Best Hand: | Ac | Kc | Kh | Qc | Jc | = Pair of: 13, Money: 475858.566650

Player ID: 12, Position: Dealer, Holding Cards: | Ks | 7c | , Action: Fold, 
Best Hand: | Ac | Kc | Ks | Kh | Jc | = Trips of: 13, Money: 296033.275000

Player ID: 13, Position: SmallBlind, Holding Cards: | 7d | 6c | , Action: Fold, 
Best Hand: | Ac | Kc | Kh | Jc | 8h | = Pair of: 13, Money: -566187.374905

Player ID: 14, Position: BigBlind, Holding Cards: | Jd | 10d | , Action: AllIn, 
Best Hand: | Ac | Kc | Kh | Jc | Jd | = TwoPairs of: 13 and 11, Money: -205704.466643

=====================================================================


HighCard: 17.409085
Pair: 43.828515
TwoPairs: 23.487928
Trips: 4.832815
Straight: 4.618432
Flush: 3.029850
FullHouse: 2.593175
Quads: 0.168878
StraightFlush: 0.031323

Empty-BigBlind: 62.930510
OneRaise-CutOff: 16.440270
OneRaise-Dealer: 2.889280
OneRaise-SmallBlind: 5.886750
TwoRaises-CutOff, Dealer: 0.895910
TwoRaises-CutOff, SmallBlind: 1.820610
TwoRaises-CutOff, BigBlind: 5.159600
TwoRaises-Dealer, SmallBlind: 0.312860
TwoRaises-Dealer, BigBlind: 0.891820
TwoRaises-SmallBlind, BigBlind: 1.829790
ThreeRaises-CutOff, Dealer, SmallBlind: 0.085210
ThreeRaises-CutOff, Dealer, BigBlind: 0.243360
ThreeRaises-CutOff, SmallBlind, BigBlind: 0.506710
ThreeRaises-Dealer, SmallBlind, BigBlind: 0.085810
FourRaises-CutOff, Dealer, SmallBlind, BigBlind: 0.021510


Show Downs Frequency: 11.853190
Two Players in Frequency: 10.910590
Three Players in Frequency: 0.921090
Four Players in Frequency: 0.021510
==============================================================================================================
============================******************************************************============================
==============================================================================================================
cutoff strategy: TwentyfivePercent
delear strategy: FivePercent
small blind strategy: TenPercent
big blind strategy: ThirtyPercent
=====================================================================
========= Table: 10, #Hand: 10000000

| Ad | 3s | 2h | Js | Qd | 

Player ID: 11, Position: CutOff, Holding Cards: | 6c | Qs | , Action: Fold, 
Best Hand: | Ad | Qs | Qd | Js | 6c | = Pair of: 12, Money: 492533.091650

Player ID: 12, Position: Dealer, Holding Cards: | 3d | 7h | , Action: Fold, 
Best Hand: | Ad | Qd | Js | 3s | 3d | = Pair of: 3, Money: 304956.291667

Player ID: 13, Position: SmallBlind, Holding Cards: | Jd | 6s | , Action: Fold, 
Best Hand: | Ad | Qd | Js | Jd | 6s | = Pair of: 11, Money: -546811.349909

Player ID: 14, Position: BigBlind, Holding Cards: | 10c | 8h | , Action: AllIn, 
Best Hand: | Ad | Qd | Js | 10c | 8h | = HighCard of: 14, Money: -250678.033307

=====================================================================


HighCard: 17.418582
Pair: 43.804972
TwoPairs: 23.496498
Trips: 4.830718
Straight: 4.621562
Flush: 3.026368
FullHouse: 2.601948
Quads: 0.168212
StraightFlush: 0.031140

Empty-BigBlind: 62.905560
OneRaise-CutOff: 15.417030
OneRaise-Dealer: 2.716090
OneRaise-SmallBlind: 5.522880
TwoRaises-CutOff, Dealer: 0.838240
TwoRaises-CutOff, SmallBlind: 1.714080
TwoRaises-CutOff, BigBlind: 6.204090
TwoRaises-Dealer, SmallBlind: 0.295820
TwoRaises-Dealer, BigBlind: 1.069280
TwoRaises-SmallBlind, BigBlind: 2.197350
ThreeRaises-CutOff, Dealer, SmallBlind: 0.081960
ThreeRaises-CutOff, Dealer, BigBlind: 0.299470
ThreeRaises-CutOff, SmallBlind, BigBlind: 0.609310
ThreeRaises-Dealer, SmallBlind, BigBlind: 0.103940
FourRaises-CutOff, Dealer, SmallBlind, BigBlind: 0.024900


Show Downs Frequency: 13.438440
Two Players in Frequency: 12.318860
Three Players in Frequency: 1.094680
Four Players in Frequency: 0.024900
==============================================================================================================
============================******************************************************============================
==============================================================================================================
cutoff strategy: TwentyfivePercent
delear strategy: FivePercent
small blind strategy: TenPercent
big blind strategy: ThirtyfivePercent
=====================================================================
========= Table: 10, #Hand: 10000000

| 4s | 7h | 8s | 4h | 7s | 

Player ID: 11, Position: CutOff, Holding Cards: | 2s | 3h | , Action: Fold, 
Best Hand: | 8s | 7s | 7h | 4s | 4h | = TwoPairs of: 7 and 4, Money: 527244.899982

Player ID: 12, Position: Dealer, Holding Cards: | 5h | Qc | , Action: Fold, 
Best Hand: | Qc | 7s | 7h | 4s | 4h | = TwoPairs of: 7 and 4, Money: 320206.941666

Player ID: 13, Position: SmallBlind, Holding Cards: | 5s | 4c | , Action: Fold, 
Best Hand: | 7s | 7h | 4c | 4s | 4h | = FullHouse of: 7, full of: 4, Money: -523658.408248

Player ID: 14, Position: BigBlind, Holding Cards: | 9d | 8h | , Action: AllIn, 
Best Hand: | 9d | 8s | 8h | 7s | 7h | = TwoPairs of: 8 and 7, Money: -323793.433341

=====================================================================


HighCard: 17.404895
Pair: 43.821013
TwoPairs: 23.495210
Trips: 4.832105
Straight: 4.625410
Flush: 3.023852
FullHouse: 2.598183
Quads: 0.168145
StraightFlush: 0.031187

Empty-BigBlind: 62.893520
OneRaise-CutOff: 14.245250
OneRaise-Dealer: 2.516630
OneRaise-SmallBlind: 5.116160
TwoRaises-CutOff, Dealer: 0.784630
TwoRaises-CutOff, SmallBlind: 1.595550
TwoRaises-CutOff, BigBlind: 7.370190
TwoRaises-Dealer, SmallBlind: 0.277840
TwoRaises-Dealer, BigBlind: 1.270630
TwoRaises-SmallBlind, BigBlind: 2.609200
ThreeRaises-CutOff, Dealer, SmallBlind: 0.075290
ThreeRaises-CutOff, Dealer, BigBlind: 0.358270
ThreeRaises-CutOff, SmallBlind, BigBlind: 0.732310
ThreeRaises-Dealer, SmallBlind, BigBlind: 0.123220
FourRaises-CutOff, Dealer, SmallBlind, BigBlind: 0.031310


Show Downs Frequency: 15.228440
Two Players in Frequency: 13.908040
Three Players in Frequency: 1.289090
Four Players in Frequency: 0.031310
==============================================================================================================
============================******************************************************============================
==============================================================================================================
cutoff strategy: TwentyfivePercent
delear strategy: FivePercent
small blind strategy: TenPercent
big blind strategy: FourtyPercent
=====================================================================
========= Table: 10, #Hand: 10000000

| Ad | 2c | 5d | As | 9d | 

Player ID: 11, Position: CutOff, Holding Cards: | Qh | Kd | , Action: AllIn, 
Best Hand: | As | Ad | Kd | Qh | 9d | = Pair of: 14, Money: 567716.608314

Player ID: 12, Position: Dealer, Holding Cards: | 8s | 2h | , Action: Fold, 
Best Hand: | As | Ad | 9d | 2c | 2h | = TwoPairs of: 14 and 2, Money: 333014.883333

Player ID: 13, Position: SmallBlind, Holding Cards: | Ac | 5s | , Action: Fold, 
Best Hand: | Ac | As | Ad | 5s | 5d | = FullHouse of: 14, full of: 5, Money: -504847.208252

Player ID: 14, Position: BigBlind, Holding Cards: | 4h | 5h | , Action: Fold, 
Best Hand: | As | Ad | 9d | 5d | 5h | = TwoPairs of: 14 and 5, Money: -395884.283369

=====================================================================


HighCard: 17.418582
Pair: 43.830112
TwoPairs: 23.498272
Trips: 4.821255
Straight: 4.618017
Flush: 3.022753
FullHouse: 2.591275
Quads: 0.168742
StraightFlush: 0.030990

Empty-BigBlind: 62.893950
OneRaise-CutOff: 13.237420
OneRaise-Dealer: 2.332740
OneRaise-SmallBlind: 4.734720
TwoRaises-CutOff, Dealer: 0.729090
TwoRaises-CutOff, SmallBlind: 1.481880
TwoRaises-CutOff, BigBlind: 8.385850
TwoRaises-Dealer, SmallBlind: 0.256680
TwoRaises-Dealer, BigBlind: 1.450870
TwoRaises-SmallBlind, BigBlind: 2.982370
ThreeRaises-CutOff, Dealer, SmallBlind: 0.070450
ThreeRaises-CutOff, Dealer, BigBlind: 0.411930
ThreeRaises-CutOff, SmallBlind, BigBlind: 0.851820
ThreeRaises-Dealer, SmallBlind, BigBlind: 0.144410
FourRaises-CutOff, Dealer, SmallBlind, BigBlind: 0.035820


Show Downs Frequency: 16.801170
Two Players in Frequency: 15.286740
Three Players in Frequency: 1.478610
Four Players in Frequency: 0.035820
==============================================================================================================
============================******************************************************============================
==============================================================================================================
cutoff strategy: TwentyfivePercent
delear strategy: FivePercent
small blind strategy: TenPercent
big blind strategy: FourtyfivePercent
=====================================================================
========= Table: 10, #Hand: 10000000

| 7d | 2c | 3s | 10d | 5d | 

Player ID: 11, Position: CutOff, Holding Cards: | 9d | Js | , Action: Fold, 
Best Hand: | Js | 10d | 9d | 7d | 5d | = HighCard of: 11, Money: 604689.533313

Player ID: 12, Position: Dealer, Holding Cards: | 6h | 4c | , Action: Fold, 
Best Hand: | 7d | 6h | 5d | 4c | 3s | = Straight of: 7 high, Money: 343645.774999

Player ID: 13, Position: SmallBlind, Holding Cards: | 3d | 2h | , Action: Fold, 
Best Hand: | 10d | 3s | 3d | 2c | 2h | = TwoPairs of: 3 and 2, Money: -479878.708258

Player ID: 14, Position: BigBlind, Holding Cards: | 8c | Ks | , Action: AllIn, 
Best Hand: | Ks | 10d | 8c | 7d | 5d | = HighCard of: 13, Money: -468456.600054

=====================================================================


HighCard: 17.415085
Pair: 43.832140
TwoPairs: 23.499633
Trips: 4.829428
Straight: 4.616663
Flush: 3.017463
FullHouse: 2.591223
Quads: 0.167520
StraightFlush: 0.030847

Empty-BigBlind: 62.915900
OneRaise-CutOff: 12.166840
OneRaise-Dealer: 2.151820
OneRaise-SmallBlind: 4.372130
TwoRaises-CutOff, Dealer: 0.674290
TwoRaises-CutOff, SmallBlind: 1.364920
TwoRaises-CutOff, BigBlind: 9.446270
TwoRaises-Dealer, SmallBlind: 0.238770
TwoRaises-Dealer, BigBlind: 1.631860
TwoRaises-SmallBlind, BigBlind: 3.348760
ThreeRaises-CutOff, Dealer, SmallBlind: 0.064760
ThreeRaises-CutOff, Dealer, BigBlind: 0.463120
ThreeRaises-CutOff, SmallBlind, BigBlind: 0.957540
ThreeRaises-Dealer, SmallBlind, BigBlind: 0.162490
FourRaises-CutOff, Dealer, SmallBlind, BigBlind: 0.040530


Show Downs Frequency: 18.393310
Two Players in Frequency: 16.704870
Three Players in Frequency: 1.647910
Four Players in Frequency: 0.040530
==============================================================================================================
============================******************************************************============================
==============================================================================================================
cutoff strategy: TwentyfivePercent
delear strategy: FivePercent
small blind strategy: TenPercent
big blind strategy: FiftyPercent
=====================================================================
========= Table: 10, #Hand: 10000000

| 8s | Ks | 10c | 4h | Ad | 

Player ID: 11, Position: CutOff, Holding Cards: | 4c | 7d | , Action: Fold, 
Best Hand: | Ad | Ks | 10c | 4c | 4h | = Pair of: 4, Money: 643827.316646

Player ID: 12, Position: Dealer, Holding Cards: | 8d | 3s | , Action: Fold, 
Best Hand: | Ad | Ks | 10c | 8s | 8d | = Pair of: 8, Money: 362229.116665

Player ID: 13, Position: SmallBlind, Holding Cards: | Ac | 8h | , Action: Fold, 
Best Hand: | Ac | Ad | Ks | 8s | 8h | = TwoPairs of: 14 and 8, Money: -459697.333265

Player ID: 14, Position: BigBlind, Holding Cards: | Js | 3c | , Action: AllIn, 
Best Hand: | Ad | Ks | Js | 10c | 8s | = HighCard of: 14, Money: -546359.100069

=====================================================================


HighCard: 17.419780
Pair: 43.817017
TwoPairs: 23.492787
Trips: 4.829925
Straight: 4.623362
Flush: 3.026547
FullHouse: 2.592380
Quads: 0.166687
StraightFlush: 0.031512

Empty-BigBlind: 62.889060
OneRaise-CutOff: 11.045370
OneRaise-Dealer: 1.956060
OneRaise-SmallBlind: 3.957360
TwoRaises-CutOff, Dealer: 0.618290
TwoRaises-CutOff, SmallBlind: 1.250080
TwoRaises-CutOff, BigBlind: 10.584420
TwoRaises-Dealer, SmallBlind: 0.215550
TwoRaises-Dealer, BigBlind: 1.833500
TwoRaises-SmallBlind, BigBlind: 3.756460
ThreeRaises-CutOff, Dealer, SmallBlind: 0.058520
ThreeRaises-CutOff, Dealer, BigBlind: 0.518350
ThreeRaises-CutOff, SmallBlind, BigBlind: 1.085950
ThreeRaises-Dealer, SmallBlind, BigBlind: 0.184590
FourRaises-CutOff, Dealer, SmallBlind, BigBlind: 0.046440


Show Downs Frequency: 20.152150
Two Players in Frequency: 18.258300
Three Players in Frequency: 1.847410
Four Players in Frequency: 0.046440
==============================================================================================================
============================******************************************************============================
==============================================================================================================
cutoff strategy: TwentyfivePercent
delear strategy: FivePercent
small blind strategy: FifteenPercent
big blind strategy: FivePercent
=====================================================================
========= Table: 10, #Hand: 10000000

| Js | 8h | 10h | 8d | 7d | 

Player ID: 11, Position: CutOff, Holding Cards: | 3c | 9h | , Action: Fold, 
Best Hand: | Js | 10h | 9h | 8h | 7d | = Straight of: 11 high, Money: 514860.141648

Player ID: 12, Position: Dealer, Holding Cards: | Qh | 4c | , Action: Fold, 
Best Hand: | Qh | Js | 10h | 8d | 8h | = Pair of: 8, Money: 264634.641668

Player ID: 13, Position: SmallBlind, Holding Cards: | 9c | 5c | , Action: Fold, 
Best Hand: | Js | 10h | 9c | 8h | 7d | = Straight of: 11 high, Money: -536244.083250

Player ID: 14, Position: BigBlind, Holding Cards: | 10s | 4h | , Action: AllIn, 
Best Hand: | Js | 10s | 10h | 8d | 8h | = TwoPairs of: 10 and 8, Money: -243250.699976

=====================================================================


HighCard: 17.407757
Pair: 43.824220
TwoPairs: 23.497032
Trips: 4.832488
Straight: 4.613695
Flush: 3.025295
FullHouse: 2.599417
Quads: 0.168355
StraightFlush: 0.031740

Empty-BigBlind: 59.760600
OneRaise-CutOff: 19.575950
OneRaise-Dealer: 3.436120
OneRaise-SmallBlind: 10.325610
TwoRaises-CutOff, Dealer: 1.043960
TwoRaises-CutOff, SmallBlind: 3.172060
TwoRaises-CutOff, BigBlind: 1.038030
TwoRaises-Dealer, SmallBlind: 0.549540
TwoRaises-Dealer, BigBlind: 0.178550
TwoRaises-SmallBlind, BigBlind: 0.547230
ThreeRaises-CutOff, Dealer, SmallBlind: 0.147460
ThreeRaises-CutOff, Dealer, BigBlind: 0.047940
ThreeRaises-CutOff, SmallBlind, BigBlind: 0.146040
ThreeRaises-Dealer, SmallBlind, BigBlind: 0.025030
FourRaises-CutOff, Dealer, SmallBlind, BigBlind: 0.005880


Show Downs Frequency: 6.901720
Two Players in Frequency: 6.529370
Three Players in Frequency: 0.366470
Four Players in Frequency: 0.005880
==============================================================================================================
============================******************************************************============================
==============================================================================================================
cutoff strategy: TwentyfivePercent
delear strategy: FivePercent
small blind strategy: FifteenPercent
big blind strategy: TenPercent
=====================================================================
========= Table: 10, #Hand: 10000000

| Qs | 4c | 8s | Qd | Kd | 

Player ID: 11, Position: CutOff, Holding Cards: | 6s | Qc | , Action: Fold, 
Best Hand: | Kd | Qc | Qs | Qd | 8s | = Trips of: 12, Money: 475928.649984

Player ID: 12, Position: Dealer, Holding Cards: | 6c | 6d | , Action: Fold, 
Best Hand: | Kd | Qs | Qd | 6c | 6d | = TwoPairs of: 12 and 6, Money: 272183.200001

Player ID: 13, Position: SmallBlind, Holding Cards: | Ks | 9d | , Action: Fold, 
Best Hand: | Ks | Kd | Qs | Qd | 9d | = TwoPairs of: 13 and 12, Money: -542836.466580

Player ID: 14, Position: BigBlind, Holding Cards: | 5c | 3c | , Action: AllIn, 
Best Hand: | Kd | Qs | Qd | 8s | 5c | = Pair of: 12, Money: -205275.383311

=====================================================================


HighCard: 17.414360
Pair: 43.824970
TwoPairs: 23.488345
Trips: 4.832072
Straight: 4.616485
Flush: 3.032307
FullHouse: 2.591485
Quads: 0.169008
StraightFlush: 0.030967

Empty-BigBlind: 59.744360
OneRaise-CutOff: 18.579050
OneRaise-Dealer: 3.267540
OneRaise-SmallBlind: 9.816500
TwoRaises-CutOff, Dealer: 0.993470
TwoRaises-CutOff, SmallBlind: 3.028120
TwoRaises-CutOff, BigBlind: 2.040810
TwoRaises-Dealer, SmallBlind: 0.519260
TwoRaises-Dealer, BigBlind: 0.351020
TwoRaises-SmallBlind, BigBlind: 1.073360
ThreeRaises-CutOff, Dealer, SmallBlind: 0.141450
ThreeRaises-CutOff, Dealer, BigBlind: 0.094580
ThreeRaises-CutOff, SmallBlind, BigBlind: 0.289970
ThreeRaises-Dealer, SmallBlind, BigBlind: 0.049200
FourRaises-CutOff, Dealer, SmallBlind, BigBlind: 0.011310


Show Downs Frequency: 8.592550
Two Players in Frequency: 8.006040
Three Players in Frequency: 0.575200
Four Players in Frequency: 0.011310
==============================================================================================================
============================******************************************************============================
==============================================================================================================
cutoff strategy: TwentyfivePercent
delear strategy: FivePercent
small blind strategy: FifteenPercent
big blind strategy: FifteenPercent
=====================================================================
========= Table: 10, #Hand: 10000000

| 6s | 4s | 5s | 2c | 3s | 

Player ID: 11, Position: CutOff, Holding Cards: | 9h | Jh | , Action: Fold, 
Best Hand: | 6s | 5s | 4s | 3s | 2c | = Straight of: 6 high, Money: 461973.224985

Player ID: 12, Position: Dealer, Holding Cards: | Js | 9c | , Action: Fold, 
Best Hand: | Js | 6s | 5s | 4s | 3s | = Flush of: 11 high, Money: 280494.450001

Player ID: 13, Position: SmallBlind, Holding Cards: | 8s | Qd | , Action: Fold, 
Best Hand: | 8s | 6s | 5s | 4s | 3s | = Flush of: 8 high, Money: -532037.774916

Player ID: 14, Position: BigBlind, Holding Cards: | 6c | 3c | , Action: AllIn, 
Best Hand: | 6c | 5s | 4s | 3c | 2c | = Straight of: 6 high, Money: -210429.899977

=====================================================================


HighCard: 17.413850
Pair: 43.824970
TwoPairs: 23.487452
Trips: 4.827655
Straight: 4.621940
Flush: 3.028742
FullHouse: 2.596108
Quads: 0.168192
StraightFlush: 0.031090

Empty-BigBlind: 59.757100
OneRaise-CutOff: 17.714950
OneRaise-Dealer: 3.092560
OneRaise-SmallBlind: 9.353670
TwoRaises-CutOff, Dealer: 0.950910
TwoRaises-CutOff, SmallBlind: 2.908920
TwoRaises-CutOff, BigBlind: 2.909640
TwoRaises-Dealer, SmallBlind: 0.501410
TwoRaises-Dealer, BigBlind: 0.507190
TwoRaises-SmallBlind, BigBlind: 1.523660
ThreeRaises-CutOff, Dealer, SmallBlind: 0.137620
ThreeRaises-CutOff, Dealer, BigBlind: 0.136140
ThreeRaises-CutOff, SmallBlind, BigBlind: 0.416650
ThreeRaises-Dealer, SmallBlind, BigBlind: 0.071630
FourRaises-CutOff, Dealer, SmallBlind, BigBlind: 0.017950


Show Downs Frequency: 10.081720
Two Players in Frequency: 9.301730
Three Players in Frequency: 0.762040
Four Players in Frequency: 0.017950
==============================================================================================================
============================******************************************************============================
==============================================================================================================
cutoff strategy: TwentyfivePercent
delear strategy: FivePercent
small blind strategy: FifteenPercent
big blind strategy: TwentyPercent
=====================================================================
========= Table: 10, #Hand: 10000000

| As | 7c | 2h | Qh | Jc | 

Player ID: 11, Position: CutOff, Holding Cards: | 10c | 10h | , Action: AllIn, 
Best Hand: | As | Qh | Jc | 10c | 10h | = Pair of: 10, Money: 460552.983319

Player ID: 12, Position: Dealer, Holding Cards: | 2d | 3h | , Action: Fold, 
Best Hand: | As | Qh | Jc | 2d | 2h | = Pair of: 2, Money: 292269.258334

Player ID: 13, Position: SmallBlind, Holding Cards: | 8c | 9s | , Action: Fold, 
Best Hand: | As | Qh | Jc | 9s | 8c | = HighCard of: 14, Money: -514949.058254

Player ID: 14, Position: BigBlind, Holding Cards: | 4d | Kh | , Action: Fold, 
Best Hand: | As | Kh | Qh | Jc | 7c | = HighCard of: 14, Money: -237873.183309

=====================================================================


HighCard: 17.411240
Pair: 43.840513
TwoPairs: 23.489205
Trips: 4.824310
Straight: 4.618803
Flush: 3.020633
FullHouse: 2.595705
Quads: 0.168623
StraightFlush: 0.030970

Empty-BigBlind: 59.724770
OneRaise-CutOff: 16.719180
OneRaise-Dealer: 2.948180
OneRaise-SmallBlind: 8.851040
TwoRaises-CutOff, Dealer: 0.905820
TwoRaises-CutOff, SmallBlind: 2.757720
TwoRaises-CutOff, BigBlind: 3.900940
TwoRaises-Dealer, SmallBlind: 0.476410
TwoRaises-Dealer, BigBlind: 0.668140
TwoRaises-SmallBlind, BigBlind: 2.049420
ThreeRaises-CutOff, Dealer, SmallBlind: 0.130360
ThreeRaises-CutOff, Dealer, BigBlind: 0.182830
ThreeRaises-CutOff, SmallBlind, BigBlind: 0.566090
ThreeRaises-Dealer, SmallBlind, BigBlind: 0.096250
FourRaises-CutOff, Dealer, SmallBlind, BigBlind: 0.022850


Show Downs Frequency: 11.756830
Two Players in Frequency: 10.758450
Three Players in Frequency: 0.975530
Four Players in Frequency: 0.022850
==============================================================================================================
============================******************************************************============================
==============================================================================================================
cutoff strategy: TwentyfivePercent
delear strategy: FivePercent
small blind strategy: FifteenPercent
big blind strategy: TwentyfivePercent
=====================================================================
========= Table: 10, #Hand: 10000000

| 3h | 10d | Ks | 3s | 2h | 

Player ID: 11, Position: CutOff, Holding Cards: | 10c | Ah | , Action: AllIn, 
Best Hand: | Ah | 10c | 10d | 3s | 3h | = TwoPairs of: 10 and 3, Money: 476363.599985

Player ID: 12, Position: Dealer, Holding Cards: | 10s | 2s | , Action: Fold, 
Best Hand: | Ks | 10s | 10d | 3s | 3h | = TwoPairs of: 10 and 3, Money: 302676.358333

Player ID: 13, Position: SmallBlind, Holding Cards: | Ad | 7d | , Action: AllIn, 
Best Hand: | Ad | Ks | 10d | 3s | 3h | = Pair of: 3, Money: -493277.441593

Player ID: 14, Position: BigBlind, Holding Cards: | 6s | Qh | , Action: Fold, 
Best Hand: | Ks | Qh | 10d | 3s | 3h | = Pair of: 3, Money: -285762.516656

=====================================================================


HighCard: 17.410263
Pair: 43.814152
TwoPairs: 23.510670
Trips: 4.830818
Straight: 4.619050
Flush: 3.022242
FullHouse: 2.594447
Quads: 0.166985
StraightFlush: 0.031372

Empty-BigBlind: 59.743990
OneRaise-CutOff: 15.697360
OneRaise-Dealer: 2.761490
OneRaise-SmallBlind: 8.277640
TwoRaises-CutOff, Dealer: 0.854590
TwoRaises-CutOff, SmallBlind: 2.603700
TwoRaises-CutOff, BigBlind: 4.935450
TwoRaises-Dealer, SmallBlind: 0.443510
TwoRaises-Dealer, BigBlind: 0.851280
TwoRaises-SmallBlind, BigBlind: 2.598370
ThreeRaises-CutOff, Dealer, SmallBlind: 0.121220
ThreeRaises-CutOff, Dealer, BigBlind: 0.235530
ThreeRaises-CutOff, SmallBlind, BigBlind: 0.725910
ThreeRaises-Dealer, SmallBlind, BigBlind: 0.120310
FourRaises-CutOff, Dealer, SmallBlind, BigBlind: 0.029650


Show Downs Frequency: 13.519520
Two Players in Frequency: 12.286900
Three Players in Frequency: 1.202970
Four Players in Frequency: 0.029650
==============================================================================================================
============================******************************************************============================
==============================================================================================================
cutoff strategy: TwentyfivePercent
delear strategy: FivePercent
small blind strategy: FifteenPercent
big blind strategy: ThirtyPercent
=====================================================================
========= Table: 10, #Hand: 10000000

| 5d | 2s | Qs | Jd | 6s | 

Player ID: 11, Position: CutOff, Holding Cards: | 6h | 2c | , Action: Fold, 
Best Hand: | Qs | 6s | 6h | 2c | 2s | = TwoPairs of: 6 and 2, Money: 489552.658318

Player ID: 12, Position: Dealer, Holding Cards: | Qh | 8c | , Action: Fold, 
Best Hand: | Qs | Qh | Jd | 8c | 6s | = Pair of: 12, Money: 316830.958333

Player ID: 13, Position: SmallBlind, Holding Cards: | 5c | 3h | , Action: Fold, 
Best Hand: | Qs | Jd | 6s | 5c | 5d | = Pair of: 5, Money: -474428.599931

Player ID: 14, Position: BigBlind, Holding Cards: | Kc | 9s | , Action: AllIn, 
Best Hand: | Kc | Qs | Jd | 9s | 6s | = HighCard of: 13, Money: -331955.016677

=====================================================================


HighCard: 17.419608
Pair: 43.814155
TwoPairs: 23.503563
Trips: 4.826955
Straight: 4.614130
Flush: 3.025562
FullHouse: 2.595887
Quads: 0.169085
StraightFlush: 0.031055

Empty-BigBlind: 59.743460
OneRaise-CutOff: 14.697570
OneRaise-Dealer: 2.583430
OneRaise-SmallBlind: 7.754290
TwoRaises-CutOff, Dealer: 0.802700
TwoRaises-CutOff, SmallBlind: 2.451400
TwoRaises-CutOff, BigBlind: 5.921470
TwoRaises-Dealer, SmallBlind: 0.423690
TwoRaises-Dealer, BigBlind: 1.026170
TwoRaises-SmallBlind, BigBlind: 3.122980
ThreeRaises-CutOff, Dealer, SmallBlind: 0.115600
ThreeRaises-CutOff, Dealer, BigBlind: 0.287010
ThreeRaises-CutOff, SmallBlind, BigBlind: 0.883380
ThreeRaises-Dealer, SmallBlind, BigBlind: 0.150040
FourRaises-CutOff, Dealer, SmallBlind, BigBlind: 0.036810


Show Downs Frequency: 15.221250
Two Players in Frequency: 13.748410
Three Players in Frequency: 1.436030
Four Players in Frequency: 0.036810
==============================================================================================================
============================******************************************************============================
==============================================================================================================
cutoff strategy: TwentyfivePercent
delear strategy: FivePercent
small blind strategy: FifteenPercent
big blind strategy: ThirtyfivePercent
=====================================================================
========= Table: 10, #Hand: 10000000

| Kd | 9c | 7c | 9s | Jd | 

Player ID: 11, Position: CutOff, Holding Cards: | 4s | Ah | , Action: AllIn, 
Best Hand: | Ah | Kd | Jd | 9c | 9s | = Pair of: 9, Money: 525205.274983

Player ID: 12, Position: Dealer, Holding Cards: | 5d | 4c | , Action: Fold, 
Best Hand: | Kd | Jd | 9c | 9s | 7c | = Pair of: 9, Money: 328209.858333

Player ID: 13, Position: SmallBlind, Holding Cards: | 3h | 7s | , Action: Fold, 
Best Hand: | Kd | 9c | 9s | 7c | 7s | = TwoPairs of: 9 and 7, Money: -442817.383273

Player ID: 14, Position: BigBlind, Holding Cards: | 6h | Js | , Action: Fold, 
Best Hand: | Kd | Js | Jd | 9c | 9s | = TwoPairs of: 11 and 9, Money: -410597.750036

=====================================================================


HighCard: 17.406668
Pair: 43.820957
TwoPairs: 23.498718
Trips: 4.832045
Straight: 4.618597
Flush: 3.029383
FullHouse: 2.595315
Quads: 0.167378
StraightFlush: 0.030940

Empty-BigBlind: 59.743630
OneRaise-CutOff: 13.578620
OneRaise-Dealer: 2.397500
OneRaise-SmallBlind: 7.174310
TwoRaises-CutOff, Dealer: 0.745590
TwoRaises-CutOff, SmallBlind: 2.275450
TwoRaises-CutOff, BigBlind: 7.039880
TwoRaises-Dealer, SmallBlind: 0.391700
TwoRaises-Dealer, BigBlind: 1.220950
TwoRaises-SmallBlind, BigBlind: 3.706970
ThreeRaises-CutOff, Dealer, SmallBlind: 0.109430
ThreeRaises-CutOff, Dealer, BigBlind: 0.341060
ThreeRaises-CutOff, SmallBlind, BigBlind: 1.051620
ThreeRaises-Dealer, SmallBlind, BigBlind: 0.178630
FourRaises-CutOff, Dealer, SmallBlind, BigBlind: 0.044660


Show Downs Frequency: 17.105940
Two Players in Frequency: 15.380540
Three Players in Frequency: 1.680740
Four Players in Frequency: 0.044660
==============================================================================================================
============================******************************************************============================
==============================================================================================================
cutoff strategy: TwentyfivePercent
delear strategy: FivePercent
small blind strategy: FifteenPercent
big blind strategy: FourtyPercent
=====================================================================
========= Table: 10, #Hand: 10000000

| 10s | 2h | Jh | Qc | 5s | 

Player ID: 11, Position: CutOff, Holding Cards: | 7d | 3h | , Action: Fold, 
Best Hand: | Qc | Jh | 10s | 7d | 5s | = HighCard of: 12, Money: 558859.766648

Player ID: 12, Position: Dealer, Holding Cards: | 8c | 3s | , Action: Fold, 
Best Hand: | Qc | Jh | 10s | 8c | 5s | = HighCard of: 12, Money: 341869.574999

Player ID: 13, Position: SmallBlind, Holding Cards: | Jd | 2d | , Action: Fold, 
Best Hand: | Qc | Jd | Jh | 2d | 2h | = TwoPairs of: 11 and 2, Money: -419009.791614

Player ID: 14, Position: BigBlind, Holding Cards: | Kh | Jc | , Action: AllIn, 
Best Hand: | Kh | Qc | Jc | Jh | 10s | = Pair of: 11, Money: -481719.550054

=====================================================================


HighCard: 17.427257
Pair: 43.828173
TwoPairs: 23.482435
Trips: 4.827140
Straight: 4.615015
Flush: 3.027538
FullHouse: 2.593960
Quads: 0.167375
StraightFlush: 0.031107

Empty-BigBlind: 59.752820
OneRaise-CutOff: 12.564090
OneRaise-Dealer: 2.224750
OneRaise-SmallBlind: 6.659580
TwoRaises-CutOff, Dealer: 0.698880
TwoRaises-CutOff, SmallBlind: 2.108440
TwoRaises-CutOff, BigBlind: 8.049150
TwoRaises-Dealer, SmallBlind: 0.368520
TwoRaises-Dealer, BigBlind: 1.391960
TwoRaises-SmallBlind, BigBlind: 4.218780
ThreeRaises-CutOff, Dealer, SmallBlind: 0.102280
ThreeRaises-CutOff, Dealer, BigBlind: 0.390700
ThreeRaises-CutOff, SmallBlind, BigBlind: 1.212680
ThreeRaises-Dealer, SmallBlind, BigBlind: 0.205780
FourRaises-CutOff, Dealer, SmallBlind, BigBlind: 0.051590


Show Downs Frequency: 18.798760
Two Players in Frequency: 16.835730
Three Players in Frequency: 1.911440
Four Players in Frequency: 0.051590
==============================================================================================================
============================******************************************************============================
==============================================================================================================
cutoff strategy: TwentyfivePercent
delear strategy: FivePercent
small blind strategy: FifteenPercent
big blind strategy: FourtyfivePercent
=====================================================================
========= Table: 10, #Hand: 10000000

| Ks | 7s | Ad | 8s | Jd | 

Player ID: 11, Position: CutOff, Holding Cards: | Qc | 5c | , Action: Fold, 
Best Hand: | Ad | Ks | Qc | Jd | 8s | = HighCard of: 14, Money: 598842.108314

Player ID: 12, Position: Dealer, Holding Cards: | 2c | 4s | , Action: Fold, 
Best Hand: | Ad | Ks | Jd | 8s | 7s | = HighCard of: 14, Money: 353543.183332

Player ID: 13, Position: SmallBlind, Holding Cards: | 9d | 6c | , Action: Fold, 
Best Hand: | Ad | Ks | Jd | 9d | 8s | = HighCard of: 14, Money: -391776.858291

Player ID: 14, Position: BigBlind, Holding Cards: | Qd | 2s | , Action: AllIn, 
Best Hand: | Ad | Ks | Qd | Jd | 8s | = HighCard of: 14, Money: -560608.433400

=====================================================================


HighCard: 17.410293
Pair: 43.822742
TwoPairs: 23.503052
Trips: 4.830913
Straight: 4.617005
Flush: 3.021820
FullHouse: 2.596237
Quads: 0.166552
StraightFlush: 0.031385

Empty-BigBlind: 59.735400
OneRaise-CutOff: 11.571970
OneRaise-Dealer: 2.056430
OneRaise-SmallBlind: 6.124440
TwoRaises-CutOff, Dealer: 0.644510
TwoRaises-CutOff, SmallBlind: 1.946180
TwoRaises-CutOff, BigBlind: 9.048860
TwoRaises-Dealer, SmallBlind: 0.344650
TwoRaises-Dealer, BigBlind: 1.559290
TwoRaises-SmallBlind, BigBlind: 4.759000
ThreeRaises-CutOff, Dealer, SmallBlind: 0.096710
ThreeRaises-CutOff, Dealer, BigBlind: 0.443930
ThreeRaises-CutOff, SmallBlind, BigBlind: 1.377180
ThreeRaises-Dealer, SmallBlind, BigBlind: 0.232180
FourRaises-CutOff, Dealer, SmallBlind, BigBlind: 0.059270


Show Downs Frequency: 20.511760
Two Players in Frequency: 18.302490
Three Players in Frequency: 2.150000
Four Players in Frequency: 0.059270
==============================================================================================================
============================******************************************************============================
==============================================================================================================
cutoff strategy: TwentyfivePercent
delear strategy: FivePercent
small blind strategy: FifteenPercent
big blind strategy: FiftyPercent
=====================================================================
========= Table: 10, #Hand: 10000000

| Kc | 7h | 9h | 7c | Jc | 

Player ID: 11, Position: CutOff, Holding Cards: | Js | Kd | , Action: AllIn, 
Best Hand: | Kc | Kd | Jc | Js | 9h | = TwoPairs of: 13 and 11, Money: 638144.391647

Player ID: 12, Position: Dealer, Holding Cards: | 6h | 5s | , Action: Fold, 
Best Hand: | Kc | Jc | 9h | 7c | 7h | = Pair of: 7, Money: 369006.283332

Player ID: 13, Position: SmallBlind, Holding Cards: | Qs | 4c | , Action: Fold, 
Best Hand: | Kc | Qs | Jc | 7c | 7h | = Pair of: 7, Money: -360825.141638

Player ID: 14, Position: BigBlind, Holding Cards: | 2d | Kh | , Action: AllIn, 
Best Hand: | Kc | Kh | Jc | 7c | 7h | = TwoPairs of: 13 and 7, Money: -646325.533411

=====================================================================


HighCard: 17.409167
Pair: 43.833365
TwoPairs: 23.490090
Trips: 4.825750
Straight: 4.622458
Flush: 3.025298
FullHouse: 2.595970
Quads: 0.167027
StraightFlush: 0.030875

Empty-BigBlind: 59.770190
OneRaise-CutOff: 10.497500
OneRaise-Dealer: 1.864510
OneRaise-SmallBlind: 5.565280
TwoRaises-CutOff, Dealer: 0.583390
TwoRaises-CutOff, SmallBlind: 1.778780
TwoRaises-CutOff, BigBlind: 10.107380
TwoRaises-Dealer, SmallBlind: 0.309750
TwoRaises-Dealer, BigBlind: 1.750100
TwoRaises-SmallBlind, BigBlind: 5.312800
ThreeRaises-CutOff, Dealer, SmallBlind: 0.084890
ThreeRaises-CutOff, Dealer, BigBlind: 0.500990
ThreeRaises-CutOff, SmallBlind, BigBlind: 1.545510
ThreeRaises-Dealer, SmallBlind, BigBlind: 0.262670
FourRaises-CutOff, Dealer, SmallBlind, BigBlind: 0.066260


Show Downs Frequency: 22.302520
Two Players in Frequency: 19.842200
Three Players in Frequency: 2.394060
Four Players in Frequency: 0.066260
==============================================================================================================
============================******************************************************============================
==============================================================================================================
cutoff strategy: TwentyfivePercent
delear strategy: FivePercent
small blind strategy: TwentyPercent
big blind strategy: FivePercent
=====================================================================
========= Table: 10, #Hand: 10000000

| Qh | 9s | 2c | Jh | 6d | 

Player ID: 11, Position: CutOff, Holding Cards: | 4s | Kh | , Action: Fold, 
Best Hand: | Kh | Qh | Jh | 9s | 6d | = HighCard of: 13, Money: 520337.083315

Player ID: 12, Position: Dealer, Holding Cards: | Jc | 4h | , Action: Fold, 
Best Hand: | Qh | Jc | Jh | 9s | 6d | = Pair of: 11, Money: 275368.333334

Player ID: 13, Position: SmallBlind, Holding Cards: | Ah | 10c | , Action: AllIn, 
Best Hand: | Ah | Qh | Jh | 10c | 9s | = HighCard of: 14, Money: -448813.083275

Player ID: 14, Position: BigBlind, Holding Cards: | 3c | 4d | , Action: Fold, 
Best Hand: | Qh | Jh | 9s | 6d | 4d | = HighCard of: 12, Money: -346892.333348

=====================================================================


HighCard: 17.417777
Pair: 43.814597
TwoPairs: 23.494408
Trips: 4.827890
Straight: 4.624960
Flush: 3.027575
FullHouse: 2.592598
Quads: 0.168720
StraightFlush: 0.031475

Empty-BigBlind: 56.173650
OneRaise-CutOff: 18.491540
OneRaise-Dealer: 3.249690
OneRaise-SmallBlind: 13.731480
TwoRaises-CutOff, Dealer: 0.990350
TwoRaises-CutOff, SmallBlind: 4.256020
TwoRaises-CutOff, BigBlind: 0.986270
TwoRaises-Dealer, SmallBlind: 0.735270
TwoRaises-Dealer, BigBlind: 0.167100
TwoRaises-SmallBlind, BigBlind: 0.733810
ThreeRaises-CutOff, Dealer, SmallBlind: 0.198360
ThreeRaises-CutOff, Dealer, BigBlind: 0.045400
ThreeRaises-CutOff, SmallBlind, BigBlind: 0.199390
ThreeRaises-Dealer, SmallBlind, BigBlind: 0.033140
FourRaises-CutOff, Dealer, SmallBlind, BigBlind: 0.008530


Show Downs Frequency: 8.353640
Two Players in Frequency: 7.868820
Three Players in Frequency: 0.476290
Four Players in Frequency: 0.008530
==============================================================================================================
============================******************************************************============================
==============================================================================================================
cutoff strategy: TwentyfivePercent
delear strategy: FivePercent
small blind strategy: TwentyPercent
big blind strategy: TenPercent
=====================================================================
========= Table: 10, #Hand: 10000000

| Qd | Jc | 7c | Jd | 10s | 

Player ID: 11, Position: CutOff, Holding Cards: | 3c | Ah | , Action: AllIn, 
Best Hand: | Ah | Qd | Jc | Jd | 10s | = Pair of: 11, Money: 481328.324984

Player ID: 12, Position: Dealer, Holding Cards: | Kc | 6d | , Action: Fold, 
Best Hand: | Kc | Qd | Jc | Jd | 10s | = Pair of: 11, Money: 286146.983334

Player ID: 13, Position: SmallBlind, Holding Cards: | Js | 2d | , Action: Fold, 
Best Hand: | Qd | Jc | Js | Jd | 10s | = Trips of: 11, Money: -473106.408268

Player ID: 14, Position: BigBlind, Holding Cards: | 7h | 2h | , Action: Fold, 
Best Hand: | Qd | Jc | Jd | 7c | 7h | = TwoPairs of: 11 and 7, Money: -294368.899994

=====================================================================


HighCard: 17.406925
Pair: 43.830615
TwoPairs: 23.491515
Trips: 4.828398
Straight: 4.612240
Flush: 3.030610
FullHouse: 2.599223
Quads: 0.168610
StraightFlush: 0.031865

Empty-BigBlind: 56.132890
OneRaise-CutOff: 17.565070
OneRaise-Dealer: 3.088090
OneRaise-SmallBlind: 13.044060
TwoRaises-CutOff, Dealer: 0.943750
TwoRaises-CutOff, SmallBlind: 4.062180
TwoRaises-CutOff, BigBlind: 1.935200
TwoRaises-Dealer, SmallBlind: 0.704500
TwoRaises-Dealer, BigBlind: 0.331160
TwoRaises-SmallBlind, BigBlind: 1.437760
ThreeRaises-CutOff, Dealer, SmallBlind: 0.188930
ThreeRaises-CutOff, Dealer, BigBlind: 0.088910
ThreeRaises-CutOff, SmallBlind, BigBlind: 0.393610
ThreeRaises-Dealer, SmallBlind, BigBlind: 0.067780
FourRaises-CutOff, Dealer, SmallBlind, BigBlind: 0.016110


Show Downs Frequency: 10.169890
Two Players in Frequency: 9.414550
Three Players in Frequency: 0.739230
Four Players in Frequency: 0.016110
==============================================================================================================
============================******************************************************============================
==============================================================================================================
cutoff strategy: TwentyfivePercent
delear strategy: FivePercent
small blind strategy: TwentyPercent
big blind strategy: FifteenPercent
=====================================================================
========= Table: 10, #Hand: 10000000

| Kd | 3h | As | Kc | 9c | 

Player ID: 11, Position: CutOff, Holding Cards: | Qs | Ks | , Action: AllIn, 
Best Hand: | As | Kc | Ks | Kd | Qs | = Trips of: 13, Money: 466679.324985

Player ID: 12, Position: Dealer, Holding Cards: | 7s | 10s | , Action: Fold, 
Best Hand: | As | Kc | Kd | 10s | 9c | = Pair of: 13, Money: 296735.808334

Player ID: 13, Position: SmallBlind, Holding Cards: | Ah | 7c | , Action: AllIn, 
Best Hand: | As | Ah | Kc | Kd | 9c | = TwoPairs of: 14 and 13, Money: -474166.049935

Player ID: 14, Position: BigBlind, Holding Cards: | 8h | 7h | , Action: Fold, 
Best Hand: | As | Kc | Kd | 9c | 8h | = Pair of: 13, Money: -289249.083324

=====================================================================


HighCard: 17.404757
Pair: 43.820458
TwoPairs: 23.494940
Trips: 4.832010
Straight: 4.622575
Flush: 3.026235
FullHouse: 2.597828
Quads: 0.169890
StraightFlush: 0.031308

Empty-BigBlind: 56.140210
OneRaise-CutOff: 16.735830
OneRaise-Dealer: 2.947340
OneRaise-SmallBlind: 12.418190
TwoRaises-CutOff, Dealer: 0.913400
TwoRaises-CutOff, SmallBlind: 3.873760
TwoRaises-CutOff, BigBlind: 2.758970
TwoRaises-Dealer, SmallBlind: 0.673790
TwoRaises-Dealer, BigBlind: 0.477220
TwoRaises-SmallBlind, BigBlind: 2.059780
ThreeRaises-CutOff, Dealer, SmallBlind: 0.184460
ThreeRaises-CutOff, Dealer, BigBlind: 0.130860
ThreeRaises-CutOff, SmallBlind, BigBlind: 0.565960
ThreeRaises-Dealer, SmallBlind, BigBlind: 0.096950
FourRaises-CutOff, Dealer, SmallBlind, BigBlind: 0.023280


Show Downs Frequency: 11.758430
Two Players in Frequency: 10.756920
Three Players in Frequency: 0.978230
Four Players in Frequency: 0.023280
==============================================================================================================
============================******************************************************============================
==============================================================================================================
cutoff strategy: TwentyfivePercent
delear strategy: FivePercent
small blind strategy: TwentyPercent
big blind strategy: TwentyPercent
=====================================================================
========= Table: 10, #Hand: 10000000

| 10d | Kc | 2d | 2s | Jh | 

Player ID: 11, Position: CutOff, Holding Cards: | Ad | 3c | , Action: AllIn, 
Best Hand: | Ad | Kc | Jh | 2s | 2d | = Pair of: 2, Money: 470927.741652

Player ID: 12, Position: Dealer, Holding Cards: | Ac | 2h | , Action: Fold, 
Best Hand: | Ac | Kc | 2s | 2d | 2h | = Trips of: 2, Money: 303848.533333

Player ID: 13, Position: SmallBlind, Holding Cards: | 8s | 6s | , Action: Fold, 
Best Hand: | Kc | Jh | 10d | 2s | 2d | = Pair of: 2, Money: -459363.924939

Player ID: 14, Position: BigBlind, Holding Cards: | 5c | 7c | , Action: Fold, 
Best Hand: | Kc | Jh | 10d | 2s | 2d | = Pair of: 2, Money: -315412.350003

=====================================================================


HighCard: 17.422895
Pair: 43.823428
TwoPairs: 23.490063
Trips: 4.824338
Straight: 4.617362
Flush: 3.026025
FullHouse: 2.596975
Quads: 0.168115
StraightFlush: 0.030800

Empty-BigBlind: 56.149850
OneRaise-CutOff: 15.780620
OneRaise-Dealer: 2.776490
OneRaise-SmallBlind: 11.742830
TwoRaises-CutOff, Dealer: 0.862910
TwoRaises-CutOff, SmallBlind: 3.701850
TwoRaises-CutOff, BigBlind: 3.696280
TwoRaises-Dealer, SmallBlind: 0.640380
TwoRaises-Dealer, BigBlind: 0.632230
TwoRaises-SmallBlind, BigBlind: 2.735650
ThreeRaises-CutOff, Dealer, SmallBlind: 0.174730
ThreeRaises-CutOff, Dealer, BigBlind: 0.177950
ThreeRaises-CutOff, SmallBlind, BigBlind: 0.763590
ThreeRaises-Dealer, SmallBlind, BigBlind: 0.132210
FourRaises-CutOff, Dealer, SmallBlind, BigBlind: 0.032430


Show Downs Frequency: 13.550210
Two Players in Frequency: 12.269300
Three Players in Frequency: 1.248480
Four Players in Frequency: 0.032430
==============================================================================================================
============================******************************************************============================
==============================================================================================================
cutoff strategy: TwentyfivePercent
delear strategy: FivePercent
small blind strategy: TwentyPercent
big blind strategy: TwentyfivePercent
=====================================================================
========= Table: 10, #Hand: 10000000

| 7c | 3s | 6d | 9d | 10s | 

Player ID: 11, Position: CutOff, Holding Cards: | Ac | 7s | , Action: AllIn, 
Best Hand: | Ac | 10s | 9d | 7c | 7s | = Pair of: 7, Money: 483995.324985

Player ID: 12, Position: Dealer, Holding Cards: | Qc | As | , Action: AllIn, 
Best Hand: | As | Qc | 10s | 9d | 7c | = HighCard of: 14, Money: 316366.225000

Player ID: 13, Position: SmallBlind, Holding Cards: | 2h | Kd | , Action: Fold, 
Best Hand: | Kd | 10s | 9d | 7c | 6d | = HighCard of: 13, Money: -437169.666612

Player ID: 14, Position: BigBlind, Holding Cards: | Ad | Qh | , Action: AllIn, 
Best Hand: | Ad | Qh | 10s | 9d | 7c | = HighCard of: 14, Money: -363191.883354

=====================================================================


HighCard: 17.413732
Pair: 43.816362
TwoPairs: 23.506020
Trips: 4.827642
Straight: 4.623355
Flush: 3.022028
FullHouse: 2.591937
Quads: 0.167752
StraightFlush: 0.031170

Empty-BigBlind: 56.108640
OneRaise-CutOff: 14.830900
OneRaise-Dealer: 2.601980
OneRaise-SmallBlind: 10.998970
TwoRaises-CutOff, Dealer: 0.809930
TwoRaises-CutOff, SmallBlind: 3.483970
TwoRaises-CutOff, BigBlind: 4.693590
TwoRaises-Dealer, SmallBlind: 0.598270
TwoRaises-Dealer, BigBlind: 0.811380
TwoRaises-SmallBlind, BigBlind: 3.495730
ThreeRaises-CutOff, Dealer, SmallBlind: 0.163970
ThreeRaises-CutOff, Dealer, BigBlind: 0.224530
ThreeRaises-CutOff, SmallBlind, BigBlind: 0.972460
ThreeRaises-Dealer, SmallBlind, BigBlind: 0.164760
FourRaises-CutOff, Dealer, SmallBlind, BigBlind: 0.040920


Show Downs Frequency: 15.459510
Two Players in Frequency: 13.892870
Three Players in Frequency: 1.525720
Four Players in Frequency: 0.040920
==============================================================================================================
============================******************************************************============================
==============================================================================================================
cutoff strategy: TwentyfivePercent
delear strategy: FivePercent
small blind strategy: TwentyPercent
big blind strategy: ThirtyPercent
=====================================================================
========= Table: 10, #Hand: 10000000

| 2c | 9h | 9c | 7h | Ac | 

Player ID: 11, Position: CutOff, Holding Cards: | Jh | 7d | , Action: Fold, 
Best Hand: | Ac | 9c | 9h | 7d | 7h | = TwoPairs of: 9 and 7, Money: 495915.641652

Player ID: 12, Position: Dealer, Holding Cards: | 2h | 3s | , Action: Fold, 
Best Hand: | Ac | 9c | 9h | 2c | 2h | = TwoPairs of: 9 and 2, Money: 328085.999999

Player ID: 13, Position: SmallBlind, Holding Cards: | 9s | Kd | , Action: Fold, 
Best Hand: | Ac | Kd | 9c | 9s | 9h | = Trips of: 9, Money: -415181.041620

Player ID: 14, Position: BigBlind, Holding Cards: | 6s | 6c | , Action: AllIn, 
Best Hand: | Ac | 9c | 9h | 6c | 6s | = TwoPairs of: 9 and 6, Money: -408820.600034

=====================================================================


HighCard: 17.405233
Pair: 43.832845
TwoPairs: 23.495023
Trips: 4.827617
Straight: 4.623428
Flush: 3.023328
FullHouse: 2.593637
Quads: 0.168120
StraightFlush: 0.030770

Empty-BigBlind: 56.160150
OneRaise-CutOff: 13.852990
OneRaise-Dealer: 2.445990
OneRaise-SmallBlind: 10.303110
TwoRaises-CutOff, Dealer: 0.762070
TwoRaises-CutOff, SmallBlind: 3.274880
TwoRaises-CutOff, BigBlind: 5.627990
TwoRaises-Dealer, SmallBlind: 0.565910
TwoRaises-Dealer, BigBlind: 0.974020
TwoRaises-SmallBlind, BigBlind: 4.164860
ThreeRaises-CutOff, Dealer, SmallBlind: 0.156530
ThreeRaises-CutOff, Dealer, BigBlind: 0.271890
ThreeRaises-CutOff, SmallBlind, BigBlind: 1.187090
ThreeRaises-Dealer, SmallBlind, BigBlind: 0.202170
FourRaises-CutOff, Dealer, SmallBlind, BigBlind: 0.050350


Show Downs Frequency: 17.237760
Two Players in Frequency: 15.369730
Three Players in Frequency: 1.817680
Four Players in Frequency: 0.050350
==============================================================================================================
============================******************************************************============================
==============================================================================================================
cutoff strategy: TwentyfivePercent
delear strategy: FivePercent
small blind strategy: TwentyPercent
big blind strategy: ThirtyfivePercent
=====================================================================
========= Table: 10, #Hand: 10000000

| 10c | 3s | 9h | 2c | 9d | 

Player ID: 11, Position: CutOff, Holding Cards: | Qc | 9c | , Action: Fold, 
Best Hand: | Qc | 10c | 9c | 9d | 9h | = Trips of: 9, Money: 531708.191650

Player ID: 12, Position: Dealer, Holding Cards: | 5c | Kh | , Action: Fold, 
Best Hand: | Kh | 10c | 9d | 9h | 5c | = Pair of: 9, Money: 340816.341666

Player ID: 13, Position: SmallBlind, Holding Cards: | Qd | 4d | , Action: Fold, 
Best Hand: | Qd | 10c | 9d | 9h | 4d | = Pair of: 9, Money: -388797.849962

Player ID: 14, Position: BigBlind, Holding Cards: | 3d | Qs | , Action: AllIn, 
Best Hand: | Qs | 9d | 9h | 3s | 3d | = TwoPairs of: 9 and 3, Money: -483726.683384

=====================================================================


HighCard: 17.413630
Pair: 43.822628
TwoPairs: 23.496247
Trips: 4.827517
Straight: 4.624470
Flush: 3.023210
FullHouse: 2.592922
Quads: 0.168362
StraightFlush: 0.031012

Empty-BigBlind: 56.117210
OneRaise-CutOff: 12.830250
OneRaise-Dealer: 2.264180
OneRaise-SmallBlind: 9.536120
TwoRaises-CutOff, Dealer: 0.708720
TwoRaises-CutOff, SmallBlind: 3.035910
TwoRaises-CutOff, BigBlind: 6.680010
TwoRaises-Dealer, SmallBlind: 0.520920
TwoRaises-Dealer, BigBlind: 1.157000
TwoRaises-SmallBlind, BigBlind: 4.955690
ThreeRaises-CutOff, Dealer, SmallBlind: 0.146480
ThreeRaises-CutOff, Dealer, BigBlind: 0.324590
ThreeRaises-CutOff, SmallBlind, BigBlind: 1.420530
ThreeRaises-Dealer, SmallBlind, BigBlind: 0.241910
FourRaises-CutOff, Dealer, SmallBlind, BigBlind: 0.060480


Show Downs Frequency: 19.252240
Two Players in Frequency: 17.058250
Three Players in Frequency: 2.133510
Four Players in Frequency: 0.060480
==============================================================================================================
============================******************************************************============================
==============================================================================================================
cutoff strategy: TwentyfivePercent
delear strategy: FivePercent
small blind strategy: TwentyPercent
big blind strategy: FourtyPercent
=====================================================================
========= Table: 10, #Hand: 10000000

| Jd | 10s | 4c | Qs | 6d | 

Player ID: 11, Position: CutOff, Holding Cards: | 9h | 2h | , Action: Fold, 
Best Hand: | Qs | Jd | 10s | 9h | 6d | = HighCard of: 12, Money: 564210.608316

Player ID: 12, Position: Dealer, Holding Cards: | Kc | Ad | , Action: AllIn, 
Best Hand: | Ad | Kc | Qs | Jd | 10s | = Straight of: 14 high, Money: 353532.566666

Player ID: 13, Position: SmallBlind, Holding Cards: | 5s | 3d | , Action: Fold, 
Best Hand: | Qs | Jd | 10s | 6d | 5s | = HighCard of: 12, Money: -353949.491644

Player ID: 14, Position: BigBlind, Holding Cards: | 10d | Kd | , Action: AllIn, 
Best Hand: | Kd | Qs | Jd | 10s | 10d | = Pair of: 10, Money: -563793.683396

=====================================================================


HighCard: 17.418443
Pair: 43.805345
TwoPairs: 23.498027
Trips: 4.834618
Straight: 4.617580
Flush: 3.026673
FullHouse: 2.600405
Quads: 0.167530
StraightFlush: 0.031380

Empty-BigBlind: 56.170210
OneRaise-CutOff: 11.867810
OneRaise-Dealer: 2.099690
OneRaise-SmallBlind: 8.819270
TwoRaises-CutOff, Dealer: 0.658070
TwoRaises-CutOff, SmallBlind: 2.818610
TwoRaises-CutOff, BigBlind: 7.615490
TwoRaises-Dealer, SmallBlind: 0.488950
TwoRaises-Dealer, BigBlind: 1.312300
TwoRaises-SmallBlind, BigBlind: 5.655630
ThreeRaises-CutOff, Dealer, SmallBlind: 0.138590
ThreeRaises-CutOff, Dealer, BigBlind: 0.377050
ThreeRaises-CutOff, SmallBlind, BigBlind: 1.627490
ThreeRaises-Dealer, SmallBlind, BigBlind: 0.280150
FourRaises-CutOff, Dealer, SmallBlind, BigBlind: 0.070690


Show Downs Frequency: 21.043020
Two Players in Frequency: 18.549050
Three Players in Frequency: 2.423280
Four Players in Frequency: 0.070690
==============================================================================================================
============================******************************************************============================
==============================================================================================================
cutoff strategy: TwentyfivePercent
delear strategy: FivePercent
small blind strategy: TwentyPercent
big blind strategy: FourtyfivePercent
=====================================================================
========= Table: 10, #Hand: 10000000

| Ad | 6h | 7c | Kc | Ks | 

Player ID: 11, Position: CutOff, Holding Cards: | As | 10s | , Action: AllIn, 
Best Hand: | As | Ad | Kc | Ks | 10s | = TwoPairs of: 14 and 13, Money: 605853.124982

Player ID: 12, Position: Dealer, Holding Cards: | 7s | 10d | , Action: Fold, 
Best Hand: | Ad | Kc | Ks | 7c | 7s | = TwoPairs of: 13 and 7, Money: 366500.874999

Player ID: 13, Position: SmallBlind, Holding Cards: | 2s | 2c | , Action: Fold, 
Best Hand: | Ad | Kc | Ks | 2c | 2s | = TwoPairs of: 13 and 2, Money: -322237.733324

Player ID: 14, Position: BigBlind, Holding Cards: | Ah | 2h | , Action: AllIn, 
Best Hand: | Ad | Ah | Kc | Ks | 7c | = TwoPairs of: 14 and 13, Money: -650116.266740

=====================================================================


HighCard: 17.408875
Pair: 43.811827
TwoPairs: 23.497393
Trips: 4.832660
Straight: 4.624042
Flush: 3.030498
FullHouse: 2.594735
Quads: 0.168488
StraightFlush: 0.031482

Empty-BigBlind: 56.163250
OneRaise-CutOff: 10.929660
OneRaise-Dealer: 1.938340
OneRaise-SmallBlind: 8.116430
TwoRaises-CutOff, Dealer: 0.613380
TwoRaises-CutOff, SmallBlind: 2.592510
TwoRaises-CutOff, BigBlind: 8.556220
TwoRaises-Dealer, SmallBlind: 0.451740
TwoRaises-Dealer, BigBlind: 1.483080
TwoRaises-SmallBlind, BigBlind: 6.357310
ThreeRaises-CutOff, Dealer, SmallBlind: 0.125810
ThreeRaises-CutOff, Dealer, BigBlind: 0.422460
ThreeRaises-CutOff, SmallBlind, BigBlind: 1.852090
ThreeRaises-Dealer, SmallBlind, BigBlind: 0.315500
FourRaises-CutOff, Dealer, SmallBlind, BigBlind: 0.082220


Show Downs Frequency: 22.852320
Two Players in Frequency: 20.054240
Three Players in Frequency: 2.715860
Four Players in Frequency: 0.082220
==============================================================================================================
============================******************************************************============================
==============================================================================================================
cutoff strategy: TwentyfivePercent
delear strategy: FivePercent
small blind strategy: TwentyPercent
big blind strategy: FiftyPercent
=====================================================================
========= Table: 10, #Hand: 10000000

| 9c | 7c | 4s | 6s | 3h | 

Player ID: 11, Position: CutOff, Holding Cards: | 10h | As | , Action: AllIn, 
Best Hand: | As | 10h | 9c | 7c | 6s | = HighCard of: 14, Money: 637730.216648

Player ID: 12, Position: Dealer, Holding Cards: | Ah | 6d | , Action: Fold, 
Best Hand: | Ah | 9c | 7c | 6s | 6d | = Pair of: 6, Money: 380830.766665

Player ID: 13, Position: SmallBlind, Holding Cards: | 4h | Qc | , Action: Fold, 
Best Hand: | Qc | 9c | 7c | 4s | 4h | = Pair of: 4, Money: -285424.033348

Player ID: 14, Position: BigBlind, Holding Cards: | 10d | 8d | , Action: AllIn, 
Best Hand: | 10d | 9c | 8d | 7c | 6s | = Straight of: 10 high, Money: -733136.950081

=====================================================================


HighCard: 17.402670
Pair: 43.820262
TwoPairs: 23.500620
Trips: 4.830432
Straight: 4.619802
Flush: 3.026467
FullHouse: 2.599522
Quads: 0.168242
StraightFlush: 0.031980

Empty-BigBlind: 56.146380
OneRaise-CutOff: 9.916300
OneRaise-Dealer: 1.767920
OneRaise-SmallBlind: 7.377980
TwoRaises-CutOff, Dealer: 0.559250
TwoRaises-CutOff, SmallBlind: 2.370940
TwoRaises-CutOff, BigBlind: 9.575310
TwoRaises-Dealer, SmallBlind: 0.414190
TwoRaises-Dealer, BigBlind: 1.656190
TwoRaises-SmallBlind, BigBlind: 7.091860
ThreeRaises-CutOff, Dealer, SmallBlind: 0.116650
ThreeRaises-CutOff, Dealer, BigBlind: 0.475420
ThreeRaises-CutOff, SmallBlind, BigBlind: 2.086550
ThreeRaises-Dealer, SmallBlind, BigBlind: 0.354410
FourRaises-CutOff, Dealer, SmallBlind, BigBlind: 0.090650


Show Downs Frequency: 24.791420
Two Players in Frequency: 21.667740
Three Players in Frequency: 3.033030
Four Players in Frequency: 0.090650
==============================================================================================================
============================******************************************************============================
==============================================================================================================
cutoff strategy: TwentyfivePercent
delear strategy: FivePercent
small blind strategy: TwentyfivePercent
big blind strategy: FivePercent
=====================================================================
========= Table: 10, #Hand: 10000000

| 10h | Qs | Qh | 7c | 7s | 

Player ID: 11, Position: CutOff, Holding Cards: | 9d | 8c | , Action: Fold, 
Best Hand: | Qs | Qh | 10h | 7c | 7s | = TwoPairs of: 12 and 7, Money: 547211.549982

Player ID: 12, Position: Dealer, Holding Cards: | 8s | Ah | , Action: Fold, 
Best Hand: | Ah | Qs | Qh | 7c | 7s | = TwoPairs of: 12 and 7, Money: 291650.083334

Player ID: 13, Position: SmallBlind, Holding Cards: | 3d | Ad | , Action: AllIn, 
Best Hand: | Ad | Qs | Qh | 7c | 7s | = TwoPairs of: 12 and 7, Money: -384516.449965

Player ID: 14, Position: BigBlind, Holding Cards: | 5s | Jd | , Action: Fold, 
Best Hand: | Qs | Qh | Jd | 7c | 7s | = TwoPairs of: 12 and 7, Money: -454345.183373

=====================================================================


HighCard: 17.403340
Pair: 43.828610
TwoPairs: 23.495497
Trips: 4.827300
Straight: 4.617158
Flush: 3.028837
FullHouse: 2.599010
Quads: 0.168513
StraightFlush: 0.031735

Empty-BigBlind: 52.365340
OneRaise-CutOff: 17.350930
OneRaise-Dealer: 3.045320
OneRaise-SmallBlind: 17.332880
TwoRaises-CutOff, Dealer: 0.930910
TwoRaises-CutOff, SmallBlind: 5.407600
TwoRaises-CutOff, BigBlind: 0.930200
TwoRaises-Dealer, SmallBlind: 0.928940
TwoRaises-Dealer, BigBlind: 0.163510
TwoRaises-SmallBlind, BigBlind: 0.938120
ThreeRaises-CutOff, Dealer, SmallBlind: 0.253310
ThreeRaises-CutOff, Dealer, BigBlind: 0.043860
ThreeRaises-CutOff, SmallBlind, BigBlind: 0.256010
ThreeRaises-Dealer, SmallBlind, BigBlind: 0.042480
FourRaises-CutOff, Dealer, SmallBlind, BigBlind: 0.010590


Show Downs Frequency: 9.905530
Two Players in Frequency: 9.299280
Three Players in Frequency: 0.595660
Four Players in Frequency: 0.010590
==============================================================================================================
============================******************************************************============================
==============================================================================================================
cutoff strategy: TwentyfivePercent
delear strategy: FivePercent
small blind strategy: TwentyfivePercent
big blind strategy: TenPercent
=====================================================================
========= Table: 10, #Hand: 10000000

| 5s | 8d | Ah | Kh | 3s | 

Player ID: 11, Position: CutOff, Holding Cards: | 9d | 6s | , Action: Fold, 
Best Hand: | Ah | Kh | 9d | 8d | 6s | = HighCard of: 14, Money: 505388.608317

Player ID: 12, Position: Dealer, Holding Cards: | 9c | Ad | , Action: Fold, 
Best Hand: | Ad | Ah | Kh | 9c | 8d | = Pair of: 14, Money: 302800.191667

Player ID: 13, Position: SmallBlind, Holding Cards: | Qd | 10s | , Action: Fold, 
Best Hand: | Ah | Kh | Qd | 10s | 8d | = HighCard of: 14, Money: -420092.866620

Player ID: 14, Position: BigBlind, Holding Cards: | 6c | Ac | , Action: AllIn, 
Best Hand: | Ac | Ah | Kh | 8d | 6c | = Pair of: 14, Money: -388095.933359

=====================================================================


HighCard: 17.420875
Pair: 43.838687
TwoPairs: 23.477020
Trips: 4.829435
Straight: 4.619797
Flush: 3.024915
FullHouse: 2.590733
Quads: 0.167740
StraightFlush: 0.030797

Empty-BigBlind: 52.338400
OneRaise-CutOff: 16.448180
OneRaise-Dealer: 2.896350
OneRaise-SmallBlind: 16.466710
TwoRaises-CutOff, Dealer: 0.890520
TwoRaises-CutOff, SmallBlind: 5.163880
TwoRaises-CutOff, BigBlind: 1.824000
TwoRaises-Dealer, SmallBlind: 0.891160
TwoRaises-Dealer, BigBlind: 0.316890
TwoRaises-SmallBlind, BigBlind: 1.826210
ThreeRaises-CutOff, Dealer, SmallBlind: 0.243970
ThreeRaises-CutOff, Dealer, BigBlind: 0.084580
ThreeRaises-CutOff, SmallBlind, BigBlind: 0.503440
ThreeRaises-Dealer, SmallBlind, BigBlind: 0.085200
FourRaises-CutOff, Dealer, SmallBlind, BigBlind: 0.020510


Show Downs Frequency: 11.850360
Two Players in Frequency: 10.912660
Three Players in Frequency: 0.917190
Four Players in Frequency: 0.020510
==============================================================================================================
============================******************************************************============================
==============================================================================================================
cutoff strategy: TwentyfivePercent
delear strategy: FivePercent
small blind strategy: TwentyfivePercent
big blind strategy: FifteenPercent
=====================================================================
========= Table: 10, #Hand: 10000000

| Ah | 2c | 4h | 4c | 6c | 

Player ID: 11, Position: CutOff, Holding Cards: | Ac | Ad | , Action: AllIn, 
Best Hand: | Ac | Ad | Ah | 4c | 4h | = FullHouse of: 14, full of: 4, Money: 490767.541652

Player ID: 12, Position: Dealer, Holding Cards: | 8c | 5h | , Action: Fold, 
Best Hand: | Ah | 8c | 6c | 4c | 4h | = Pair of: 4, Money: 310310.250000

Player ID: 13, Position: SmallBlind, Holding Cards: | As | 9s | , Action: AllIn, 
Best Hand: | As | Ah | 9s | 4c | 4h | = TwoPairs of: 14 and 4, Money: -425130.291619

Player ID: 14, Position: BigBlind, Holding Cards: | 3d | Kh | , Action: Fold, 
Best Hand: | Ah | Kh | 6c | 4c | 4h | = Pair of: 4, Money: -375947.500022

=====================================================================


HighCard: 17.406568
Pair: 43.839498
TwoPairs: 23.483542
Trips: 4.829835
Straight: 4.622142
Flush: 3.024122
FullHouse: 2.594415
Quads: 0.169118
StraightFlush: 0.030760

Empty-BigBlind: 52.322850
OneRaise-CutOff: 15.686240
OneRaise-Dealer: 2.769500
OneRaise-SmallBlind: 15.682430
TwoRaises-CutOff, Dealer: 0.853290
TwoRaises-CutOff, SmallBlind: 4.942320
TwoRaises-CutOff, BigBlind: 2.597470
TwoRaises-Dealer, SmallBlind: 0.853010
TwoRaises-Dealer, BigBlind: 0.451940
TwoRaises-SmallBlind, BigBlind: 2.607030
ThreeRaises-CutOff, Dealer, SmallBlind: 0.235650
ThreeRaises-CutOff, Dealer, BigBlind: 0.123060
ThreeRaises-CutOff, SmallBlind, BigBlind: 0.721850
ThreeRaises-Dealer, SmallBlind, BigBlind: 0.122380
FourRaises-CutOff, Dealer, SmallBlind, BigBlind: 0.030980


Show Downs Frequency: 13.538980
Two Players in Frequency: 12.305060
Three Players in Frequency: 1.202940
Four Players in Frequency: 0.030980
==============================================================================================================
============================******************************************************============================
==============================================================================================================
cutoff strategy: TwentyfivePercent
delear strategy: FivePercent
small blind strategy: TwentyfivePercent
big blind strategy: TwentyPercent
=====================================================================
========= Table: 10, #Hand: 10000000

| 4s | 8c | 9c | Ac | 2h | 

Player ID: 11, Position: CutOff, Holding Cards: | 9h | 9d | , Action: AllIn, 
Best Hand: | Ac | 9c | 9d | 9h | 8c | = Trips of: 9, Money: 496520.674985

Player ID: 12, Position: Dealer, Holding Cards: | 6d | 2c | , Action: Fold, 
Best Hand: | Ac | 9c | 8c | 2c | 2h | = Pair of: 2, Money: 319911.933333

Player ID: 13, Position: SmallBlind, Holding Cards: | Ah | 5h | , Action: AllIn, 
Best Hand: | Ac | Ah | 9c | 8c | 5h | = Pair of: 14, Money: -426331.974952

Player ID: 14, Position: BigBlind, Holding Cards: | 10d | 10h | , Action: AllIn, 
Best Hand: | Ac | 10d | 10h | 9c | 8c | = Pair of: 10, Money: -390100.633360

=====================================================================


HighCard: 17.409365
Pair: 43.821712
TwoPairs: 23.505785
Trips: 4.826015
Straight: 4.617662
Flush: 3.025020
FullHouse: 2.595533
Quads: 0.167497
StraightFlush: 0.031410

Empty-BigBlind: 52.362770
OneRaise-CutOff: 14.794180
OneRaise-Dealer: 2.606950
OneRaise-SmallBlind: 14.794890
TwoRaises-CutOff, Dealer: 0.810380
TwoRaises-CutOff, SmallBlind: 4.689160
TwoRaises-CutOff, BigBlind: 3.470870
TwoRaises-Dealer, SmallBlind: 0.811570
TwoRaises-Dealer, BigBlind: 0.599730
TwoRaises-SmallBlind, BigBlind: 3.489720
ThreeRaises-CutOff, Dealer, SmallBlind: 0.224430
ThreeRaises-CutOff, Dealer, BigBlind: 0.165280
ThreeRaises-CutOff, SmallBlind, BigBlind: 0.975350
ThreeRaises-Dealer, SmallBlind, BigBlind: 0.164310
FourRaises-CutOff, Dealer, SmallBlind, BigBlind: 0.040410


Show Downs Frequency: 15.441210
Two Players in Frequency: 13.871430
Three Players in Frequency: 1.529370
Four Players in Frequency: 0.040410
==============================================================================================================
============================******************************************************============================
==============================================================================================================
cutoff strategy: TwentyfivePercent
delear strategy: FivePercent
small blind strategy: TwentyfivePercent
big blind strategy: TwentyfivePercent
=====================================================================
========= Table: 10, #Hand: 10000000

| Qc | 4h | 10s | Jh | 9c | 

Player ID: 11, Position: CutOff, Holding Cards: | 7s | 2s | , Action: Fold, 
Best Hand: | Qc | Jh | 10s | 9c | 7s | = HighCard of: 12, Money: 505186.591652

Player ID: 12, Position: Dealer, Holding Cards: | 4c | 6s | , Action: Fold, 
Best Hand: | Qc | Jh | 10s | 4c | 4h | = Pair of: 4, Money: 332953.258333

Player ID: 13, Position: SmallBlind, Holding Cards: | 3s | 5h | , Action: Fold, 
Best Hand: | Qc | Jh | 10s | 9c | 5h | = HighCard of: 12, Money: -411623.466624

Player ID: 14, Position: BigBlind, Holding Cards: | 7d | 2h | , Action: AllIn, 
Best Hand: | Qc | Jh | 10s | 9c | 7d | = HighCard of: 12, Money: -426516.383370

=====================================================================


HighCard: 17.406582
Pair: 43.830948
TwoPairs: 23.494315
Trips: 4.828168
Straight: 4.617735
Flush: 3.026315
FullHouse: 2.597562
Quads: 0.167445
StraightFlush: 0.030930

Empty-BigBlind: 52.334780
OneRaise-CutOff: 13.875560
OneRaise-Dealer: 2.440990
OneRaise-SmallBlind: 13.863630
TwoRaises-CutOff, Dealer: 0.766870
TwoRaises-CutOff, SmallBlind: 4.420830
TwoRaises-CutOff, BigBlind: 4.419210
TwoRaises-Dealer, SmallBlind: 0.766550
TwoRaises-Dealer, BigBlind: 0.764820
TwoRaises-SmallBlind, BigBlind: 4.410420
ThreeRaises-CutOff, Dealer, SmallBlind: 0.211050
ThreeRaises-CutOff, Dealer, BigBlind: 0.212800
ThreeRaises-CutOff, SmallBlind, BigBlind: 1.248620
ThreeRaises-Dealer, SmallBlind, BigBlind: 0.211590
FourRaises-CutOff, Dealer, SmallBlind, BigBlind: 0.052280


Show Downs Frequency: 17.485040
Two Players in Frequency: 15.548700
Three Players in Frequency: 1.884060
Four Players in Frequency: 0.052280
==============================================================================================================
============================******************************************************============================
==============================================================================================================
cutoff strategy: TwentyfivePercent
delear strategy: FivePercent
small blind strategy: TwentyfivePercent
big blind strategy: ThirtyPercent
=====================================================================
========= Table: 10, #Hand: 10000000

| 7h | 4d | Ac | 6s | 9h | 

Player ID: 11, Position: CutOff, Holding Cards: | 4h | 10h | , Action: Fold, 
Best Hand: | Ac | 10h | 9h | 4d | 4h | = Pair of: 4, Money: 516470.808318

Player ID: 12, Position: Dealer, Holding Cards: | 2s | Jd | , Action: Fold, 
Best Hand: | Ac | Jd | 9h | 7h | 6s | = HighCard of: 14, Money: 342102.499999

Player ID: 13, Position: SmallBlind, Holding Cards: | 2h | Qs | , Action: Fold, 
Best Hand: | Ac | Qs | 9h | 7h | 6s | = HighCard of: 14, Money: -387469.941631

Player ID: 14, Position: BigBlind, Holding Cards: | Kd | 6c | , Action: AllIn, 
Best Hand: | Ac | Kd | 9h | 6c | 6s | = Pair of: 6, Money: -471103.366711

=====================================================================


HighCard: 17.419812
Pair: 43.827780
TwoPairs: 23.497020
Trips: 4.828975
Straight: 4.616760
Flush: 3.017068
FullHouse: 2.594278
Quads: 0.167600
StraightFlush: 0.030707

Empty-BigBlind: 52.352280
OneRaise-CutOff: 12.991560
OneRaise-Dealer: 2.293360
OneRaise-SmallBlind: 12.993710
TwoRaises-CutOff, Dealer: 0.714680
TwoRaises-CutOff, SmallBlind: 4.144020
TwoRaises-CutOff, BigBlind: 5.292810
TwoRaises-Dealer, SmallBlind: 0.719410
TwoRaises-Dealer, BigBlind: 0.916430
TwoRaises-SmallBlind, BigBlind: 5.293120
ThreeRaises-CutOff, Dealer, SmallBlind: 0.201090
ThreeRaises-CutOff, Dealer, BigBlind: 0.256020
ThreeRaises-CutOff, SmallBlind, BigBlind: 1.505760
ThreeRaises-Dealer, SmallBlind, BigBlind: 0.260590
FourRaises-CutOff, Dealer, SmallBlind, BigBlind: 0.065160


Show Downs Frequency: 19.369090
Two Players in Frequency: 17.080470
Three Players in Frequency: 2.223460
Four Players in Frequency: 0.065160
==============================================================================================================
============================******************************************************============================
==============================================================================================================
cutoff strategy: TwentyfivePercent
delear strategy: FivePercent
small blind strategy: TwentyfivePercent
big blind strategy: ThirtyfivePercent
=====================================================================
========= Table: 10, #Hand: 10000000

| 3h | 2d | Qh | Qs | 6s | 

Player ID: 11, Position: CutOff, Holding Cards: | 9s | 9d | , Action: AllIn, 
Best Hand: | Qs | Qh | 9s | 9d | 6s | = TwoPairs of: 12 and 9, Money: 550841.074984

Player ID: 12, Position: Dealer, Holding Cards: | Qd | Jd | , Action: Fold, 
Best Hand: | Qs | Qd | Qh | Jd | 6s | = Trips of: 12, Money: 353587.783332

Player ID: 13, Position: SmallBlind, Holding Cards: | Ad | 10c | , Action: AllIn, 
Best Hand: | Ad | Qs | Qh | 10c | 6s | = Pair of: 12, Money: -351500.524979

Player ID: 14, Position: BigBlind, Holding Cards: | 3s | As | , Action: AllIn, 
Best Hand: | As | Qs | Qh | 3s | 3h | = TwoPairs of: 12 and 3, Money: -552928.333390

=====================================================================


HighCard: 17.403737
Pair: 43.829470
TwoPairs: 23.494545
Trips: 4.831105
Straight: 4.622465
Flush: 3.022400
FullHouse: 2.596633
Quads: 0.169038
StraightFlush: 0.030607

Empty-BigBlind: 52.335780
OneRaise-CutOff: 12.005340
OneRaise-Dealer: 2.118200
OneRaise-SmallBlind: 11.993410
TwoRaises-CutOff, Dealer: 0.668980
TwoRaises-CutOff, SmallBlind: 3.851510
TwoRaises-CutOff, BigBlind: 6.285280
TwoRaises-Dealer, SmallBlind: 0.665560
TwoRaises-Dealer, BigBlind: 1.087970
TwoRaises-SmallBlind, BigBlind: 6.287310
ThreeRaises-CutOff, Dealer, SmallBlind: 0.188280
ThreeRaises-CutOff, Dealer, BigBlind: 0.305840
ThreeRaises-CutOff, SmallBlind, BigBlind: 1.821850
ThreeRaises-Dealer, SmallBlind, BigBlind: 0.307160
FourRaises-CutOff, Dealer, SmallBlind, BigBlind: 0.077530


Show Downs Frequency: 21.547270
Two Players in Frequency: 18.846610
Three Players in Frequency: 2.623130
Four Players in Frequency: 0.077530
==============================================================================================================
============================******************************************************============================
==============================================================================================================
cutoff strategy: TwentyfivePercent
delear strategy: FivePercent
small blind strategy: TwentyfivePercent
big blind strategy: FourtyPercent
=====================================================================
========= Table: 10, #Hand: 10000000

| Jd | Jh | Ah | 4h | 2c | 

Player ID: 11, Position: CutOff, Holding Cards: | 10d | 9s | , Action: Fold, 
Best Hand: | Ah | Jd | Jh | 10d | 9s | = Pair of: 11, Money: 589346.274983

Player ID: 12, Position: Dealer, Holding Cards: | 10s | 2d | , Action: Fold, 
Best Hand: | Ah | Jd | Jh | 2c | 2d | = TwoPairs of: 11 and 2, Money: 367707.558332

Player ID: 13, Position: SmallBlind, Holding Cards: | Qd | 4d | , Action: Fold, 
Best Hand: | Ah | Jd | Jh | 4d | 4h | = TwoPairs of: 11 and 4, Money: -321246.649993

Player ID: 14, Position: BigBlind, Holding Cards: | Js | 6s | , Action: AllIn, 
Best Hand: | Ah | Js | Jd | Jh | 6s | = Trips of: 11, Money: -635807.183400

=====================================================================


HighCard: 17.404835
Pair: 43.822468
TwoPairs: 23.504368
Trips: 4.833305
Straight: 4.617825
Flush: 3.024795
FullHouse: 2.592390
Quads: 0.168843
StraightFlush: 0.031172

Empty-BigBlind: 52.336220
OneRaise-CutOff: 11.107220
OneRaise-Dealer: 1.972790
OneRaise-SmallBlind: 11.103320
TwoRaises-CutOff, Dealer: 0.624900
TwoRaises-CutOff, SmallBlind: 3.575040
TwoRaises-CutOff, BigBlind: 7.193470
TwoRaises-Dealer, SmallBlind: 0.621530
TwoRaises-Dealer, BigBlind: 1.245390
TwoRaises-SmallBlind, BigBlind: 7.171520
ThreeRaises-CutOff, Dealer, SmallBlind: 0.176370
ThreeRaises-CutOff, Dealer, BigBlind: 0.354350
ThreeRaises-CutOff, SmallBlind, BigBlind: 2.075480
ThreeRaises-Dealer, SmallBlind, BigBlind: 0.352550
FourRaises-CutOff, Dealer, SmallBlind, BigBlind: 0.089850


Show Downs Frequency: 23.480450
Two Players in Frequency: 20.431850
Three Players in Frequency: 2.958750
Four Players in Frequency: 0.089850
==============================================================================================================
============================******************************************************============================
==============================================================================================================
cutoff strategy: TwentyfivePercent
delear strategy: FivePercent
small blind strategy: TwentyfivePercent
big blind strategy: FourtyfivePercent
=====================================================================
========= Table: 10, #Hand: 10000000

| 5h | 8d | 6c | 8h | 9d | 

Player ID: 11, Position: CutOff, Holding Cards: | 5s | Jc | , Action: Fold, 
Best Hand: | Jc | 8d | 8h | 5s | 5h | = TwoPairs of: 8 and 5, Money: 620507.991649

Player ID: 12, Position: Dealer, Holding Cards: | Qd | 6s | , Action: Fold, 
Best Hand: | Qd | 8d | 8h | 6c | 6s | = TwoPairs of: 8 and 6, Money: 375311.816665

Player ID: 13, Position: SmallBlind, Holding Cards: | 9s | 3c | , Action: Fold, 
Best Hand: | 9s | 9d | 8d | 8h | 6c | = TwoPairs of: 9 and 8, Money: -279531.641686

Player ID: 14, Position: BigBlind, Holding Cards: | Jh | Qh | , Action: AllIn, 
Best Hand: | Qh | Jh | 9d | 8d | 8h | = Pair of: 8, Money: -716288.166741

=====================================================================


HighCard: 17.415920
Pair: 43.826892
TwoPairs: 23.493240
Trips: 4.828975
Straight: 4.618823
Flush: 3.021033
FullHouse: 2.595972
Quads: 0.167958
StraightFlush: 0.031187

Empty-BigBlind: 52.343470
OneRaise-CutOff: 10.216740
OneRaise-Dealer: 1.820730
OneRaise-SmallBlind: 10.220120
TwoRaises-CutOff, Dealer: 0.576920
TwoRaises-CutOff, SmallBlind: 3.307680
TwoRaises-CutOff, BigBlind: 8.070850
TwoRaises-Dealer, SmallBlind: 0.573950
TwoRaises-Dealer, BigBlind: 1.388620
TwoRaises-SmallBlind, BigBlind: 8.044640
ThreeRaises-CutOff, Dealer, SmallBlind: 0.163550
ThreeRaises-CutOff, Dealer, BigBlind: 0.400530
ThreeRaises-CutOff, SmallBlind, BigBlind: 2.366260
ThreeRaises-Dealer, SmallBlind, BigBlind: 0.403630
FourRaises-CutOff, Dealer, SmallBlind, BigBlind: 0.102310


Show Downs Frequency: 25.398940
Two Players in Frequency: 21.962660
Three Players in Frequency: 3.333970
Four Players in Frequency: 0.102310
==============================================================================================================
============================******************************************************============================
==============================================================================================================
cutoff strategy: TwentyfivePercent
delear strategy: FivePercent
small blind strategy: TwentyfivePercent
big blind strategy: FiftyPercent
=====================================================================
========= Table: 10, #Hand: 10000000

| 2c | 2d | 4s | 8h | Ad | 

Player ID: 11, Position: CutOff, Holding Cards: | As | 8c | , Action: AllIn, 
Best Hand: | As | Ad | 8c | 8h | 4s | = TwoPairs of: 14 and 8, Money: 657284.366649

Player ID: 12, Position: Dealer, Holding Cards: | Ah | 4d | , Action: Fold, 
Best Hand: | Ad | Ah | 8h | 4s | 4d | = TwoPairs of: 14 and 4, Money: 390106.849998

Player ID: 13, Position: SmallBlind, Holding Cards: | Jd | Qh | , Action: AllIn, 
Best Hand: | Ad | Qh | Jd | 2c | 2d | = Pair of: 2, Money: -236135.616696

Player ID: 14, Position: BigBlind, Holding Cards: | 9d | Qs | , Action: AllIn, 
Best Hand: | Ad | Qs | 9d | 2c | 2d | = Pair of: 2, Money: -811255.600081

=====================================================================


HighCard: 17.413480
Pair: 43.823365
TwoPairs: 23.492285
Trips: 4.831523
Straight: 4.617158
Flush: 3.025517
FullHouse: 2.598102
Quads: 0.167865
StraightFlush: 0.030705

Empty-BigBlind: 52.333320
OneRaise-CutOff: 9.285830
OneRaise-Dealer: 1.657920
OneRaise-SmallBlind: 9.302760
TwoRaises-CutOff, Dealer: 0.526120
TwoRaises-CutOff, SmallBlind: 3.010760
TwoRaises-CutOff, BigBlind: 9.001320
TwoRaises-Dealer, SmallBlind: 0.520900
TwoRaises-Dealer, BigBlind: 1.556450
TwoRaises-SmallBlind, BigBlind: 8.990850
ThreeRaises-CutOff, Dealer, SmallBlind: 0.147020
ThreeRaises-CutOff, Dealer, BigBlind: 0.450410
ThreeRaises-CutOff, SmallBlind, BigBlind: 2.651100
ThreeRaises-Dealer, SmallBlind, BigBlind: 0.449940
FourRaises-CutOff, Dealer, SmallBlind, BigBlind: 0.115300


Show Downs Frequency: 27.420170
Two Players in Frequency: 23.606400
Three Players in Frequency: 3.698470
Four Players in Frequency: 0.115300
==============================================================================================================
============================******************************************************============================
==============================================================================================================
cutoff strategy: TwentyfivePercent
delear strategy: FivePercent
small blind strategy: ThirtyPercent
big blind strategy: FivePercent
=====================================================================
========= Table: 10, #Hand: 10000000

| Kc | 2c | 4d | 2s | 4h | 

Player ID: 11, Position: CutOff, Holding Cards: | 4c | 5d | , Action: Fold, 
Best Hand: | 4c | 4d | 4h | 2c | 2s | = FullHouse of: 4, full of: 2, Money: 573531.783315

Player ID: 12, Position: Dealer, Holding Cards: | 2d | 3c | , Action: Fold, 
Best Hand: | 4d | 4h | 2c | 2s | 2d | = FullHouse of: 4, full of: 2, Money: 306725.725000

Player ID: 13, Position: SmallBlind, Holding Cards: | 8d | Qd | , Action: Fold, 
Best Hand: | Kc | 4d | 4h | 2c | 2s | = TwoPairs of: 4 and 2, Money: -326358.674991

Player ID: 14, Position: BigBlind, Holding Cards: | Qs | 9s | , Action: AllIn, 
Best Hand: | Kc | 4d | 4h | 2c | 2s | = TwoPairs of: 4 and 2, Money: -553898.833385

=====================================================================


HighCard: 17.402980
Pair: 43.827317
TwoPairs: 23.493320
Trips: 4.829265
Straight: 4.618835
Flush: 3.031233
FullHouse: 2.598440
Quads: 0.167742
StraightFlush: 0.030867

Empty-BigBlind: 48.922550
OneRaise-CutOff: 16.261890
OneRaise-Dealer: 2.851930
OneRaise-SmallBlind: 20.592010
TwoRaises-CutOff, Dealer: 0.878620
TwoRaises-CutOff, SmallBlind: 6.496330
TwoRaises-CutOff, BigBlind: 0.876410
TwoRaises-Dealer, SmallBlind: 1.123760
TwoRaises-Dealer, BigBlind: 0.151160
TwoRaises-SmallBlind, BigBlind: 1.124950
ThreeRaises-CutOff, Dealer, SmallBlind: 0.307420
ThreeRaises-CutOff, Dealer, BigBlind: 0.039970
ThreeRaises-CutOff, SmallBlind, BigBlind: 0.308070
ThreeRaises-Dealer, SmallBlind, BigBlind: 0.052440
FourRaises-CutOff, Dealer, SmallBlind, BigBlind: 0.012490


Show Downs Frequency: 11.371620
Two Players in Frequency: 10.651230
Three Players in Frequency: 0.707900
Four Players in Frequency: 0.012490
==============================================================================================================
============================******************************************************============================
==============================================================================================================
cutoff strategy: TwentyfivePercent
delear strategy: FivePercent
small blind strategy: ThirtyPercent
big blind strategy: TenPercent
=====================================================================
========= Table: 10, #Hand: 10000000

| Ac | Qd | 4h | 8s | 4d | 

Player ID: 11, Position: CutOff, Holding Cards: | 10s | 2c | , Action: Fold, 
Best Hand: | Ac | Qd | 10s | 4d | 4h | = Pair of: 4, Money: 532059.791651

Player ID: 12, Position: Dealer, Holding Cards: | 2h | Ah | , Action: Fold, 
Best Hand: | Ac | Ah | Qd | 4d | 4h | = TwoPairs of: 14 and 4, Money: 316022.616666

Player ID: 13, Position: SmallBlind, Holding Cards: | 3h | 7h | , Action: Fold, 
Best Hand: | Ac | Qd | 8s | 4d | 4h | = Pair of: 4, Money: -378806.608303

Player ID: 14, Position: BigBlind, Holding Cards: | Jh | 9h | , Action: AllIn, 
Best Hand: | Ac | Qd | Jh | 4d | 4h | = Pair of: 4, Money: -469275.800040

=====================================================================


HighCard: 17.412565
Pair: 43.817532
TwoPairs: 23.498648
Trips: 4.828915
Straight: 4.619523
Flush: 3.026705
FullHouse: 2.597955
Quads: 0.167120
StraightFlush: 0.031037

Empty-BigBlind: 48.920750
OneRaise-CutOff: 15.421740
OneRaise-Dealer: 2.715040
OneRaise-SmallBlind: 19.513740
TwoRaises-CutOff, Dealer: 0.838160
TwoRaises-CutOff, SmallBlind: 6.198430
TwoRaises-CutOff, BigBlind: 1.715650
TwoRaises-Dealer, SmallBlind: 1.065670
TwoRaises-Dealer, BigBlind: 0.299490
TwoRaises-SmallBlind, BigBlind: 2.192720
ThreeRaises-CutOff, Dealer, SmallBlind: 0.295530
ThreeRaises-CutOff, Dealer, BigBlind: 0.080960
ThreeRaises-CutOff, SmallBlind, BigBlind: 0.612490
ThreeRaises-Dealer, SmallBlind, BigBlind: 0.103090
FourRaises-CutOff, Dealer, SmallBlind, BigBlind: 0.026540


Show Downs Frequency: 13.428730
Two Players in Frequency: 12.310120
Three Players in Frequency: 1.092070
Four Players in Frequency: 0.026540
