==============================================================================================================
============================******************************************************============================
==============================================================================================================
cutoff strategy: ThirtyPercent
delear strategy: FivePercent
small blind strategy: TenPercent
big blind strategy: FivePercent
=====================================================================
========= Table: 10, #Hand: 10000000

| 4s | 2h | 10c | Ad | Qc | 

Player ID: 11, Position: CutOff, Holding Cards: | 9h | 5h | , Action: Fold, 
Best Hand: | Ad | Qc | 10c | 9h | 5h | = HighCard of: 14, Money: 591860.991638

Player ID: 12, Position: Dealer, Holding Cards: | Js | 7h | , Action: Fold, 
Best Hand: | Ad | Qc | Js | 10c | 7h | = HighCard of: 14, Money: 267619.800002

Player ID: 13, Position: SmallBlind, Holding Cards: | As | Jc | , Action: AllIn, 
Best Hand: | As | Ad | Qc | Jc | 10c | = Pair of: 14, Money: -591328.774900

Player ID: 14, Position: BigBlind, Holding Cards: | Qs | Jd | , Action: Fold, 
Best Hand: | Ad | Qc | Qs | Jd | 10c | = Pair of: 12, Money: -268152.016646

=====================================================================


HighCard: 17.426382
Pair: 43.830253
TwoPairs: 23.478452
Trips: 4.819775
Straight: 4.623795
Flush: 3.026250
FullHouse: 2.595357
Quads: 0.168645
StraightFlush: 0.031090

Empty-BigBlind: 58.788350
OneRaise-CutOff: 24.420210
OneRaise-Dealer: 3.373740
OneRaise-SmallBlind: 6.888580
TwoRaises-CutOff, Dealer: 1.307270
TwoRaises-CutOff, SmallBlind: 2.684460
TwoRaises-CutOff, BigBlind: 1.311490
TwoRaises-Dealer, SmallBlind: 0.358360
TwoRaises-Dealer, BigBlind: 0.174320
TwoRaises-SmallBlind, BigBlind: 0.364100
ThreeRaises-CutOff, Dealer, SmallBlind: 0.124520
ThreeRaises-CutOff, Dealer, BigBlind: 0.059360
ThreeRaises-CutOff, SmallBlind, BigBlind: 0.124440
ThreeRaises-Dealer, SmallBlind, BigBlind: 0.016030
FourRaises-CutOff, Dealer, SmallBlind, BigBlind: 0.004770


Show Downs Frequency: 6.529120
Two Players in Frequency: 6.200000
Three Players in Frequency: 0.324350
Four Players in Frequency: 0.004770
==============================================================================================================
============================******************************************************============================
==============================================================================================================
cutoff strategy: ThirtyPercent
delear strategy: FivePercent
small blind strategy: TenPercent
big blind strategy: TenPercent
=====================================================================
========= Table: 10, #Hand: 10000000

| 9c | Jh | 6s | Kh | 5s | 

Player ID: 11, Position: CutOff, Holding Cards: | As | 2c | , Action: AllIn, 
Best Hand: | As | Kh | Jh | 9c | 6s | = HighCard of: 14, Money: 531822.616643

Player ID: 12, Position: Dealer, Holding Cards: | 3d | 2h | , Action: Fold, 
Best Hand: | Kh | Jh | 9c | 6s | 5s | = HighCard of: 13, Money: 277935.950001

Player ID: 13, Position: SmallBlind, Holding Cards: | 6h | 2s | , Action: Fold, 
Best Hand: | Kh | Jh | 9c | 6s | 6h | = Pair of: 6, Money: -588807.433235

Player ID: 14, Position: BigBlind, Holding Cards: | 8c | Ah | , Action: Fold, 
Best Hand: | Ah | Kh | Jh | 9c | 8c | = HighCard of: 14, Money: -220951.133310

=====================================================================


HighCard: 17.414137
Pair: 43.819925
TwoPairs: 23.509875
Trips: 4.826010
Straight: 4.614922
Flush: 3.022555
FullHouse: 2.594352
Quads: 0.166958
StraightFlush: 0.031265

Empty-BigBlind: 58.839660
OneRaise-CutOff: 23.119910
OneRaise-Dealer: 3.212680
OneRaise-SmallBlind: 6.527430
TwoRaises-CutOff, Dealer: 1.245930
TwoRaises-CutOff, SmallBlind: 2.567630
TwoRaises-CutOff, BigBlind: 2.568330
TwoRaises-Dealer, SmallBlind: 0.343440
TwoRaises-Dealer, BigBlind: 0.344250
TwoRaises-SmallBlind, BigBlind: 0.704590
ThreeRaises-CutOff, Dealer, SmallBlind: 0.120190
ThreeRaises-CutOff, Dealer, BigBlind: 0.118950
ThreeRaises-CutOff, SmallBlind, BigBlind: 0.246290
ThreeRaises-Dealer, SmallBlind, BigBlind: 0.031270
FourRaises-CutOff, Dealer, SmallBlind, BigBlind: 0.009450


Show Downs Frequency: 8.300320
Two Players in Frequency: 7.774170
Three Players in Frequency: 0.516700
Four Players in Frequency: 0.009450
==============================================================================================================
============================******************************************************============================
==============================================================================================================
cutoff strategy: ThirtyPercent
delear strategy: FivePercent
small blind strategy: TenPercent
big blind strategy: FifteenPercent
=====================================================================
========= Table: 10, #Hand: 10000000

| 4c | 3d | Kh | Qd | Qs | 

Player ID: 11, Position: CutOff, Holding Cards: | 7s | 9c | , Action: Fold, 
Best Hand: | Kh | Qs | Qd | 9c | 7s | = Pair of: 12, Money: 504842.174978

Player ID: 12, Position: Dealer, Holding Cards: | 3s | 10c | , Action: Fold, 
Best Hand: | Kh | Qs | Qd | 3s | 3d | = TwoPairs of: 12 and 3, Money: 287888.150001

Player ID: 13, Position: SmallBlind, Holding Cards: | Jd | Qc | , Action: Fold, 
Best Hand: | Kh | Qc | Qs | Qd | Jd | = Trips of: 12, Money: -574466.541570

Player ID: 14, Position: BigBlind, Holding Cards: | 7h | 6s | , Action: AllIn, 
Best Hand: | Kh | Qs | Qd | 7h | 6s | = Pair of: 12, Money: -218263.783311

=====================================================================


HighCard: 17.416990
Pair: 43.827765
TwoPairs: 23.484455
Trips: 4.827208
Straight: 4.621455
Flush: 3.023093
FullHouse: 2.599785
Quads: 0.168327
StraightFlush: 0.030922

Empty-BigBlind: 58.829330
OneRaise-CutOff: 22.060430
OneRaise-Dealer: 3.062490
OneRaise-SmallBlind: 6.228040
TwoRaises-CutOff, Dealer: 1.198170
TwoRaises-CutOff, SmallBlind: 2.451840
TwoRaises-CutOff, BigBlind: 3.645370
TwoRaises-Dealer, SmallBlind: 0.328620
TwoRaises-Dealer, BigBlind: 0.489360
TwoRaises-SmallBlind, BigBlind: 1.004120
ThreeRaises-CutOff, Dealer, SmallBlind: 0.114900
ThreeRaises-CutOff, Dealer, BigBlind: 0.171050
ThreeRaises-CutOff, SmallBlind, BigBlind: 0.354730
ThreeRaises-Dealer, SmallBlind, BigBlind: 0.046900
FourRaises-CutOff, Dealer, SmallBlind, BigBlind: 0.014650


Show Downs Frequency: 9.819710
Two Players in Frequency: 9.117480
Three Players in Frequency: 0.687580
Four Players in Frequency: 0.014650
==============================================================================================================
============================******************************************************============================
==============================================================================================================
cutoff strategy: ThirtyPercent
delear strategy: FivePercent
small blind strategy: TenPercent
big blind strategy: TwentyPercent
=====================================================================
========= Table: 10, #Hand: 10000000

| 10d | 9h | 6d | 4h | Jd | 

Player ID: 11, Position: CutOff, Holding Cards: | Kd | 8d | , Action: AllIn, 
Best Hand: | Kd | Jd | 10d | 8d | 6d | = Flush of: 13 high, Money: 496320.224979

Player ID: 12, Position: Dealer, Holding Cards: | 2d | 5c | , Action: Fold, 
Best Hand: | Jd | 10d | 9h | 6d | 5c | = HighCard of: 11, Money: 298055.416667

Player ID: 13, Position: SmallBlind, Holding Cards: | Kc | 4d | , Action: Fold, 
Best Hand: | Kc | Jd | 10d | 4d | 4h | = Pair of: 4, Money: -555044.174907

Player ID: 14, Position: BigBlind, Holding Cards: | Qh | 6c | , Action: Fold, 
Best Hand: | Qh | Jd | 10d | 6c | 6d | = Pair of: 6, Money: -239331.466642

=====================================================================


HighCard: 17.408880
Pair: 43.829155
TwoPairs: 23.484037
Trips: 4.837025
Straight: 4.613132
Flush: 3.026480
FullHouse: 2.601288
Quads: 0.169105
StraightFlush: 0.030898

Empty-BigBlind: 58.804510
OneRaise-CutOff: 20.830930
OneRaise-Dealer: 2.896020
OneRaise-SmallBlind: 5.895370
TwoRaises-CutOff, Dealer: 1.135750
TwoRaises-CutOff, SmallBlind: 2.325730
TwoRaises-CutOff, BigBlind: 4.880370
TwoRaises-Dealer, SmallBlind: 0.314070
TwoRaises-Dealer, BigBlind: 0.660340
TwoRaises-SmallBlind, BigBlind: 1.354890
ThreeRaises-CutOff, Dealer, SmallBlind: 0.108390
ThreeRaises-CutOff, Dealer, BigBlind: 0.231260
ThreeRaises-CutOff, SmallBlind, BigBlind: 0.479910
ThreeRaises-Dealer, SmallBlind, BigBlind: 0.062310
FourRaises-CutOff, Dealer, SmallBlind, BigBlind: 0.020150


Show Downs Frequency: 11.573170
Two Players in Frequency: 10.671150
Three Players in Frequency: 0.881870
Four Players in Frequency: 0.020150
==============================================================================================================
============================******************************************************============================
==============================================================================================================
cutoff strategy: ThirtyPercent
delear strategy: FivePercent
small blind strategy: TenPercent
big blind strategy: TwentyfivePercent
=====================================================================
========= Table: 10, #Hand: 10000000

| 7d | Kd | Js | 6h | Ac | 

Player ID: 11, Position: CutOff, Holding Cards: | 3s | 8d | , Action: Fold, 
Best Hand: | Ac | Kd | Js | 8d | 7d | = HighCard of: 14, Money: 498991.124979

Player ID: 12, Position: Dealer, Holding Cards: | 10s | 7s | , Action: Fold, 
Best Hand: | Ac | Kd | Js | 7s | 7d | = Pair of: 7, Money: 311173.775000

Player ID: 13, Position: SmallBlind, Holding Cards: | 4s | Kh | , Action: Fold, 
Best Hand: | Ac | Kd | Kh | Js | 7d | = Pair of: 13, Money: -542402.849910

Player ID: 14, Position: BigBlind, Holding Cards: | 9h | Qc | , Action: AllIn, 
Best Hand: | Ac | Kd | Qc | Js | 9h | = HighCard of: 14, Money: -267762.049978

=====================================================================


HighCard: 17.408767
Pair: 43.828525
TwoPairs: 23.488260
Trips: 4.832800
Straight: 4.618485
Flush: 3.029797
FullHouse: 2.593150
Quads: 0.168885
StraightFlush: 0.031330

Empty-BigBlind: 58.828720
OneRaise-CutOff: 19.501660
OneRaise-Dealer: 2.710330
OneRaise-SmallBlind: 5.517510
TwoRaises-CutOff, Dealer: 1.074770
TwoRaises-CutOff, SmallBlind: 2.189630
TwoRaises-CutOff, BigBlind: 6.200300
TwoRaises-Dealer, SmallBlind: 0.293920
TwoRaises-Dealer, BigBlind: 0.838870
TwoRaises-SmallBlind, BigBlind: 1.721540
ThreeRaises-CutOff, Dealer, SmallBlind: 0.104110
ThreeRaises-CutOff, Dealer, BigBlind: 0.296260
ThreeRaises-CutOff, SmallBlind, BigBlind: 0.615060
ThreeRaises-Dealer, SmallBlind, BigBlind: 0.080490
FourRaises-CutOff, Dealer, SmallBlind, BigBlind: 0.026830


Show Downs Frequency: 13.441780
Two Players in Frequency: 12.319030
Three Players in Frequency: 1.095920
Four Players in Frequency: 0.026830
==============================================================================================================
============================******************************************************============================
==============================================================================================================
cutoff strategy: ThirtyPercent
delear strategy: FivePercent
small blind strategy: TenPercent
big blind strategy: ThirtyPercent
=====================================================================
========= Table: 10, #Hand: 10000000

| 7s | 5c | Qc | 3h | Qd | 

Player ID: 11, Position: CutOff, Holding Cards: | Qs | 2d | , Action: Fold, 
Best Hand: | Qc | Qs | Qd | 7s | 5c | = Trips of: 12, Money: 509795.666646

Player ID: 12, Position: Dealer, Holding Cards: | 10h | Kd | , Action: Fold, 
Best Hand: | Kd | Qc | Qd | 10h | 7s | = Pair of: 12, Money: 319400.266666

Player ID: 13, Position: SmallBlind, Holding Cards: | 2c | 4h | , Action: Fold, 
Best Hand: | Qc | Qd | 7s | 5c | 4h | = Pair of: 12, Money: -522726.766581

Player ID: 14, Position: BigBlind, Holding Cards: | 5d | 6d | , Action: AllIn, 
Best Hand: | Qc | Qd | 7s | 5c | 5d | = TwoPairs of: 12 and 5, Money: -306469.166666

=====================================================================


HighCard: 17.418173
Pair: 43.805310
TwoPairs: 23.496760
Trips: 4.830682
Straight: 4.621425
Flush: 3.026308
FullHouse: 2.601993
Quads: 0.168215
StraightFlush: 0.031135

Empty-BigBlind: 58.826850
OneRaise-CutOff: 18.271180
OneRaise-Dealer: 2.548510
OneRaise-SmallBlind: 5.175470
TwoRaises-CutOff, Dealer: 1.005880
TwoRaises-CutOff, SmallBlind: 2.061310
TwoRaises-CutOff, BigBlind: 7.428670
TwoRaises-Dealer, SmallBlind: 0.278540
TwoRaises-Dealer, BigBlind: 1.008480
TwoRaises-SmallBlind, BigBlind: 2.066190
ThreeRaises-CutOff, Dealer, SmallBlind: 0.099260
ThreeRaises-CutOff, Dealer, BigBlind: 0.360340
ThreeRaises-CutOff, SmallBlind, BigBlind: 0.740490
ThreeRaises-Dealer, SmallBlind, BigBlind: 0.098060
FourRaises-CutOff, Dealer, SmallBlind, BigBlind: 0.030770


Show Downs Frequency: 15.177990
Two Players in Frequency: 13.849070
Three Players in Frequency: 1.298150
Four Players in Frequency: 0.030770
==============================================================================================================
============================******************************************************============================
==============================================================================================================
cutoff strategy: ThirtyPercent
delear strategy: FivePercent
small blind strategy: TenPercent
big blind strategy: ThirtyfivePercent
=====================================================================
========= Table: 10, #Hand: 10000000

| 7h | 4h | Ad | 2h | Ks | 

Player ID: 11, Position: CutOff, Holding Cards: | Qs | 3c | , Action: Fold, 
Best Hand: | Ad | Ks | Qs | 7h | 4h | = HighCard of: 14, Money: 544106.324978

Player ID: 12, Position: Dealer, Holding Cards: | As | 8d | , Action: Fold, 
Best Hand: | As | Ad | Ks | 8d | 7h | = Pair of: 14, Money: 334168.258333

Player ID: 13, Position: SmallBlind, Holding Cards: | Kh | 9h | , Action: Fold, 
Best Hand: | Kh | 9h | 7h | 4h | 2h | = Flush of: 13 high, Money: -501428.233253

Player ID: 14, Position: BigBlind, Holding Cards: | 8h | Ac | , Action: AllIn, 
Best Hand: | Ac | Ad | Ks | 8h | 7h | = Pair of: 14, Money: -376846.350027

=====================================================================


HighCard: 17.404830
Pair: 43.821120
TwoPairs: 23.495315
Trips: 4.832030
Straight: 4.625427
Flush: 3.023770
FullHouse: 2.598205
Quads: 0.168130
StraightFlush: 0.031172

Empty-BigBlind: 58.798050
OneRaise-CutOff: 16.894280
OneRaise-Dealer: 2.359750
OneRaise-SmallBlind: 4.795230
TwoRaises-CutOff, Dealer: 0.941450
TwoRaises-CutOff, SmallBlind: 1.916670
TwoRaises-CutOff, BigBlind: 8.816770
TwoRaises-Dealer, SmallBlind: 0.261210
TwoRaises-Dealer, BigBlind: 1.196500
TwoRaises-SmallBlind, BigBlind: 2.453800
ThreeRaises-CutOff, Dealer, SmallBlind: 0.091850
ThreeRaises-CutOff, Dealer, BigBlind: 0.432240
ThreeRaises-CutOff, SmallBlind, BigBlind: 0.887680
ThreeRaises-Dealer, SmallBlind, BigBlind: 0.115890
FourRaises-CutOff, Dealer, SmallBlind, BigBlind: 0.038630


Show Downs Frequency: 17.152690
Two Players in Frequency: 15.586400
Three Players in Frequency: 1.527660
Four Players in Frequency: 0.038630
==============================================================================================================
============================******************************************************============================
==============================================================================================================
cutoff strategy: ThirtyPercent
delear strategy: FivePercent
small blind strategy: TenPercent
big blind strategy: FourtyPercent
=====================================================================
========= Table: 10, #Hand: 10000000

| Jc | 3s | 9s | 10h | 9c | 

Player ID: 11, Position: CutOff, Holding Cards: | 3h | Ks | , Action: Fold, 
Best Hand: | Ks | 9c | 9s | 3s | 3h | = TwoPairs of: 9 and 3, Money: 585642.783310

Player ID: 12, Position: Dealer, Holding Cards: | Ah | 7s | , Action: Fold, 
Best Hand: | Ah | Jc | 10h | 9c | 9s | = Pair of: 9, Money: 346631.774999

Player ID: 13, Position: SmallBlind, Holding Cards: | 10c | 5s | , Action: Fold, 
Best Hand: | Jc | 10c | 10h | 9c | 9s | = TwoPairs of: 10 and 9, Money: -482836.158258

Player ID: 14, Position: BigBlind, Holding Cards: | 2d | 7d | , Action: AllIn, 
Best Hand: | Jc | 10h | 9c | 9s | 7d | = Pair of: 9, Money: -449438.400047

=====================================================================


HighCard: 17.418325
Pair: 43.830283
TwoPairs: 23.498307
Trips: 4.821365
Straight: 4.617752
Flush: 3.022908
FullHouse: 2.591343
Quads: 0.168730
StraightFlush: 0.030988

Empty-BigBlind: 58.796510
OneRaise-CutOff: 15.690580
OneRaise-Dealer: 2.189600
OneRaise-SmallBlind: 4.434700
TwoRaises-CutOff, Dealer: 0.872160
TwoRaises-CutOff, SmallBlind: 1.781790
TwoRaises-CutOff, BigBlind: 10.030000
TwoRaises-Dealer, SmallBlind: 0.241990
TwoRaises-Dealer, BigBlind: 1.366830
TwoRaises-SmallBlind, BigBlind: 2.803990
ThreeRaises-CutOff, Dealer, SmallBlind: 0.085220
ThreeRaises-CutOff, Dealer, BigBlind: 0.496090
ThreeRaises-CutOff, SmallBlind, BigBlind: 1.030280
ThreeRaises-Dealer, SmallBlind, BigBlind: 0.136160
FourRaises-CutOff, Dealer, SmallBlind, BigBlind: 0.044100


Show Downs Frequency: 18.888610
Two Players in Frequency: 17.096760
Three Players in Frequency: 1.747750
Four Players in Frequency: 0.044100
==============================================================================================================
============================******************************************************============================
==============================================================================================================
cutoff strategy: ThirtyPercent
delear strategy: FivePercent
small blind strategy: TenPercent
big blind strategy: FourtyfivePercent
=====================================================================
========= Table: 10, #Hand: 10000000

| 10s | 10h | Qh | Kc | 3c | 

Player ID: 11, Position: CutOff, Holding Cards: | 8d | 3d | , Action: Fold, 
Best Hand: | Kc | 10s | 10h | 3c | 3d | = TwoPairs of: 10 and 3, Money: 624924.433309

Player ID: 12, Position: Dealer, Holding Cards: | 9s | 4c | , Action: Fold, 
Best Hand: | Kc | Qh | 10s | 10h | 9s | = Pair of: 10, Money: 357363.416665

Player ID: 13, Position: SmallBlind, Holding Cards: | Ks | Kd | , Action: AllIn, 
Best Hand: | Kc | Ks | Kd | 10s | 10h | = FullHouse of: 13, full of: 10, Money: -459095.599931

Player ID: 14, Position: BigBlind, Holding Cards: | Jc | 5h | , Action: Fold, 
Best Hand: | Kc | Qh | Jc | 10s | 10h | = Pair of: 10, Money: -523192.250062

=====================================================================


HighCard: 17.415095
Pair: 43.832457
TwoPairs: 23.499410
Trips: 4.829335
Straight: 4.616715
Flush: 3.017420
FullHouse: 2.591170
Quads: 0.167540
StraightFlush: 0.030857

Empty-BigBlind: 58.819780
OneRaise-CutOff: 14.426510
OneRaise-Dealer: 2.018190
OneRaise-SmallBlind: 4.096880
TwoRaises-CutOff, Dealer: 0.807970
TwoRaises-CutOff, SmallBlind: 1.640030
TwoRaises-CutOff, BigBlind: 11.282470
TwoRaises-Dealer, SmallBlind: 0.224710
TwoRaises-Dealer, BigBlind: 1.534870
TwoRaises-SmallBlind, BigBlind: 3.144520
ThreeRaises-CutOff, Dealer, SmallBlind: 0.078890
ThreeRaises-CutOff, Dealer, BigBlind: 0.560170
ThreeRaises-CutOff, SmallBlind, BigBlind: 1.162030
ThreeRaises-Dealer, SmallBlind, BigBlind: 0.153260
FourRaises-CutOff, Dealer, SmallBlind, BigBlind: 0.049720


Show Downs Frequency: 20.638640
Two Players in Frequency: 18.634570
Three Players in Frequency: 1.954350
Four Players in Frequency: 0.049720
==============================================================================================================
============================******************************************************============================
==============================================================================================================
cutoff strategy: ThirtyPercent
delear strategy: FivePercent
small blind strategy: TenPercent
big blind strategy: FiftyPercent
=====================================================================
========= Table: 10, #Hand: 10000000

| Kh | 3c | Ac | 10h | 6c | 

Player ID: 11, Position: CutOff, Holding Cards: | 2s | Qc | , Action: Fold, 
Best Hand: | Ac | Kh | Qc | 10h | 6c | = HighCard of: 14, Money: 666728.808308

Player ID: 12, Position: Dealer, Holding Cards: | 2d | 2h | , Action: Fold, 
Best Hand: | Ac | Kh | 10h | 2d | 2h | = Pair of: 2, Money: 375488.516665

Player ID: 13, Position: SmallBlind, Holding Cards: | 3s | 10s | , Action: Fold, 
Best Hand: | Ac | 10s | 10h | 3c | 3s | = TwoPairs of: 10 and 3, Money: -439043.391605

Player ID: 14, Position: BigBlind, Holding Cards: | 9h | Qd | , Action: AllIn, 
Best Hand: | Ac | Kh | Qd | 10h | 9h | = HighCard of: 14, Money: -603173.933407

=====================================================================


HighCard: 17.419857
Pair: 43.816785
TwoPairs: 23.492738
Trips: 4.830007
Straight: 4.623392
Flush: 3.026670
FullHouse: 2.592340
Quads: 0.166692
StraightFlush: 0.031517

Empty-BigBlind: 58.800550
OneRaise-CutOff: 13.086810
OneRaise-Dealer: 1.832640
OneRaise-SmallBlind: 3.706480
TwoRaises-CutOff, Dealer: 0.741640
TwoRaises-CutOff, SmallBlind: 1.501090
TwoRaises-CutOff, BigBlind: 12.631550
TwoRaises-Dealer, SmallBlind: 0.203320
TwoRaises-Dealer, BigBlind: 1.725250
TwoRaises-SmallBlind, BigBlind: 3.528280
ThreeRaises-CutOff, Dealer, SmallBlind: 0.070710
ThreeRaises-CutOff, Dealer, BigBlind: 0.626670
ThreeRaises-CutOff, SmallBlind, BigBlind: 1.314040
ThreeRaises-Dealer, SmallBlind, BigBlind: 0.174230
FourRaises-CutOff, Dealer, SmallBlind, BigBlind: 0.056740


Show Downs Frequency: 22.573520
Two Players in Frequency: 20.331130
Three Players in Frequency: 2.185650
Four Players in Frequency: 0.056740
==============================================================================================================
============================******************************************************============================
==============================================================================================================
cutoff strategy: ThirtyPercent
delear strategy: FivePercent
small blind strategy: FifteenPercent
big blind strategy: FivePercent
=====================================================================
========= Table: 10, #Hand: 10000000

| 10d | Kh | 10s | 3c | 2d | 

Player ID: 11, Position: CutOff, Holding Cards: | Ah | 3s | , Action: AllIn, 
Best Hand: | Ah | 10s | 10d | 3c | 3s | = TwoPairs of: 10 and 3, Money: 576723.633307

Player ID: 12, Position: Dealer, Holding Cards: | Qc | Ad | , Action: AllIn, 
Best Hand: | Ad | Kh | Qc | 10s | 10d | = Pair of: 10, Money: 281039.908334

Player ID: 13, Position: SmallBlind, Holding Cards: | Jd | Jc | , Action: AllIn, 
Best Hand: | Kh | Jc | Jd | 10s | 10d | = TwoPairs of: 11 and 10, Money: -503083.858257

Player ID: 14, Position: BigBlind, Holding Cards: | 2s | Kd | , Action: Fold, 
Best Hand: | Kd | Kh | 10s | 10d | 3c | = TwoPairs of: 13 and 10, Money: -354679.683351

=====================================================================


HighCard: 17.407635
Pair: 43.824247
TwoPairs: 23.497240
Trips: 4.832458
Straight: 4.613745
Flush: 3.025327
FullHouse: 2.599265
Quads: 0.168352
StraightFlush: 0.031730

Empty-BigBlind: 55.863000
OneRaise-CutOff: 23.262910
OneRaise-Dealer: 3.223960
OneRaise-SmallBlind: 9.683150
TwoRaises-CutOff, Dealer: 1.256420
TwoRaises-CutOff, SmallBlind: 3.814600
TwoRaises-CutOff, BigBlind: 1.248210
TwoRaises-Dealer, SmallBlind: 0.517580
TwoRaises-Dealer, BigBlind: 0.167870
TwoRaises-SmallBlind, BigBlind: 0.515470
ThreeRaises-CutOff, Dealer, SmallBlind: 0.179480
ThreeRaises-CutOff, Dealer, BigBlind: 0.058570
ThreeRaises-CutOff, SmallBlind, BigBlind: 0.177890
ThreeRaises-Dealer, SmallBlind, BigBlind: 0.023610
FourRaises-CutOff, Dealer, SmallBlind, BigBlind: 0.007280


Show Downs Frequency: 7.966980
Two Players in Frequency: 7.520150
Three Players in Frequency: 0.439550
Four Players in Frequency: 0.007280
==============================================================================================================
============================******************************************************============================
==============================================================================================================
cutoff strategy: ThirtyPercent
delear strategy: FivePercent
small blind strategy: FifteenPercent
big blind strategy: TenPercent
=====================================================================
========= Table: 10, #Hand: 10000000

| 2c | 2s | 10d | 4h | Jc | 

Player ID: 11, Position: CutOff, Holding Cards: | 7h | Qc | , Action: Fold, 
Best Hand: | Qc | Jc | 10d | 2c | 2s | = Pair of: 2, Money: 521902.308311

Player ID: 12, Position: Dealer, Holding Cards: | Ac | Ah | , Action: AllIn, 
Best Hand: | Ac | Ah | Jc | 2c | 2s | = TwoPairs of: 14 and 2, Money: 288150.383334

Player ID: 13, Position: SmallBlind, Holding Cards: | 4s | Kc | , Action: Fold, 
Best Hand: | Kc | 4s | 4h | 2c | 2s | = TwoPairs of: 4 and 2, Money: -510259.841587

Player ID: 14, Position: BigBlind, Holding Cards: | 9h | 3c | , Action: Fold, 
Best Hand: | Jc | 10d | 9h | 2c | 2s | = Pair of: 2, Money: -299792.849996

=====================================================================


HighCard: 17.414400
Pair: 43.824965
TwoPairs: 23.488398
Trips: 4.832063
Straight: 4.616383
Flush: 3.032270
FullHouse: 2.591560
Quads: 0.169000
StraightFlush: 0.030963

Empty-BigBlind: 55.836310
OneRaise-CutOff: 22.072310
OneRaise-Dealer: 3.066450
OneRaise-SmallBlind: 9.204810
TwoRaises-CutOff, Dealer: 1.194610
TwoRaises-CutOff, SmallBlind: 3.639730
TwoRaises-CutOff, BigBlind: 2.455710
TwoRaises-Dealer, SmallBlind: 0.488870
TwoRaises-Dealer, BigBlind: 0.330380
TwoRaises-SmallBlind, BigBlind: 1.009840
ThreeRaises-CutOff, Dealer, SmallBlind: 0.171730
ThreeRaises-CutOff, Dealer, BigBlind: 0.115260
ThreeRaises-CutOff, SmallBlind, BigBlind: 0.353460
ThreeRaises-Dealer, SmallBlind, BigBlind: 0.046210
FourRaises-CutOff, Dealer, SmallBlind, BigBlind: 0.014320


Show Downs Frequency: 9.820120
Two Players in Frequency: 9.119140
Three Players in Frequency: 0.686660
Four Players in Frequency: 0.014320
==============================================================================================================
============================******************************************************============================
==============================================================================================================
cutoff strategy: ThirtyPercent
delear strategy: FivePercent
small blind strategy: FifteenPercent
big blind strategy: FifteenPercent
=====================================================================
========= Table: 10, #Hand: 10000000

| 10d | 3c | Qs | 7h | 3d | 

Player ID: 11, Position: CutOff, Holding Cards: | 10c | 5c | , Action: Fold, 
Best Hand: | Qs | 10c | 10d | 3c | 3d | = TwoPairs of: 10 and 3, Money: 497505.349979

Player ID: 12, Position: Dealer, Holding Cards: | 5d | Qd | , Action: Fold, 
Best Hand: | Qs | Qd | 10d | 3c | 3d | = TwoPairs of: 12 and 3, Money: 295382.791667

Player ID: 13, Position: SmallBlind, Holding Cards: | Ac | 10h | , Action: AllIn, 
Best Hand: | Ac | 10d | 10h | 3c | 3d | = TwoPairs of: 10 and 3, Money: -500485.441590

Player ID: 14, Position: BigBlind, Holding Cards: | As | Jc | , Action: AllIn, 
Best Hand: | As | Qs | Jc | 3c | 3d | = Pair of: 3, Money: -292402.699993

=====================================================================


HighCard: 17.413920
Pair: 43.824855
TwoPairs: 23.487540
Trips: 4.827547
Straight: 4.622020
Flush: 3.028717
FullHouse: 2.596100
Quads: 0.168203
StraightFlush: 0.031098

Empty-BigBlind: 55.864650
OneRaise-CutOff: 21.024430
OneRaise-Dealer: 2.901660
OneRaise-SmallBlind: 8.765970
TwoRaises-CutOff, Dealer: 1.142060
TwoRaises-CutOff, SmallBlind: 3.496560
TwoRaises-CutOff, BigBlind: 3.492610
TwoRaises-Dealer, SmallBlind: 0.471310
TwoRaises-Dealer, BigBlind: 0.477510
TwoRaises-SmallBlind, BigBlind: 1.433520
ThreeRaises-CutOff, Dealer, SmallBlind: 0.167750
ThreeRaises-CutOff, Dealer, BigBlind: 0.165770
ThreeRaises-CutOff, SmallBlind, BigBlind: 0.506630
ThreeRaises-Dealer, SmallBlind, BigBlind: 0.067700
FourRaises-CutOff, Dealer, SmallBlind, BigBlind: 0.021870


Show Downs Frequency: 11.443290
Two Players in Frequency: 10.513570
Three Players in Frequency: 0.907850
Four Players in Frequency: 0.021870
==============================================================================================================
============================******************************************************============================
==============================================================================================================
cutoff strategy: ThirtyPercent
delear strategy: FivePercent
small blind strategy: FifteenPercent
big blind strategy: TwentyPercent
=====================================================================
========= Table: 10, #Hand: 10000000

| 3d | Js | 6s | Kc | 7h | 

Player ID: 11, Position: CutOff, Holding Cards: | 9h | Ac | , Action: AllIn, 
Best Hand: | Ac | Kc | Js | 9h | 7h | = HighCard of: 14, Money: 484189.641648

Player ID: 12, Position: Dealer, Holding Cards: | 8d | 10h | , Action: Fold, 
Best Hand: | Kc | Js | 10h | 8d | 7h | = HighCard of: 13, Money: 307396.600000

Player ID: 13, Position: SmallBlind, Holding Cards: | 8s | 3s | , Action: Fold, 
Best Hand: | Kc | Js | 8s | 3s | 3d | = Pair of: 3, Money: -484282.191595

Player ID: 14, Position: BigBlind, Holding Cards: | 8h | Qs | , Action: Fold, 
Best Hand: | Kc | Qs | Js | 8h | 7h | = HighCard of: 13, Money: -307304.049999

=====================================================================


HighCard: 17.411280
Pair: 43.841048
TwoPairs: 23.488598
Trips: 4.824327
Straight: 4.618825
Flush: 3.020615
FullHouse: 2.595685
Quads: 0.168657
StraightFlush: 0.030965

Empty-BigBlind: 55.834220
OneRaise-CutOff: 19.832440
OneRaise-Dealer: 2.766870
OneRaise-SmallBlind: 8.298600
TwoRaises-CutOff, Dealer: 1.087190
TwoRaises-CutOff, SmallBlind: 3.310230
TwoRaises-CutOff, BigBlind: 4.678270
TwoRaises-Dealer, SmallBlind: 0.448060
TwoRaises-Dealer, BigBlind: 0.628030
TwoRaises-SmallBlind, BigBlind: 1.927260
ThreeRaises-CutOff, Dealer, SmallBlind: 0.158770
ThreeRaises-CutOff, Dealer, BigBlind: 0.222820
ThreeRaises-CutOff, SmallBlind, BigBlind: 0.688180
ThreeRaises-Dealer, SmallBlind, BigBlind: 0.090580
FourRaises-CutOff, Dealer, SmallBlind, BigBlind: 0.028480


Show Downs Frequency: 13.267870
Two Players in Frequency: 12.079040
Three Players in Frequency: 1.160350
Four Players in Frequency: 0.028480
==============================================================================================================
============================******************************************************============================
==============================================================================================================
cutoff strategy: ThirtyPercent
delear strategy: FivePercent
small blind strategy: FifteenPercent
big blind strategy: TwentyfivePercent
=====================================================================
========= Table: 10, #Hand: 10000000

| Qd | 6h | Ad | 8h | 5h | 

Player ID: 11, Position: CutOff, Holding Cards: | 7d | 9h | , Action: Fold, 
Best Hand: | 9h | 8h | 7d | 6h | 5h | = Straight of: 9 high, Money: 488343.933314

Player ID: 12, Position: Dealer, Holding Cards: | 2c | 7h | , Action: Fold, 
Best Hand: | Ad | Qd | 8h | 7h | 6h | = HighCard of: 14, Money: 317698.916666

Player ID: 13, Position: SmallBlind, Holding Cards: | 8d | Jh | , Action: Fold, 
Best Hand: | Ad | Qd | Jh | 8d | 8h | = Pair of: 8, Money: -463264.149934

Player ID: 14, Position: BigBlind, Holding Cards: | 4h | 9c | , Action: AllIn, 
Best Hand: | Ad | Qd | 9c | 8h | 6h | = HighCard of: 14, Money: -342778.700014

=====================================================================


HighCard: 17.410180
Pair: 43.814055
TwoPairs: 23.511075
Trips: 4.830810
Straight: 4.618835
Flush: 3.022248
FullHouse: 2.594420
Quads: 0.167000
StraightFlush: 0.031378

Empty-BigBlind: 55.846540
OneRaise-CutOff: 18.606530
OneRaise-Dealer: 2.589880
OneRaise-SmallBlind: 7.758490
TwoRaises-CutOff, Dealer: 1.025980
TwoRaises-CutOff, SmallBlind: 3.122920
TwoRaises-CutOff, BigBlind: 5.923910
TwoRaises-Dealer, SmallBlind: 0.417770
TwoRaises-Dealer, BigBlind: 0.800870
TwoRaises-SmallBlind, BigBlind: 2.442060
ThreeRaises-CutOff, Dealer, SmallBlind: 0.146940
ThreeRaises-CutOff, Dealer, BigBlind: 0.285980
ThreeRaises-CutOff, SmallBlind, BigBlind: 0.882200
ThreeRaises-Dealer, SmallBlind, BigBlind: 0.113230
FourRaises-CutOff, Dealer, SmallBlind, BigBlind: 0.036700


Show Downs Frequency: 15.198560
Two Players in Frequency: 13.733510
Three Players in Frequency: 1.428350
Four Players in Frequency: 0.036700
==============================================================================================================
============================******************************************************============================
==============================================================================================================
cutoff strategy: ThirtyPercent
delear strategy: FivePercent
small blind strategy: FifteenPercent
big blind strategy: ThirtyPercent
=====================================================================
========= Table: 10, #Hand: 10000000

| 10h | 5s | 5d | Js | As | 

Player ID: 11, Position: CutOff, Holding Cards: | Jh | Ks | , Action: AllIn, 
Best Hand: | As | Js | Jh | 5s | 5d | = TwoPairs of: 11 and 5, Money: 495914.841648

Player ID: 12, Position: Dealer, Holding Cards: | 8s | Qc | , Action: Fold, 
Best Hand: | As | Qc | Js | 5s | 5d | = Pair of: 5, Money: 331168.066666

Player ID: 13, Position: SmallBlind, Holding Cards: | 6s | 7c | , Action: Fold, 
Best Hand: | As | Js | 10h | 5s | 5d | = Pair of: 5, Money: -445578.674939

Player ID: 14, Position: BigBlind, Holding Cards: | 6d | 4c | , Action: Fold, 
Best Hand: | As | Js | 10h | 5s | 5d | = Pair of: 5, Money: -381504.233360

=====================================================================


HighCard: 17.419608
Pair: 43.813898
TwoPairs: 23.503610
Trips: 4.826977
Straight: 4.614065
Flush: 3.025700
FullHouse: 2.596005
Quads: 0.169082
StraightFlush: 0.031055

Empty-BigBlind: 55.844260
OneRaise-CutOff: 17.416190
OneRaise-Dealer: 2.423340
OneRaise-SmallBlind: 7.270690
TwoRaises-CutOff, Dealer: 0.962760
TwoRaises-CutOff, SmallBlind: 2.934580
TwoRaises-CutOff, BigBlind: 7.102480
TwoRaises-Dealer, SmallBlind: 0.398640
TwoRaises-Dealer, BigBlind: 0.965870
TwoRaises-SmallBlind, BigBlind: 2.935320
ThreeRaises-CutOff, Dealer, SmallBlind: 0.140680
ThreeRaises-CutOff, Dealer, BigBlind: 0.347080
ThreeRaises-CutOff, SmallBlind, BigBlind: 1.071260
ThreeRaises-Dealer, SmallBlind, BigBlind: 0.141780
FourRaises-CutOff, Dealer, SmallBlind, BigBlind: 0.045070


Show Downs Frequency: 17.045520
Two Players in Frequency: 15.299650
Three Players in Frequency: 1.700800
Four Players in Frequency: 0.045070
==============================================================================================================
============================******************************************************============================
==============================================================================================================
cutoff strategy: ThirtyPercent
delear strategy: FivePercent
small blind strategy: FifteenPercent
big blind strategy: ThirtyfivePercent
=====================================================================
========= Table: 10, #Hand: 10000000

| 6h | Jh | 2s | Qc | 8s | 

Player ID: 11, Position: CutOff, Holding Cards: | Qd | 6c | , Action: Fold, 
Best Hand: | Qc | Qd | Jh | 6c | 6h | = TwoPairs of: 12 and 6, Money: 535245.958313

Player ID: 12, Position: Dealer, Holding Cards: | 9h | Jc | , Action: Fold, 
Best Hand: | Qc | Jc | Jh | 9h | 8s | = Pair of: 11, Money: 342372.258332

Player ID: 13, Position: SmallBlind, Holding Cards: | 7d | Ac | , Action: Fold, 
Best Hand: | Ac | Qc | Jh | 8s | 7d | = HighCard of: 14, Money: -416145.283282

Player ID: 14, Position: BigBlind, Holding Cards: | 4d | Jd | , Action: AllIn, 
Best Hand: | Qc | Jd | Jh | 8s | 6h | = Pair of: 11, Money: -461472.933380

=====================================================================


HighCard: 17.406688
Pair: 43.820370
TwoPairs: 23.499028
Trips: 4.831957
Straight: 4.618645
Flush: 3.029558
FullHouse: 2.595410
Quads: 0.167400
StraightFlush: 0.030945

Empty-BigBlind: 55.833430
OneRaise-CutOff: 16.104620
OneRaise-Dealer: 2.246890
OneRaise-SmallBlind: 6.723020
TwoRaises-CutOff, Dealer: 0.896270
TwoRaises-CutOff, SmallBlind: 2.726590
TwoRaises-CutOff, BigBlind: 8.424250
TwoRaises-Dealer, SmallBlind: 0.367990
TwoRaises-Dealer, BigBlind: 1.148760
TwoRaises-SmallBlind, BigBlind: 3.484130
ThreeRaises-CutOff, Dealer, SmallBlind: 0.133170
ThreeRaises-CutOff, Dealer, BigBlind: 0.413400
ThreeRaises-CutOff, SmallBlind, BigBlind: 1.274210
ThreeRaises-Dealer, SmallBlind, BigBlind: 0.168360
FourRaises-CutOff, Dealer, SmallBlind, BigBlind: 0.054910


Show Downs Frequency: 19.092040
Two Players in Frequency: 17.047990
Three Players in Frequency: 1.989140
Four Players in Frequency: 0.054910
==============================================================================================================
============================******************************************************============================
==============================================================================================================
cutoff strategy: ThirtyPercent
delear strategy: FivePercent
small blind strategy: FifteenPercent
big blind strategy: FourtyPercent
=====================================================================
========= Table: 10, #Hand: 10000000

| 6h | Ah | 9h | 4h | 3c | 

Player ID: 11, Position: CutOff, Holding Cards: | As | 8h | , Action: AllIn, 
Best Hand: | Ah | 9h | 8h | 6h | 4h | = Flush of: 14 high, Money: 568150.224978

Player ID: 12, Position: Dealer, Holding Cards: | Jc | 5s | , Action: Fold, 
Best Hand: | Ah | Jc | 9h | 6h | 5s | = HighCard of: 14, Money: 355103.458332

Player ID: 13, Position: SmallBlind, Holding Cards: | 8c | 6d | , Action: Fold, 
Best Hand: | Ah | 9h | 8c | 6d | 6h | = Pair of: 6, Money: -392738.049956

Player ID: 14, Position: BigBlind, Holding Cards: | 3d | 9s | , Action: Fold, 
Best Hand: | Ah | 9s | 9h | 3c | 3d | = TwoPairs of: 9 and 3, Money: -530515.633393

=====================================================================


HighCard: 17.427363
Pair: 43.828140
TwoPairs: 23.482292
Trips: 4.827167
Straight: 4.615132
Flush: 3.027423
FullHouse: 2.594008
Quads: 0.167360
StraightFlush: 0.031115

Empty-BigBlind: 55.863890
OneRaise-CutOff: 14.885750
OneRaise-Dealer: 2.086100
OneRaise-SmallBlind: 6.238770
TwoRaises-CutOff, Dealer: 0.837410
TwoRaises-CutOff, SmallBlind: 2.528950
TwoRaises-CutOff, BigBlind: 9.616710
TwoRaises-Dealer, SmallBlind: 0.347390
TwoRaises-Dealer, BigBlind: 1.308850
TwoRaises-SmallBlind, BigBlind: 3.964320
ThreeRaises-CutOff, Dealer, SmallBlind: 0.123400
ThreeRaises-CutOff, Dealer, BigBlind: 0.473820
ThreeRaises-CutOff, SmallBlind, BigBlind: 1.467300
ThreeRaises-Dealer, SmallBlind, BigBlind: 0.195030
FourRaises-CutOff, Dealer, SmallBlind, BigBlind: 0.062310


Show Downs Frequency: 20.925490
Two Players in Frequency: 18.603630
Three Players in Frequency: 2.259550
Four Players in Frequency: 0.062310
==============================================================================================================
============================******************************************************============================
==============================================================================================================
cutoff strategy: ThirtyPercent
delear strategy: FivePercent
small blind strategy: FifteenPercent
big blind strategy: FourtyfivePercent
=====================================================================
========= Table: 10, #Hand: 10000000

| Jd | Qc | 7h | As | 3d | 

Player ID: 11, Position: CutOff, Holding Cards: | 6s | Kd | , Action: Fold, 
Best Hand: | As | Kd | Qc | Jd | 7h | = HighCard of: 14, Money: 607081.833311

Player ID: 12, Position: Dealer, Holding Cards: | 3h | 4s | , Action: Fold, 
Best Hand: | As | Qc | Jd | 3d | 3h | = Pair of: 3, Money: 366954.933332

Player ID: 13, Position: SmallBlind, Holding Cards: | 8d | Ks | , Action: Fold, 
Best Hand: | As | Ks | Qc | Jd | 8d | = HighCard of: 14, Money: -365234.066636

Player ID: 14, Position: BigBlind, Holding Cards: | 4c | 3s | , Action: AllIn, 
Best Hand: | As | Qc | Jd | 3s | 3d | = Pair of: 3, Money: -608802.700070

=====================================================================


HighCard: 17.410300
Pair: 43.822522
TwoPairs: 23.503060
Trips: 4.830910
Straight: 4.617190
Flush: 3.021783
FullHouse: 2.596265
Quads: 0.166585
StraightFlush: 0.031385

Empty-BigBlind: 55.829480
OneRaise-CutOff: 13.719260
OneRaise-Dealer: 1.928990
OneRaise-SmallBlind: 5.734310
TwoRaises-CutOff, Dealer: 0.772020
TwoRaises-CutOff, SmallBlind: 2.336800
TwoRaises-CutOff, BigBlind: 10.806880
TwoRaises-Dealer, SmallBlind: 0.323720
TwoRaises-Dealer, BigBlind: 1.466150
TwoRaises-SmallBlind, BigBlind: 4.470860
ThreeRaises-CutOff, Dealer, SmallBlind: 0.117640
ThreeRaises-CutOff, Dealer, BigBlind: 0.537160
ThreeRaises-CutOff, SmallBlind, BigBlind: 1.665320
ThreeRaises-Dealer, SmallBlind, BigBlind: 0.219510
FourRaises-CutOff, Dealer, SmallBlind, BigBlind: 0.071900


Show Downs Frequency: 22.787960
Two Players in Frequency: 20.176430
Three Players in Frequency: 2.539630
Four Players in Frequency: 0.071900
==============================================================================================================
============================******************************************************============================
==============================================================================================================
cutoff strategy: ThirtyPercent
delear strategy: FivePercent
small blind strategy: FifteenPercent
big blind strategy: FiftyPercent
=====================================================================
========= Table: 10, #Hand: 10000000

| 9s | 3s | 6s | 6h | Qc | 

Player ID: 11, Position: CutOff, Holding Cards: | 4c | 9c | , Action: Fold, 
Best Hand: | Qc | 9c | 9s | 6s | 6h | = TwoPairs of: 9 and 6, Money: 651247.666643

Player ID: 12, Position: Dealer, Holding Cards: | 2h | 7d | , Action: Fold, 
Best Hand: | Qc | 9s | 7d | 6s | 6h | = Pair of: 6, Money: 382214.833332

Player ID: 13, Position: SmallBlind, Holding Cards: | Js | Kd | , Action: AllIn, 
Best Hand: | Kd | Qc | Js | 6s | 6h | = Pair of: 6, Money: -336590.516650

Player ID: 14, Position: BigBlind, Holding Cards: | Ac | 8c | , Action: AllIn, 
Best Hand: | Ac | Qc | 9s | 6s | 6h | = Pair of: 6, Money: -696871.983413

=====================================================================


HighCard: 17.409322
Pair: 43.833645
TwoPairs: 23.489910
Trips: 4.825710
Straight: 4.622312
Flush: 3.025315
FullHouse: 2.595865
Quads: 0.167043
StraightFlush: 0.030877

Empty-BigBlind: 55.869050
OneRaise-CutOff: 12.440060
OneRaise-Dealer: 1.747790
OneRaise-SmallBlind: 5.214710
TwoRaises-CutOff, Dealer: 0.699970
TwoRaises-CutOff, SmallBlind: 2.129790
TwoRaises-CutOff, BigBlind: 12.065910
TwoRaises-Dealer, SmallBlind: 0.290800
TwoRaises-Dealer, BigBlind: 1.645400
TwoRaises-SmallBlind, BigBlind: 4.992410
ThreeRaises-CutOff, Dealer, SmallBlind: 0.103800
ThreeRaises-CutOff, Dealer, BigBlind: 0.605680
ThreeRaises-CutOff, SmallBlind, BigBlind: 1.865630
ThreeRaises-Dealer, SmallBlind, BigBlind: 0.247260
FourRaises-CutOff, Dealer, SmallBlind, BigBlind: 0.081740


Show Downs Frequency: 24.728390
Two Players in Frequency: 21.824280
Three Players in Frequency: 2.822370
Four Players in Frequency: 0.081740
==============================================================================================================
============================******************************************************============================
==============================================================================================================
cutoff strategy: ThirtyPercent
delear strategy: FivePercent
small blind strategy: TwentyPercent
big blind strategy: FivePercent
=====================================================================
========= Table: 10, #Hand: 10000000

| 5d | 4h | 6c | 2c | 4d | 

Player ID: 11, Position: CutOff, Holding Cards: | 9c | As | , Action: AllIn, 
Best Hand: | As | 9c | 6c | 4d | 4h | = Pair of: 4, Money: 569889.008309

Player ID: 12, Position: Dealer, Holding Cards: | 9h | 8h | , Action: Fold, 
Best Hand: | 9h | 8h | 6c | 4d | 4h | = Pair of: 4, Money: 291498.150001

Player ID: 13, Position: SmallBlind, Holding Cards: | Ad | Jh | , Action: AllIn, 
Best Hand: | Ad | Jh | 6c | 4d | 4h | = Pair of: 4, Money: -411695.558286

Player ID: 14, Position: BigBlind, Holding Cards: | 3d | 2h | , Action: Fold, 
Best Hand: | 6c | 5d | 4h | 3d | 2h | = Straight of: 6 high, Money: -449691.600039

=====================================================================


HighCard: 17.417877
Pair: 43.814450
TwoPairs: 23.494322
Trips: 4.827865
Straight: 4.624965
Flush: 3.027660
FullHouse: 2.592655
Quads: 0.168722
StraightFlush: 0.031482

Empty-BigBlind: 52.505080
OneRaise-CutOff: 21.958530
OneRaise-Dealer: 3.050160
OneRaise-SmallBlind: 12.873760
TwoRaises-CutOff, Dealer: 1.190080
TwoRaises-CutOff, SmallBlind: 5.113750
TwoRaises-CutOff, BigBlind: 1.187500
TwoRaises-Dealer, SmallBlind: 0.692070
TwoRaises-Dealer, BigBlind: 0.157950
TwoRaises-SmallBlind, BigBlind: 0.689390
ThreeRaises-CutOff, Dealer, SmallBlind: 0.241600
ThreeRaises-CutOff, Dealer, BigBlind: 0.054610
ThreeRaises-CutOff, SmallBlind, BigBlind: 0.243860
ThreeRaises-Dealer, SmallBlind, BigBlind: 0.031250
FourRaises-CutOff, Dealer, SmallBlind, BigBlind: 0.010410


Show Downs Frequency: 9.612470
Two Players in Frequency: 9.030740
Three Players in Frequency: 0.571320
Four Players in Frequency: 0.010410
==============================================================================================================
============================******************************************************============================
==============================================================================================================
cutoff strategy: ThirtyPercent
delear strategy: FivePercent
small blind strategy: TwentyPercent
big blind strategy: TenPercent
=====================================================================
========= Table: 10, #Hand: 10000000

| Jd | 6s | 2c | 4d | Kh | 

Player ID: 11, Position: CutOff, Holding Cards: | 5d | 9d | , Action: Fold, 
Best Hand: | Kh | Jd | 9d | 6s | 5d | = HighCard of: 13, Money: 517641.833312

Player ID: 12, Position: Dealer, Holding Cards: | 7c | Js | , Action: Fold, 
Best Hand: | Kh | Js | Jd | 7c | 6s | = Pair of: 11, Money: 301679.625000

Player ID: 13, Position: SmallBlind, Holding Cards: | 8c | 3d | , Action: Fold, 
Best Hand: | Kh | Jd | 8c | 6s | 4d | = HighCard of: 13, Money: -436633.774945

Player ID: 14, Position: BigBlind, Holding Cards: | 3c | 2d | , Action: AllIn, 
Best Hand: | Kh | Jd | 6s | 2c | 2d | = Pair of: 2, Money: -382687.683358

=====================================================================


HighCard: 17.407105
Pair: 43.830258
TwoPairs: 23.491535
Trips: 4.828475
Straight: 4.612210
Flush: 3.030628
FullHouse: 2.599330
Quads: 0.168593
StraightFlush: 0.031867

Empty-BigBlind: 52.463870
OneRaise-CutOff: 20.840550
OneRaise-Dealer: 2.900320
OneRaise-SmallBlind: 12.227090
TwoRaises-CutOff, Dealer: 1.131510
TwoRaises-CutOff, SmallBlind: 4.878860
TwoRaises-CutOff, BigBlind: 2.329000
TwoRaises-Dealer, SmallBlind: 0.662450
TwoRaises-Dealer, BigBlind: 0.311490
TwoRaises-SmallBlind, BigBlind: 1.352590
ThreeRaises-CutOff, Dealer, SmallBlind: 0.231060
ThreeRaises-CutOff, Dealer, BigBlind: 0.108600
ThreeRaises-CutOff, SmallBlind, BigBlind: 0.478730
ThreeRaises-Dealer, SmallBlind, BigBlind: 0.064040
FourRaises-CutOff, Dealer, SmallBlind, BigBlind: 0.019840


Show Downs Frequency: 11.568170
Two Players in Frequency: 10.665900
Three Players in Frequency: 0.882430
Four Players in Frequency: 0.019840
==============================================================================================================
============================******************************************************============================
==============================================================================================================
cutoff strategy: ThirtyPercent
delear strategy: FivePercent
small blind strategy: TwentyPercent
big blind strategy: FifteenPercent
=====================================================================
========= Table: 10, #Hand: 10000000

| 7c | 10c | 8s | Ks | 10h | 

Player ID: 11, Position: CutOff, Holding Cards: | Qd | Kd | , Action: AllIn, 
Best Hand: | Ks | Kd | Qd | 10c | 10h | = TwoPairs of: 13 and 10, Money: 492084.433314

Player ID: 12, Position: Dealer, Holding Cards: | Qh | 4d | , Action: Fold, 
Best Hand: | Ks | Qh | 10c | 10h | 8s | = Pair of: 10, Money: 311675.483333

Player ID: 13, Position: SmallBlind, Holding Cards: | 2s | 8d | , Action: Fold, 
Best Hand: | Ks | 10c | 10h | 8s | 8d | = TwoPairs of: 10 and 8, Money: -439554.083278

Player ID: 14, Position: BigBlind, Holding Cards: | 2c | Kc | , Action: Fold, 
Best Hand: | Kc | Ks | 10c | 10h | 8s | = TwoPairs of: 13 and 10, Money: -364205.833353

=====================================================================


HighCard: 17.404705
Pair: 43.820077
TwoPairs: 23.495195
Trips: 4.831977
Straight: 4.622755
Flush: 3.026295
FullHouse: 2.597800
Quads: 0.169882
StraightFlush: 0.031313

Empty-BigBlind: 52.479170
OneRaise-CutOff: 19.846610
OneRaise-Dealer: 2.764670
OneRaise-SmallBlind: 11.637240
TwoRaises-CutOff, Dealer: 1.096100
TwoRaises-CutOff, SmallBlind: 4.654540
TwoRaises-CutOff, BigBlind: 3.309280
TwoRaises-Dealer, SmallBlind: 0.635030
TwoRaises-Dealer, BigBlind: 0.449600
TwoRaises-SmallBlind, BigBlind: 1.937200
ThreeRaises-CutOff, Dealer, SmallBlind: 0.223160
ThreeRaises-CutOff, Dealer, BigBlind: 0.158520
ThreeRaises-CutOff, SmallBlind, BigBlind: 0.688670
ThreeRaises-Dealer, SmallBlind, BigBlind: 0.091830
FourRaises-CutOff, Dealer, SmallBlind, BigBlind: 0.028380


Show Downs Frequency: 13.272310
Two Players in Frequency: 12.081750
Three Players in Frequency: 1.162180
Four Players in Frequency: 0.028380
==============================================================================================================
============================******************************************************============================
==============================================================================================================
cutoff strategy: ThirtyPercent
delear strategy: FivePercent
small blind strategy: TwentyPercent
big blind strategy: TwentyPercent
=====================================================================
========= Table: 10, #Hand: 10000000

| Ac | 9d | 8c | 10d | 2h | 

Player ID: 11, Position: CutOff, Holding Cards: | 2c | Kh | , Action: Fold, 
Best Hand: | Ac | Kh | 10d | 2c | 2h | = Pair of: 2, Money: 486717.441649

Player ID: 12, Position: Dealer, Holding Cards: | Qh | Qc | , Action: AllIn, 
Best Hand: | Ac | Qc | Qh | 10d | 9d | = Pair of: 12, Money: 319178.000000

Player ID: 13, Position: SmallBlind, Holding Cards: | 4s | 8d | , Action: Fold, 
Best Hand: | Ac | 10d | 9d | 8c | 8d | = Pair of: 8, Money: -425454.658283

Player ID: 14, Position: BigBlind, Holding Cards: | 3c | 7d | , Action: Fold, 
Best Hand: | Ac | 10d | 9d | 8c | 7d | = HighCard of: 14, Money: -380440.783358

=====================================================================


HighCard: 17.422873
Pair: 43.823608
TwoPairs: 23.489960
Trips: 4.824280
Straight: 4.617432
Flush: 3.026028
FullHouse: 2.596907
Quads: 0.168100
StraightFlush: 0.030812

Empty-BigBlind: 52.474790
OneRaise-CutOff: 18.715780
OneRaise-Dealer: 2.604880
OneRaise-SmallBlind: 11.002890
TwoRaises-CutOff, Dealer: 1.034390
TwoRaises-CutOff, SmallBlind: 4.441830
TwoRaises-CutOff, BigBlind: 4.436650
TwoRaises-Dealer, SmallBlind: 0.602110
TwoRaises-Dealer, BigBlind: 0.595330
TwoRaises-SmallBlind, BigBlind: 2.573410
ThreeRaises-CutOff, Dealer, SmallBlind: 0.212910
ThreeRaises-CutOff, Dealer, BigBlind: 0.214700
ThreeRaises-CutOff, SmallBlind, BigBlind: 0.925670
ThreeRaises-Dealer, SmallBlind, BigBlind: 0.125220
FourRaises-CutOff, Dealer, SmallBlind, BigBlind: 0.039440


Show Downs Frequency: 15.201660
Two Players in Frequency: 13.683720
Three Players in Frequency: 1.478500
Four Players in Frequency: 0.039440
==============================================================================================================
============================******************************************************============================
==============================================================================================================
cutoff strategy: ThirtyPercent
delear strategy: FivePercent
small blind strategy: TwentyPercent
big blind strategy: TwentyfivePercent
=====================================================================
========= Table: 10, #Hand: 10000000

| 5d | 6d | 4h | 2h | 5c | 

Player ID: 11, Position: CutOff, Holding Cards: | 7c | 4c | , Action: Fold, 
Best Hand: | 7c | 5c | 5d | 4c | 4h | = TwoPairs of: 5 and 4, Money: 488015.283315

Player ID: 12, Position: Dealer, Holding Cards: | 2c | 3d | , Action: Fold, 
Best Hand: | 6d | 5d | 4h | 3d | 2c | = Straight of: 6 high, Money: 331018.841666

Player ID: 13, Position: SmallBlind, Holding Cards: | 4s | Jc | , Action: Fold, 
Best Hand: | Jc | 5c | 5d | 4s | 4h | = TwoPairs of: 5 and 4, Money: -403576.691623

Player ID: 14, Position: BigBlind, Holding Cards: | 6h | 5s | , Action: AllIn, 
Best Hand: | 6d | 6h | 5c | 5s | 5d | = FullHouse of: 6, full of: 5, Money: -415457.433367

=====================================================================


HighCard: 17.413890
Pair: 43.816550
TwoPairs: 23.505930
Trips: 4.827585
Straight: 4.623308
Flush: 3.021990
FullHouse: 2.591838
Quads: 0.167733
StraightFlush: 0.031178

Empty-BigBlind: 52.448870
OneRaise-CutOff: 17.558250
OneRaise-Dealer: 2.440510
OneRaise-SmallBlind: 10.308720
TwoRaises-CutOff, Dealer: 0.971500
TwoRaises-CutOff, SmallBlind: 4.174240
TwoRaises-CutOff, BigBlind: 5.626190
TwoRaises-Dealer, SmallBlind: 0.562890
TwoRaises-Dealer, BigBlind: 0.763110
TwoRaises-SmallBlind, BigBlind: 3.282950
ThreeRaises-CutOff, Dealer, SmallBlind: 0.199330
ThreeRaises-CutOff, Dealer, BigBlind: 0.272710
ThreeRaises-CutOff, SmallBlind, BigBlind: 1.185090
ThreeRaises-Dealer, SmallBlind, BigBlind: 0.154810
FourRaises-CutOff, Dealer, SmallBlind, BigBlind: 0.050830


Show Downs Frequency: 17.243650
Two Players in Frequency: 15.380880
Three Players in Frequency: 1.811940
Four Players in Frequency: 0.050830
==============================================================================================================
============================******************************************************============================
==============================================================================================================
cutoff strategy: ThirtyPercent
delear strategy: FivePercent
small blind strategy: TwentyPercent
big blind strategy: ThirtyPercent
=====================================================================
========= Table: 10, #Hand: 10000000

| 5c | 10h | 7d | 10c | 5d | 

Player ID: 11, Position: CutOff, Holding Cards: | 3d | 2c | , Action: Fold, 
Best Hand: | 10c | 10h | 7d | 5c | 5d | = TwoPairs of: 10 and 5, Money: 497709.466649

Player ID: 12, Position: Dealer, Holding Cards: | 9d | 5s | , Action: Fold, 
Best Hand: | 10c | 10h | 5c | 5s | 5d | = FullHouse of: 10, full of: 5, Money: 341570.658332

Player ID: 13, Position: SmallBlind, Holding Cards: | Qd | 6d | , Action: Fold, 
Best Hand: | Qd | 10c | 10h | 5c | 5d | = TwoPairs of: 10 and 5, Money: -382229.858298

Player ID: 14, Position: BigBlind, Holding Cards: | 8s | Qs | , Action: AllIn, 
Best Hand: | Qs | 10c | 10h | 5c | 5d | = TwoPairs of: 10 and 5, Money: -457050.266710

=====================================================================


HighCard: 17.405007
Pair: 43.833227
TwoPairs: 23.495088
Trips: 4.827438
Straight: 4.623435
Flush: 3.023417
FullHouse: 2.593468
Quads: 0.168145
StraightFlush: 0.030775

Empty-BigBlind: 52.487250
OneRaise-CutOff: 16.414220
OneRaise-Dealer: 2.294610
OneRaise-SmallBlind: 9.656120
TwoRaises-CutOff, Dealer: 0.913300
TwoRaises-CutOff, SmallBlind: 3.921730
TwoRaises-CutOff, BigBlind: 6.739870
TwoRaises-Dealer, SmallBlind: 0.532940
TwoRaises-Dealer, BigBlind: 0.916840
TwoRaises-SmallBlind, BigBlind: 3.914640
ThreeRaises-CutOff, Dealer, SmallBlind: 0.189600
ThreeRaises-CutOff, Dealer, BigBlind: 0.329200
ThreeRaises-CutOff, SmallBlind, BigBlind: 1.437160
ThreeRaises-Dealer, SmallBlind, BigBlind: 0.191190
FourRaises-CutOff, Dealer, SmallBlind, BigBlind: 0.061330


Show Downs Frequency: 19.147800
Two Players in Frequency: 16.939320
Three Players in Frequency: 2.147150
Four Players in Frequency: 0.061330
==============================================================================================================
============================******************************************************============================
==============================================================================================================
cutoff strategy: ThirtyPercent
delear strategy: FivePercent
small blind strategy: TwentyPercent
big blind strategy: ThirtyfivePercent
=====================================================================
========= Table: 10, #Hand: 10000000

| 10h | 3d | 5d | Kd | 6c | 

Player ID: 11, Position: CutOff, Holding Cards: | 8d | 10s | , Action: Fold, 
Best Hand: | Kd | 10s | 10h | 8d | 6c | = Pair of: 10, Money: 530318.774981

Player ID: 12, Position: Dealer, Holding Cards: | 8s | 6h | , Action: Fold, 
Best Hand: | Kd | 10h | 8s | 6c | 6h | = Pair of: 6, Money: 354492.366666

Player ID: 13, Position: SmallBlind, Holding Cards: | 9c | As | , Action: AllIn, 
Best Hand: | As | Kd | 10h | 9c | 6c | = HighCard of: 14, Money: -356832.758308

Player ID: 14, Position: BigBlind, Holding Cards: | 3c | Qc | , Action: Fold, 
Best Hand: | Kd | Qc | 10h | 3c | 3d | = Pair of: 3, Money: -527978.383389

=====================================================================


HighCard: 17.413718
Pair: 43.822610
TwoPairs: 23.496395
Trips: 4.827375
Straight: 4.624487
Flush: 3.023133
FullHouse: 2.592907
Quads: 0.168370
StraightFlush: 0.031005

Empty-BigBlind: 52.442360
OneRaise-CutOff: 15.202780
OneRaise-Dealer: 2.123610
OneRaise-SmallBlind: 8.932910
TwoRaises-CutOff, Dealer: 0.849230
TwoRaises-CutOff, SmallBlind: 3.639060
TwoRaises-CutOff, BigBlind: 7.982690
TwoRaises-Dealer, SmallBlind: 0.489700
TwoRaises-Dealer, BigBlind: 1.089680
TwoRaises-SmallBlind, BigBlind: 4.657490
ThreeRaises-CutOff, Dealer, SmallBlind: 0.177680
ThreeRaises-CutOff, Dealer, BigBlind: 0.391830
ThreeRaises-CutOff, SmallBlind, BigBlind: 1.718680
ThreeRaises-Dealer, SmallBlind, BigBlind: 0.227840
FourRaises-CutOff, Dealer, SmallBlind, BigBlind: 0.074460


Show Downs Frequency: 21.298340
Two Players in Frequency: 18.707850
Three Players in Frequency: 2.516030
Four Players in Frequency: 0.074460
==============================================================================================================
============================******************************************************============================
==============================================================================================================
cutoff strategy: ThirtyPercent
delear strategy: FivePercent
small blind strategy: TwentyPercent
big blind strategy: FourtyPercent
=====================================================================
========= Table: 10, #Hand: 10000000

| 10c | Kd | Ah | 7c | 7d | 

Player ID: 11, Position: CutOff, Holding Cards: | 4d | 5d | , Action: Fold, 
Best Hand: | Ah | Kd | 10c | 7c | 7d | = Pair of: 7, Money: 564800.474980

Player ID: 12, Position: Dealer, Holding Cards: | Qh | Qd | , Action: AllIn, 
Best Hand: | Ah | Qd | Qh | 7c | 7d | = TwoPairs of: 12 and 7, Money: 367094.283332

Player ID: 13, Position: SmallBlind, Holding Cards: | As | 2s | , Action: AllIn, 
Best Hand: | As | Ah | Kd | 7c | 7d | = TwoPairs of: 14 and 7, Money: -323871.574992

Player ID: 14, Position: BigBlind, Holding Cards: | 10s | 9s | , Action: AllIn, 
Best Hand: | Ah | 10c | 10s | 7c | 7d | = TwoPairs of: 10 and 7, Money: -608023.183398

=====================================================================


HighCard: 17.418647
Pair: 43.805355
TwoPairs: 23.497802
Trips: 4.834505
Straight: 4.617550
Flush: 3.026772
FullHouse: 2.600452
Quads: 0.167538
StraightFlush: 0.031378

Empty-BigBlind: 52.501050
OneRaise-CutOff: 14.050920
OneRaise-Dealer: 1.967170
OneRaise-SmallBlind: 8.262210
TwoRaises-CutOff, Dealer: 0.790550
TwoRaises-CutOff, SmallBlind: 3.375820
TwoRaises-CutOff, BigBlind: 9.101820
TwoRaises-Dealer, SmallBlind: 0.459760
TwoRaises-Dealer, BigBlind: 1.233760
TwoRaises-SmallBlind, BigBlind: 5.308250
ThreeRaises-CutOff, Dealer, SmallBlind: 0.167730
ThreeRaises-CutOff, Dealer, BigBlind: 0.455600
ThreeRaises-CutOff, SmallBlind, BigBlind: 1.974540
ThreeRaises-Dealer, SmallBlind, BigBlind: 0.263950
FourRaises-CutOff, Dealer, SmallBlind, BigBlind: 0.086870


Show Downs Frequency: 23.218650
Two Players in Frequency: 20.269960
Three Players in Frequency: 2.861820
Four Players in Frequency: 0.086870
==============================================================================================================
============================******************************************************============================
==============================================================================================================
cutoff strategy: ThirtyPercent
delear strategy: FivePercent
small blind strategy: TwentyPercent
big blind strategy: FourtyfivePercent
=====================================================================
========= Table: 10, #Hand: 10000000

| 9d | Kd | 2c | 3c | Kh | 

Player ID: 11, Position: CutOff, Holding Cards: | 9s | 8c | , Action: Fold, 
Best Hand: | Kd | Kh | 9s | 9d | 8c | = TwoPairs of: 13 and 9, Money: 606986.633312

Player ID: 12, Position: Dealer, Holding Cards: | 10c | Qh | , Action: Fold, 
Best Hand: | Kd | Kh | Qh | 10c | 9d | = Pair of: 13, Money: 380206.641665

Player ID: 13, Position: SmallBlind, Holding Cards: | 7d | Jd | , Action: Fold, 
Best Hand: | Kd | Kh | Jd | 9d | 7d | = Pair of: 13, Money: -292877.025009

Player ID: 14, Position: BigBlind, Holding Cards: | 3d | 10s | , Action: AllIn, 
Best Hand: | Kd | Kh | 10s | 3c | 3d | = TwoPairs of: 13 and 3, Money: -694316.250074

=====================================================================


HighCard: 17.408942
Pair: 43.811575
TwoPairs: 23.497290
Trips: 4.832783
Straight: 4.624125
Flush: 3.030505
FullHouse: 2.594790
Quads: 0.168508
StraightFlush: 0.031482

Empty-BigBlind: 52.485410
OneRaise-CutOff: 12.949080
OneRaise-Dealer: 1.816310
OneRaise-SmallBlind: 7.600640
TwoRaises-CutOff, Dealer: 0.735400
TwoRaises-CutOff, SmallBlind: 3.108020
TwoRaises-CutOff, BigBlind: 10.214460
TwoRaises-Dealer, SmallBlind: 0.424900
TwoRaises-Dealer, BigBlind: 1.394520
TwoRaises-SmallBlind, BigBlind: 5.971170
ThreeRaises-CutOff, Dealer, SmallBlind: 0.152640
ThreeRaises-CutOff, Dealer, BigBlind: 0.511110
ThreeRaises-CutOff, SmallBlind, BigBlind: 2.238640
ThreeRaises-Dealer, SmallBlind, BigBlind: 0.298050
FourRaises-CutOff, Dealer, SmallBlind, BigBlind: 0.099650


Show Downs Frequency: 25.148560
Two Players in Frequency: 21.848470
Three Players in Frequency: 3.200440
Four Players in Frequency: 0.099650
==============================================================================================================
============================******************************************************============================
==============================================================================================================
cutoff strategy: ThirtyPercent
delear strategy: FivePercent
small blind strategy: TwentyPercent
big blind strategy: FiftyPercent
=====================================================================
========= Table: 10, #Hand: 10000000

| 9h | 4d | Ad | Qs | 4h | 

Player ID: 11, Position: CutOff, Holding Cards: | 6d | 6h | , Action: AllIn, 
Best Hand: | Ad | 6d | 6h | 4d | 4h | = TwoPairs of: 6 and 4, Money: 642564.133311

Player ID: 12, Position: Dealer, Holding Cards: | 3d | Kc | , Action: Fold, 
Best Hand: | Ad | Kc | Qs | 4d | 4h | = Pair of: 4, Money: 393771.424998

Player ID: 13, Position: SmallBlind, Holding Cards: | Jc | 2c | , Action: Fold, 
Best Hand: | Ad | Qs | Jc | 4d | 4h | = Pair of: 4, Money: -257323.658366

Player ID: 14, Position: BigBlind, Holding Cards: | 7c | 2d | , Action: Fold, 
Best Hand: | Ad | Qs | 9h | 4d | 4h | = Pair of: 4, Money: -779011.900081

=====================================================================


HighCard: 17.403037
Pair: 43.820070
TwoPairs: 23.500400
Trips: 4.830475
Straight: 4.619808
Flush: 3.026410
FullHouse: 2.599563
Quads: 0.168258
StraightFlush: 0.031980

Empty-BigBlind: 52.483010
OneRaise-CutOff: 11.737030
OneRaise-Dealer: 1.657290
OneRaise-SmallBlind: 6.907230
TwoRaises-CutOff, Dealer: 0.670010
TwoRaises-CutOff, SmallBlind: 2.841510
TwoRaises-CutOff, BigBlind: 11.417840
TwoRaises-Dealer, SmallBlind: 0.389230
TwoRaises-Dealer, BigBlind: 1.557910
TwoRaises-SmallBlind, BigBlind: 6.659120
ThreeRaises-CutOff, Dealer, SmallBlind: 0.141590
ThreeRaises-CutOff, Dealer, BigBlind: 0.573830
ThreeRaises-CutOff, SmallBlind, BigBlind: 2.519280
ThreeRaises-Dealer, SmallBlind, BigBlind: 0.333920
FourRaises-CutOff, Dealer, SmallBlind, BigBlind: 0.111200


Show Downs Frequency: 27.215440
Two Players in Frequency: 23.535620
Three Players in Frequency: 3.568620
Four Players in Frequency: 0.111200
==============================================================================================================
============================******************************************************============================
==============================================================================================================
cutoff strategy: ThirtyPercent
delear strategy: FivePercent
small blind strategy: TwentyfivePercent
big blind strategy: FivePercent
=====================================================================
========= Table: 10, #Hand: 10000000

| 3c | 2s | 5h | 2c | Ad | 

Player ID: 11, Position: CutOff, Holding Cards: | 4h | Jc | , Action: Fold, 
Best Hand: | Ad | 5h | 4h | 3c | 2s | = Straight of: 5 high, Money: 589267.891643

Player ID: 12, Position: Dealer, Holding Cards: | 8h | 2d | , Action: Fold, 
Best Hand: | Ad | 8h | 2c | 2s | 2d | = Trips of: 2, Money: 306989.850000

Player ID: 13, Position: SmallBlind, Holding Cards: | 3d | 10c | , Action: Fold, 
Best Hand: | Ad | 3c | 3d | 2c | 2s | = TwoPairs of: 3 and 2, Money: -345356.408315

Player ID: 14, Position: BigBlind, Holding Cards: | 7h | 4c | , Action: AllIn, 
Best Hand: | Ad | 5h | 4c | 3c | 2s | = Straight of: 5 high, Money: -550901.333384

=====================================================================


HighCard: 17.403350
Pair: 43.828810
TwoPairs: 23.495458
Trips: 4.827257
Straight: 4.617135
Flush: 3.028790
FullHouse: 2.598970
Quads: 0.168510
StraightFlush: 0.031720

Empty-BigBlind: 48.931420
OneRaise-CutOff: 20.596950
OneRaise-Dealer: 2.857670
OneRaise-SmallBlind: 16.246830
TwoRaises-CutOff, Dealer: 1.118500
TwoRaises-CutOff, SmallBlind: 6.493670
TwoRaises-CutOff, BigBlind: 1.118190
TwoRaises-Dealer, SmallBlind: 0.873830
TwoRaises-Dealer, BigBlind: 0.153730
TwoRaises-SmallBlind, BigBlind: 0.882420
ThreeRaises-CutOff, Dealer, SmallBlind: 0.308390
ThreeRaises-CutOff, Dealer, BigBlind: 0.053610
ThreeRaises-CutOff, SmallBlind, BigBlind: 0.311750
ThreeRaises-Dealer, SmallBlind, BigBlind: 0.040000
FourRaises-CutOff, Dealer, SmallBlind, BigBlind: 0.013040


Show Downs Frequency: 11.367130
Two Players in Frequency: 10.640340
Three Players in Frequency: 0.713750
Four Players in Frequency: 0.013040
==============================================================================================================
============================******************************************************============================
==============================================================================================================
cutoff strategy: ThirtyPercent
delear strategy: FivePercent
small blind strategy: TwentyfivePercent
big blind strategy: TenPercent
=====================================================================
========= Table: 10, #Hand: 10000000

| Qh | 7s | Qs | 5d | 8c | 

Player ID: 11, Position: CutOff, Holding Cards: | 2c | 5s | , Action: Fold, 
Best Hand: | Qs | Qh | 8c | 5s | 5d | = TwoPairs of: 12 and 5, Money: 534860.674980

Player ID: 12, Position: Dealer, Holding Cards: | 10s | Ad | , Action: Fold, 
Best Hand: | Ad | Qs | Qh | 10s | 8c | = Pair of: 12, Money: 318114.258333

Player ID: 13, Position: SmallBlind, Holding Cards: | Ac | 8h | , Action: AllIn, 
Best Hand: | Ac | Qs | Qh | 8c | 8h | = TwoPairs of: 12 and 8, Money: -383279.699966

Player ID: 14, Position: BigBlind, Holding Cards: | 4d | 9c | , Action: Fold, 
Best Hand: | Qs | Qh | 9c | 8c | 7s | = Pair of: 12, Money: -469695.233374

=====================================================================


HighCard: 17.420800
Pair: 43.838597
TwoPairs: 23.477080
Trips: 4.829422
Straight: 4.619878
Flush: 3.024815
FullHouse: 2.590850
Quads: 0.167750
StraightFlush: 0.030808

Empty-BigBlind: 48.897800
OneRaise-CutOff: 19.518190
OneRaise-Dealer: 2.718180
OneRaise-SmallBlind: 15.427520
TwoRaises-CutOff, Dealer: 1.068840
TwoRaises-CutOff, SmallBlind: 6.202830
TwoRaises-CutOff, BigBlind: 2.194530
TwoRaises-Dealer, SmallBlind: 0.838240
TwoRaises-Dealer, BigBlind: 0.298920
TwoRaises-SmallBlind, BigBlind: 1.717420
ThreeRaises-CutOff, Dealer, SmallBlind: 0.296950
ThreeRaises-CutOff, Dealer, BigBlind: 0.102560
ThreeRaises-CutOff, SmallBlind, BigBlind: 0.612310
ThreeRaises-Dealer, SmallBlind, BigBlind: 0.080420
FourRaises-CutOff, Dealer, SmallBlind, BigBlind: 0.025290


Show Downs Frequency: 13.438310
Two Players in Frequency: 12.320780
Three Players in Frequency: 1.092240
Four Players in Frequency: 0.025290
==============================================================================================================
============================******************************************************============================
==============================================================================================================
cutoff strategy: ThirtyPercent
delear strategy: FivePercent
small blind strategy: TwentyfivePercent
big blind strategy: FifteenPercent
=====================================================================
========= Table: 10, #Hand: 10000000

| 2c | 9c | 9h | 5h | 8c | 

Player ID: 11, Position: CutOff, Holding Cards: | 7d | 8h | , Action: Fold, 
Best Hand: | 9c | 9h | 8c | 8h | 7d | = TwoPairs of: 9 and 8, Money: 508086.699981

Player ID: 12, Position: Dealer, Holding Cards: | 3h | 6c | , Action: Fold, 
Best Hand: | 9c | 9h | 8c | 6c | 5h | = Pair of: 9, Money: 325316.383333

Player ID: 13, Position: SmallBlind, Holding Cards: | Ad | Kc | , Action: AllIn, 
Best Hand: | Ad | Kc | 9c | 9h | 8c | = Pair of: 9, Money: -387829.833297

Player ID: 14, Position: BigBlind, Holding Cards: | Js | 3s | , Action: Fold, 
Best Hand: | Js | 9c | 9h | 8c | 5h | = Pair of: 9, Money: -445573.250036

=====================================================================


HighCard: 17.406495
Pair: 43.839660
TwoPairs: 23.483575
Trips: 4.829775
Straight: 4.622072
Flush: 3.024153
FullHouse: 2.594385
Quads: 0.169132
StraightFlush: 0.030752

Empty-BigBlind: 48.892270
OneRaise-CutOff: 18.597020
OneRaise-Dealer: 2.597020
OneRaise-SmallBlind: 14.686960
TwoRaises-CutOff, Dealer: 1.025730
TwoRaises-CutOff, SmallBlind: 5.937930
TwoRaises-CutOff, BigBlind: 3.117000
TwoRaises-Dealer, SmallBlind: 0.801520
TwoRaises-Dealer, BigBlind: 0.424930
TwoRaises-SmallBlind, BigBlind: 2.450960
ThreeRaises-CutOff, Dealer, SmallBlind: 0.287190
ThreeRaises-CutOff, Dealer, BigBlind: 0.150330
ThreeRaises-CutOff, SmallBlind, BigBlind: 0.877810
ThreeRaises-Dealer, SmallBlind, BigBlind: 0.115760
FourRaises-CutOff, Dealer, SmallBlind, BigBlind: 0.037570


Show Downs Frequency: 15.226730
Two Players in Frequency: 13.758070
Three Players in Frequency: 1.431090
Four Players in Frequency: 0.037570
==============================================================================================================
============================******************************************************============================
==============================================================================================================
cutoff strategy: ThirtyPercent
delear strategy: FivePercent
small blind strategy: TwentyfivePercent
big blind strategy: TwentyPercent
=====================================================================
========= Table: 10, #Hand: 10000000

| 9h | Ah | 2d | Ks | Qd | 

Player ID: 11, Position: CutOff, Holding Cards: | 5c | 4h | , Action: Fold, 
Best Hand: | Ah | Ks | Qd | 9h | 5c | = HighCard of: 14, Money: 503547.983315

Player ID: 12, Position: Dealer, Holding Cards: | 2s | 6c | , Action: Fold, 
Best Hand: | Ah | Ks | Qd | 2s | 2d | = Pair of: 2, Money: 333432.333333

Player ID: 13, Position: SmallBlind, Holding Cards: | 5h | 5s | , Action: AllIn, 
Best Hand: | Ah | Ks | Qd | 5s | 5h | = Pair of: 5, Money: -388644.233297

Player ID: 14, Position: BigBlind, Holding Cards: | 2h | Jh | , Action: Fold, 
Best Hand: | Ah | Ks | Qd | 2d | 2h | = Pair of: 2, Money: -448336.083371

=====================================================================


HighCard: 17.409233
Pair: 43.821430
TwoPairs: 23.505880
Trips: 4.826073
Straight: 4.617682
Flush: 3.025158
FullHouse: 2.595623
Quads: 0.167515
StraightFlush: 0.031407

Empty-BigBlind: 48.940710
OneRaise-CutOff: 17.527010
OneRaise-Dealer: 2.446490
OneRaise-SmallBlind: 13.861180
TwoRaises-CutOff, Dealer: 0.970740
TwoRaises-CutOff, SmallBlind: 5.622910
TwoRaises-CutOff, BigBlind: 4.160030
TwoRaises-Dealer, SmallBlind: 0.762110
TwoRaises-Dealer, BigBlind: 0.564750
TwoRaises-SmallBlind, BigBlind: 3.276980
ThreeRaises-CutOff, Dealer, SmallBlind: 0.273830
ThreeRaises-CutOff, Dealer, BigBlind: 0.200410
ThreeRaises-CutOff, SmallBlind, BigBlind: 1.188140
ThreeRaises-Dealer, SmallBlind, BigBlind: 0.154790
FourRaises-CutOff, Dealer, SmallBlind, BigBlind: 0.049920


Show Downs Frequency: 17.224610
Two Players in Frequency: 15.357520
Three Players in Frequency: 1.817170
Four Players in Frequency: 0.049920
==============================================================================================================
============================******************************************************============================
==============================================================================================================
cutoff strategy: ThirtyPercent
delear strategy: FivePercent
small blind strategy: TwentyfivePercent
big blind strategy: TwentyfivePercent
=====================================================================
========= Table: 10, #Hand: 10000000

| Ks | 8s | 8c | 4h | 4c | 

Player ID: 11, Position: CutOff, Holding Cards: | 10h | Jd | , Action: Fold, 
Best Hand: | Ks | 8c | 8s | 4c | 4h | = TwoPairs of: 8 and 4, Money: 504241.041649

Player ID: 12, Position: Dealer, Holding Cards: | 4d | 6h | , Action: Fold, 
Best Hand: | 8c | 8s | 4c | 4d | 4h | = FullHouse of: 8, full of: 4, Money: 346759.358332

Player ID: 13, Position: SmallBlind, Holding Cards: | 9d | Qs | , Action: Fold, 
Best Hand: | Ks | 8c | 8s | 4c | 4h | = TwoPairs of: 8 and 4, Money: -376130.416636

Player ID: 14, Position: BigBlind, Holding Cards: | Kh | 8d | , Action: AllIn, 
Best Hand: | Ks | Kh | 8c | 8s | 8d | = FullHouse of: 13, full of: 8, Money: -474869.983377

=====================================================================


HighCard: 17.406350
Pair: 43.830922
TwoPairs: 23.494398
Trips: 4.828205
Straight: 4.617972
Flush: 3.026175
FullHouse: 2.597567
Quads: 0.167472
StraightFlush: 0.030937

Empty-BigBlind: 48.911910
OneRaise-CutOff: 16.420560
OneRaise-Dealer: 2.291570
OneRaise-SmallBlind: 12.984860
TwoRaises-CutOff, Dealer: 0.916370
TwoRaises-CutOff, SmallBlind: 5.299790
TwoRaises-CutOff, BigBlind: 5.296820
TwoRaises-Dealer, SmallBlind: 0.721410
TwoRaises-Dealer, BigBlind: 0.719450
TwoRaises-SmallBlind, BigBlind: 4.142470
ThreeRaises-CutOff, Dealer, SmallBlind: 0.256200
ThreeRaises-CutOff, Dealer, BigBlind: 0.258170
ThreeRaises-CutOff, SmallBlind, BigBlind: 1.516520
ThreeRaises-Dealer, SmallBlind, BigBlind: 0.199730
FourRaises-CutOff, Dealer, SmallBlind, BigBlind: 0.064170


Show Downs Frequency: 19.391100
Two Players in Frequency: 17.096310
Three Players in Frequency: 2.230620
Four Players in Frequency: 0.064170
==============================================================================================================
============================******************************************************============================
==============================================================================================================
cutoff strategy: ThirtyPercent
delear strategy: FivePercent
small blind strategy: TwentyfivePercent
big blind strategy: ThirtyPercent
=====================================================================
========= Table: 10, #Hand: 10000000

| 2c | Kd | 5c | 10c | 10d | 

Player ID: 11, Position: CutOff, Holding Cards: | 2s | Qs | , Action: Fold, 
Best Hand: | Kd | 10c | 10d | 2c | 2s | = TwoPairs of: 10 and 2, Money: 508610.466649

Player ID: 12, Position: Dealer, Holding Cards: | 4h | 4c | , Action: Fold, 
Best Hand: | Kd | 10c | 10d | 4c | 4h | = TwoPairs of: 10 and 4, Money: 355529.408332

Player ID: 13, Position: SmallBlind, Holding Cards: | 2h | 7s | , Action: Fold, 
Best Hand: | Kd | 10c | 10d | 2c | 2h | = TwoPairs of: 10 and 2, Money: -351606.174979

Player ID: 14, Position: BigBlind, Holding Cards: | As | 4d | , Action: AllIn, 
Best Hand: | As | Kd | 10c | 10d | 5c | = Pair of: 10, Money: -512533.700048

=====================================================================


HighCard: 17.419732
Pair: 43.827785
TwoPairs: 23.497100
Trips: 4.829017
Straight: 4.616755
Flush: 3.017120
FullHouse: 2.594207
Quads: 0.167577
StraightFlush: 0.030705

Empty-BigBlind: 48.926130
OneRaise-CutOff: 15.374980
OneRaise-Dealer: 2.152760
OneRaise-SmallBlind: 12.168770
TwoRaises-CutOff, Dealer: 0.855170
TwoRaises-CutOff, SmallBlind: 4.969130
TwoRaises-CutOff, BigBlind: 6.335410
TwoRaises-Dealer, SmallBlind: 0.676540
TwoRaises-Dealer, BigBlind: 0.861280
TwoRaises-SmallBlind, BigBlind: 4.974890
ThreeRaises-CutOff, Dealer, SmallBlind: 0.243910
ThreeRaises-CutOff, Dealer, BigBlind: 0.311100
ThreeRaises-CutOff, SmallBlind, BigBlind: 1.824170
ThreeRaises-Dealer, SmallBlind, BigBlind: 0.245620
FourRaises-CutOff, Dealer, SmallBlind, BigBlind: 0.080140


Show Downs Frequency: 21.377360
Two Players in Frequency: 18.672420
Three Players in Frequency: 2.624800
Four Players in Frequency: 0.080140
==============================================================================================================
============================******************************************************============================
==============================================================================================================
cutoff strategy: ThirtyPercent
delear strategy: FivePercent
small blind strategy: TwentyfivePercent
big blind strategy: ThirtyfivePercent
=====================================================================
========= Table: 10, #Hand: 10000000

| Kh | Jd | As | Qs | 3d | 

Player ID: 11, Position: CutOff, Holding Cards: | 2c | Qc | , Action: Fold, 
Best Hand: | As | Kh | Qc | Qs | Jd | = Pair of: 12, Money: 543074.616648

Player ID: 12, Position: Dealer, Holding Cards: | 7c | 7s | , Action: Fold, 
Best Hand: | As | Kh | Qs | 7c | 7s | = Pair of: 7, Money: 367224.474999

Player ID: 13, Position: SmallBlind, Holding Cards: | 6h | 6s | , Action: AllIn, 
Best Hand: | As | Kh | Qs | 6s | 6h | = Pair of: 6, Money: -317545.691662

Player ID: 14, Position: BigBlind, Holding Cards: | 10h | Qh | , Action: AllIn, 
Best Hand: | As | Kh | Qh | Jd | 10h | = Straight of: 14 high, Money: -592753.400059

=====================================================================


HighCard: 17.403842
Pair: 43.829220
TwoPairs: 23.494767
Trips: 4.831215
Straight: 4.622360
Flush: 3.022318
FullHouse: 2.596633
Quads: 0.169038
StraightFlush: 0.030607

Empty-BigBlind: 48.902050
OneRaise-CutOff: 14.209490
OneRaise-Dealer: 1.985610
OneRaise-SmallBlind: 11.232050
TwoRaises-CutOff, Dealer: 0.801620
TwoRaises-CutOff, SmallBlind: 4.612370
TwoRaises-CutOff, BigBlind: 7.515600
TwoRaises-Dealer, SmallBlind: 0.625190
TwoRaises-Dealer, BigBlind: 1.022160
TwoRaises-SmallBlind, BigBlind: 5.906190
ThreeRaises-CutOff, Dealer, SmallBlind: 0.228500
ThreeRaises-CutOff, Dealer, BigBlind: 0.371660
ThreeRaises-CutOff, SmallBlind, BigBlind: 2.202930
ThreeRaises-Dealer, SmallBlind, BigBlind: 0.290130
FourRaises-CutOff, Dealer, SmallBlind, BigBlind: 0.094450


Show Downs Frequency: 23.670800
Two Players in Frequency: 20.483130
Three Players in Frequency: 3.093220
Four Players in Frequency: 0.094450
==============================================================================================================
============================******************************************************============================
==============================================================================================================
cutoff strategy: ThirtyPercent
delear strategy: FivePercent
small blind strategy: TwentyfivePercent
big blind strategy: FourtyPercent
=====================================================================
========= Table: 10, #Hand: 10000000

| Kh | 10s | 5d | 8d | 3c | 

Player ID: 11, Position: CutOff, Holding Cards: | 7c | Ad | , Action: AllIn, 
Best Hand: | Ad | Kh | 10s | 8d | 7c | = HighCard of: 14, Money: 582890.183314

Player ID: 12, Position: Dealer, Holding Cards: | Ac | 9c | , Action: Fold, 
Best Hand: | Ac | Kh | 10s | 9c | 8d | = HighCard of: 14, Money: 380794.124998

Player ID: 13, Position: SmallBlind, Holding Cards: | Kd | Qd | , Action: AllIn, 
Best Hand: | Kd | Kh | Qd | 10s | 8d | = Pair of: 13, Money: -288970.358344

Player ID: 14, Position: BigBlind, Holding Cards: | Jh | Ks | , Action: AllIn, 
Best Hand: | Ks | Kh | Jh | 10s | 8d | = Pair of: 13, Money: -674713.950067

=====================================================================


HighCard: 17.405095
Pair: 43.822353
TwoPairs: 23.504133
Trips: 4.833300
Straight: 4.617835
Flush: 3.024802
FullHouse: 2.592443
Quads: 0.168860
StraightFlush: 0.031180

Empty-BigBlind: 48.916150
OneRaise-CutOff: 13.139310
OneRaise-Dealer: 1.850440
OneRaise-SmallBlind: 10.395900
TwoRaises-CutOff, Dealer: 0.747380
TwoRaises-CutOff, SmallBlind: 4.282190
TwoRaises-CutOff, BigBlind: 8.581530
TwoRaises-Dealer, SmallBlind: 0.584500
TwoRaises-Dealer, BigBlind: 1.170960
TwoRaises-SmallBlind, BigBlind: 6.734350
ThreeRaises-CutOff, Dealer, SmallBlind: 0.213480
ThreeRaises-CutOff, Dealer, BigBlind: 0.428770
ThreeRaises-CutOff, SmallBlind, BigBlind: 2.512670
ThreeRaises-Dealer, SmallBlind, BigBlind: 0.332680
FourRaises-CutOff, Dealer, SmallBlind, BigBlind: 0.109690


Show Downs Frequency: 25.698200
Two Players in Frequency: 22.100910
Three Players in Frequency: 3.487600
Four Players in Frequency: 0.109690
==============================================================================================================
============================******************************************************============================
==============================================================================================================
cutoff strategy: ThirtyPercent
delear strategy: FivePercent
small blind strategy: TwentyfivePercent
big blind strategy: FourtyfivePercent
=====================================================================
========= Table: 10, #Hand: 10000000

| Ac | 9d | Jc | 5c | 3s | 

Player ID: 11, Position: CutOff, Holding Cards: | 6c | Qc | , Action: Fold, 
Best Hand: | Ac | Qc | Jc | 6c | 5c | = Flush of: 14 high, Money: 614603.333313

Player ID: 12, Position: Dealer, Holding Cards: | 6d | Jd | , Action: Fold, 
Best Hand: | Ac | Jc | Jd | 9d | 6d | = Pair of: 11, Money: 388220.974998

Player ID: 13, Position: SmallBlind, Holding Cards: | Kc | 9h | , Action: AllIn, 
Best Hand: | Ac | Kc | Jc | 9d | 9h | = Pair of: 9, Money: -247664.375030

Player ID: 14, Position: BigBlind, Holding Cards: | 10c | 7c | , Action: Fold, 
Best Hand: | Ac | Jc | 10c | 7c | 5c | = Flush of: 14 high, Money: -755159.933407

=====================================================================


HighCard: 17.415668
Pair: 43.826985
TwoPairs: 23.493315
Trips: 4.829027
Straight: 4.618710
Flush: 3.021033
FullHouse: 2.596095
Quads: 0.167980
StraightFlush: 0.031187

Empty-BigBlind: 48.923620
OneRaise-CutOff: 12.091580
OneRaise-Dealer: 1.707080
OneRaise-SmallBlind: 9.569500
TwoRaises-CutOff, Dealer: 0.690560
TwoRaises-CutOff, SmallBlind: 3.958230
TwoRaises-CutOff, BigBlind: 9.615660
TwoRaises-Dealer, SmallBlind: 0.540520
TwoRaises-Dealer, BigBlind: 1.303790
TwoRaises-SmallBlind, BigBlind: 7.553190
ThreeRaises-CutOff, Dealer, SmallBlind: 0.196980
ThreeRaises-CutOff, Dealer, BigBlind: 0.485460
ThreeRaises-CutOff, SmallBlind, BigBlind: 2.857940
ThreeRaises-Dealer, SmallBlind, BigBlind: 0.380810
FourRaises-CutOff, Dealer, SmallBlind, BigBlind: 0.125080


Show Downs Frequency: 27.708220
Two Players in Frequency: 23.661950
Three Players in Frequency: 3.921190
Four Players in Frequency: 0.125080
==============================================================================================================
============================******************************************************============================
==============================================================================================================
cutoff strategy: ThirtyPercent
delear strategy: FivePercent
small blind strategy: TwentyfivePercent
big blind strategy: FiftyPercent
=====================================================================
========= Table: 10, #Hand: 10000000

| Jc | 6d | 10h | 2c | Ah | 

Player ID: 11, Position: CutOff, Holding Cards: | 10c | 2d | , Action: Fold, 
Best Hand: | Ah | 10c | 10h | 2c | 2d | = TwoPairs of: 10 and 2, Money: 655882.049979

Player ID: 12, Position: Dealer, Holding Cards: | 9s | 5c | , Action: Fold, 
Best Hand: | Ah | Jc | 10h | 9s | 6d | = HighCard of: 14, Money: 402168.816665

Player ID: 13, Position: SmallBlind, Holding Cards: | 5h | Qs | , Action: Fold, 
Best Hand: | Ah | Qs | Jc | 10h | 6d | = HighCard of: 14, Money: -206717.483361

Player ID: 14, Position: BigBlind, Holding Cards: | 4c | 7d | , Action: AllIn, 
Best Hand: | Ah | Jc | 10h | 7d | 6d | = HighCard of: 14, Money: -851333.383413

=====================================================================


HighCard: 17.413373
Pair: 43.823273
TwoPairs: 23.492290
Trips: 4.831645
Straight: 4.617185
Flush: 3.025513
FullHouse: 2.598155
Quads: 0.167882
StraightFlush: 0.030685

Empty-BigBlind: 48.908190
OneRaise-CutOff: 10.985420
OneRaise-Dealer: 1.554120
OneRaise-SmallBlind: 8.706300
TwoRaises-CutOff, Dealer: 0.630080
TwoRaises-CutOff, SmallBlind: 3.607260
TwoRaises-CutOff, BigBlind: 10.726790
TwoRaises-Dealer, SmallBlind: 0.489280
TwoRaises-Dealer, BigBlind: 1.463930
TwoRaises-SmallBlind, BigBlind: 8.439690
ThreeRaises-CutOff, Dealer, SmallBlind: 0.178650
ThreeRaises-CutOff, Dealer, BigBlind: 0.542910
ThreeRaises-CutOff, SmallBlind, BigBlind: 3.202160
ThreeRaises-Dealer, SmallBlind, BigBlind: 0.423550
FourRaises-CutOff, Dealer, SmallBlind, BigBlind: 0.141670


Show Downs Frequency: 29.845970
Two Players in Frequency: 25.357030
Three Players in Frequency: 4.347270
Four Players in Frequency: 0.141670
==============================================================================================================
============================******************************************************============================
==============================================================================================================
cutoff strategy: ThirtyPercent
delear strategy: FivePercent
small blind strategy: ThirtyPercent
big blind strategy: FivePercent
=====================================================================
========= Table: 10, #Hand: 10000000

| 4s | 4c | Jd | 2h | Kc | 

Player ID: 11, Position: CutOff, Holding Cards: | 3d | 5s | , Action: Fold, 
Best Hand: | Kc | Jd | 5s | 4c | 4s | = Pair of: 4, Money: 611380.324977

Player ID: 12, Position: Dealer, Holding Cards: | 5h | 2d | , Action: Fold, 
Best Hand: | Kc | 4c | 4s | 2d | 2h | = TwoPairs of: 4 and 2, Money: 321811.391666

Player ID: 13, Position: SmallBlind, Holding Cards: | Js | 3s | , Action: Fold, 
Best Hand: | Kc | Js | Jd | 4c | 4s | = TwoPairs of: 11 and 4, Money: -289015.150011

Player ID: 14, Position: BigBlind, Holding Cards: | 9d | 5c | , Action: AllIn, 
Best Hand: | Kc | Jd | 9d | 4c | 4s | = Pair of: 4, Money: -644176.566723

=====================================================================


HighCard: 17.402742
Pair: 43.826707
TwoPairs: 23.493752
Trips: 4.829438
Straight: 4.618862
Flush: 3.031407
FullHouse: 2.598460
Quads: 0.167758
StraightFlush: 0.030873

Empty-BigBlind: 45.710410
OneRaise-CutOff: 19.298370
OneRaise-Dealer: 2.677900
OneRaise-SmallBlind: 19.297700
TwoRaises-CutOff, Dealer: 1.052800
TwoRaises-CutOff, SmallBlind: 7.790620
TwoRaises-CutOff, BigBlind: 1.051870
TwoRaises-Dealer, SmallBlind: 1.057480
TwoRaises-Dealer, BigBlind: 0.142430
TwoRaises-SmallBlind, BigBlind: 1.059790
ThreeRaises-CutOff, Dealer, SmallBlind: 0.373790
ThreeRaises-CutOff, Dealer, BigBlind: 0.048660
ThreeRaises-CutOff, SmallBlind, BigBlind: 0.373260
ThreeRaises-Dealer, SmallBlind, BigBlind: 0.049630
FourRaises-CutOff, Dealer, SmallBlind, BigBlind: 0.015290


Show Downs Frequency: 13.015620
Two Players in Frequency: 12.154990
Three Players in Frequency: 0.845340
Four Players in Frequency: 0.015290
==============================================================================================================
============================******************************************************============================
==============================================================================================================
cutoff strategy: ThirtyPercent
delear strategy: FivePercent
small blind strategy: ThirtyPercent
big blind strategy: TenPercent
=====================================================================
========= Table: 10, #Hand: 10000000

| 8h | Qc | 2s | 10c | 7c | 

Player ID: 11, Position: CutOff, Holding Cards: | Jh | Qh | , Action: AllIn, 
Best Hand: | Qc | Qh | Jh | 10c | 8h | = Pair of: 12, Money: 557317.408313

Player ID: 12, Position: Dealer, Holding Cards: | 5c | 7d | , Action: Fold, 
Best Hand: | Qc | 10c | 8h | 7c | 7d | = Pair of: 7, Money: 330587.474999

Player ID: 13, Position: SmallBlind, Holding Cards: | 4s | Ah | , Action: AllIn, 
Best Hand: | Ah | Qc | 10c | 8h | 7c | = HighCard of: 14, Money: -342580.366651

Player ID: 14, Position: BigBlind, Holding Cards: | 9c | 8s | , Action: Fold, 
Best Hand: | Qc | 10c | 9c | 8s | 8h | = Pair of: 8, Money: -545324.516714

=====================================================================


HighCard: 17.412533
Pair: 43.817768
TwoPairs: 23.498517
Trips: 4.828828
Straight: 4.619560
Flush: 3.026858
FullHouse: 2.597777
Quads: 0.167112
StraightFlush: 0.031047

Empty-BigBlind: 45.705230
OneRaise-CutOff: 18.293440
OneRaise-Dealer: 2.548240
OneRaise-SmallBlind: 18.286200
TwoRaises-CutOff, Dealer: 1.004910
TwoRaises-CutOff, SmallBlind: 7.425510
TwoRaises-CutOff, BigBlind: 2.060000
TwoRaises-Dealer, SmallBlind: 1.002670
TwoRaises-Dealer, BigBlind: 0.281640
TwoRaises-SmallBlind, BigBlind: 2.061740
ThreeRaises-CutOff, Dealer, SmallBlind: 0.358530
ThreeRaises-CutOff, Dealer, BigBlind: 0.098860
ThreeRaises-CutOff, SmallBlind, BigBlind: 0.743420
ThreeRaises-Dealer, SmallBlind, BigBlind: 0.097070
FourRaises-CutOff, Dealer, SmallBlind, BigBlind: 0.032540


Show Downs Frequency: 15.166890
Two Players in Frequency: 13.836470
Three Players in Frequency: 1.297880
Four Players in Frequency: 0.032540
