==============================================================================================================
============================******************************************************============================
==============================================================================================================
cutoff strategy: FourtyfivePercent
delear strategy: FivePercent
small blind strategy: TenPercent
big blind strategy: FivePercent
=====================================================================
========= Table: 10, #Hand: 10000000

| 4h | 3d | 7s | 7c | 3c | 

Player ID: 11, Position: CutOff, Holding Cards: | As | 9h | , Action: AllIn, 
Best Hand: | As | 7c | 7s | 3c | 3d | = TwoPairs of: 7 and 3, Money: 790616.191613

Player ID: 12, Position: Dealer, Holding Cards: | 8c | 10h | , Action: Fold, 
Best Hand: | 10h | 7c | 7s | 3c | 3d | = TwoPairs of: 7 and 3, Money: 326668.091666

Player ID: 13, Position: SmallBlind, Holding Cards: | 6d | 5d | , Action: Fold, 
Best Hand: | 7s | 6d | 5d | 4h | 3d | = Straight of: 7 high, Money: -490887.916589

Player ID: 14, Position: BigBlind, Holding Cards: | Ad | Kc | , Action: AllIn, 
Best Hand: | Ad | 7c | 7s | 3c | 3d | = TwoPairs of: 7 and 3, Money: -626396.366723

=====================================================================


HighCard: 17.426565
Pair: 43.830287
TwoPairs: 23.478280
Trips: 4.819785
Straight: 4.623720
Flush: 3.026315
FullHouse: 2.595290
Quads: 0.168655
StraightFlush: 0.031103

Empty-BigBlind: 46.036840
OneRaise-CutOff: 36.476790
OneRaise-Dealer: 2.674490
OneRaise-SmallBlind: 5.438660
TwoRaises-CutOff, Dealer: 2.006350
TwoRaises-CutOff, SmallBlind: 4.134260
TwoRaises-CutOff, BigBlind: 2.006650
TwoRaises-Dealer, SmallBlind: 0.287620
TwoRaises-Dealer, BigBlind: 0.140380
TwoRaises-SmallBlind, BigBlind: 0.292290
ThreeRaises-CutOff, Dealer, SmallBlind: 0.195290
ThreeRaises-CutOff, Dealer, BigBlind: 0.093350
ThreeRaises-CutOff, SmallBlind, BigBlind: 0.196230
ThreeRaises-Dealer, SmallBlind, BigBlind: 0.013280
FourRaises-CutOff, Dealer, SmallBlind, BigBlind: 0.007520


Show Downs Frequency: 9.373220
Two Players in Frequency: 8.867550
Three Players in Frequency: 0.498150
Four Players in Frequency: 0.007520
==============================================================================================================
============================******************************************************============================
==============================================================================================================
cutoff strategy: FourtyfivePercent
delear strategy: FivePercent
small blind strategy: TenPercent
big blind strategy: TenPercent
=====================================================================
========= Table: 10, #Hand: 10000000

| 5h | 4c | Qs | 9d | 3s | 

Player ID: 11, Position: CutOff, Holding Cards: | 7h | 3h | , Action: Fold, 
Best Hand: | Qs | 9d | 7h | 3s | 3h | = Pair of: 3, Money: 674129.558287

Player ID: 12, Position: Dealer, Holding Cards: | 8s | 10d | , Action: Fold, 
Best Hand: | Qs | 10d | 9d | 8s | 5h | = HighCard of: 12, Money: 335190.666666

Player ID: 13, Position: SmallBlind, Holding Cards: | 2c | Kc | , Action: Fold, 
Best Hand: | Kc | Qs | 9d | 5h | 4c | = HighCard of: 13, Money: -492051.108256

Player ID: 14, Position: BigBlind, Holding Cards: | 9h | 2s | , Action: AllIn, 
Best Hand: | Qs | 9d | 9h | 5h | 4c | = Pair of: 9, Money: -517269.116713

=====================================================================


HighCard: 17.414040
Pair: 43.819927
TwoPairs: 23.509708
Trips: 4.826205
Straight: 4.614962
Flush: 3.022553
FullHouse: 2.594365
Quads: 0.166965
StraightFlush: 0.031275

Empty-BigBlind: 46.062750
OneRaise-CutOff: 34.527690
OneRaise-Dealer: 2.551470
OneRaise-SmallBlind: 5.156260
TwoRaises-CutOff, Dealer: 1.906970
TwoRaises-CutOff, SmallBlind: 3.938620
TwoRaises-CutOff, BigBlind: 3.937720
TwoRaises-Dealer, SmallBlind: 0.277030
TwoRaises-Dealer, BigBlind: 0.275210
TwoRaises-SmallBlind, BigBlind: 0.562950
ThreeRaises-CutOff, Dealer, SmallBlind: 0.186690
ThreeRaises-CutOff, Dealer, BigBlind: 0.188030
ThreeRaises-CutOff, SmallBlind, BigBlind: 0.387900
ThreeRaises-Dealer, SmallBlind, BigBlind: 0.025020
FourRaises-CutOff, Dealer, SmallBlind, BigBlind: 0.015690


Show Downs Frequency: 11.701830
Two Players in Frequency: 10.898500
Three Players in Frequency: 0.787640
Four Players in Frequency: 0.015690
==============================================================================================================
============================******************************************************============================
==============================================================================================================
cutoff strategy: FourtyfivePercent
delear strategy: FivePercent
small blind strategy: TenPercent
big blind strategy: FifteenPercent
=====================================================================
========= Table: 10, #Hand: 10000000

| 3h | 2h | Kh | 2c | 5c | 

Player ID: 11, Position: CutOff, Holding Cards: | 4c | 5d | , Action: Fold, 
Best Hand: | Kh | 5c | 5d | 2c | 2h | = TwoPairs of: 5 and 2, Money: 593603.083293

Player ID: 12, Position: Dealer, Holding Cards: | Qc | 10h | , Action: Fold, 
Best Hand: | Kh | Qc | 10h | 2c | 2h | = Pair of: 2, Money: 345314.366666

Player ID: 13, Position: SmallBlind, Holding Cards: | Kd | 4d | , Action: Fold, 
Best Hand: | Kd | Kh | 5c | 2c | 2h | = TwoPairs of: 13 and 2, Money: -479385.349925

Player ID: 14, Position: BigBlind, Holding Cards: | 3d | 7s | , Action: AllIn, 
Best Hand: | Kh | 3d | 3h | 2c | 2h | = TwoPairs of: 3 and 2, Money: -459532.100038

=====================================================================


HighCard: 17.416667
Pair: 43.828080
TwoPairs: 23.484488
Trips: 4.827145
Straight: 4.621457
Flush: 3.023042
FullHouse: 2.599900
Quads: 0.168302
StraightFlush: 0.030918

Empty-BigBlind: 46.053560
OneRaise-CutOff: 32.905990
OneRaise-Dealer: 2.430880
OneRaise-SmallBlind: 4.921770
TwoRaises-CutOff, Dealer: 1.829760
TwoRaises-CutOff, SmallBlind: 3.758250
TwoRaises-CutOff, BigBlind: 5.575530
TwoRaises-Dealer, SmallBlind: 0.263460
TwoRaises-Dealer, BigBlind: 0.392150
TwoRaises-SmallBlind, BigBlind: 0.803410
ThreeRaises-CutOff, Dealer, SmallBlind: 0.180010
ThreeRaises-CutOff, Dealer, BigBlind: 0.268290
ThreeRaises-CutOff, SmallBlind, BigBlind: 0.555370
ThreeRaises-Dealer, SmallBlind, BigBlind: 0.038530
FourRaises-CutOff, Dealer, SmallBlind, BigBlind: 0.023040


Show Downs Frequency: 13.687800
Two Players in Frequency: 12.622560
Three Players in Frequency: 1.042200
Four Players in Frequency: 0.023040
==============================================================================================================
============================******************************************************============================
==============================================================================================================
cutoff strategy: FourtyfivePercent
delear strategy: FivePercent
small blind strategy: TenPercent
big blind strategy: TwentyPercent
=====================================================================
========= Table: 10, #Hand: 10000000

| Kc | Ad | Jc | Kd | 4h | 

Player ID: 11, Position: CutOff, Holding Cards: | 8s | 7d | , Action: Fold, 
Best Hand: | Ad | Kc | Kd | Jc | 8s | = Pair of: 13, Money: 536087.608299

Player ID: 12, Position: Dealer, Holding Cards: | 6c | 9d | , Action: Fold, 
Best Hand: | Ad | Kc | Kd | Jc | 9d | = Pair of: 13, Money: 352506.241665

Player ID: 13, Position: SmallBlind, Holding Cards: | 2s | 9h | , Action: Fold, 
Best Hand: | Ad | Kc | Kd | Jc | 9h | = Pair of: 13, Money: -462532.266597

Player ID: 14, Position: BigBlind, Holding Cards: | 8c | 9s | , Action: AllIn, 
Best Hand: | Ad | Kc | Kd | Jc | 9s | = Pair of: 13, Money: -426061.583366

=====================================================================


HighCard: 17.408957
Pair: 43.829305
TwoPairs: 23.483900
Trips: 4.836963
Straight: 4.613185
Flush: 3.026467
FullHouse: 2.601237
Quads: 0.169077
StraightFlush: 0.030908

Empty-BigBlind: 46.033810
OneRaise-CutOff: 31.025090
OneRaise-Dealer: 2.298800
OneRaise-SmallBlind: 4.659530
TwoRaises-CutOff, Dealer: 1.733010
TwoRaises-CutOff, SmallBlind: 3.561510
TwoRaises-CutOff, BigBlind: 7.456740
TwoRaises-Dealer, SmallBlind: 0.251940
TwoRaises-Dealer, BigBlind: 0.530150
TwoRaises-SmallBlind, BigBlind: 1.081930
ThreeRaises-CutOff, Dealer, SmallBlind: 0.170480
ThreeRaises-CutOff, Dealer, BigBlind: 0.361560
ThreeRaises-CutOff, SmallBlind, BigBlind: 0.752960
ThreeRaises-Dealer, SmallBlind, BigBlind: 0.050920
FourRaises-CutOff, Dealer, SmallBlind, BigBlind: 0.031570


Show Downs Frequency: 15.982770
Two Players in Frequency: 14.615280
Three Players in Frequency: 1.335920
Four Players in Frequency: 0.031570
==============================================================================================================
============================******************************************************============================
==============================================================================================================
cutoff strategy: FourtyfivePercent
delear strategy: FivePercent
small blind strategy: TenPercent
big blind strategy: TwentyfivePercent
=====================================================================
========= Table: 10, #Hand: 10000000

| 6c | 3s | Qh | Qd | 2h | 

Player ID: 11, Position: CutOff, Holding Cards: | Ac | Ah | , Action: AllIn, 
Best Hand: | Ac | Ah | Qd | Qh | 6c | = TwoPairs of: 14 and 12, Money: 491403.574971

Player ID: 12, Position: Dealer, Holding Cards: | 6d | Qc | , Action: Fold, 
Best Hand: | Qc | Qd | Qh | 6c | 6d | = FullHouse of: 12, full of: 6, Money: 364514.041665

Player ID: 13, Position: SmallBlind, Holding Cards: | As | 9s | , Action: AllIn, 
Best Hand: | As | Qd | Qh | 9s | 6c | = Pair of: 12, Money: -451993.999934

Player ID: 14, Position: BigBlind, Holding Cards: | Qs | 10d | , Action: Fold, 
Best Hand: | Qs | Qd | Qh | 10d | 6c | = Trips of: 12, Money: -403923.616696

=====================================================================


HighCard: 17.408963
Pair: 43.828460
TwoPairs: 23.488222
Trips: 4.832967
Straight: 4.618333
Flush: 3.029805
FullHouse: 2.593050
Quads: 0.168873
StraightFlush: 0.031328

Empty-BigBlind: 46.065930
OneRaise-CutOff: 29.008970
OneRaise-Dealer: 2.149700
OneRaise-SmallBlind: 4.356320
TwoRaises-CutOff, Dealer: 1.635590
TwoRaises-CutOff, SmallBlind: 3.350980
TwoRaises-CutOff, BigBlind: 9.455470
TwoRaises-Dealer, SmallBlind: 0.235860
TwoRaises-Dealer, BigBlind: 0.673560
TwoRaises-SmallBlind, BigBlind: 1.370540
ThreeRaises-CutOff, Dealer, SmallBlind: 0.162170
ThreeRaises-CutOff, Dealer, BigBlind: 0.461680
ThreeRaises-CutOff, SmallBlind, BigBlind: 0.965910
ThreeRaises-Dealer, SmallBlind, BigBlind: 0.065390
FourRaises-CutOff, Dealer, SmallBlind, BigBlind: 0.041930


Show Downs Frequency: 18.419080
Two Players in Frequency: 16.722000
Three Players in Frequency: 1.655150
Four Players in Frequency: 0.041930
==============================================================================================================
============================******************************************************============================
==============================================================================================================
cutoff strategy: FourtyfivePercent
delear strategy: FivePercent
small blind strategy: TenPercent
big blind strategy: ThirtyPercent
=====================================================================
========= Table: 10, #Hand: 10000000

| 3c | 7c | Qs | 4h | Js | 

Player ID: 11, Position: CutOff, Holding Cards: | Kd | 10d | , Action: AllIn, 
Best Hand: | Kd | Qs | Js | 10d | 7c | = HighCard of: 13, Money: 470073.174973

Player ID: 12, Position: Dealer, Holding Cards: | Jc | 2c | , Action: Fold, 
Best Hand: | Qs | Jc | Js | 7c | 4h | = Pair of: 11, Money: 371132.899998

Player ID: 13, Position: SmallBlind, Holding Cards: | 5h | Ks | , Action: Fold, 
Best Hand: | Ks | Qs | Js | 7c | 5h | = HighCard of: 13, Money: -435155.808273

Player ID: 14, Position: BigBlind, Holding Cards: | 4d | 9d | , Action: Fold, 
Best Hand: | Qs | Js | 9d | 4d | 4h | = Pair of: 4, Money: -406050.266696

=====================================================================


HighCard: 17.418575
Pair: 43.804797
TwoPairs: 23.496572
Trips: 4.830705
Straight: 4.621545
Flush: 3.026477
FullHouse: 2.601962
Quads: 0.168230
StraightFlush: 0.031135

Empty-BigBlind: 46.073100
OneRaise-CutOff: 27.166360
OneRaise-Dealer: 2.022990
OneRaise-SmallBlind: 4.081880
TwoRaises-CutOff, Dealer: 1.531450
TwoRaises-CutOff, SmallBlind: 3.154930
TwoRaises-CutOff, BigBlind: 11.287530
TwoRaises-Dealer, SmallBlind: 0.223380
TwoRaises-Dealer, BigBlind: 0.806080
TwoRaises-SmallBlind, BigBlind: 1.646950
ThreeRaises-CutOff, Dealer, SmallBlind: 0.154390
ThreeRaises-CutOff, Dealer, BigBlind: 0.562500
ThreeRaises-CutOff, SmallBlind, BigBlind: 1.159600
ThreeRaises-Dealer, SmallBlind, BigBlind: 0.079640
FourRaises-CutOff, Dealer, SmallBlind, BigBlind: 0.049220


Show Downs Frequency: 20.655670
Two Players in Frequency: 18.650320
Three Players in Frequency: 1.956130
Four Players in Frequency: 0.049220
==============================================================================================================
============================******************************************************============================
==============================================================================================================
cutoff strategy: FourtyfivePercent
delear strategy: FivePercent
small blind strategy: TenPercent
big blind strategy: ThirtyfivePercent
=====================================================================
========= Table: 10, #Hand: 10000000

| Jd | 7h | 4s | Js | 9h | 

Player ID: 11, Position: CutOff, Holding Cards: | 2h | 7s | , Action: Fold, 
Best Hand: | Js | Jd | 9h | 7s | 7h | = TwoPairs of: 11 and 7, Money: 469761.849974

Player ID: 12, Position: Dealer, Holding Cards: | 5s | 7d | , Action: Fold, 
Best Hand: | Js | Jd | 9h | 7d | 7h | = TwoPairs of: 11 and 7, Money: 385577.208332

Player ID: 13, Position: SmallBlind, Holding Cards: | 7c | Kh | , Action: Fold, 
Best Hand: | Kh | Js | Jd | 7c | 7h | = TwoPairs of: 11 and 7, Money: -415667.258280

Player ID: 14, Position: BigBlind, Holding Cards: | 6s | As | , Action: AllIn, 
Best Hand: | As | Js | Jd | 9h | 7h | = Pair of: 11, Money: -439671.800038

=====================================================================


HighCard: 17.404880
Pair: 43.820878
TwoPairs: 23.495415
Trips: 4.832100
Straight: 4.625318
Flush: 3.023860
FullHouse: 2.598228
Quads: 0.168145
StraightFlush: 0.031178

Empty-BigBlind: 46.044450
OneRaise-CutOff: 25.122420
OneRaise-Dealer: 1.866600
OneRaise-SmallBlind: 3.777710
TwoRaises-CutOff, Dealer: 1.434420
TwoRaises-CutOff, SmallBlind: 2.933850
TwoRaises-CutOff, BigBlind: 13.342650
TwoRaises-Dealer, SmallBlind: 0.208400
TwoRaises-Dealer, BigBlind: 0.960610
TwoRaises-SmallBlind, BigBlind: 1.955830
ThreeRaises-CutOff, Dealer, SmallBlind: 0.144710
ThreeRaises-CutOff, Dealer, BigBlind: 0.668180
ThreeRaises-CutOff, SmallBlind, BigBlind: 1.385620
ThreeRaises-Dealer, SmallBlind, BigBlind: 0.094080
FourRaises-CutOff, Dealer, SmallBlind, BigBlind: 0.060470


Show Downs Frequency: 23.188820
Two Players in Frequency: 20.835760
Three Players in Frequency: 2.292590
Four Players in Frequency: 0.060470
==============================================================================================================
============================******************************************************============================
==============================================================================================================
cutoff strategy: FourtyfivePercent
delear strategy: FivePercent
small blind strategy: TenPercent
big blind strategy: FourtyPercent
=====================================================================
========= Table: 10, #Hand: 10000000

| 2s | 6s | 7s | 10s | 6c | 

Player ID: 11, Position: CutOff, Holding Cards: | 10c | 9h | , Action: AllIn, 
Best Hand: | 10c | 10s | 9h | 6c | 6s | = TwoPairs of: 10 and 6, Money: 500333.083305

Player ID: 12, Position: Dealer, Holding Cards: | Qs | Kh | , Action: Fold, 
Best Hand: | Qs | 10s | 7s | 6s | 2s | = Flush of: 12 high, Money: 397120.516665

Player ID: 13, Position: SmallBlind, Holding Cards: | 8h | As | , Action: Fold, 
Best Hand: | As | 10s | 7s | 6s | 2s | = Flush of: 14 high, Money: -399557.383286

Player ID: 14, Position: BigBlind, Holding Cards: | 6h | 8c | , Action: Fold, 
Best Hand: | 10s | 8c | 6c | 6s | 6h | = Trips of: 6, Money: -497896.216715

=====================================================================


HighCard: 17.418588
Pair: 43.830130
TwoPairs: 23.498270
Trips: 4.821343
Straight: 4.617782
Flush: 3.022848
FullHouse: 2.591355
Quads: 0.168717
StraightFlush: 0.030967

Empty-BigBlind: 46.039230
OneRaise-CutOff: 23.320600
OneRaise-Dealer: 1.736130
OneRaise-SmallBlind: 3.490330
TwoRaises-CutOff, Dealer: 1.325680
TwoRaises-CutOff, SmallBlind: 2.726280
TwoRaises-CutOff, BigBlind: 15.157160
TwoRaises-Dealer, SmallBlind: 0.194190
TwoRaises-Dealer, BigBlind: 1.093940
TwoRaises-SmallBlind, BigBlind: 2.239290
ThreeRaises-CutOff, Dealer, SmallBlind: 0.133040
ThreeRaises-CutOff, Dealer, BigBlind: 0.768990
ThreeRaises-CutOff, SmallBlind, BigBlind: 1.594880
ThreeRaises-Dealer, SmallBlind, BigBlind: 0.110920
FourRaises-CutOff, Dealer, SmallBlind, BigBlind: 0.069340


Show Downs Frequency: 25.413710
Two Players in Frequency: 22.736540
Three Players in Frequency: 2.607830
Four Players in Frequency: 0.069340
==============================================================================================================
============================******************************************************============================
==============================================================================================================
cutoff strategy: FourtyfivePercent
delear strategy: FivePercent
small blind strategy: TenPercent
big blind strategy: FourtyfivePercent
=====================================================================
========= Table: 10, #Hand: 10000000

| 10h | Jc | 3h | 10s | Jh | 

Player ID: 11, Position: CutOff, Holding Cards: | Ks | Js | , Action: AllIn, 
Best Hand: | Jc | Js | Jh | 10s | 10h | = FullHouse of: 11, full of: 10, Money: 530803.991637

Player ID: 12, Position: Dealer, Holding Cards: | Kd | 7s | , Action: Fold, 
Best Hand: | Kd | Jc | Jh | 10s | 10h | = TwoPairs of: 11 and 10, Money: 405901.374998

Player ID: 13, Position: SmallBlind, Holding Cards: | 10c | 5s | , Action: Fold, 
Best Hand: | Jc | Jh | 10c | 10s | 10h | = FullHouse of: 11, full of: 10, Money: -377670.699962

Player ID: 14, Position: BigBlind, Holding Cards: | Qc | 7c | , Action: AllIn, 
Best Hand: | Qc | Jc | Jh | 10s | 10h | = TwoPairs of: 11 and 10, Money: -559034.666724

=====================================================================


HighCard: 17.415202
Pair: 43.832127
TwoPairs: 23.499633
Trips: 4.829325
Straight: 4.616652
Flush: 3.017438
FullHouse: 2.591242
Quads: 0.167533
StraightFlush: 0.030847

Empty-BigBlind: 46.039300
OneRaise-CutOff: 21.471580
OneRaise-Dealer: 1.594400
OneRaise-SmallBlind: 3.228990
TwoRaises-CutOff, Dealer: 1.231640
TwoRaises-CutOff, SmallBlind: 2.508140
TwoRaises-CutOff, BigBlind: 17.017660
TwoRaises-Dealer, SmallBlind: 0.178840
TwoRaises-Dealer, BigBlind: 1.229840
TwoRaises-SmallBlind, BigBlind: 2.506320
ThreeRaises-CutOff, Dealer, SmallBlind: 0.124740
ThreeRaises-CutOff, Dealer, BigBlind: 0.865300
ThreeRaises-CutOff, SmallBlind, BigBlind: 1.800250
ThreeRaises-Dealer, SmallBlind, BigBlind: 0.124930
FourRaises-CutOff, Dealer, SmallBlind, BigBlind: 0.078070


Show Downs Frequency: 27.665730
Two Players in Frequency: 24.672440
Three Players in Frequency: 2.915220
Four Players in Frequency: 0.078070
==============================================================================================================
============================******************************************************============================
==============================================================================================================
cutoff strategy: FourtyfivePercent
delear strategy: FivePercent
small blind strategy: TenPercent
big blind strategy: FiftyPercent
=====================================================================
========= Table: 10, #Hand: 10000000

| 10s | 2h | Qs | Kc | 8d | 

Player ID: 11, Position: CutOff, Holding Cards: | 7c | Ah | , Action: AllIn, 
Best Hand: | Ah | Kc | Qs | 10s | 8d | = HighCard of: 14, Money: 577583.083301

Player ID: 12, Position: Dealer, Holding Cards: | 10d | 8h | , Action: Fold, 
Best Hand: | Kc | 10s | 10d | 8d | 8h | = TwoPairs of: 10 and 8, Money: 423441.016664

Player ID: 13, Position: SmallBlind, Holding Cards: | 9s | Qc | , Action: Fold, 
Best Hand: | Kc | Qc | Qs | 10s | 9s | = Pair of: 12, Money: -362148.533303

Player ID: 14, Position: BigBlind, Holding Cards: | 9h | 9d | , Action: AllIn, 
Best Hand: | Kc | Qs | 10s | 9d | 9h | = Pair of: 9, Money: -638875.566733

=====================================================================


HighCard: 17.419780
Pair: 43.817138
TwoPairs: 23.492487
Trips: 4.830105
Straight: 4.623322
Flush: 3.026582
FullHouse: 2.592382
Quads: 0.166695
StraightFlush: 0.031508

Empty-BigBlind: 46.037350
OneRaise-CutOff: 19.471080
OneRaise-Dealer: 1.444360
OneRaise-SmallBlind: 2.913960
TwoRaises-CutOff, Dealer: 1.130020
TwoRaises-CutOff, SmallBlind: 2.293780
TwoRaises-CutOff, BigBlind: 19.010280
TwoRaises-Dealer, SmallBlind: 0.162930
TwoRaises-Dealer, BigBlind: 1.387340
TwoRaises-SmallBlind, BigBlind: 2.810700
ThreeRaises-CutOff, Dealer, SmallBlind: 0.111080
ThreeRaises-CutOff, Dealer, BigBlind: 0.964540
ThreeRaises-CutOff, SmallBlind, BigBlind: 2.031570
ThreeRaises-Dealer, SmallBlind, BigBlind: 0.140610
FourRaises-CutOff, Dealer, SmallBlind, BigBlind: 0.090400


Show Downs Frequency: 30.133250
Two Players in Frequency: 26.795050
Three Players in Frequency: 3.247800
Four Players in Frequency: 0.090400
==============================================================================================================
============================******************************************************============================
==============================================================================================================
cutoff strategy: FourtyfivePercent
delear strategy: FivePercent
small blind strategy: FifteenPercent
big blind strategy: FivePercent
=====================================================================
========= Table: 10, #Hand: 10000000

| 10s | Jh | 10h | Jd | 4h | 

Player ID: 11, Position: CutOff, Holding Cards: | 8s | 4c | , Action: Fold, 
Best Hand: | Jd | Jh | 10s | 10h | 8s | = TwoPairs of: 11 and 10, Money: 726812.441618

Player ID: 12, Position: Dealer, Holding Cards: | 9d | 3c | , Action: Fold, 
Best Hand: | Jd | Jh | 10s | 10h | 9d | = TwoPairs of: 11 and 10, Money: 338276.166666

Player ID: 13, Position: SmallBlind, Holding Cards: | Kd | Kc | , Action: AllIn, 
Best Hand: | Kc | Kd | Jd | Jh | 10s | = TwoPairs of: 13 and 11, Money: -371645.924966

Player ID: 14, Position: BigBlind, Holding Cards: | Qh | As | , Action: AllIn, 
Best Hand: | As | Jd | Jh | 10s | 10h | = TwoPairs of: 11 and 10, Money: -693442.683392

=====================================================================


HighCard: 17.407675
Pair: 43.824022
TwoPairs: 23.497293
Trips: 4.832510
Straight: 4.613658
Flush: 3.025320
FullHouse: 2.599438
Quads: 0.168352
StraightFlush: 0.031732

Empty-BigBlind: 43.709380
OneRaise-CutOff: 34.751710
OneRaise-Dealer: 2.558410
OneRaise-SmallBlind: 7.655660
TwoRaises-CutOff, Dealer: 1.921890
TwoRaises-CutOff, SmallBlind: 5.841900
TwoRaises-CutOff, BigBlind: 1.913240
TwoRaises-Dealer, SmallBlind: 0.415630
TwoRaises-Dealer, BigBlind: 0.135440
TwoRaises-SmallBlind, BigBlind: 0.415510
ThreeRaises-CutOff, Dealer, SmallBlind: 0.281410
ThreeRaises-CutOff, Dealer, BigBlind: 0.091060
ThreeRaises-CutOff, SmallBlind, BigBlind: 0.277850
ThreeRaises-Dealer, SmallBlind, BigBlind: 0.019160
FourRaises-CutOff, Dealer, SmallBlind, BigBlind: 0.011750


Show Downs Frequency: 11.324840
Two Players in Frequency: 10.643610
Three Players in Frequency: 0.669480
Four Players in Frequency: 0.011750
==============================================================================================================
============================******************************************************============================
==============================================================================================================
cutoff strategy: FourtyfivePercent
delear strategy: FivePercent
small blind strategy: FifteenPercent
big blind strategy: TenPercent
=====================================================================
========= Table: 10, #Hand: 10000000

| 6s | 10d | 10s | 10c | Ah | 

Player ID: 11, Position: CutOff, Holding Cards: | 8d | 9h | , Action: Fold, 
Best Hand: | Ah | 10c | 10s | 10d | 9h | = Trips of: 10, Money: 615491.366626

Player ID: 12, Position: Dealer, Holding Cards: | 5c | Ac | , Action: Fold, 
Best Hand: | Ac | Ah | 10c | 10s | 10d | = FullHouse of: 14, full of: 10, Money: 345471.374999

Player ID: 13, Position: SmallBlind, Holding Cards: | 4c | 6h | , Action: Fold, 
Best Hand: | 10c | 10s | 10d | 6s | 6h | = FullHouse of: 10, full of: 6, Money: -383581.724960

Player ID: 14, Position: BigBlind, Holding Cards: | 2s | 3c | , Action: AllIn, 
Best Hand: | Ah | 10c | 10s | 10d | 6s | = Trips of: 10, Money: -577381.016717

=====================================================================


HighCard: 17.414623
Pair: 43.824607
TwoPairs: 23.488643
Trips: 4.831925
Straight: 4.616462
Flush: 3.032245
FullHouse: 2.591545
Quads: 0.168990
StraightFlush: 0.030960

Empty-BigBlind: 43.674750
OneRaise-CutOff: 32.924230
OneRaise-Dealer: 2.430940
OneRaise-SmallBlind: 7.285290
TwoRaises-CutOff, Dealer: 1.830200
TwoRaises-CutOff, SmallBlind: 5.559840
TwoRaises-CutOff, BigBlind: 3.764770
TwoRaises-Dealer, SmallBlind: 0.392320
TwoRaises-Dealer, BigBlind: 0.266780
TwoRaises-SmallBlind, BigBlind: 0.807400
ThreeRaises-CutOff, Dealer, SmallBlind: 0.268280
ThreeRaises-CutOff, Dealer, BigBlind: 0.178790
ThreeRaises-CutOff, SmallBlind, BigBlind: 0.555890
ThreeRaises-Dealer, SmallBlind, BigBlind: 0.038070
FourRaises-CutOff, Dealer, SmallBlind, BigBlind: 0.022450


Show Downs Frequency: 13.684790
Two Players in Frequency: 12.621310
Three Players in Frequency: 1.041030
Four Players in Frequency: 0.022450
==============================================================================================================
============================******************************************************============================
==============================================================================================================
cutoff strategy: FourtyfivePercent
delear strategy: FivePercent
small blind strategy: FifteenPercent
big blind strategy: FifteenPercent
=====================================================================
========= Table: 10, #Hand: 10000000

| 6h | 3c | 9h | 4d | 2c | 

Player ID: 11, Position: CutOff, Holding Cards: | 7c | 10d | , Action: Fold, 
Best Hand: | 10d | 9h | 7c | 6h | 4d | = HighCard of: 10, Money: 542051.324965

Player ID: 12, Position: Dealer, Holding Cards: | 5c | Qs | , Action: Fold, 
Best Hand: | 6h | 5c | 4d | 3c | 2c | = Straight of: 6 high, Money: 350411.166666

Player ID: 13, Position: SmallBlind, Holding Cards: | 10s | 6s | , Action: Fold, 
Best Hand: | 10s | 9h | 6s | 6h | 4d | = Pair of: 6, Money: -374851.658299

Player ID: 14, Position: BigBlind, Holding Cards: | 8c | Ah | , Action: AllIn, 
Best Hand: | Ah | 9h | 8c | 6h | 4d | = HighCard of: 14, Money: -517610.833378

=====================================================================


HighCard: 17.413628
Pair: 43.825180
TwoPairs: 23.487362
Trips: 4.827752
Straight: 4.621915
Flush: 3.028685
FullHouse: 2.596180
Quads: 0.168203
StraightFlush: 0.031095

Empty-BigBlind: 43.711640
OneRaise-CutOff: 31.336540
OneRaise-Dealer: 2.301610
OneRaise-SmallBlind: 6.930120
TwoRaises-CutOff, Dealer: 1.741990
TwoRaises-CutOff, SmallBlind: 5.332100
TwoRaises-CutOff, BigBlind: 5.333800
TwoRaises-Dealer, SmallBlind: 0.378160
TwoRaises-Dealer, BigBlind: 0.383940
TwoRaises-SmallBlind, BigBlind: 1.145050
ThreeRaises-CutOff, Dealer, SmallBlind: 0.260890
ThreeRaises-CutOff, Dealer, BigBlind: 0.259400
ThreeRaises-CutOff, SmallBlind, BigBlind: 0.795170
ThreeRaises-Dealer, SmallBlind, BigBlind: 0.054860
FourRaises-CutOff, Dealer, SmallBlind, BigBlind: 0.034730


Show Downs Frequency: 15.720090
Two Players in Frequency: 14.315040
Three Players in Frequency: 1.370320
Four Players in Frequency: 0.034730
==============================================================================================================
============================******************************************************============================
==============================================================================================================
cutoff strategy: FourtyfivePercent
delear strategy: FivePercent
small blind strategy: FifteenPercent
big blind strategy: TwentyPercent
=====================================================================
========= Table: 10, #Hand: 10000000

| Qd | Ac | 7s | 9h | Kh | 

Player ID: 11, Position: CutOff, Holding Cards: | Qs | 3h | , Action: Fold, 
Best Hand: | Ac | Kh | Qs | Qd | 9h | = Pair of: 12, Money: 482935.191638

Player ID: 12, Position: Dealer, Holding Cards: | 7d | 6h | , Action: Fold, 
Best Hand: | Ac | Kh | Qd | 7s | 7d | = Pair of: 7, Money: 360764.441665

Player ID: 13, Position: SmallBlind, Holding Cards: | 5c | 9s | , Action: Fold, 
Best Hand: | Ac | Kh | Qd | 9s | 9h | = Pair of: 9, Money: -361364.316637

Player ID: 14, Position: BigBlind, Holding Cards: | 2c | 10c | , Action: AllIn, 
Best Hand: | Ac | Kh | Qd | 10c | 9h | = HighCard of: 14, Money: -482335.316708

=====================================================================


HighCard: 17.411280
Pair: 43.840910
TwoPairs: 23.488970
Trips: 4.824165
Straight: 4.618785
Flush: 3.020618
FullHouse: 2.595673
Quads: 0.168635
StraightFlush: 0.030965

Empty-BigBlind: 43.680370
OneRaise-CutOff: 29.526140
OneRaise-Dealer: 2.192810
OneRaise-SmallBlind: 6.562230
TwoRaises-CutOff, Dealer: 1.661120
TwoRaises-CutOff, SmallBlind: 5.046500
TwoRaises-CutOff, BigBlind: 7.138590
TwoRaises-Dealer, SmallBlind: 0.360750
TwoRaises-Dealer, BigBlind: 0.503380
TwoRaises-SmallBlind, BigBlind: 1.536490
ThreeRaises-CutOff, Dealer, SmallBlind: 0.246100
ThreeRaises-CutOff, Dealer, BigBlind: 0.347380
ThreeRaises-CutOff, SmallBlind, BigBlind: 1.079080
ThreeRaises-Dealer, SmallBlind, BigBlind: 0.073310
FourRaises-CutOff, Dealer, SmallBlind, BigBlind: 0.045750


Show Downs Frequency: 18.038450
Two Players in Frequency: 16.246830
Three Players in Frequency: 1.745870
Four Players in Frequency: 0.045750
==============================================================================================================
============================******************************************************============================
==============================================================================================================
cutoff strategy: FourtyfivePercent
delear strategy: FivePercent
small blind strategy: FifteenPercent
big blind strategy: TwentyfivePercent
=====================================================================
========= Table: 10, #Hand: 10000000

| Ac | 5c | Ad | 3h | Jc | 

Player ID: 11, Position: CutOff, Holding Cards: | Qh | Ks | , Action: AllIn, 
Best Hand: | Ac | Ad | Ks | Qh | Jc | = Pair of: 14, Money: 438119.299977

Player ID: 12, Position: Dealer, Holding Cards: | 10d | 9s | , Action: Fold, 
Best Hand: | Ac | Ad | Jc | 10d | 9s | = Pair of: 14, Money: 370628.274999

Player ID: 13, Position: SmallBlind, Holding Cards: | 10s | Qs | , Action: Fold, 
Best Hand: | Ac | Ad | Qs | Jc | 10s | = Pair of: 14, Money: -343835.658312

Player ID: 14, Position: BigBlind, Holding Cards: | 5h | Jh | , Action: Fold, 
Best Hand: | Ac | Ad | Jc | Jh | 5h | = TwoPairs of: 14 and 11, Money: -464911.916705

=====================================================================


HighCard: 17.410312
Pair: 43.814102
TwoPairs: 23.510790
Trips: 4.830885
Straight: 4.618920
Flush: 3.022105
FullHouse: 2.594520
Quads: 0.166992
StraightFlush: 0.031372

Empty-BigBlind: 43.704440
OneRaise-CutOff: 27.637150
OneRaise-Dealer: 2.052070
OneRaise-SmallBlind: 6.123240
TwoRaises-CutOff, Dealer: 1.563880
TwoRaises-CutOff, SmallBlind: 4.757500
TwoRaises-CutOff, BigBlind: 9.036050
TwoRaises-Dealer, SmallBlind: 0.335760
TwoRaises-Dealer, BigBlind: 0.639190
TwoRaises-SmallBlind, BigBlind: 1.947210
ThreeRaises-CutOff, Dealer, SmallBlind: 0.228940
ThreeRaises-CutOff, Dealer, BigBlind: 0.447690
ThreeRaises-CutOff, SmallBlind, BigBlind: 1.376930
ThreeRaises-Dealer, SmallBlind, BigBlind: 0.091810
FourRaises-CutOff, Dealer, SmallBlind, BigBlind: 0.058140


Show Downs Frequency: 20.483100
Two Players in Frequency: 18.279590
Three Players in Frequency: 2.145370
Four Players in Frequency: 0.058140
==============================================================================================================
============================******************************************************============================
==============================================================================================================
cutoff strategy: FourtyfivePercent
delear strategy: FivePercent
small blind strategy: FifteenPercent
big blind strategy: ThirtyPercent
=====================================================================
========= Table: 10, #Hand: 10000000

| 3s | Qd | 7h | 3d | 4h | 

Player ID: 11, Position: CutOff, Holding Cards: | 6c | 2s | , Action: Fold, 
Best Hand: | Qd | 7h | 6c | 3s | 3d | = Pair of: 3, Money: 416044.291648

Player ID: 12, Position: Dealer, Holding Cards: | 8c | 10s | , Action: Fold, 
Best Hand: | Qd | 10s | 8c | 3s | 3d | = Pair of: 3, Money: 382279.808332

Player ID: 13, Position: SmallBlind, Holding Cards: | Qh | 7d | , Action: Fold, 
Best Hand: | Qd | Qh | 7d | 7h | 4h | = TwoPairs of: 12 and 7, Money: -330521.149987

Player ID: 14, Position: BigBlind, Holding Cards: | 4d | 8s | , Action: AllIn, 
Best Hand: | Qd | 4d | 4h | 3s | 3d | = TwoPairs of: 4 and 3, Money: -467802.950039

=====================================================================


HighCard: 17.419587
Pair: 43.814003
TwoPairs: 23.503660
Trips: 4.826875
Straight: 4.614045
Flush: 3.025692
FullHouse: 2.595998
Quads: 0.169080
StraightFlush: 0.031060

Empty-BigBlind: 43.690680
OneRaise-CutOff: 25.868960
OneRaise-Dealer: 1.918620
OneRaise-SmallBlind: 5.737860
TwoRaises-CutOff, Dealer: 1.467420
TwoRaises-CutOff, SmallBlind: 4.468060
TwoRaises-CutOff, BigBlind: 10.802810
TwoRaises-Dealer, SmallBlind: 0.319790
TwoRaises-Dealer, BigBlind: 0.772820
TwoRaises-SmallBlind, BigBlind: 2.344170
ThreeRaises-CutOff, Dealer, SmallBlind: 0.219500
ThreeRaises-CutOff, Dealer, BigBlind: 0.540180
ThreeRaises-CutOff, SmallBlind, BigBlind: 1.662240
ThreeRaises-Dealer, SmallBlind, BigBlind: 0.114500
FourRaises-CutOff, Dealer, SmallBlind, BigBlind: 0.072390


Show Downs Frequency: 22.783880
Two Players in Frequency: 20.175070
Three Players in Frequency: 2.536420
Four Players in Frequency: 0.072390
==============================================================================================================
============================******************************************************============================
==============================================================================================================
cutoff strategy: FourtyfivePercent
delear strategy: FivePercent
small blind strategy: FifteenPercent
big blind strategy: ThirtyfivePercent
=====================================================================
========= Table: 10, #Hand: 10000000

| 6d | As | 2d | 4c | 5d | 

Player ID: 11, Position: CutOff, Holding Cards: | 9d | 10h | , Action: AllIn, 
Best Hand: | As | 10h | 9d | 6d | 5d | = HighCard of: 14, Money: 426134.966647

Player ID: 12, Position: Dealer, Holding Cards: | 3c | Kd | , Action: Fold, 
Best Hand: | 6d | 5d | 4c | 3c | 2d | = Straight of: 6 high, Money: 393528.224998

Player ID: 13, Position: SmallBlind, Holding Cards: | 5c | Qd | , Action: Fold, 
Best Hand: | As | Qd | 6d | 5c | 5d | = Pair of: 5, Money: -304498.541669

Player ID: 14, Position: BigBlind, Holding Cards: | 7s | Jh | , Action: Fold, 
Best Hand: | As | Jh | 7s | 6d | 5d | = HighCard of: 14, Money: -515164.650047

=====================================================================


HighCard: 17.406572
Pair: 43.820557
TwoPairs: 23.498940
Trips: 4.832077
Straight: 4.618733
Flush: 3.029422
FullHouse: 2.595335
Quads: 0.167417
StraightFlush: 0.030945

Empty-BigBlind: 43.702660
OneRaise-CutOff: 23.917000
OneRaise-Dealer: 1.779200
OneRaise-SmallBlind: 5.298740
TwoRaises-CutOff, Dealer: 1.363980
TwoRaises-CutOff, SmallBlind: 4.150640
TwoRaises-CutOff, BigBlind: 12.742630
TwoRaises-Dealer, SmallBlind: 0.294610
TwoRaises-Dealer, BigBlind: 0.919770
TwoRaises-SmallBlind, BigBlind: 2.786030
ThreeRaises-CutOff, Dealer, SmallBlind: 0.206540
ThreeRaises-CutOff, Dealer, BigBlind: 0.642410
ThreeRaises-CutOff, SmallBlind, BigBlind: 1.972540
ThreeRaises-Dealer, SmallBlind, BigBlind: 0.135880
FourRaises-CutOff, Dealer, SmallBlind, BigBlind: 0.087370


Show Downs Frequency: 25.302400
Two Players in Frequency: 22.257660
Three Players in Frequency: 2.957370
Four Players in Frequency: 0.087370
==============================================================================================================
============================******************************************************============================
==============================================================================================================
cutoff strategy: FourtyfivePercent
delear strategy: FivePercent
small blind strategy: FifteenPercent
big blind strategy: FourtyPercent
=====================================================================
========= Table: 10, #Hand: 10000000

| Qc | 2c | Js | Jd | 6d | 

Player ID: 11, Position: CutOff, Holding Cards: | Ac | 2h | , Action: AllIn, 
Best Hand: | Ac | Js | Jd | 2c | 2h | = TwoPairs of: 11 and 2, Money: 446031.583311

Player ID: 12, Position: Dealer, Holding Cards: | 2s | 6c | , Action: Fold, 
Best Hand: | Qc | Js | Jd | 6c | 6d | = TwoPairs of: 11 and 6, Money: 404334.991665

Player ID: 13, Position: SmallBlind, Holding Cards: | 10s | 9s | , Action: Fold, 
Best Hand: | Qc | Js | Jd | 10s | 9s | = Pair of: 11, Money: -283162.141684

Player ID: 14, Position: BigBlind, Holding Cards: | Kh | Qh | , Action: AllIn, 
Best Hand: | Kh | Qc | Qh | Js | Jd | = TwoPairs of: 12 and 11, Money: -567204.433388

=====================================================================


HighCard: 17.427443
Pair: 43.827925
TwoPairs: 23.482360
Trips: 4.827282
Straight: 4.615055
Flush: 3.027460
FullHouse: 2.594005
Quads: 0.167362
StraightFlush: 0.031107

Empty-BigBlind: 43.705070
OneRaise-CutOff: 22.147510
OneRaise-Dealer: 1.649930
OneRaise-SmallBlind: 4.914550
TwoRaises-CutOff, Dealer: 1.273600
TwoRaises-CutOff, SmallBlind: 3.853490
TwoRaises-CutOff, BigBlind: 14.513280
TwoRaises-Dealer, SmallBlind: 0.279080
TwoRaises-Dealer, BigBlind: 1.050330
TwoRaises-SmallBlind, BigBlind: 3.165600
ThreeRaises-CutOff, Dealer, SmallBlind: 0.191700
ThreeRaises-CutOff, Dealer, BigBlind: 0.732440
ThreeRaises-CutOff, SmallBlind, BigBlind: 2.266040
ThreeRaises-Dealer, SmallBlind, BigBlind: 0.157610
FourRaises-CutOff, Dealer, SmallBlind, BigBlind: 0.099770


Show Downs Frequency: 27.582940
Two Players in Frequency: 24.135380
Three Players in Frequency: 3.347790
Four Players in Frequency: 0.099770
==============================================================================================================
============================******************************************************============================
==============================================================================================================
cutoff strategy: FourtyfivePercent
delear strategy: FivePercent
small blind strategy: FifteenPercent
big blind strategy: FourtyfivePercent
=====================================================================
========= Table: 10, #Hand: 10000000

| Qd | Kc | 4s | Jd | 9d | 

Player ID: 11, Position: CutOff, Holding Cards: | Qh | 6c | , Action: Fold, 
Best Hand: | Kc | Qd | Qh | Jd | 9d | = Pair of: 12, Money: 475282.208309

Player ID: 12, Position: Dealer, Holding Cards: | Kd | 6h | , Action: Fold, 
Best Hand: | Kc | Kd | Qd | Jd | 9d | = Pair of: 13, Money: 415548.658331

Player ID: 13, Position: SmallBlind, Holding Cards: | 2c | 10c | , Action: Fold, 
Best Hand: | Kc | Qd | Jd | 10c | 9d | = Straight of: 13 high, Money: -258087.400035

Player ID: 14, Position: BigBlind, Holding Cards: | 5s | 3c | , Action: AllIn, 
Best Hand: | Kc | Qd | Jd | 9d | 5s | = HighCard of: 13, Money: -632743.466728

=====================================================================


HighCard: 17.410220
Pair: 43.822795
TwoPairs: 23.502993
Trips: 4.830963
Straight: 4.616990
Flush: 3.021850
FullHouse: 2.596230
Quads: 0.166580
StraightFlush: 0.031380

Empty-BigBlind: 43.681600
OneRaise-CutOff: 20.404560
OneRaise-Dealer: 1.525840
OneRaise-SmallBlind: 4.510490
TwoRaises-CutOff, Dealer: 1.175400
TwoRaises-CutOff, SmallBlind: 3.560500
TwoRaises-CutOff, BigBlind: 16.269170
TwoRaises-Dealer, SmallBlind: 0.258100
TwoRaises-Dealer, BigBlind: 1.172470
TwoRaises-SmallBlind, BigBlind: 3.569050
ThreeRaises-CutOff, Dealer, SmallBlind: 0.183260
ThreeRaises-CutOff, Dealer, BigBlind: 0.830900
ThreeRaises-CutOff, SmallBlind, BigBlind: 2.567200
ThreeRaises-Dealer, SmallBlind, BigBlind: 0.178060
FourRaises-CutOff, Dealer, SmallBlind, BigBlind: 0.113400


Show Downs Frequency: 29.877510
Two Players in Frequency: 26.004690
Three Players in Frequency: 3.759420
Four Players in Frequency: 0.113400
==============================================================================================================
============================******************************************************============================
==============================================================================================================
cutoff strategy: FourtyfivePercent
delear strategy: FivePercent
small blind strategy: FifteenPercent
big blind strategy: FiftyPercent
=====================================================================
========= Table: 10, #Hand: 10000000

| Js | Ks | 4h | 5s | 5c | 

Player ID: 11, Position: CutOff, Holding Cards: | 2c | Jd | , Action: Fold, 
Best Hand: | Ks | Js | Jd | 5c | 5s | = TwoPairs of: 11 and 5, Money: 529290.941639

Player ID: 12, Position: Dealer, Holding Cards: | 5d | Kc | , Action: Fold, 
Best Hand: | Kc | Ks | 5c | 5s | 5d | = FullHouse of: 13, full of: 5, Money: 429029.858331

Player ID: 13, Position: SmallBlind, Holding Cards: | 8d | 2d | , Action: Fold, 
Best Hand: | Ks | Js | 8d | 5c | 5s | = Pair of: 5, Money: -233776.916700

Player ID: 14, Position: BigBlind, Holding Cards: | Qc | 8c | , Action: AllIn, 
Best Hand: | Ks | Qc | Js | 5c | 5s | = Pair of: 5, Money: -724543.883403

=====================================================================


HighCard: 17.409200
Pair: 43.833880
TwoPairs: 23.489795
Trips: 4.825600
Straight: 4.622332
Flush: 3.025373
FullHouse: 2.595908
Quads: 0.167040
StraightFlush: 0.030873

Empty-BigBlind: 43.712130
OneRaise-CutOff: 18.509460
OneRaise-Dealer: 1.376890
OneRaise-SmallBlind: 4.099040
TwoRaises-CutOff, Dealer: 1.070750
TwoRaises-CutOff, SmallBlind: 3.245060
TwoRaises-CutOff, BigBlind: 18.153890
TwoRaises-Dealer, SmallBlind: 0.232050
TwoRaises-Dealer, BigBlind: 1.315060
TwoRaises-SmallBlind, BigBlind: 3.981270
ThreeRaises-CutOff, Dealer, SmallBlind: 0.162590
ThreeRaises-CutOff, Dealer, BigBlind: 0.935970
ThreeRaises-CutOff, SmallBlind, BigBlind: 2.876870
ThreeRaises-Dealer, SmallBlind, BigBlind: 0.201300
FourRaises-CutOff, Dealer, SmallBlind, BigBlind: 0.127670


Show Downs Frequency: 32.302480
Two Players in Frequency: 27.998080
Three Players in Frequency: 4.176730
Four Players in Frequency: 0.127670
==============================================================================================================
============================******************************************************============================
==============================================================================================================
cutoff strategy: FourtyfivePercent
delear strategy: FivePercent
small blind strategy: TwentyPercent
big blind strategy: FivePercent
=====================================================================
========= Table: 10, #Hand: 10000000

| 6d | Kc | 9s | Ac | Qd | 

Player ID: 11, Position: CutOff, Holding Cards: | Qh | 4s | , Action: Fold, 
Best Hand: | Ac | Kc | Qd | Qh | 9s | = Pair of: 12, Money: 672269.333290

Player ID: 12, Position: Dealer, Holding Cards: | 3d | 5s | , Action: Fold, 
Best Hand: | Ac | Kc | Qd | 9s | 6d | = HighCard of: 14, Money: 347111.833332

Player ID: 13, Position: SmallBlind, Holding Cards: | 7s | 4d | , Action: Fold, 
Best Hand: | Ac | Kc | Qd | 9s | 7s | = HighCard of: 14, Money: -251592.033366

Player ID: 14, Position: BigBlind, Holding Cards: | 3c | 8h | , Action: AllIn, 
Best Hand: | Ac | Kc | Qd | 9s | 8h | = HighCard of: 14, Money: -767789.133392

=====================================================================


HighCard: 17.417738
Pair: 43.814745
TwoPairs: 23.494228
Trips: 4.827872
Straight: 4.625050
Flush: 3.027658
FullHouse: 2.592513
Quads: 0.168705
StraightFlush: 0.031492

Empty-BigBlind: 41.052580
OneRaise-CutOff: 32.786740
OneRaise-Dealer: 2.419190
OneRaise-SmallBlind: 10.164640
TwoRaises-CutOff, Dealer: 1.821100
TwoRaises-CutOff, SmallBlind: 7.822530
TwoRaises-CutOff, BigBlind: 1.812090
TwoRaises-Dealer, SmallBlind: 0.554340
TwoRaises-Dealer, BigBlind: 0.127030
TwoRaises-SmallBlind, BigBlind: 0.553960
ThreeRaises-CutOff, Dealer, SmallBlind: 0.379330
ThreeRaises-CutOff, Dealer, BigBlind: 0.085540
ThreeRaises-CutOff, SmallBlind, BigBlind: 0.379270
ThreeRaises-Dealer, SmallBlind, BigBlind: 0.025420
FourRaises-CutOff, Dealer, SmallBlind, BigBlind: 0.016240


Show Downs Frequency: 13.576850
Two Players in Frequency: 12.691050
Three Players in Frequency: 0.869560
Four Players in Frequency: 0.016240
==============================================================================================================
============================******************************************************============================
==============================================================================================================
cutoff strategy: FourtyfivePercent
delear strategy: FivePercent
small blind strategy: TwentyPercent
big blind strategy: TenPercent
=====================================================================
========= Table: 10, #Hand: 10000000

| 9h | Js | 4c | Ad | 6c | 

Player ID: 11, Position: CutOff, Holding Cards: | 5c | 4d | , Action: Fold, 
Best Hand: | Ad | Js | 9h | 4c | 4d | = Pair of: 4, Money: 564092.791632

Player ID: 12, Position: Dealer, Holding Cards: | 2s | 7s | , Action: Fold, 
Best Hand: | Ad | Js | 9h | 7s | 6c | = HighCard of: 14, Money: 356365.516665

Player ID: 13, Position: SmallBlind, Holding Cards: | 3h | Kh | , Action: Fold, 
Best Hand: | Ad | Kh | Js | 9h | 6c | = HighCard of: 14, Money: -280708.941685

Player ID: 14, Position: BigBlind, Holding Cards: | Kd | 6s | , Action: AllIn, 
Best Hand: | Ad | Kd | Js | 6c | 6s | = Pair of: 6, Money: -639749.366719

=====================================================================


HighCard: 17.406752
Pair: 43.830855
TwoPairs: 23.491565
Trips: 4.828300
Straight: 4.612090
Flush: 3.030745
FullHouse: 2.599240
Quads: 0.168590
StraightFlush: 0.031863

Empty-BigBlind: 41.033310
OneRaise-CutOff: 31.026900
OneRaise-Dealer: 2.299670
OneRaise-SmallBlind: 9.641720
TwoRaises-CutOff, Dealer: 1.732210
TwoRaises-CutOff, SmallBlind: 7.464240
TwoRaises-CutOff, BigBlind: 3.573120
TwoRaises-Dealer, SmallBlind: 0.531590
TwoRaises-Dealer, BigBlind: 0.250030
TwoRaises-SmallBlind, BigBlind: 1.078310
ThreeRaises-CutOff, Dealer, SmallBlind: 0.361800
ThreeRaises-CutOff, Dealer, BigBlind: 0.170050
ThreeRaises-CutOff, SmallBlind, BigBlind: 0.753160
ThreeRaises-Dealer, SmallBlind, BigBlind: 0.051650
FourRaises-CutOff, Dealer, SmallBlind, BigBlind: 0.032240


Show Downs Frequency: 15.998400
Two Players in Frequency: 14.629500
Three Players in Frequency: 1.336660
Four Players in Frequency: 0.032240
==============================================================================================================
============================******************************************************============================
==============================================================================================================
cutoff strategy: FourtyfivePercent
delear strategy: FivePercent
small blind strategy: TwentyPercent
big blind strategy: FifteenPercent
=====================================================================
========= Table: 10, #Hand: 10000000

| 6s | 7c | 9d | 2c | 6h | 

Player ID: 11, Position: CutOff, Holding Cards: | Js | Ah | , Action: AllIn, 
Best Hand: | Ah | Js | 9d | 6s | 6h | = Pair of: 6, Money: 497396.691638

Player ID: 12, Position: Dealer, Holding Cards: | 4c | Qc | , Action: Fold, 
Best Hand: | Qc | 9d | 7c | 6s | 6h | = Pair of: 6, Money: 365359.549999

Player ID: 13, Position: SmallBlind, Holding Cards: | 3h | 4s | , Action: Fold, 
Best Hand: | 9d | 7c | 6s | 6h | 4s | = Pair of: 6, Money: -289211.991679

Player ID: 14, Position: BigBlind, Holding Cards: | 8h | Qd | , Action: Fold, 
Best Hand: | Qd | 9d | 8h | 6s | 6h | = Pair of: 6, Money: -573544.250048

=====================================================================


HighCard: 17.404747
Pair: 43.820217
TwoPairs: 23.495250
Trips: 4.831990
Straight: 4.622600
Flush: 3.026182
FullHouse: 2.597825
Quads: 0.169880
StraightFlush: 0.031308

Empty-BigBlind: 41.047950
OneRaise-CutOff: 29.541310
OneRaise-Dealer: 2.190260
OneRaise-SmallBlind: 9.181320
TwoRaises-CutOff, Dealer: 1.670320
TwoRaises-CutOff, SmallBlind: 7.110600
TwoRaises-CutOff, BigBlind: 5.045840
TwoRaises-Dealer, SmallBlind: 0.507350
TwoRaises-Dealer, BigBlind: 0.359760
TwoRaises-SmallBlind, BigBlind: 1.547450
ThreeRaises-CutOff, Dealer, SmallBlind: 0.350770
ThreeRaises-CutOff, Dealer, BigBlind: 0.248380
ThreeRaises-CutOff, SmallBlind, BigBlind: 1.078450
ThreeRaises-Dealer, SmallBlind, BigBlind: 0.073950
FourRaises-CutOff, Dealer, SmallBlind, BigBlind: 0.046290


Show Downs Frequency: 18.039160
Two Players in Frequency: 16.241320
Three Players in Frequency: 1.751550
Four Players in Frequency: 0.046290
==============================================================================================================
============================******************************************************============================
==============================================================================================================
cutoff strategy: FourtyfivePercent
delear strategy: FivePercent
small blind strategy: TwentyPercent
big blind strategy: TwentyPercent
=====================================================================
========= Table: 10, #Hand: 10000000

| 5d | Kd | 2d | 4c | Kc | 

Player ID: 11, Position: CutOff, Holding Cards: | 5s | 7d | , Action: Fold, 
Best Hand: | Kc | Kd | 7d | 5s | 5d | = TwoPairs of: 13 and 5, Money: 444580.841645

Player ID: 12, Position: Dealer, Holding Cards: | 8c | 10d | , Action: Fold, 
Best Hand: | Kc | Kd | 10d | 8c | 5d | = Pair of: 13, Money: 372028.658332

Player ID: 13, Position: SmallBlind, Holding Cards: | 9h | 3s | , Action: Fold, 
Best Hand: | Kc | Kd | 9h | 5d | 4c | = Pair of: 13, Money: -277394.683355

Player ID: 14, Position: BigBlind, Holding Cards: | 2c | 10c | , Action: AllIn, 
Best Hand: | Kc | Kd | 10c | 2c | 2d | = TwoPairs of: 13 and 2, Money: -539214.816712

=====================================================================


HighCard: 17.422785
Pair: 43.823305
TwoPairs: 23.490033
Trips: 4.824325
Straight: 4.617530
Flush: 3.026080
FullHouse: 2.597033
Quads: 0.168125
StraightFlush: 0.030785

Empty-BigBlind: 41.054270
OneRaise-CutOff: 27.816970
OneRaise-Dealer: 2.067800
OneRaise-SmallBlind: 8.679530
TwoRaises-CutOff, Dealer: 1.571570
TwoRaises-CutOff, SmallBlind: 6.765190
TwoRaises-CutOff, BigBlind: 6.755690
TwoRaises-Dealer, SmallBlind: 0.482840
TwoRaises-Dealer, BigBlind: 0.477850
TwoRaises-SmallBlind, BigBlind: 2.048860
ThreeRaises-CutOff, Dealer, SmallBlind: 0.332120
ThreeRaises-CutOff, Dealer, BigBlind: 0.332310
ThreeRaises-CutOff, SmallBlind, BigBlind: 1.450330
ThreeRaises-Dealer, SmallBlind, BigBlind: 0.100380
FourRaises-CutOff, Dealer, SmallBlind, BigBlind: 0.064290


Show Downs Frequency: 20.381430
Two Players in Frequency: 18.102000
Three Players in Frequency: 2.215140
Four Players in Frequency: 0.064290
==============================================================================================================
============================******************************************************============================
==============================================================================================================
cutoff strategy: FourtyfivePercent
delear strategy: FivePercent
small blind strategy: TwentyPercent
big blind strategy: TwentyfivePercent
=====================================================================
========= Table: 10, #Hand: 10000000

| 4c | 3h | 5s | Ac | Qd | 

Player ID: 11, Position: CutOff, Holding Cards: | 7d | 2c | , Action: Fold, 
Best Hand: | Ac | 5s | 4c | 3h | 2c | = Straight of: 5 high, Money: 401971.816650

Player ID: 12, Position: Dealer, Holding Cards: | Kd | Jc | , Action: Fold, 
Best Hand: | Ac | Kd | Qd | Jc | 5s | = HighCard of: 14, Money: 383603.241665

Player ID: 13, Position: SmallBlind, Holding Cards: | Ad | 10h | , Action: AllIn, 
Best Hand: | Ac | Ad | Qd | 10h | 5s | = Pair of: 14, Money: -259983.141699

Player ID: 14, Position: BigBlind, Holding Cards: | 8h | 3d | , Action: Fold, 
Best Hand: | Ac | Qd | 8h | 3d | 3h | = Pair of: 3, Money: -525591.916711

=====================================================================


HighCard: 17.414010
Pair: 43.816475
TwoPairs: 23.505745
Trips: 4.827560
Straight: 4.623325
Flush: 3.021997
FullHouse: 2.591930
Quads: 0.167777
StraightFlush: 0.031180

Empty-BigBlind: 41.027630
OneRaise-CutOff: 26.042520
OneRaise-Dealer: 1.933750
OneRaise-SmallBlind: 8.127900
TwoRaises-CutOff, Dealer: 1.478080
TwoRaises-CutOff, SmallBlind: 6.354950
TwoRaises-CutOff, BigBlind: 8.562990
TwoRaises-Dealer, SmallBlind: 0.451370
TwoRaises-Dealer, BigBlind: 0.611370
TwoRaises-SmallBlind, BigBlind: 2.612980
ThreeRaises-CutOff, Dealer, SmallBlind: 0.310960
ThreeRaises-CutOff, Dealer, BigBlind: 0.424470
ThreeRaises-CutOff, SmallBlind, BigBlind: 1.855380
ThreeRaises-Dealer, SmallBlind, BigBlind: 0.124620
FourRaises-CutOff, Dealer, SmallBlind, BigBlind: 0.081030


Show Downs Frequency: 22.868200
Two Players in Frequency: 20.071740
Three Players in Frequency: 2.715430
Four Players in Frequency: 0.081030
==============================================================================================================
============================******************************************************============================
==============================================================================================================
cutoff strategy: FourtyfivePercent
delear strategy: FivePercent
small blind strategy: TwentyPercent
big blind strategy: ThirtyPercent
=====================================================================
========= Table: 10, #Hand: 10000000

| 10h | 7h | 2d | 2h | 8h | 

Player ID: 11, Position: CutOff, Holding Cards: | Qd | 5h | , Action: Fold, 
Best Hand: | 10h | 8h | 7h | 5h | 2h | = Flush of: 10 high, Money: 383439.883320

Player ID: 12, Position: Dealer, Holding Cards: | Ac | 9d | , Action: Fold, 
Best Hand: | Ac | 10h | 9d | 2d | 2h | = Pair of: 2, Money: 391951.749998

Player ID: 13, Position: SmallBlind, Holding Cards: | 4h | 2c | , Action: Fold, 
Best Hand: | 10h | 8h | 7h | 4h | 2h | = Flush of: 10 high, Money: -242687.300032

Player ID: 14, Position: BigBlind, Holding Cards: | 3s | Jc | , Action: AllIn, 
Best Hand: | Jc | 10h | 8h | 2d | 2h | = Pair of: 2, Money: -532704.333380

=====================================================================


HighCard: 17.405127
Pair: 43.833115
TwoPairs: 23.494910
Trips: 4.827522
Straight: 4.623485
Flush: 3.023407
FullHouse: 2.593527
Quads: 0.168130
StraightFlush: 0.030775

Empty-BigBlind: 41.056100
OneRaise-CutOff: 24.359900
OneRaise-Dealer: 1.817070
OneRaise-SmallBlind: 7.607570
TwoRaises-CutOff, Dealer: 1.390890
TwoRaises-CutOff, SmallBlind: 5.970270
TwoRaises-CutOff, BigBlind: 10.225420
TwoRaises-Dealer, SmallBlind: 0.426100
TwoRaises-Dealer, BigBlind: 0.731360
TwoRaises-SmallBlind, BigBlind: 3.116480
ThreeRaises-CutOff, Dealer, SmallBlind: 0.296410
ThreeRaises-CutOff, Dealer, BigBlind: 0.514540
ThreeRaises-CutOff, SmallBlind, BigBlind: 2.235350
ThreeRaises-Dealer, SmallBlind, BigBlind: 0.154620
FourRaises-CutOff, Dealer, SmallBlind, BigBlind: 0.097920


Show Downs Frequency: 25.159360
Two Players in Frequency: 21.860520
Three Players in Frequency: 3.200920
Four Players in Frequency: 0.097920
==============================================================================================================
============================******************************************************============================
==============================================================================================================
cutoff strategy: FourtyfivePercent
delear strategy: FivePercent
small blind strategy: TwentyPercent
big blind strategy: ThirtyfivePercent
=====================================================================
========= Table: 10, #Hand: 10000000

| 3d | 4c | 4h | 10s | 2s | 

Player ID: 11, Position: CutOff, Holding Cards: | 10d | 8s | , Action: Fold, 
Best Hand: | 10s | 10d | 8s | 4c | 4h | = TwoPairs of: 10 and 4, Money: 390381.366652

Player ID: 12, Position: Dealer, Holding Cards: | 6c | Kh | , Action: Fold, 
Best Hand: | Kh | 10s | 6c | 4c | 4h | = Pair of: 4, Money: 403952.983331

Player ID: 13, Position: SmallBlind, Holding Cards: | 5h | 9d | , Action: Fold, 
Best Hand: | 10s | 9d | 5h | 4c | 4h | = Pair of: 4, Money: -219925.566697

Player ID: 14, Position: BigBlind, Holding Cards: | 3c | 2c | , Action: AllIn, 
Best Hand: | 10s | 4c | 4h | 3c | 3d | = TwoPairs of: 4 and 3, Money: -574408.783385

=====================================================================


HighCard: 17.413867
Pair: 43.822520
TwoPairs: 23.496240
Trips: 4.827418
Straight: 4.624417
Flush: 3.023238
FullHouse: 2.592928
Quads: 0.168360
StraightFlush: 0.031012

Empty-BigBlind: 41.022450
OneRaise-CutOff: 22.547330
OneRaise-Dealer: 1.679330
OneRaise-SmallBlind: 7.024290
TwoRaises-CutOff, Dealer: 1.293460
TwoRaises-CutOff, SmallBlind: 5.548080
TwoRaises-CutOff, BigBlind: 12.057480
TwoRaises-Dealer, SmallBlind: 0.391160
TwoRaises-Dealer, BigBlind: 0.874940
TwoRaises-SmallBlind, BigBlind: 3.709030
ThreeRaises-CutOff, Dealer, SmallBlind: 0.276360
ThreeRaises-CutOff, Dealer, BigBlind: 0.606650
ThreeRaises-CutOff, SmallBlind, BigBlind: 2.667050
ThreeRaises-Dealer, SmallBlind, BigBlind: 0.184900
FourRaises-CutOff, Dealer, SmallBlind, BigBlind: 0.117490


Show Downs Frequency: 27.726600
Two Players in Frequency: 23.874150
Three Players in Frequency: 3.734960
Four Players in Frequency: 0.117490
==============================================================================================================
============================******************************************************============================
==============================================================================================================
cutoff strategy: FourtyfivePercent
delear strategy: FivePercent
small blind strategy: TwentyPercent
big blind strategy: FourtyPercent
=====================================================================
========= Table: 10, #Hand: 10000000

| Jh | 3c | 2s | Qd | 8h | 

Player ID: 11, Position: CutOff, Holding Cards: | 2h | 6d | , Action: Fold, 
Best Hand: | Qd | Jh | 8h | 2s | 2h | = Pair of: 2, Money: 411362.208317

Player ID: 12, Position: Dealer, Holding Cards: | 9d | 6s | , Action: Fold, 
Best Hand: | Qd | Jh | 9d | 8h | 6s | = HighCard of: 12, Money: 414872.441665

Player ID: 13, Position: SmallBlind, Holding Cards: | 10c | 9s | , Action: Fold, 
Best Hand: | Qd | Jh | 10c | 9s | 8h | = Straight of: 12 high, Money: -192025.250028

Player ID: 14, Position: BigBlind, Holding Cards: | Kh | 5d | , Action: AllIn, 
Best Hand: | Kh | Qd | Jh | 8h | 5d | = HighCard of: 13, Money: -634209.400057

=====================================================================


HighCard: 17.418705
Pair: 43.805265
TwoPairs: 23.497615
Trips: 4.834580
Straight: 4.617868
Flush: 3.026553
FullHouse: 2.600497
Quads: 0.167540
StraightFlush: 0.031378

Empty-BigBlind: 41.063700
OneRaise-CutOff: 20.861640
OneRaise-Dealer: 1.553670
OneRaise-SmallBlind: 6.494630
TwoRaises-CutOff, Dealer: 1.203910
TwoRaises-CutOff, SmallBlind: 5.143540
TwoRaises-CutOff, BigBlind: 13.728340
TwoRaises-Dealer, SmallBlind: 0.367770
TwoRaises-Dealer, BigBlind: 0.987330
TwoRaises-SmallBlind, BigBlind: 4.226930
ThreeRaises-CutOff, Dealer, SmallBlind: 0.259750
ThreeRaises-CutOff, Dealer, BigBlind: 0.702110
ThreeRaises-CutOff, SmallBlind, BigBlind: 3.055900
ThreeRaises-Dealer, SmallBlind, BigBlind: 0.213120
FourRaises-CutOff, Dealer, SmallBlind, BigBlind: 0.137660


Show Downs Frequency: 30.026360
Two Players in Frequency: 25.657820
Three Players in Frequency: 4.230880
Four Players in Frequency: 0.137660
==============================================================================================================
============================******************************************************============================
==============================================================================================================
cutoff strategy: FourtyfivePercent
delear strategy: FivePercent
small blind strategy: TwentyPercent
big blind strategy: FourtyfivePercent
=====================================================================
========= Table: 10, #Hand: 10000000

| Qd | 5h | 2s | Ac | 9s | 

Player ID: 11, Position: CutOff, Holding Cards: | 2d | Js | , Action: Fold, 
Best Hand: | Ac | Qd | Js | 2s | 2d | = Pair of: 2, Money: 447369.299980

Player ID: 12, Position: Dealer, Holding Cards: | 8s | Ks | , Action: Fold, 
Best Hand: | Ac | Ks | Qd | 9s | 8s | = HighCard of: 14, Money: 427699.074998

Player ID: 13, Position: SmallBlind, Holding Cards: | 3c | 3d | , Action: Fold, 
Best Hand: | Ac | Qd | 9s | 3c | 3d | = Pair of: 3, Money: -163868.625025

Player ID: 14, Position: BigBlind, Holding Cards: | Qh | Kh | , Action: AllIn, 
Best Hand: | Ac | Kh | Qd | Qh | 9s | = Pair of: 12, Money: -711199.750064

=====================================================================


HighCard: 17.408977
Pair: 43.811692
TwoPairs: 23.497135
Trips: 4.832693
Straight: 4.624198
Flush: 3.030498
FullHouse: 2.594820
Quads: 0.168505
StraightFlush: 0.031482

Empty-BigBlind: 41.043640
OneRaise-CutOff: 19.227890
OneRaise-Dealer: 1.432480
OneRaise-SmallBlind: 5.965920
TwoRaises-CutOff, Dealer: 1.119300
TwoRaises-CutOff, SmallBlind: 4.742800
TwoRaises-CutOff, BigBlind: 15.377550
TwoRaises-Dealer, SmallBlind: 0.337770
TwoRaises-Dealer, BigBlind: 1.117850
TwoRaises-SmallBlind, BigBlind: 4.754200
ThreeRaises-CutOff, Dealer, SmallBlind: 0.239790
ThreeRaises-CutOff, Dealer, BigBlind: 0.787740
ThreeRaises-CutOff, SmallBlind, BigBlind: 3.455360
ThreeRaises-Dealer, SmallBlind, BigBlind: 0.240310
FourRaises-CutOff, Dealer, SmallBlind, BigBlind: 0.157400


Show Downs Frequency: 32.330070
Two Players in Frequency: 27.449470
Three Players in Frequency: 4.723200
Four Players in Frequency: 0.157400
==============================================================================================================
============================******************************************************============================
==============================================================================================================
cutoff strategy: FourtyfivePercent
delear strategy: FivePercent
small blind strategy: TwentyPercent
big blind strategy: FiftyPercent
=====================================================================
========= Table: 10, #Hand: 10000000

| 5s | Ac | Qc | 10s | 5c | 

Player ID: 11, Position: CutOff, Holding Cards: | 10c | 7d | , Action: Fold, 
Best Hand: | Ac | 10c | 10s | 5c | 5s | = TwoPairs of: 10 and 5, Money: 483796.141644

Player ID: 12, Position: Dealer, Holding Cards: | Jc | 2s | , Action: Fold, 
Best Hand: | Ac | Qc | Jc | 5c | 5s | = Pair of: 5, Money: 439018.016664

Player ID: 13, Position: SmallBlind, Holding Cards: | 7c | Ks | , Action: Fold, 
Best Hand: | Ac | Ks | Qc | 5c | 5s | = Pair of: 5, Money: -132454.341686

Player ID: 14, Position: BigBlind, Holding Cards: | 9h | 9c | , Action: AllIn, 
Best Hand: | Ac | 9c | 9h | 5c | 5s | = TwoPairs of: 9 and 5, Money: -790359.816736

=====================================================================


HighCard: 17.402998
Pair: 43.820015
TwoPairs: 23.500505
Trips: 4.830420
Straight: 4.619990
Flush: 3.026315
FullHouse: 2.599547
Quads: 0.168235
StraightFlush: 0.031975

Empty-BigBlind: 41.043070
OneRaise-CutOff: 17.442670
OneRaise-Dealer: 1.308350
OneRaise-SmallBlind: 5.418770
TwoRaises-CutOff, Dealer: 1.018870
TwoRaises-CutOff, SmallBlind: 4.330050
TwoRaises-CutOff, BigBlind: 17.152010
TwoRaises-Dealer, SmallBlind: 0.311100
TwoRaises-Dealer, BigBlind: 1.247710
TwoRaises-SmallBlind, BigBlind: 5.301370
ThreeRaises-CutOff, Dealer, SmallBlind: 0.219700
ThreeRaises-CutOff, Dealer, BigBlind: 0.884000
ThreeRaises-CutOff, SmallBlind, BigBlind: 3.877150
ThreeRaises-Dealer, SmallBlind, BigBlind: 0.270420
FourRaises-CutOff, Dealer, SmallBlind, BigBlind: 0.174760


Show Downs Frequency: 34.787140
Two Players in Frequency: 29.361110
Three Players in Frequency: 5.251270
Four Players in Frequency: 0.174760
==============================================================================================================
============================******************************************************============================
==============================================================================================================
cutoff strategy: FourtyfivePercent
delear strategy: FivePercent
small blind strategy: TwentyfivePercent
big blind strategy: FivePercent
=====================================================================
========= Table: 10, #Hand: 10000000

| 3d | 3s | 5d | 8s | 9d | 

Player ID: 11, Position: CutOff, Holding Cards: | 2d | 10d | , Action: Fold, 
Best Hand: | 10d | 9d | 5d | 3d | 2d | = Flush of: 10 high, Money: 644718.008295

Player ID: 12, Position: Dealer, Holding Cards: | Ks | 7h | , Action: Fold, 
Best Hand: | Ks | 9d | 8s | 3s | 3d | = Pair of: 3, Money: 361441.399999

Player ID: 13, Position: SmallBlind, Holding Cards: | 4c | Ac | , Action: AllIn, 
Best Hand: | Ac | 9d | 8s | 3s | 3d | = Pair of: 3, Money: -161743.558356

Player ID: 14, Position: BigBlind, Holding Cards: | 10s | 8h | , Action: Fold, 
Best Hand: | 10s | 8s | 8h | 3s | 3d | = TwoPairs of: 8 and 3, Money: -844415.850058

=====================================================================


HighCard: 17.403165
Pair: 43.828700
TwoPairs: 23.495348
Trips: 4.827447
Straight: 4.617032
Flush: 3.028975
FullHouse: 2.599085
Quads: 0.168517
StraightFlush: 0.031730

Empty-BigBlind: 38.248340
OneRaise-CutOff: 30.691240
OneRaise-Dealer: 2.267460
OneRaise-SmallBlind: 12.809820
TwoRaises-CutOff, Dealer: 1.708860
TwoRaises-CutOff, SmallBlind: 9.930500
TwoRaises-CutOff, BigBlind: 1.706920
TwoRaises-Dealer, SmallBlind: 0.701860
TwoRaises-Dealer, BigBlind: 0.124160
TwoRaises-SmallBlind, BigBlind: 0.708280
ThreeRaises-CutOff, Dealer, SmallBlind: 0.480450
ThreeRaises-CutOff, Dealer, BigBlind: 0.083230
ThreeRaises-CutOff, SmallBlind, BigBlind: 0.485810
ThreeRaises-Dealer, SmallBlind, BigBlind: 0.032810
FourRaises-CutOff, Dealer, SmallBlind, BigBlind: 0.020260


Show Downs Frequency: 15.983140
Two Players in Frequency: 14.880580
Three Players in Frequency: 1.082300
Four Players in Frequency: 0.020260
==============================================================================================================
============================******************************************************============================
==============================================================================================================
cutoff strategy: FourtyfivePercent
delear strategy: FivePercent
small blind strategy: TwentyfivePercent
big blind strategy: TenPercent
=====================================================================
========= Table: 10, #Hand: 10000000

| 3c | 6c | 2d | Kc | 4s | 

Player ID: 11, Position: CutOff, Holding Cards: | 10d | Kd | , Action: AllIn, 
Best Hand: | Kc | Kd | 10d | 6c | 4s | = Pair of: 13, Money: 540012.816636

Player ID: 12, Position: Dealer, Holding Cards: | 2s | 9s | , Action: Fold, 
Best Hand: | Kc | 9s | 6c | 2s | 2d | = Pair of: 2, Money: 372215.774999

Player ID: 13, Position: SmallBlind, Holding Cards: | Ac | 2c | , Action: AllIn, 
Best Hand: | Ac | Kc | 6c | 3c | 2c | = Flush of: 14 high, Money: -204201.941694

Player ID: 14, Position: BigBlind, Holding Cards: | 7s | As | , Action: Fold, 
Best Hand: | As | Kc | 7s | 6c | 4s | = HighCard of: 14, Money: -708026.650053

=====================================================================


HighCard: 17.420805
Pair: 43.838790
TwoPairs: 23.476920
Trips: 4.829485
Straight: 4.619990
Flush: 3.024770
FullHouse: 2.590705
Quads: 0.167728
StraightFlush: 0.030808

Empty-BigBlind: 38.215400
OneRaise-CutOff: 29.037350
OneRaise-Dealer: 2.156070
OneRaise-SmallBlind: 12.169830
TwoRaises-CutOff, Dealer: 1.630950
TwoRaises-CutOff, SmallBlind: 9.460810
TwoRaises-CutOff, BigBlind: 3.357400
TwoRaises-Dealer, SmallBlind: 0.671260
TwoRaises-Dealer, BigBlind: 0.239520
TwoRaises-SmallBlind, BigBlind: 1.370800
ThreeRaises-CutOff, Dealer, SmallBlind: 0.463980
ThreeRaises-CutOff, Dealer, BigBlind: 0.161950
ThreeRaises-CutOff, SmallBlind, BigBlind: 0.958940
ThreeRaises-Dealer, SmallBlind, BigBlind: 0.064870
FourRaises-CutOff, Dealer, SmallBlind, BigBlind: 0.040870


Show Downs Frequency: 18.421350
Two Players in Frequency: 16.730740
Three Players in Frequency: 1.649740
Four Players in Frequency: 0.040870
==============================================================================================================
============================******************************************************============================
==============================================================================================================
cutoff strategy: FourtyfivePercent
delear strategy: FivePercent
small blind strategy: TwentyfivePercent
big blind strategy: FifteenPercent
=====================================================================
========= Table: 10, #Hand: 10000000

| 3c | 7h | 9d | 4h | Kh | 

Player ID: 11, Position: CutOff, Holding Cards: | As | 3h | , Action: AllIn, 
Best Hand: | As | Kh | 9d | 3c | 3h | = Pair of: 3, Money: 470365.733309

Player ID: 12, Position: Dealer, Holding Cards: | Ah | Ac | , Action: AllIn, 
Best Hand: | Ac | Ah | Kh | 9d | 7h | = Pair of: 14, Money: 377704.299999

Player ID: 13, Position: SmallBlind, Holding Cards: | Kd | 8c | , Action: Fold, 
Best Hand: | Kd | Kh | 9d | 8c | 7h | = Pair of: 13, Money: -210863.383361

Player ID: 14, Position: BigBlind, Holding Cards: | 7s | 2h | , Action: Fold, 
Best Hand: | Kh | 9d | 7s | 7h | 4h | = Pair of: 7, Money: -637206.650049

=====================================================================


HighCard: 17.406770
Pair: 43.839692
TwoPairs: 23.483440
Trips: 4.829705
Straight: 4.622145
Flush: 3.024062
FullHouse: 2.594308
Quads: 0.169118
StraightFlush: 0.030760

Empty-BigBlind: 38.212220
OneRaise-CutOff: 27.646330
OneRaise-Dealer: 2.059250
OneRaise-SmallBlind: 11.572320
TwoRaises-CutOff, Dealer: 1.563520
TwoRaises-CutOff, SmallBlind: 9.052090
TwoRaises-CutOff, BigBlind: 4.748330
TwoRaises-Dealer, SmallBlind: 0.640790
TwoRaises-Dealer, BigBlind: 0.341310
TwoRaises-SmallBlind, BigBlind: 1.951890
ThreeRaises-CutOff, Dealer, SmallBlind: 0.447990
ThreeRaises-CutOff, Dealer, BigBlind: 0.233770
ThreeRaises-CutOff, SmallBlind, BigBlind: 1.376870
ThreeRaises-Dealer, SmallBlind, BigBlind: 0.093840
FourRaises-CutOff, Dealer, SmallBlind, BigBlind: 0.059480


Show Downs Frequency: 20.509880
Two Players in Frequency: 18.297930
Three Players in Frequency: 2.152470
Four Players in Frequency: 0.059480
==============================================================================================================
============================******************************************************============================
==============================================================================================================
cutoff strategy: FourtyfivePercent
delear strategy: FivePercent
small blind strategy: TwentyfivePercent
big blind strategy: TwentyPercent
=====================================================================
========= Table: 10, #Hand: 10000000

| 4s | 6d | 8h | Js | As | 

Player ID: 11, Position: CutOff, Holding Cards: | 10h | 9h | , Action: AllIn, 
Best Hand: | As | Js | 10h | 9h | 8h | = HighCard of: 14, Money: 423665.341648

Player ID: 12, Position: Dealer, Holding Cards: | 3h | 2d | , Action: Fold, 
Best Hand: | As | Js | 8h | 6d | 4s | = HighCard of: 14, Money: 384555.583332

Player ID: 13, Position: SmallBlind, Holding Cards: | Jc | 9s | , Action: Fold, 
Best Hand: | As | Jc | Js | 9s | 8h | = Pair of: 11, Money: -217319.125028

Player ID: 14, Position: BigBlind, Holding Cards: | 9c | 8c | , Action: Fold, 
Best Hand: | As | Js | 9c | 8c | 8h | = Pair of: 8, Money: -590901.800048

=====================================================================


HighCard: 17.409273
Pair: 43.821450
TwoPairs: 23.505945
Trips: 4.826028
Straight: 4.617740
Flush: 3.025040
FullHouse: 2.595607
Quads: 0.167508
StraightFlush: 0.031410

Empty-BigBlind: 38.261020
OneRaise-CutOff: 26.028810
OneRaise-Dealer: 1.938980
OneRaise-SmallBlind: 10.916120
TwoRaises-CutOff, Dealer: 1.478220
TwoRaises-CutOff, SmallBlind: 8.567880
TwoRaises-CutOff, BigBlind: 6.338210
TwoRaises-Dealer, SmallBlind: 0.611000
TwoRaises-Dealer, BigBlind: 0.451900
TwoRaises-SmallBlind, BigBlind: 2.608670
ThreeRaises-CutOff, Dealer, SmallBlind: 0.425030
ThreeRaises-CutOff, Dealer, BigBlind: 0.313260
ThreeRaises-CutOff, SmallBlind, BigBlind: 1.856160
ThreeRaises-Dealer, SmallBlind, BigBlind: 0.125650
FourRaises-CutOff, Dealer, SmallBlind, BigBlind: 0.079090


Show Downs Frequency: 22.855070
Two Players in Frequency: 20.055880
Three Players in Frequency: 2.720100
Four Players in Frequency: 0.079090
==============================================================================================================
============================******************************************************============================
==============================================================================================================
cutoff strategy: FourtyfivePercent
delear strategy: FivePercent
small blind strategy: TwentyfivePercent
big blind strategy: TwentyfivePercent
=====================================================================
========= Table: 10, #Hand: 10000000

| 2h | 2d | 3d | 4h | 4d | 

Player ID: 11, Position: CutOff, Holding Cards: | 9c | Ad | , Action: AllIn, 
Best Hand: | Ad | 4d | 4h | 2d | 2h | = TwoPairs of: 4 and 2, Money: 384749.716653

Player ID: 12, Position: Dealer, Holding Cards: | 3h | Ah | , Action: Fold, 
Best Hand: | Ah | 4d | 4h | 3d | 3h | = TwoPairs of: 4 and 3, Money: 396703.024998

Player ID: 13, Position: SmallBlind, Holding Cards: | 4c | 8s | , Action: Fold, 
Best Hand: | 4c | 4d | 4h | 2d | 2h | = FullHouse of: 4, full of: 2, Money: -211040.858361

Player ID: 14, Position: BigBlind, Holding Cards: | Qd | 10d | , Action: AllIn, 
Best Hand: | Qd | 10d | 4d | 3d | 2d | = Flush of: 12 high, Money: -570411.883379

=====================================================================


HighCard: 17.406558
Pair: 43.830928
TwoPairs: 23.494240
Trips: 4.828102
Straight: 4.617962
Flush: 3.026337
FullHouse: 2.597457
Quads: 0.167475
StraightFlush: 0.030940

Empty-BigBlind: 38.235960
OneRaise-CutOff: 24.334100
OneRaise-Dealer: 1.814430
OneRaise-SmallBlind: 10.231230
TwoRaises-CutOff, Dealer: 1.393540
TwoRaises-CutOff, SmallBlind: 8.053330
TwoRaises-CutOff, BigBlind: 8.059350
TwoRaises-Dealer, SmallBlind: 0.578480
TwoRaises-Dealer, BigBlind: 0.575550
TwoRaises-SmallBlind, BigBlind: 3.299200
ThreeRaises-CutOff, Dealer, SmallBlind: 0.399150
ThreeRaises-CutOff, Dealer, BigBlind: 0.402060
ThreeRaises-CutOff, SmallBlind, BigBlind: 2.359780
ThreeRaises-Dealer, SmallBlind, BigBlind: 0.161980
FourRaises-CutOff, Dealer, SmallBlind, BigBlind: 0.101860


Show Downs Frequency: 25.384280
Two Players in Frequency: 21.959450
Three Players in Frequency: 3.322970
Four Players in Frequency: 0.101860
==============================================================================================================
============================******************************************************============================
==============================================================================================================
cutoff strategy: FourtyfivePercent
delear strategy: FivePercent
small blind strategy: TwentyfivePercent
big blind strategy: ThirtyPercent
=====================================================================
========= Table: 10, #Hand: 10000000

| 2c | 4c | 8h | 6h | 10c | 

Player ID: 11, Position: CutOff, Holding Cards: | 5c | 7h | , Action: Fold, 
Best Hand: | 8h | 7h | 6h | 5c | 4c | = Straight of: 8 high, Money: 360806.858323

Player ID: 12, Position: Dealer, Holding Cards: | 10s | As | , Action: Fold, 
Best Hand: | As | 10c | 10s | 8h | 6h | = Pair of: 10, Money: 404037.641665

Player ID: 13, Position: SmallBlind, Holding Cards: | 6s | Kc | , Action: Fold, 
Best Hand: | Kc | 10c | 8h | 6s | 6h | = Pair of: 6, Money: -189960.200026

Player ID: 14, Position: BigBlind, Holding Cards: | 4d | 5s | , Action: AllIn, 
Best Hand: | 10c | 8h | 6h | 4c | 4d | = Pair of: 4, Money: -574884.300047

=====================================================================


HighCard: 17.419885
Pair: 43.827877
TwoPairs: 23.496787
Trips: 4.829017
Straight: 4.616730
Flush: 3.017160
FullHouse: 2.594255
Quads: 0.167577
StraightFlush: 0.030710

Empty-BigBlind: 38.245690
OneRaise-CutOff: 22.784420
OneRaise-Dealer: 1.706490
OneRaise-SmallBlind: 9.568020
TwoRaises-CutOff, Dealer: 1.301490
TwoRaises-CutOff, SmallBlind: 7.569380
TwoRaises-CutOff, BigBlind: 9.606640
TwoRaises-Dealer, SmallBlind: 0.540930
TwoRaises-Dealer, BigBlind: 0.689800
TwoRaises-SmallBlind, BigBlind: 3.962510
ThreeRaises-CutOff, Dealer, SmallBlind: 0.379630
ThreeRaises-CutOff, Dealer, BigBlind: 0.482540
ThreeRaises-CutOff, SmallBlind, BigBlind: 2.836660
ThreeRaises-Dealer, SmallBlind, BigBlind: 0.199010
FourRaises-CutOff, Dealer, SmallBlind, BigBlind: 0.126790


Show Downs Frequency: 27.695380
Two Players in Frequency: 23.670750
Three Players in Frequency: 3.897840
Four Players in Frequency: 0.126790
==============================================================================================================
============================******************************************************============================
==============================================================================================================
cutoff strategy: FourtyfivePercent
delear strategy: FivePercent
small blind strategy: TwentyfivePercent
big blind strategy: ThirtyfivePercent
=====================================================================
========= Table: 10, #Hand: 10000000

| 8c | 4h | Jh | 7h | Ac | 

Player ID: 11, Position: CutOff, Holding Cards: | 4c | Qh | , Action: Fold, 
Best Hand: | Ac | Qh | Jh | 4c | 4h | = Pair of: 4, Money: 368595.433323

Player ID: 12, Position: Dealer, Holding Cards: | 6h | 10d | , Action: Fold, 
Best Hand: | Ac | Jh | 10d | 8c | 7h | = HighCard of: 14, Money: 414734.249998

Player ID: 13, Position: SmallBlind, Holding Cards: | Qs | 5h | , Action: Fold, 
Best Hand: | Ac | Qs | Jh | 8c | 7h | = HighCard of: 14, Money: -160514.866689

Player ID: 14, Position: BigBlind, Holding Cards: | Jd | Ks | , Action: AllIn, 
Best Hand: | Ac | Ks | Jd | Jh | 8c | = Pair of: 11, Money: -622814.816718

=====================================================================


HighCard: 17.403703
Pair: 43.829520
TwoPairs: 23.494473
Trips: 4.831245
Straight: 4.622425
Flush: 3.022327
FullHouse: 2.596640
Quads: 0.169060
StraightFlush: 0.030607

Empty-BigBlind: 38.232890
OneRaise-CutOff: 21.051320
OneRaise-Dealer: 1.571040
OneRaise-SmallBlind: 8.829510
TwoRaises-CutOff, Dealer: 1.216240
TwoRaises-CutOff, SmallBlind: 7.015140
TwoRaises-CutOff, BigBlind: 11.342120
TwoRaises-Dealer, SmallBlind: 0.500630
TwoRaises-Dealer, BigBlind: 0.819170
TwoRaises-SmallBlind, BigBlind: 4.699870
ThreeRaises-CutOff, Dealer, SmallBlind: 0.353140
ThreeRaises-CutOff, Dealer, BigBlind: 0.574790
ThreeRaises-CutOff, SmallBlind, BigBlind: 3.409520
ThreeRaises-Dealer, SmallBlind, BigBlind: 0.234460
FourRaises-CutOff, Dealer, SmallBlind, BigBlind: 0.150160


Show Downs Frequency: 30.315240
Two Players in Frequency: 25.593170
Three Players in Frequency: 4.571910
Four Players in Frequency: 0.150160
==============================================================================================================
============================******************************************************============================
==============================================================================================================
cutoff strategy: FourtyfivePercent
delear strategy: FivePercent
small blind strategy: TwentyfivePercent
big blind strategy: FourtyPercent
=====================================================================
========= Table: 10, #Hand: 10000000

| 10d | Jd | 7d | 3s | Ks | 

Player ID: 11, Position: CutOff, Holding Cards: | 5h | 3c | , Action: Fold, 
Best Hand: | Ks | Jd | 10d | 3c | 3s | = Pair of: 3, Money: 396734.716653

Player ID: 12, Position: Dealer, Holding Cards: | 6c | 10h | , Action: Fold, 
Best Hand: | Ks | Jd | 10d | 10h | 7d | = Pair of: 10, Money: 426865.008331

Player ID: 13, Position: SmallBlind, Holding Cards: | 7h | 8s | , Action: Fold, 
Best Hand: | Ks | Jd | 10d | 7d | 7h | = Pair of: 7, Money: -135132.958352

Player ID: 14, Position: BigBlind, Holding Cards: | Kc | 2h | , Action: AllIn, 
Best Hand: | Kc | Ks | Jd | 10d | 7d | = Pair of: 13, Money: -688466.766724

=====================================================================


HighCard: 17.404670
Pair: 43.822648
TwoPairs: 23.504262
Trips: 4.833190
Straight: 4.617890
Flush: 3.024830
FullHouse: 2.592500
Quads: 0.168835
StraightFlush: 0.031175

Empty-BigBlind: 38.235150
OneRaise-CutOff: 19.479270
OneRaise-Dealer: 1.460370
OneRaise-SmallBlind: 8.161990
TwoRaises-CutOff, Dealer: 1.137350
TwoRaises-CutOff, SmallBlind: 6.516420
TwoRaises-CutOff, BigBlind: 12.922450
TwoRaises-Dealer, SmallBlind: 0.468020
TwoRaises-Dealer, BigBlind: 0.937700
TwoRaises-SmallBlind, BigBlind: 5.360760
ThreeRaises-CutOff, Dealer, SmallBlind: 0.329830
ThreeRaises-CutOff, Dealer, BigBlind: 0.661960
ThreeRaises-CutOff, SmallBlind, BigBlind: 3.886450
ThreeRaises-Dealer, SmallBlind, BigBlind: 0.269200
FourRaises-CutOff, Dealer, SmallBlind, BigBlind: 0.173080


Show Downs Frequency: 32.663220
Two Players in Frequency: 27.342700
Three Players in Frequency: 5.147440
Four Players in Frequency: 0.173080
==============================================================================================================
============================******************************************************============================
==============================================================================================================
cutoff strategy: FourtyfivePercent
delear strategy: FivePercent
small blind strategy: TwentyfivePercent
big blind strategy: FourtyfivePercent
=====================================================================
========= Table: 10, #Hand: 10000000

| 6d | 6s | 3h | 10s | Jc | 

Player ID: 11, Position: CutOff, Holding Cards: | Jd | 3d | , Action: Fold, 
Best Hand: | Jc | Jd | 10s | 6s | 6d | = TwoPairs of: 11 and 6, Money: 425577.441650

Player ID: 12, Position: Dealer, Holding Cards: | 10c | Kd | , Action: Fold, 
Best Hand: | Kd | 10c | 10s | 6s | 6d | = TwoPairs of: 10 and 6, Money: 434721.999998

Player ID: 13, Position: SmallBlind, Holding Cards: | Ad | 4d | , Action: AllIn, 
Best Hand: | Ad | Jc | 10s | 6s | 6d | = Pair of: 6, Money: -99880.825010

Player ID: 14, Position: BigBlind, Holding Cards: | Jh | 7h | , Action: AllIn, 
Best Hand: | Jc | Jh | 10s | 6s | 6d | = TwoPairs of: 11 and 6, Money: -760418.616729

=====================================================================


HighCard: 17.415913
Pair: 43.826637
TwoPairs: 23.493427
Trips: 4.828873
Straight: 4.618882
Flush: 3.021140
FullHouse: 2.595985
Quads: 0.167945
StraightFlush: 0.031197

Empty-BigBlind: 38.225590
OneRaise-CutOff: 17.949130
OneRaise-Dealer: 1.348050
OneRaise-SmallBlind: 7.508280
TwoRaises-CutOff, Dealer: 1.049480
TwoRaises-CutOff, SmallBlind: 6.019680
TwoRaises-CutOff, BigBlind: 14.456530
TwoRaises-Dealer, SmallBlind: 0.430570
TwoRaises-Dealer, BigBlind: 1.044740
TwoRaises-SmallBlind, BigBlind: 6.014000
ThreeRaises-CutOff, Dealer, SmallBlind: 0.306830
ThreeRaises-CutOff, Dealer, BigBlind: 0.744500
ThreeRaises-CutOff, SmallBlind, BigBlind: 4.396730
ThreeRaises-Dealer, SmallBlind, BigBlind: 0.308850
FourRaises-CutOff, Dealer, SmallBlind, BigBlind: 0.197040


Show Downs Frequency: 34.968950
Two Players in Frequency: 29.015000
Three Players in Frequency: 5.756910
Four Players in Frequency: 0.197040
==============================================================================================================
============================******************************************************============================
==============================================================================================================
cutoff strategy: FourtyfivePercent
delear strategy: FivePercent
small blind strategy: TwentyfivePercent
big blind strategy: FiftyPercent
=====================================================================
========= Table: 10, #Hand: 10000000

| 2d | 10c | Kc | Ac | Qh | 

Player ID: 11, Position: CutOff, Holding Cards: | 2s | 5s | , Action: Fold, 
Best Hand: | Ac | Kc | Qh | 2s | 2d | = Pair of: 2, Money: 471394.266646

Player ID: 12, Position: Dealer, Holding Cards: | 5c | 9d | , Action: Fold, 
Best Hand: | Ac | Kc | Qh | 10c | 9d | = HighCard of: 14, Money: 446612.416664

Player ID: 13, Position: SmallBlind, Holding Cards: | 10h | 5h | , Action: Fold, 
Best Hand: | Ac | Kc | Qh | 10c | 10h | = Pair of: 10, Money: -64457.866659

Player ID: 14, Position: BigBlind, Holding Cards: | 9s | As | , Action: AllIn, 
Best Hand: | Ac | As | Kc | Qh | 10c | = Pair of: 14, Money: -853548.816735

=====================================================================


HighCard: 17.413445
Pair: 43.823568
TwoPairs: 23.492120
Trips: 4.831577
Straight: 4.617183
Flush: 3.025383
FullHouse: 2.598142
Quads: 0.167878
StraightFlush: 0.030705

Empty-BigBlind: 38.227120
OneRaise-CutOff: 16.300310
OneRaise-Dealer: 1.224230
OneRaise-SmallBlind: 6.825280
TwoRaises-CutOff, Dealer: 0.959970
TwoRaises-CutOff, SmallBlind: 5.488300
TwoRaises-CutOff, BigBlind: 16.092780
TwoRaises-Dealer, SmallBlind: 0.389590
TwoRaises-Dealer, BigBlind: 1.174210
TwoRaises-SmallBlind, BigBlind: 6.712040
ThreeRaises-CutOff, Dealer, SmallBlind: 0.278290
ThreeRaises-CutOff, Dealer, BigBlind: 0.832500
ThreeRaises-CutOff, SmallBlind, BigBlind: 4.930160
ThreeRaises-Dealer, SmallBlind, BigBlind: 0.342490
FourRaises-CutOff, Dealer, SmallBlind, BigBlind: 0.222730


Show Downs Frequency: 37.423060
Two Players in Frequency: 30.816890
Three Players in Frequency: 6.383440
Four Players in Frequency: 0.222730
==============================================================================================================
============================******************************************************============================
==============================================================================================================
cutoff strategy: FourtyfivePercent
delear strategy: FivePercent
small blind strategy: ThirtyPercent
big blind strategy: FivePercent
=====================================================================
========= Table: 10, #Hand: 10000000

| Ac | Qc | Qh | 6h | 4h | 

Player ID: 11, Position: CutOff, Holding Cards: | 5d | 8d | , Action: Fold, 
Best Hand: | Ac | Qc | Qh | 8d | 6h | = Pair of: 12, Money: 633366.933298

Player ID: 12, Position: Dealer, Holding Cards: | Kd | Ah | , Action: AllIn, 
Best Hand: | Ac | Ah | Kd | Qc | Qh | = TwoPairs of: 14 and 12, Money: 375123.458332

Player ID: 13, Position: SmallBlind, Holding Cards: | 2h | 9h | , Action: Fold, 
Best Hand: | Qh | 9h | 6h | 4h | 2h | = Flush of: 12 high, Money: -92392.141674

Player ID: 14, Position: BigBlind, Holding Cards: | Ad | 10h | , Action: Fold, 
Best Hand: | Ac | Ad | Qc | Qh | 10h | = TwoPairs of: 14 and 12, Money: -916098.250057

=====================================================================


HighCard: 17.403030
Pair: 43.827058
TwoPairs: 23.493335
Trips: 4.829352
Straight: 4.618775
Flush: 3.031285
FullHouse: 2.598543
Quads: 0.167763
StraightFlush: 0.030860

Empty-BigBlind: 35.716700
OneRaise-CutOff: 28.736200
OneRaise-Dealer: 2.119680
OneRaise-SmallBlind: 15.217380
TwoRaises-CutOff, Dealer: 1.610860
TwoRaises-CutOff, SmallBlind: 11.870770
TwoRaises-CutOff, BigBlind: 1.608340
TwoRaises-Dealer, SmallBlind: 0.845080
TwoRaises-Dealer, BigBlind: 0.114870
TwoRaises-SmallBlind, BigBlind: 0.847670
ThreeRaises-CutOff, Dealer, SmallBlind: 0.586020
ThreeRaises-CutOff, Dealer, BigBlind: 0.076260
ThreeRaises-CutOff, SmallBlind, BigBlind: 0.585260
ThreeRaises-Dealer, SmallBlind, BigBlind: 0.039940
FourRaises-CutOff, Dealer, SmallBlind, BigBlind: 0.024970


Show Downs Frequency: 18.210040
Two Players in Frequency: 16.897590
Three Players in Frequency: 1.287480
Four Players in Frequency: 0.024970
==============================================================================================================
============================******************************************************============================
==============================================================================================================
cutoff strategy: FourtyfivePercent
delear strategy: FivePercent
small blind strategy: ThirtyPercent
big blind strategy: TenPercent
=====================================================================
========= Table: 10, #Hand: 10000000

| 7h | Kh | 9s | 10d | 3s | 

Player ID: 11, Position: CutOff, Holding Cards: | 10h | 3c | , Action: Fold, 
Best Hand: | Kh | 10d | 10h | 3c | 3s | = TwoPairs of: 10 and 3, Money: 532970.733305

Player ID: 12, Position: Dealer, Holding Cards: | 2d | 2h | , Action: Fold, 
Best Hand: | Kh | 10d | 9s | 2d | 2h | = Pair of: 2, Money: 383113.624998

Player ID: 13, Position: SmallBlind, Holding Cards: | 3d | 4h | , Action: Fold, 
Best Hand: | Kh | 10d | 9s | 3s | 3d | = Pair of: 3, Money: -151283.925019

Player ID: 14, Position: BigBlind, Holding Cards: | Js | 6h | , Action: AllIn, 
Best Hand: | Kh | Js | 10d | 9s | 7h | = HighCard of: 13, Money: -764800.433386

=====================================================================


HighCard: 17.412388
Pair: 43.817793
TwoPairs: 23.498493
Trips: 4.828882
Straight: 4.619623
Flush: 3.026805
FullHouse: 2.597875
Quads: 0.167102
StraightFlush: 0.031040

Empty-BigBlind: 35.706830
OneRaise-CutOff: 27.199940
OneRaise-Dealer: 2.021920
OneRaise-SmallBlind: 14.426650
TwoRaises-CutOff, Dealer: 1.531350
TwoRaises-CutOff, SmallBlind: 11.285070
TwoRaises-CutOff, BigBlind: 3.151680
TwoRaises-Dealer, SmallBlind: 0.802990
TwoRaises-Dealer, BigBlind: 0.226390
TwoRaises-SmallBlind, BigBlind: 1.643160
ThreeRaises-CutOff, Dealer, SmallBlind: 0.558310
ThreeRaises-CutOff, Dealer, BigBlind: 0.154020
ThreeRaises-CutOff, SmallBlind, BigBlind: 1.162100
ThreeRaises-Dealer, SmallBlind, BigBlind: 0.078790
FourRaises-CutOff, Dealer, SmallBlind, BigBlind: 0.050800


Show Downs Frequency: 20.644660
Two Players in Frequency: 18.640640
Three Players in Frequency: 1.953220
Four Players in Frequency: 0.050800
