==============================================================================================================
============================******************************************************============================
==============================================================================================================
cutoff strategy: TenPercent
delear strategy: FivePercent
small blind strategy: TenPercent
big blind strategy: FivePercent
=====================================================================
========= Table: 10, #Hand: 10000000

| 2c | Kh | Qd | 7d | 6c | 

Player ID: 11, Position: CutOff, Holding Cards: | 3c | 10d | , Action: Fold, 
Best Hand: | Kh | Qd | 10d | 7d | 6c | = HighCard of: 13, Money: 286074.450002

Player ID: 12, Position: Dealer, Holding Cards: | 2h | Kd | , Action: Fold, 
Best Hand: | Kd | Kh | Qd | 2c | 2h | = TwoPairs of: 13 and 2, Money: 201687.500002

Player ID: 13, Position: SmallBlind, Holding Cards: | 3s | Qc | , Action: Fold, 
Best Hand: | Kh | Qc | Qd | 7d | 6c | = Pair of: 12, Money: -697790.366550

Player ID: 14, Position: BigBlind, Holding Cards: | Ah | 5s | , Action: AllIn, 
Best Hand: | Ah | Kh | Qd | 7d | 6c | = HighCard of: 14, Money: 210028.416695

=====================================================================


HighCard: 17.426170
Pair: 43.830233
TwoPairs: 23.478565
Trips: 4.819855
Straight: 4.623885
Flush: 3.026305
FullHouse: 2.595240
Quads: 0.168653
StraightFlush: 0.031095

Empty-BigBlind: 75.415750
OneRaise-CutOff: 8.659440
OneRaise-Dealer: 4.234290
OneRaise-SmallBlind: 8.667900
TwoRaises-CutOff, Dealer: 0.446580
TwoRaises-CutOff, SmallBlind: 0.905190
TwoRaises-CutOff, BigBlind: 0.444900
TwoRaises-Dealer, SmallBlind: 0.442210
TwoRaises-Dealer, BigBlind: 0.214220
TwoRaises-SmallBlind, BigBlind: 0.447330
ThreeRaises-CutOff, Dealer, SmallBlind: 0.040710
ThreeRaises-CutOff, Dealer, BigBlind: 0.019440
ThreeRaises-CutOff, SmallBlind, BigBlind: 0.041240
ThreeRaises-Dealer, SmallBlind, BigBlind: 0.019260
FourRaises-CutOff, Dealer, SmallBlind, BigBlind: 0.001540


Show Downs Frequency: 3.022620
Two Players in Frequency: 2.900430
Three Players in Frequency: 0.120650
Four Players in Frequency: 0.001540
==============================================================================================================
============================******************************************************============================
==============================================================================================================
cutoff strategy: TenPercent
delear strategy: FivePercent
small blind strategy: TenPercent
big blind strategy: TenPercent
=====================================================================
========= Table: 10, #Hand: 10000000

| 4d | Ac | 9d | 6s | 2s | 

Player ID: 11, Position: CutOff, Holding Cards: | 8h | Ks | , Action: Fold, 
Best Hand: | Ac | Ks | 9d | 8h | 6s | = HighCard of: 14, Money: 292770.266668

Player ID: 12, Position: Dealer, Holding Cards: | 8d | Qd | , Action: Fold, 
Best Hand: | Ac | Qd | 9d | 8d | 6s | = HighCard of: 14, Money: 213376.566668

Player ID: 13, Position: SmallBlind, Holding Cards: | As | 4h | , Action: Fold, 
Best Hand: | Ac | As | 9d | 4d | 4h | = TwoPairs of: 14 and 4, Money: -692767.633218

Player ID: 14, Position: BigBlind, Holding Cards: | 2h | 7h | , Action: AllIn, 
Best Hand: | Ac | 9d | 7h | 2s | 2h | = Pair of: 2, Money: 186620.800026

=====================================================================


HighCard: 17.413792
Pair: 43.820145
TwoPairs: 23.510027
Trips: 4.826103
Straight: 4.614760
Flush: 3.022582
FullHouse: 2.594375
Quads: 0.166937
StraightFlush: 0.031277

Empty-BigBlind: 75.428590
OneRaise-CutOff: 8.224660
OneRaise-Dealer: 4.036550
OneRaise-SmallBlind: 8.221980
TwoRaises-CutOff, Dealer: 0.422020
TwoRaises-CutOff, SmallBlind: 0.873120
TwoRaises-CutOff, BigBlind: 0.874590
TwoRaises-Dealer, SmallBlind: 0.425250
TwoRaises-Dealer, BigBlind: 0.424730
TwoRaises-SmallBlind, BigBlind: 0.870200
ThreeRaises-CutOff, Dealer, SmallBlind: 0.038490
ThreeRaises-CutOff, Dealer, BigBlind: 0.038490
ThreeRaises-CutOff, SmallBlind, BigBlind: 0.080610
ThreeRaises-Dealer, SmallBlind, BigBlind: 0.037680
FourRaises-CutOff, Dealer, SmallBlind, BigBlind: 0.003040


Show Downs Frequency: 4.088220
Two Players in Frequency: 3.889910
Three Players in Frequency: 0.195270
Four Players in Frequency: 0.003040
==============================================================================================================
============================******************************************************============================
==============================================================================================================
cutoff strategy: TenPercent
delear strategy: FivePercent
small blind strategy: TenPercent
big blind strategy: FifteenPercent
=====================================================================
========= Table: 10, #Hand: 10000000

| Qs | 2c | 3c | 7d | 6d | 

Player ID: 11, Position: CutOff, Holding Cards: | Jh | 4c | , Action: Fold, 
Best Hand: | Qs | Jh | 7d | 6d | 4c | = HighCard of: 12, Money: 303081.091667

Player ID: 12, Position: Dealer, Holding Cards: | Ah | 9s | , Action: Fold, 
Best Hand: | Ah | Qs | 9s | 7d | 6d | = HighCard of: 14, Money: 223389.650002

Player ID: 13, Position: SmallBlind, Holding Cards: | Ac | 6c | , Action: Fold, 
Best Hand: | Ac | Qs | 7d | 6c | 6d | = Pair of: 6, Money: -676933.508220

Player ID: 14, Position: BigBlind, Holding Cards: | 5c | Kh | , Action: AllIn, 
Best Hand: | Kh | Qs | 7d | 6d | 5c | = HighCard of: 13, Money: 150462.766688

=====================================================================


HighCard: 17.416595
Pair: 43.828032
TwoPairs: 23.484630
Trips: 4.827220
Straight: 4.621367
Flush: 3.023027
FullHouse: 2.599868
Quads: 0.168338
StraightFlush: 0.030922

Empty-BigBlind: 75.431700
OneRaise-CutOff: 7.861460
OneRaise-Dealer: 3.850750
OneRaise-SmallBlind: 7.849110
TwoRaises-CutOff, Dealer: 0.409730
TwoRaises-CutOff, SmallBlind: 0.830830
TwoRaises-CutOff, BigBlind: 1.242230
TwoRaises-Dealer, SmallBlind: 0.406560
TwoRaises-Dealer, BigBlind: 0.603530
TwoRaises-SmallBlind, BigBlind: 1.243450
ThreeRaises-CutOff, Dealer, SmallBlind: 0.036860
ThreeRaises-CutOff, Dealer, BigBlind: 0.056880
ThreeRaises-CutOff, SmallBlind, BigBlind: 0.115340
ThreeRaises-Dealer, SmallBlind, BigBlind: 0.057000
FourRaises-CutOff, Dealer, SmallBlind, BigBlind: 0.004570


Show Downs Frequency: 5.006980
Two Players in Frequency: 4.736330
Three Players in Frequency: 0.266080
Four Players in Frequency: 0.004570
==============================================================================================================
============================******************************************************============================
==============================================================================================================
cutoff strategy: TenPercent
delear strategy: FivePercent
small blind strategy: TenPercent
big blind strategy: TwentyPercent
=====================================================================
========= Table: 10, #Hand: 10000000

| 10c | 3d | 2d | 8s | Ks | 

Player ID: 11, Position: CutOff, Holding Cards: | Qd | Kh | , Action: Fold, 
Best Hand: | Ks | Kh | Qd | 10c | 8s | = Pair of: 13, Money: 319840.766666

Player ID: 12, Position: Dealer, Holding Cards: | Qh | Qc | , Action: AllIn, 
Best Hand: | Ks | Qc | Qh | 10c | 8s | = Pair of: 12, Money: 235829.075002

Player ID: 13, Position: SmallBlind, Holding Cards: | 9h | 9c | , Action: AllIn, 
Best Hand: | Ks | 10c | 9c | 9h | 8s | = Pair of: 9, Money: -654909.358223

Player ID: 14, Position: BigBlind, Holding Cards: | 9s | As | , Action: AllIn, 
Best Hand: | As | Ks | 10c | 9s | 8s | = HighCard of: 14, Money: 99239.516676

=====================================================================


HighCard: 17.408960
Pair: 43.829143
TwoPairs: 23.483957
Trips: 4.836952
Straight: 4.613215
Flush: 3.026430
FullHouse: 2.601330
Quads: 0.169105
StraightFlush: 0.030908

Empty-BigBlind: 75.416380
OneRaise-CutOff: 7.421310
OneRaise-Dealer: 3.641550
OneRaise-SmallBlind: 7.429350
TwoRaises-CutOff, Dealer: 0.390270
TwoRaises-CutOff, SmallBlind: 0.791700
TwoRaises-CutOff, BigBlind: 1.677860
TwoRaises-Dealer, SmallBlind: 0.387270
TwoRaises-Dealer, BigBlind: 0.815150
TwoRaises-SmallBlind, BigBlind: 1.677000
ThreeRaises-CutOff, Dealer, SmallBlind: 0.035250
ThreeRaises-CutOff, Dealer, BigBlind: 0.076520
ThreeRaises-CutOff, SmallBlind, BigBlind: 0.157900
ThreeRaises-Dealer, SmallBlind, BigBlind: 0.076010
FourRaises-CutOff, Dealer, SmallBlind, BigBlind: 0.006480


Show Downs Frequency: 6.091410
Two Players in Frequency: 5.739250
Three Players in Frequency: 0.345680
Four Players in Frequency: 0.006480
==============================================================================================================
============================******************************************************============================
==============================================================================================================
cutoff strategy: TenPercent
delear strategy: FivePercent
small blind strategy: TenPercent
big blind strategy: TwentyfivePercent
=====================================================================
========= Table: 10, #Hand: 10000000

| 7c | 3c | 9d | 3d | Ac | 

Player ID: 11, Position: CutOff, Holding Cards: | Ad | Jd | , Action: AllIn, 
Best Hand: | Ac | Ad | Jd | 3c | 3d | = TwoPairs of: 14 and 3, Money: 342977.833331

Player ID: 12, Position: Dealer, Holding Cards: | Kc | 10d | , Action: Fold, 
Best Hand: | Ac | Kc | 10d | 3c | 3d | = Pair of: 3, Money: 250197.825002

Player ID: 13, Position: SmallBlind, Holding Cards: | Ks | 7s | , Action: Fold, 
Best Hand: | Ac | 7c | 7s | 3c | 3d | = TwoPairs of: 7 and 3, Money: -637781.441559

Player ID: 14, Position: BigBlind, Holding Cards: | 9c | 10h | , Action: Fold, 
Best Hand: | Ac | 9c | 9d | 3c | 3d | = TwoPairs of: 9 and 3, Money: 44605.783327

=====================================================================


HighCard: 17.408790
Pair: 43.828522
TwoPairs: 23.488052
Trips: 4.832802
Straight: 4.618555
Flush: 3.029892
FullHouse: 2.593183
Quads: 0.168875
StraightFlush: 0.031328

Empty-BigBlind: 75.439070
OneRaise-CutOff: 6.963810
OneRaise-Dealer: 3.416050
OneRaise-SmallBlind: 6.958600
TwoRaises-CutOff, Dealer: 0.369180
TwoRaises-CutOff, SmallBlind: 0.748750
TwoRaises-CutOff, BigBlind: 2.127360
TwoRaises-Dealer, SmallBlind: 0.363530
TwoRaises-Dealer, BigBlind: 1.036990
TwoRaises-SmallBlind, BigBlind: 2.133490
ThreeRaises-CutOff, Dealer, SmallBlind: 0.034540
ThreeRaises-CutOff, Dealer, BigBlind: 0.098180
ThreeRaises-CutOff, SmallBlind, BigBlind: 0.203090
ThreeRaises-Dealer, SmallBlind, BigBlind: 0.098810
FourRaises-CutOff, Dealer, SmallBlind, BigBlind: 0.008550


Show Downs Frequency: 7.222470
Two Players in Frequency: 6.779300
Three Players in Frequency: 0.434620
Four Players in Frequency: 0.008550
==============================================================================================================
============================******************************************************============================
==============================================================================================================
cutoff strategy: TenPercent
delear strategy: FivePercent
small blind strategy: TenPercent
big blind strategy: ThirtyPercent
=====================================================================
========= Table: 10, #Hand: 10000000

| Kd | 2s | 9d | Kh | 10h | 

Player ID: 11, Position: CutOff, Holding Cards: | 2c | 2d | , Action: Fold, 
Best Hand: | Kd | Kh | 2c | 2s | 2d | = FullHouse of: 13, full of: 2, Money: 363631.541664

Player ID: 12, Position: Dealer, Holding Cards: | 5h | 9s | , Action: Fold, 
Best Hand: | Kd | Kh | 10h | 9s | 9d | = TwoPairs of: 13 and 9, Money: 259680.100002

Player ID: 13, Position: SmallBlind, Holding Cards: | Qh | 10c | , Action: Fold, 
Best Hand: | Kd | Kh | Qh | 10c | 10h | = TwoPairs of: 13 and 10, Money: -618317.741562

Player ID: 14, Position: BigBlind, Holding Cards: | 6c | 2h | , Action: AllIn, 
Best Hand: | Kd | Kh | 10h | 2s | 2h | = TwoPairs of: 13 and 2, Money: -4993.900000

=====================================================================


HighCard: 17.418655
Pair: 43.805015
TwoPairs: 23.496458
Trips: 4.830765
Straight: 4.621492
Flush: 3.026325
FullHouse: 2.601938
Quads: 0.168217
StraightFlush: 0.031135

Empty-BigBlind: 75.415720
OneRaise-CutOff: 6.545970
OneRaise-Dealer: 3.211390
OneRaise-SmallBlind: 6.535230
TwoRaises-CutOff, Dealer: 0.342930
TwoRaises-CutOff, SmallBlind: 0.701440
TwoRaises-CutOff, BigBlind: 2.565290
TwoRaises-Dealer, SmallBlind: 0.344670
TwoRaises-Dealer, BigBlind: 1.248560
TwoRaises-SmallBlind, BigBlind: 2.563570
ThreeRaises-CutOff, Dealer, SmallBlind: 0.033100
ThreeRaises-CutOff, Dealer, BigBlind: 0.120210
ThreeRaises-CutOff, SmallBlind, BigBlind: 0.243110
ThreeRaises-Dealer, SmallBlind, BigBlind: 0.119110
FourRaises-CutOff, Dealer, SmallBlind, BigBlind: 0.009700


Show Downs Frequency: 8.291690
Two Players in Frequency: 7.766460
Three Players in Frequency: 0.515530
Four Players in Frequency: 0.009700
==============================================================================================================
============================******************************************************============================
==============================================================================================================
cutoff strategy: TenPercent
delear strategy: FivePercent
small blind strategy: TenPercent
big blind strategy: ThirtyfivePercent
=====================================================================
========= Table: 10, #Hand: 10000000

| 6s | 4c | 7d | Jc | 8s | 

Player ID: 11, Position: CutOff, Holding Cards: | 10h | 2s | , Action: Fold, 
Best Hand: | Jc | 10h | 8s | 7d | 6s | = HighCard of: 11, Money: 381722.641663

Player ID: 12, Position: Dealer, Holding Cards: | 2c | 7s | , Action: Fold, 
Best Hand: | Jc | 8s | 7s | 7d | 6s | = Pair of: 7, Money: 277085.500001

Player ID: 13, Position: SmallBlind, Holding Cards: | 6c | 10d | , Action: Fold, 
Best Hand: | Jc | 10d | 8s | 6c | 6s | = Pair of: 6, Money: -592377.708234

Player ID: 14, Position: BigBlind, Holding Cards: | 4h | 6d | , Action: AllIn, 
Best Hand: | Jc | 6s | 6d | 4c | 4h | = TwoPairs of: 6 and 4, Money: -66430.433340

=====================================================================


HighCard: 17.405033
Pair: 43.821053
TwoPairs: 23.495355
Trips: 4.831893
Straight: 4.625332
Flush: 3.023830
FullHouse: 2.598185
Quads: 0.168135
StraightFlush: 0.031185

Empty-BigBlind: 75.411670
OneRaise-CutOff: 6.044770
OneRaise-Dealer: 2.981360
OneRaise-SmallBlind: 6.056790
TwoRaises-CutOff, Dealer: 0.319680
TwoRaises-CutOff, SmallBlind: 0.654790
TwoRaises-CutOff, BigBlind: 3.053040
TwoRaises-Dealer, SmallBlind: 0.323360
TwoRaises-Dealer, BigBlind: 1.484410
TwoRaises-SmallBlind, BigBlind: 3.046400
ThreeRaises-CutOff, Dealer, SmallBlind: 0.029730
ThreeRaises-CutOff, Dealer, BigBlind: 0.144420
ThreeRaises-CutOff, SmallBlind, BigBlind: 0.295080
ThreeRaises-Dealer, SmallBlind, BigBlind: 0.142210
FourRaises-CutOff, Dealer, SmallBlind, BigBlind: 0.012290


Show Downs Frequency: 9.505410
Two Players in Frequency: 8.881680
Three Players in Frequency: 0.611440
Four Players in Frequency: 0.012290
==============================================================================================================
============================******************************************************============================
==============================================================================================================
cutoff strategy: TenPercent
delear strategy: FivePercent
small blind strategy: TenPercent
big blind strategy: FourtyPercent
=====================================================================
========= Table: 10, #Hand: 10000000

| Qc | 2c | Js | Kc | Ad | 

Player ID: 11, Position: CutOff, Holding Cards: | 5d | 6d | , Action: Fold, 
Best Hand: | Ad | Kc | Qc | Js | 6d | = HighCard of: 14, Money: 408289.874995

Player ID: 12, Position: Dealer, Holding Cards: | Kh | Jh | , Action: Fold, 
Best Hand: | Ad | Kc | Kh | Js | Jh | = TwoPairs of: 13 and 11, Money: 291379.025001

Player ID: 13, Position: SmallBlind, Holding Cards: | 5h | 8h | , Action: Fold, 
Best Hand: | Ad | Kc | Qc | Js | 8h | = HighCard of: 14, Money: -570587.733238

Player ID: 14, Position: BigBlind, Holding Cards: | Ac | 10h | , Action: AllIn, 
Best Hand: | Ac | Kc | Qc | Js | 10h | = Straight of: 14 high, Money: -129081.166649

=====================================================================


HighCard: 17.418400
Pair: 43.830197
TwoPairs: 23.498325
Trips: 4.821273
Straight: 4.617872
Flush: 3.022905
FullHouse: 2.591322
Quads: 0.168717
StraightFlush: 0.030988

Empty-BigBlind: 75.397560
OneRaise-CutOff: 5.627260
OneRaise-Dealer: 2.762960
OneRaise-SmallBlind: 5.609640
TwoRaises-CutOff, Dealer: 0.298650
TwoRaises-CutOff, SmallBlind: 0.606840
TwoRaises-CutOff, BigBlind: 3.492710
TwoRaises-Dealer, SmallBlind: 0.299030
TwoRaises-Dealer, BigBlind: 1.696810
TwoRaises-SmallBlind, BigBlind: 3.490230
ThreeRaises-CutOff, Dealer, SmallBlind: 0.028160
ThreeRaises-CutOff, Dealer, BigBlind: 0.166040
ThreeRaises-CutOff, SmallBlind, BigBlind: 0.343890
ThreeRaises-Dealer, SmallBlind, BigBlind: 0.166310
FourRaises-CutOff, Dealer, SmallBlind, BigBlind: 0.013910


Show Downs Frequency: 10.602580
Two Players in Frequency: 9.884270
Three Players in Frequency: 0.704400
Four Players in Frequency: 0.013910
==============================================================================================================
============================******************************************************============================
==============================================================================================================
cutoff strategy: TenPercent
delear strategy: FivePercent
small blind strategy: TenPercent
big blind strategy: FourtyfivePercent
=====================================================================
========= Table: 10, #Hand: 10000000

| Jd | Ks | Ac | Qd | 7s | 

Player ID: 11, Position: CutOff, Holding Cards: | 10h | 8h | , Action: Fold, 
Best Hand: | Ac | Ks | Qd | Jd | 10h | = Straight of: 14 high, Money: 427683.158328

Player ID: 12, Position: Dealer, Holding Cards: | 3c | Kc | , Action: Fold, 
Best Hand: | Ac | Kc | Ks | Qd | Jd | = Pair of: 13, Money: 304349.575000

Player ID: 13, Position: SmallBlind, Holding Cards: | Ah | 6c | , Action: Fold, 
Best Hand: | Ac | Ah | Ks | Qd | Jd | = Pair of: 14, Money: -543721.899910

Player ID: 14, Position: BigBlind, Holding Cards: | 4s | 2c | , Action: AllIn, 
Best Hand: | Ac | Ks | Qd | Jd | 7s | = HighCard of: 14, Money: -188310.833307

=====================================================================


HighCard: 17.414955
Pair: 43.832693
TwoPairs: 23.499517
Trips: 4.829232
Straight: 4.616715
Flush: 3.017373
FullHouse: 2.591127
Quads: 0.167530
StraightFlush: 0.030857

Empty-BigBlind: 75.428990
OneRaise-CutOff: 5.171190
OneRaise-Dealer: 2.550430
OneRaise-SmallBlind: 5.179430
TwoRaises-CutOff, Dealer: 0.275700
TwoRaises-CutOff, SmallBlind: 0.557600
TwoRaises-CutOff, BigBlind: 3.928620
TwoRaises-Dealer, SmallBlind: 0.277300
TwoRaises-Dealer, BigBlind: 1.906620
TwoRaises-SmallBlind, BigBlind: 3.922240
ThreeRaises-CutOff, Dealer, SmallBlind: 0.026330
ThreeRaises-CutOff, Dealer, BigBlind: 0.188390
ThreeRaises-CutOff, SmallBlind, BigBlind: 0.384180
ThreeRaises-Dealer, SmallBlind, BigBlind: 0.187140
FourRaises-CutOff, Dealer, SmallBlind, BigBlind: 0.015840


Show Downs Frequency: 11.669960
Two Players in Frequency: 10.868080
Three Players in Frequency: 0.786040
Four Players in Frequency: 0.015840
==============================================================================================================
============================******************************************************============================
==============================================================================================================
cutoff strategy: TenPercent
delear strategy: FivePercent
small blind strategy: TenPercent
big blind strategy: FiftyPercent
=====================================================================
========= Table: 10, #Hand: 10000000

| 5d | Kc | Ad | Qh | 9d | 

Player ID: 11, Position: CutOff, Holding Cards: | 9c | 4d | , Action: Fold, 
Best Hand: | Ad | Kc | Qh | 9c | 9d | = Pair of: 9, Money: 452930.549994

Player ID: 12, Position: Dealer, Holding Cards: | 4h | As | , Action: Fold, 
Best Hand: | As | Ad | Kc | Qh | 9d | = Pair of: 14, Money: 323725.858333

Player ID: 13, Position: SmallBlind, Holding Cards: | 9s | 4s | , Action: Fold, 
Best Hand: | Ad | Kc | Qh | 9s | 9d | = Pair of: 9, Money: -520797.358248

Player ID: 14, Position: BigBlind, Holding Cards: | 3h | 6d | , Action: AllIn, 
Best Hand: | Ad | Kc | Qh | 9d | 6d | = HighCard of: 14, Money: -255859.049969

=====================================================================


HighCard: 17.419670
Pair: 43.816940
TwoPairs: 23.492887
Trips: 4.830068
Straight: 4.623443
Flush: 3.026540
FullHouse: 2.592280
Quads: 0.166660
StraightFlush: 0.031512

Empty-BigBlind: 75.405220
OneRaise-CutOff: 4.701650
OneRaise-Dealer: 2.319410
OneRaise-SmallBlind: 4.689540
TwoRaises-CutOff, Dealer: 0.255070
TwoRaises-CutOff, SmallBlind: 0.517990
TwoRaises-CutOff, BigBlind: 4.411940
TwoRaises-Dealer, SmallBlind: 0.251260
TwoRaises-Dealer, BigBlind: 2.143160
TwoRaises-SmallBlind, BigBlind: 4.403730
ThreeRaises-CutOff, Dealer, SmallBlind: 0.022770
ThreeRaises-CutOff, Dealer, BigBlind: 0.208640
ThreeRaises-CutOff, SmallBlind, BigBlind: 0.438640
ThreeRaises-Dealer, SmallBlind, BigBlind: 0.213320
FourRaises-CutOff, Dealer, SmallBlind, BigBlind: 0.017660


Show Downs Frequency: 12.884180
Two Players in Frequency: 11.983150
Three Players in Frequency: 0.883370
Four Players in Frequency: 0.017660
==============================================================================================================
============================******************************************************============================
==============================================================================================================
cutoff strategy: TenPercent
delear strategy: FivePercent
small blind strategy: FifteenPercent
big blind strategy: FivePercent
=====================================================================
========= Table: 10, #Hand: 10000000

| As | Ah | 9s | 7h | 8s | 

Player ID: 11, Position: CutOff, Holding Cards: | 10s | 10d | , Action: AllIn, 
Best Hand: | As | Ah | 10s | 10d | 9s | = TwoPairs of: 14 and 10, Money: 303659.416667

Player ID: 12, Position: Dealer, Holding Cards: | 6h | 5s | , Action: Fold, 
Best Hand: | 9s | 8s | 7h | 6h | 5s | = Straight of: 9 high, Money: 215499.866668

Player ID: 13, Position: SmallBlind, Holding Cards: | Qd | Ac | , Action: AllIn, 
Best Hand: | Ac | As | Ah | Qd | 9s | = Trips of: 14, Money: -619368.183234

Player ID: 14, Position: BigBlind, Holding Cards: | 3c | 9c | , Action: Fold, 
Best Hand: | As | Ah | 9c | 9s | 8s | = TwoPairs of: 14 and 9, Money: 100208.900010

=====================================================================


HighCard: 17.407698
Pair: 43.824188
TwoPairs: 23.497183
Trips: 4.832433
Straight: 4.613645
Flush: 3.025292
FullHouse: 2.599463
Quads: 0.168362
StraightFlush: 0.031738

Empty-BigBlind: 71.697610
OneRaise-CutOff: 8.251420
OneRaise-Dealer: 4.054230
OneRaise-SmallBlind: 12.196210
TwoRaises-CutOff, Dealer: 0.426200
TwoRaises-CutOff, SmallBlind: 1.301200
TwoRaises-CutOff, BigBlind: 0.425490
TwoRaises-Dealer, SmallBlind: 0.637650
TwoRaises-Dealer, BigBlind: 0.207410
TwoRaises-SmallBlind, BigBlind: 0.636110
ThreeRaises-CutOff, Dealer, SmallBlind: 0.059290
ThreeRaises-CutOff, Dealer, BigBlind: 0.019100
ThreeRaises-CutOff, SmallBlind, BigBlind: 0.057180
ThreeRaises-Dealer, SmallBlind, BigBlind: 0.028670
FourRaises-CutOff, Dealer, SmallBlind, BigBlind: 0.002230


Show Downs Frequency: 3.800530
Two Players in Frequency: 3.634060
Three Players in Frequency: 0.164240
Four Players in Frequency: 0.002230
==============================================================================================================
============================******************************************************============================
==============================================================================================================
cutoff strategy: TenPercent
delear strategy: FivePercent
small blind strategy: FifteenPercent
big blind strategy: TenPercent
=====================================================================
========= Table: 10, #Hand: 10000000

| 10h | Qd | 4s | 5s | Kd | 

Player ID: 11, Position: CutOff, Holding Cards: | 2d | Jd | , Action: Fold, 
Best Hand: | Kd | Qd | Jd | 10h | 5s | = HighCard of: 13, Money: 309255.625000

Player ID: 12, Position: Dealer, Holding Cards: | 5h | As | , Action: Fold, 
Best Hand: | As | Kd | Qd | 5s | 5h | = Pair of: 5, Money: 226093.700002

Player ID: 13, Position: SmallBlind, Holding Cards: | 8h | 7s | , Action: Fold, 
Best Hand: | Kd | Qd | 10h | 8h | 7s | = HighCard of: 13, Money: -623606.791566

Player ID: 14, Position: BigBlind, Holding Cards: | 3d | 7d | , Action: AllIn, 
Best Hand: | Kd | Qd | 10h | 7d | 5s | = HighCard of: 13, Money: 88257.466672

=====================================================================


HighCard: 17.414610
Pair: 43.824638
TwoPairs: 23.488660
Trips: 4.831988
Straight: 4.616343
Flush: 3.032255
FullHouse: 2.591540
Quads: 0.169005
StraightFlush: 0.030963

Empty-BigBlind: 71.683370
OneRaise-CutOff: 7.850670
OneRaise-Dealer: 3.851700
OneRaise-SmallBlind: 11.602410
TwoRaises-CutOff, Dealer: 0.409440
TwoRaises-CutOff, SmallBlind: 1.242450
TwoRaises-CutOff, BigBlind: 0.829840
TwoRaises-Dealer, SmallBlind: 0.603720
TwoRaises-Dealer, BigBlind: 0.408280
TwoRaises-SmallBlind, BigBlind: 1.246610
ThreeRaises-CutOff, Dealer, SmallBlind: 0.056960
ThreeRaises-CutOff, Dealer, BigBlind: 0.037300
ThreeRaises-CutOff, SmallBlind, BigBlind: 0.116720
ThreeRaises-Dealer, SmallBlind, BigBlind: 0.056340
FourRaises-CutOff, Dealer, SmallBlind, BigBlind: 0.004190


Show Downs Frequency: 5.011850
Two Players in Frequency: 4.740340
Three Players in Frequency: 0.267320
Four Players in Frequency: 0.004190
==============================================================================================================
============================******************************************************============================
==============================================================================================================
cutoff strategy: TenPercent
delear strategy: FivePercent
small blind strategy: FifteenPercent
big blind strategy: FifteenPercent
=====================================================================
========= Table: 10, #Hand: 10000000

| 9h | 5h | Qd | 10s | 3d | 

Player ID: 11, Position: CutOff, Holding Cards: | 5s | 4c | , Action: Fold, 
Best Hand: | Qd | 10s | 9h | 5s | 5h | = Pair of: 5, Money: 322963.308332

Player ID: 12, Position: Dealer, Holding Cards: | Kd | 4d | , Action: Fold, 
Best Hand: | Kd | Qd | 10s | 9h | 5h | = HighCard of: 13, Money: 233353.066668

Player ID: 13, Position: SmallBlind, Holding Cards: | Qh | 3c | , Action: Fold, 
Best Hand: | Qd | Qh | 10s | 3c | 3d | = TwoPairs of: 12 and 3, Money: -613317.324902

Player ID: 14, Position: BigBlind, Holding Cards: | 7c | 6h | , Action: AllIn, 
Best Hand: | Qd | 10s | 9h | 7c | 6h | = HighCard of: 12, Money: 57000.949993

=====================================================================


HighCard: 17.413970
Pair: 43.825355
TwoPairs: 23.487110
Trips: 4.827580
Straight: 4.621988
Flush: 3.028680
FullHouse: 2.596060
Quads: 0.168160
StraightFlush: 0.031098

Empty-BigBlind: 71.693950
OneRaise-CutOff: 7.490600
OneRaise-Dealer: 3.654430
OneRaise-SmallBlind: 11.063840
TwoRaises-CutOff, Dealer: 0.389170
TwoRaises-CutOff, SmallBlind: 1.198290
TwoRaises-CutOff, BigBlind: 1.197540
TwoRaises-Dealer, SmallBlind: 0.583670
TwoRaises-Dealer, BigBlind: 0.589760
TwoRaises-SmallBlind, BigBlind: 1.774080
ThreeRaises-CutOff, Dealer, SmallBlind: 0.055350
ThreeRaises-CutOff, Dealer, BigBlind: 0.053570
ThreeRaises-CutOff, SmallBlind, BigBlind: 0.166180
ThreeRaises-Dealer, SmallBlind, BigBlind: 0.082480
FourRaises-CutOff, Dealer, SmallBlind, BigBlind: 0.007090


Show Downs Frequency: 6.097180
Two Players in Frequency: 5.732510
Three Players in Frequency: 0.357580
Four Players in Frequency: 0.007090
==============================================================================================================
============================******************************************************============================
==============================================================================================================
cutoff strategy: TenPercent
delear strategy: FivePercent
small blind strategy: FifteenPercent
big blind strategy: TwentyPercent
=====================================================================
========= Table: 10, #Hand: 10000000

| 8c | 3s | 6c | Jd | 8h | 

Player ID: 11, Position: CutOff, Holding Cards: | Kd | Ks | , Action: AllIn, 
Best Hand: | Ks | Kd | Jd | 8c | 8h | = TwoPairs of: 13 and 8, Money: 336606.516665

Player ID: 12, Position: Dealer, Holding Cards: | 6h | 4c | , Action: Fold, 
Best Hand: | Jd | 8c | 8h | 6c | 6h | = TwoPairs of: 8 and 6, Money: 247766.075002

Player ID: 13, Position: SmallBlind, Holding Cards: | 7c | 4h | , Action: Fold, 
Best Hand: | Jd | 8c | 8h | 7c | 6c | = Pair of: 8, Money: -593640.541572

Player ID: 14, Position: BigBlind, Holding Cards: | Qh | 5h | , Action: Fold, 
Best Hand: | Qh | Jd | 8c | 8h | 6c | = Pair of: 8, Money: 9267.950001

=====================================================================


HighCard: 17.410850
Pair: 43.840738
TwoPairs: 23.489172
Trips: 4.824405
Straight: 4.618923
Flush: 3.020640
FullHouse: 2.595677
Quads: 0.168635
StraightFlush: 0.030960

Empty-BigBlind: 71.638840
OneRaise-CutOff: 7.097060
OneRaise-Dealer: 3.483110
OneRaise-SmallBlind: 10.475910
TwoRaises-CutOff, Dealer: 0.370890
TwoRaises-CutOff, SmallBlind: 1.132950
TwoRaises-CutOff, BigBlind: 1.608980
TwoRaises-Dealer, SmallBlind: 0.554420
TwoRaises-Dealer, BigBlind: 0.777410
TwoRaises-SmallBlind, BigBlind: 2.388120
ThreeRaises-CutOff, Dealer, SmallBlind: 0.052300
ThreeRaises-CutOff, Dealer, BigBlind: 0.073460
ThreeRaises-CutOff, SmallBlind, BigBlind: 0.227440
ThreeRaises-Dealer, SmallBlind, BigBlind: 0.109900
FourRaises-CutOff, Dealer, SmallBlind, BigBlind: 0.009210


Show Downs Frequency: 7.305080
Two Players in Frequency: 6.832770
Three Players in Frequency: 0.463100
Four Players in Frequency: 0.009210
==============================================================================================================
============================******************************************************============================
==============================================================================================================
cutoff strategy: TenPercent
delear strategy: FivePercent
small blind strategy: FifteenPercent
big blind strategy: TwentyfivePercent
=====================================================================
========= Table: 10, #Hand: 10000000

| 2c | Js | Jd | Ah | 4h | 

Player ID: 11, Position: CutOff, Holding Cards: | 9h | 6d | , Action: Fold, 
Best Hand: | Ah | Js | Jd | 9h | 6d | = Pair of: 11, Money: 359765.566664

Player ID: 12, Position: Dealer, Holding Cards: | 5d | 8s | , Action: Fold, 
Best Hand: | Ah | Js | Jd | 8s | 5d | = Pair of: 11, Money: 259107.358335

Player ID: 13, Position: SmallBlind, Holding Cards: | 4d | Qc | , Action: Fold, 
Best Hand: | Ah | Js | Jd | 4d | 4h | = TwoPairs of: 11 and 4, Money: -569696.674910

Player ID: 14, Position: BigBlind, Holding Cards: | Kh | 2s | , Action: AllIn, 
Best Hand: | Ah | Js | Jd | 2c | 2s | = TwoPairs of: 11 and 2, Money: -49176.250006

=====================================================================


HighCard: 17.410328
Pair: 43.814127
TwoPairs: 23.510893
Trips: 4.830780
Straight: 4.618885
Flush: 3.022190
FullHouse: 2.594453
Quads: 0.166978
StraightFlush: 0.031367

Empty-BigBlind: 71.664000
OneRaise-CutOff: 6.668770
OneRaise-Dealer: 3.263680
OneRaise-SmallBlind: 9.813090
TwoRaises-CutOff, Dealer: 0.352260
TwoRaises-CutOff, SmallBlind: 1.068600
TwoRaises-CutOff, BigBlind: 2.043750
TwoRaises-Dealer, SmallBlind: 0.515670
TwoRaises-Dealer, BigBlind: 0.991310
TwoRaises-SmallBlind, BigBlind: 3.030630
ThreeRaises-CutOff, Dealer, SmallBlind: 0.049020
ThreeRaises-CutOff, Dealer, BigBlind: 0.095510
ThreeRaises-CutOff, SmallBlind, BigBlind: 0.293760
ThreeRaises-Dealer, SmallBlind, BigBlind: 0.138530
FourRaises-CutOff, Dealer, SmallBlind, BigBlind: 0.011420


Show Downs Frequency: 8.590460
Two Players in Frequency: 8.002220
Three Players in Frequency: 0.576820
Four Players in Frequency: 0.011420
==============================================================================================================
============================******************************************************============================
==============================================================================================================
cutoff strategy: TenPercent
delear strategy: FivePercent
small blind strategy: FifteenPercent
big blind strategy: ThirtyPercent
=====================================================================
========= Table: 10, #Hand: 10000000

| Qs | Kh | 8h | Kc | 2d | 

Player ID: 11, Position: CutOff, Holding Cards: | Qc | 9d | , Action: Fold, 
Best Hand: | Kc | Kh | Qc | Qs | 9d | = TwoPairs of: 13 and 12, Money: 375048.874997

Player ID: 12, Position: Dealer, Holding Cards: | 5d | 4d | , Action: Fold, 
Best Hand: | Kc | Kh | Qs | 8h | 5d | = Pair of: 13, Money: 272576.741668

Player ID: 13, Position: SmallBlind, Holding Cards: | Js | Kd | , Action: AllIn, 
Best Hand: | Kc | Kd | Kh | Qs | Js | = Trips of: 13, Money: -549114.416580

Player ID: 14, Position: BigBlind, Holding Cards: | 3s | 4c | , Action: Fold, 
Best Hand: | Kc | Kh | Qs | 8h | 4c | = Pair of: 13, Money: -98511.199990

=====================================================================


HighCard: 17.419657
Pair: 43.814085
TwoPairs: 23.503545
Trips: 4.826903
Straight: 4.614067
Flush: 3.025643
FullHouse: 2.595972
Quads: 0.169070
StraightFlush: 0.031057

Empty-BigBlind: 71.677620
OneRaise-CutOff: 6.232530
OneRaise-Dealer: 3.056970
OneRaise-SmallBlind: 9.198020
TwoRaises-CutOff, Dealer: 0.329220
TwoRaises-CutOff, SmallBlind: 1.007520
TwoRaises-CutOff, BigBlind: 2.452440
TwoRaises-Dealer, SmallBlind: 0.493200
TwoRaises-Dealer, BigBlind: 1.196820
TwoRaises-SmallBlind, BigBlind: 3.649970
ThreeRaises-CutOff, Dealer, SmallBlind: 0.046040
ThreeRaises-CutOff, Dealer, BigBlind: 0.116350
ThreeRaises-CutOff, SmallBlind, BigBlind: 0.356420
ThreeRaises-Dealer, SmallBlind, BigBlind: 0.172250
FourRaises-CutOff, Dealer, SmallBlind, BigBlind: 0.014630


Show Downs Frequency: 9.834860
Two Players in Frequency: 9.129170
Three Players in Frequency: 0.691060
Four Players in Frequency: 0.014630
==============================================================================================================
============================******************************************************============================
==============================================================================================================
cutoff strategy: TenPercent
delear strategy: FivePercent
small blind strategy: FifteenPercent
big blind strategy: ThirtyfivePercent
=====================================================================
========= Table: 10, #Hand: 10000000

| Qc | Ac | 4d | 4h | 6d | 

Player ID: 11, Position: CutOff, Holding Cards: | Jd | 9d | , Action: Fold, 
Best Hand: | Ac | Qc | Jd | 4d | 4h | = Pair of: 4, Money: 396830.524996

Player ID: 12, Position: Dealer, Holding Cards: | 10c | 10s | , Action: AllIn, 
Best Hand: | Ac | 10c | 10s | 4d | 4h | = TwoPairs of: 10 and 4, Money: 287043.383334

Player ID: 13, Position: SmallBlind, Holding Cards: | 10d | Qh | , Action: Fold, 
Best Hand: | Ac | Qc | Qh | 4d | 4h | = TwoPairs of: 12 and 4, Money: -515678.074920

Player ID: 14, Position: BigBlind, Holding Cards: | 7c | 2h | , Action: Fold, 
Best Hand: | Ac | Qc | 7c | 4d | 4h | = Pair of: 4, Money: -168195.833310

=====================================================================


HighCard: 17.406365
Pair: 43.820707
TwoPairs: 23.499070
Trips: 4.832052
Straight: 4.618520
Flush: 3.029495
FullHouse: 2.595440
Quads: 0.167400
StraightFlush: 0.030950

Empty-BigBlind: 71.682600
OneRaise-CutOff: 5.762190
OneRaise-Dealer: 2.837110
OneRaise-SmallBlind: 8.512960
TwoRaises-CutOff, Dealer: 0.306060
TwoRaises-CutOff, SmallBlind: 0.936450
TwoRaises-CutOff, BigBlind: 2.917610
TwoRaises-Dealer, SmallBlind: 0.457320
TwoRaises-Dealer, BigBlind: 1.424600
TwoRaises-SmallBlind, BigBlind: 4.332570
ThreeRaises-CutOff, Dealer, SmallBlind: 0.043810
ThreeRaises-CutOff, Dealer, BigBlind: 0.137650
ThreeRaises-CutOff, SmallBlind, BigBlind: 0.425790
ThreeRaises-Dealer, SmallBlind, BigBlind: 0.205630
FourRaises-CutOff, Dealer, SmallBlind, BigBlind: 0.017650


Show Downs Frequency: 11.205140
Two Players in Frequency: 10.374610
Three Players in Frequency: 0.812880
Four Players in Frequency: 0.017650
==============================================================================================================
============================******************************************************============================
==============================================================================================================
cutoff strategy: TenPercent
delear strategy: FivePercent
small blind strategy: FifteenPercent
big blind strategy: FourtyPercent
=====================================================================
========= Table: 10, #Hand: 10000000

| 6h | 9s | 4d | 10s | 3h | 

Player ID: 11, Position: CutOff, Holding Cards: | 7s | 9d | , Action: Fold, 
Best Hand: | 10s | 9s | 9d | 7s | 6h | = Pair of: 9, Money: 417110.074995

Player ID: 12, Position: Dealer, Holding Cards: | 8s | 3s | , Action: Fold, 
Best Hand: | 10s | 9s | 8s | 3s | 3h | = Pair of: 3, Money: 301469.000000

Player ID: 13, Position: SmallBlind, Holding Cards: | 4h | 4s | , Action: Fold, 
Best Hand: | 10s | 9s | 4s | 4d | 4h | = Trips of: 4, Money: -487166.608260

Player ID: 14, Position: BigBlind, Holding Cards: | 2d | 9h | , Action: AllIn, 
Best Hand: | 10s | 9s | 9h | 6h | 4d | = Pair of: 9, Money: -231412.466638

=====================================================================


HighCard: 17.427238
Pair: 43.828230
TwoPairs: 23.482382
Trips: 4.827217
Straight: 4.614998
Flush: 3.027500
FullHouse: 2.593958
Quads: 0.167365
StraightFlush: 0.031113

Empty-BigBlind: 71.694850
OneRaise-CutOff: 5.330390
OneRaise-Dealer: 2.635350
OneRaise-SmallBlind: 7.897600
TwoRaises-CutOff, Dealer: 0.288100
TwoRaises-CutOff, SmallBlind: 0.870310
TwoRaises-CutOff, BigBlind: 3.341080
TwoRaises-Dealer, SmallBlind: 0.429640
TwoRaises-Dealer, BigBlind: 1.623290
TwoRaises-SmallBlind, BigBlind: 4.942090
ThreeRaises-CutOff, Dealer, SmallBlind: 0.041090
ThreeRaises-CutOff, Dealer, BigBlind: 0.159280
ThreeRaises-CutOff, SmallBlind, BigBlind: 0.489570
ThreeRaises-Dealer, SmallBlind, BigBlind: 0.236520
FourRaises-CutOff, Dealer, SmallBlind, BigBlind: 0.020840


Show Downs Frequency: 12.441810
Two Players in Frequency: 11.494510
Three Players in Frequency: 0.926460
Four Players in Frequency: 0.020840
==============================================================================================================
============================******************************************************============================
==============================================================================================================
cutoff strategy: TenPercent
delear strategy: FivePercent
small blind strategy: FifteenPercent
big blind strategy: FourtyfivePercent
=====================================================================
========= Table: 10, #Hand: 10000000

| Ah | 10s | 3s | 6c | 2c | 

Player ID: 11, Position: CutOff, Holding Cards: | 3h | 7c | , Action: Fold, 
Best Hand: | Ah | 10s | 7c | 3s | 3h | = Pair of: 3, Money: 439933.174995

Player ID: 12, Position: Dealer, Holding Cards: | 10d | 8c | , Action: Fold, 
Best Hand: | Ah | 10s | 10d | 8c | 6c | = Pair of: 10, Money: 314089.008333

Player ID: 13, Position: SmallBlind, Holding Cards: | 3c | Kc | , Action: Fold, 
Best Hand: | Ah | Kc | 10s | 3c | 3s | = Pair of: 3, Money: -455912.133269

Player ID: 14, Position: BigBlind, Holding Cards: | 7h | Ks | , Action: AllIn, 
Best Hand: | Ah | Ks | 10s | 7h | 6c | = HighCard of: 14, Money: -298110.049994

=====================================================================


HighCard: 17.410493
Pair: 43.822632
TwoPairs: 23.503085
Trips: 4.830917
Straight: 4.617113
Flush: 3.021692
FullHouse: 2.596112
Quads: 0.166577
StraightFlush: 0.031378

Empty-BigBlind: 71.658470
OneRaise-CutOff: 4.927530
OneRaise-Dealer: 2.435810
OneRaise-SmallBlind: 7.267030
TwoRaises-CutOff, Dealer: 0.265380
TwoRaises-CutOff, SmallBlind: 0.803730
TwoRaises-CutOff, BigBlind: 3.769440
TwoRaises-Dealer, SmallBlind: 0.402440
TwoRaises-Dealer, BigBlind: 1.823750
TwoRaises-SmallBlind, BigBlind: 5.578970
ThreeRaises-CutOff, Dealer, SmallBlind: 0.038940
ThreeRaises-CutOff, Dealer, BigBlind: 0.179700
ThreeRaises-CutOff, SmallBlind, BigBlind: 0.557370
ThreeRaises-Dealer, SmallBlind, BigBlind: 0.267790
FourRaises-CutOff, Dealer, SmallBlind, BigBlind: 0.023650


Show Downs Frequency: 13.711160
Two Players in Frequency: 12.643710
Three Players in Frequency: 1.043800
Four Players in Frequency: 0.023650
==============================================================================================================
============================******************************************************============================
==============================================================================================================
cutoff strategy: TenPercent
delear strategy: FivePercent
small blind strategy: FifteenPercent
big blind strategy: FiftyPercent
=====================================================================
========= Table: 10, #Hand: 10000000

| 6h | Ah | 3c | 5s | 8s | 

Player ID: 11, Position: CutOff, Holding Cards: | 8h | Jd | , Action: Fold, 
Best Hand: | Ah | Jd | 8s | 8h | 6h | = Pair of: 8, Money: 465534.316661

Player ID: 12, Position: Dealer, Holding Cards: | Js | 5c | , Action: Fold, 
Best Hand: | Ah | Js | 8s | 5c | 5s | = Pair of: 5, Money: 330931.616666

Player ID: 13, Position: SmallBlind, Holding Cards: | 10d | Kd | , Action: AllIn, 
Best Hand: | Ah | Kd | 10d | 8s | 6h | = HighCard of: 14, Money: -422234.399946

Player ID: 14, Position: BigBlind, Holding Cards: | Jc | 9h | , Action: AllIn, 
Best Hand: | Ah | Jc | 9h | 8s | 6h | = HighCard of: 14, Money: -374231.533363

=====================================================================


HighCard: 17.409415
Pair: 43.833773
TwoPairs: 23.489655
Trips: 4.825613
Straight: 4.622355
Flush: 3.025315
FullHouse: 2.595963
Quads: 0.167030
StraightFlush: 0.030883

Empty-BigBlind: 71.697900
OneRaise-CutOff: 4.467120
OneRaise-Dealer: 2.206020
OneRaise-SmallBlind: 6.612080
TwoRaises-CutOff, Dealer: 0.241870
TwoRaises-CutOff, SmallBlind: 0.731900
TwoRaises-CutOff, BigBlind: 4.210330
TwoRaises-Dealer, SmallBlind: 0.360550
TwoRaises-Dealer, BigBlind: 2.048010
TwoRaises-SmallBlind, BigBlind: 6.231090
ThreeRaises-CutOff, Dealer, SmallBlind: 0.034120
ThreeRaises-CutOff, Dealer, BigBlind: 0.203090
ThreeRaises-CutOff, SmallBlind, BigBlind: 0.626950
ThreeRaises-Dealer, SmallBlind, BigBlind: 0.303530
FourRaises-CutOff, Dealer, SmallBlind, BigBlind: 0.025440


Show Downs Frequency: 15.016880
Two Players in Frequency: 13.823750
Three Players in Frequency: 1.167690
Four Players in Frequency: 0.025440
==============================================================================================================
============================******************************************************============================
==============================================================================================================
cutoff strategy: TenPercent
delear strategy: FivePercent
small blind strategy: TwentyPercent
big blind strategy: FivePercent
=====================================================================
========= Table: 10, #Hand: 10000000

| 5d | Js | Qs | 4d | 3d | 

Player ID: 11, Position: CutOff, Holding Cards: | 6c | 9h | , Action: Fold, 
Best Hand: | Qs | Js | 9h | 6c | 5d | = HighCard of: 12, Money: 324740.141666

Player ID: 12, Position: Dealer, Holding Cards: | 4s | Ad | , Action: Fold, 
Best Hand: | Ad | Qs | Js | 4s | 4d | = Pair of: 4, Money: 228279.566668

Player ID: 13, Position: SmallBlind, Holding Cards: | Jh | 7s | , Action: Fold, 
Best Hand: | Qs | Js | Jh | 7s | 5d | = Pair of: 11, Money: -527246.508256

Player ID: 14, Position: BigBlind, Holding Cards: | 9s | 7h | , Action: AllIn, 
Best Hand: | Qs | Js | 9s | 7h | 5d | = HighCard of: 12, Money: -25773.200002

=====================================================================


HighCard: 17.417825
Pair: 43.814715
TwoPairs: 23.494138
Trips: 4.827930
Straight: 4.624915
Flush: 3.027645
FullHouse: 2.592623
Quads: 0.168728
StraightFlush: 0.031482

Empty-BigBlind: 67.437160
OneRaise-CutOff: 7.807750
OneRaise-Dealer: 3.832460
OneRaise-SmallBlind: 16.242220
TwoRaises-CutOff, Dealer: 0.407480
TwoRaises-CutOff, SmallBlind: 1.745060
TwoRaises-CutOff, BigBlind: 0.406820
TwoRaises-Dealer, SmallBlind: 0.855550
TwoRaises-Dealer, BigBlind: 0.194810
TwoRaises-SmallBlind, BigBlind: 0.854070
ThreeRaises-CutOff, Dealer, SmallBlind: 0.078020
ThreeRaises-CutOff, Dealer, BigBlind: 0.017700
ThreeRaises-CutOff, SmallBlind, BigBlind: 0.079240
ThreeRaises-Dealer, SmallBlind, BigBlind: 0.038530
FourRaises-CutOff, Dealer, SmallBlind, BigBlind: 0.003130


Show Downs Frequency: 4.680410
Two Players in Frequency: 4.463790
Three Players in Frequency: 0.213490
Four Players in Frequency: 0.003130
==============================================================================================================
============================******************************************************============================
==============================================================================================================
cutoff strategy: TenPercent
delear strategy: FivePercent
small blind strategy: TwentyPercent
big blind strategy: TenPercent
=====================================================================
========= Table: 10, #Hand: 10000000

| 4c | 5d | 7s | 2c | 10s | 

Player ID: 11, Position: CutOff, Holding Cards: | 4s | Kc | , Action: Fold, 
Best Hand: | Kc | 10s | 7s | 4c | 4s | = Pair of: 4, Money: 330788.908332

Player ID: 12, Position: Dealer, Holding Cards: | 8s | 10d | , Action: Fold, 
Best Hand: | 10s | 10d | 8s | 7s | 5d | = Pair of: 10, Money: 240226.216668

Player ID: 13, Position: SmallBlind, Holding Cards: | Jc | 4h | , Action: Fold, 
Best Hand: | Jc | 10s | 7s | 4c | 4h | = Pair of: 4, Money: -550213.991585

Player ID: 14, Position: BigBlind, Holding Cards: | 3s | 6d | , Action: AllIn, 
Best Hand: | 7s | 6d | 5d | 4c | 3s | = Straight of: 7 high, Money: -20801.133334

=====================================================================


HighCard: 17.407148
Pair: 43.830582
TwoPairs: 23.491250
Trips: 4.828390
Straight: 4.612228
Flush: 3.030645
FullHouse: 2.599312
Quads: 0.168577
StraightFlush: 0.031867

Empty-BigBlind: 67.399700
OneRaise-CutOff: 7.442330
OneRaise-Dealer: 3.643660
OneRaise-SmallBlind: 15.429550
TwoRaises-CutOff, Dealer: 0.388280
TwoRaises-CutOff, SmallBlind: 1.676510
TwoRaises-CutOff, BigBlind: 0.791210
TwoRaises-Dealer, SmallBlind: 0.818850
TwoRaises-Dealer, BigBlind: 0.384160
TwoRaises-SmallBlind, BigBlind: 1.673290
ThreeRaises-CutOff, Dealer, SmallBlind: 0.074570
ThreeRaises-CutOff, Dealer, BigBlind: 0.035980
ThreeRaises-CutOff, SmallBlind, BigBlind: 0.158040
ThreeRaises-Dealer, SmallBlind, BigBlind: 0.077660
FourRaises-CutOff, Dealer, SmallBlind, BigBlind: 0.006210


Show Downs Frequency: 6.084760
Two Players in Frequency: 5.732300
Three Players in Frequency: 0.346250
Four Players in Frequency: 0.006210
==============================================================================================================
============================******************************************************============================
==============================================================================================================
cutoff strategy: TenPercent
delear strategy: FivePercent
small blind strategy: TwentyPercent
big blind strategy: FifteenPercent
=====================================================================
========= Table: 10, #Hand: 10000000

| 10d | 5s | 4c | Jc | 5h | 

Player ID: 11, Position: CutOff, Holding Cards: | Qc | 10h | , Action: Fold, 
Best Hand: | Qc | 10d | 10h | 5s | 5h | = TwoPairs of: 10 and 5, Money: 343063.583331

Player ID: 12, Position: Dealer, Holding Cards: | Qd | 7c | , Action: Fold, 
Best Hand: | Qd | Jc | 10d | 5s | 5h | = Pair of: 5, Money: 250579.275002

Player ID: 13, Position: SmallBlind, Holding Cards: | 8d | 3d | , Action: Fold, 
Best Hand: | Jc | 10d | 8d | 5s | 5h | = Pair of: 5, Money: -550628.674918

Player ID: 14, Position: BigBlind, Holding Cards: | 6h | 2s | , Action: AllIn, 
Best Hand: | Jc | 10d | 6h | 5s | 5h | = Pair of: 5, Money: -43014.183339

=====================================================================


HighCard: 17.404677
Pair: 43.820473
TwoPairs: 23.495035
Trips: 4.832025
Straight: 4.622648
Flush: 3.026115
FullHouse: 2.597818
Quads: 0.169898
StraightFlush: 0.031313

Empty-BigBlind: 67.398060
OneRaise-CutOff: 7.099560
OneRaise-Dealer: 3.486000
OneRaise-SmallBlind: 14.694070
TwoRaises-CutOff, Dealer: 0.374660
TwoRaises-CutOff, SmallBlind: 1.597560
TwoRaises-CutOff, BigBlind: 1.137730
TwoRaises-Dealer, SmallBlind: 0.784490
TwoRaises-Dealer, BigBlind: 0.556270
TwoRaises-SmallBlind, BigBlind: 2.398830
ThreeRaises-CutOff, Dealer, SmallBlind: 0.073770
ThreeRaises-CutOff, Dealer, BigBlind: 0.051850
ThreeRaises-CutOff, SmallBlind, BigBlind: 0.226890
ThreeRaises-Dealer, SmallBlind, BigBlind: 0.111040
FourRaises-CutOff, Dealer, SmallBlind, BigBlind: 0.009220


Show Downs Frequency: 7.322310
Two Players in Frequency: 6.849540
Three Players in Frequency: 0.463550
Four Players in Frequency: 0.009220
==============================================================================================================
============================******************************************************============================
==============================================================================================================
cutoff strategy: TenPercent
delear strategy: FivePercent
small blind strategy: TwentyPercent
big blind strategy: TwentyPercent
=====================================================================
========= Table: 10, #Hand: 10000000

| Jd | Qs | 5h | 4h | 7c | 

Player ID: 11, Position: CutOff, Holding Cards: | 2s | 7d | , Action: Fold, 
Best Hand: | Qs | Jd | 7c | 7d | 5h | = Pair of: 7, Money: 358021.266664

Player ID: 12, Position: Dealer, Holding Cards: | Ks | Ac | , Action: AllIn, 
Best Hand: | Ac | Ks | Qs | Jd | 7c | = HighCard of: 14, Money: 259486.783335

Player ID: 13, Position: SmallBlind, Holding Cards: | Kh | 4c | , Action: Fold, 
Best Hand: | Kh | Qs | Jd | 4c | 4h | = Pair of: 4, Money: -533272.666589

Player ID: 14, Position: BigBlind, Holding Cards: | Qc | 8h | , Action: Fold, 
Best Hand: | Qc | Qs | Jd | 8h | 7c | = Pair of: 12, Money: -84235.383330

=====================================================================


HighCard: 17.422635
Pair: 43.823718
TwoPairs: 23.490245
Trips: 4.824323
Straight: 4.617295
Flush: 3.025915
FullHouse: 2.596957
Quads: 0.168115
StraightFlush: 0.030797

Empty-BigBlind: 67.413810
OneRaise-CutOff: 6.688780
OneRaise-Dealer: 3.284740
OneRaise-SmallBlind: 13.917640
TwoRaises-CutOff, Dealer: 0.354390
TwoRaises-CutOff, SmallBlind: 1.526910
TwoRaises-CutOff, BigBlind: 1.524500
TwoRaises-Dealer, SmallBlind: 0.745590
TwoRaises-Dealer, BigBlind: 0.739950
TwoRaises-SmallBlind, BigBlind: 3.193650
ThreeRaises-CutOff, Dealer, SmallBlind: 0.069440
ThreeRaises-CutOff, Dealer, BigBlind: 0.070180
ThreeRaises-CutOff, SmallBlind, BigBlind: 0.305750
ThreeRaises-Dealer, SmallBlind, BigBlind: 0.152020
FourRaises-CutOff, Dealer, SmallBlind, BigBlind: 0.012650


Show Downs Frequency: 8.695030
Two Players in Frequency: 8.084990
Three Players in Frequency: 0.597390
Four Players in Frequency: 0.012650
==============================================================================================================
============================******************************************************============================
==============================================================================================================
cutoff strategy: TenPercent
delear strategy: FivePercent
small blind strategy: TwentyPercent
big blind strategy: TwentyfivePercent
=====================================================================
========= Table: 10, #Hand: 10000000

| 10c | 6c | 3c | As | 2c | 

Player ID: 11, Position: CutOff, Holding Cards: | 10s | 10h | , Action: AllIn, 
Best Hand: | As | 10c | 10s | 10h | 6c | = Trips of: 10, Money: 381248.808330

Player ID: 12, Position: Dealer, Holding Cards: | 3s | 9h | , Action: Fold, 
Best Hand: | As | 10c | 9h | 3c | 3s | = Pair of: 3, Money: 273232.166668

Player ID: 13, Position: SmallBlind, Holding Cards: | 3h | 8c | , Action: Fold, 
Best Hand: | 10c | 8c | 6c | 3c | 2c | = Flush of: 10 high, Money: -511835.624926

Player ID: 14, Position: BigBlind, Holding Cards: | Kd | Qd | , Action: AllIn, 
Best Hand: | As | Kd | Qd | 10c | 6c | = HighCard of: 14, Money: -142645.349982

=====================================================================


HighCard: 17.413837
Pair: 43.816655
TwoPairs: 23.505858
Trips: 4.827520
Straight: 4.623333
Flush: 3.022028
FullHouse: 2.591858
Quads: 0.167742
StraightFlush: 0.031170

Empty-BigBlind: 67.383790
OneRaise-CutOff: 6.304030
OneRaise-Dealer: 3.075970
OneRaise-SmallBlind: 13.046140
TwoRaises-CutOff, Dealer: 0.335850
TwoRaises-CutOff, SmallBlind: 1.436560
TwoRaises-CutOff, BigBlind: 1.945520
TwoRaises-Dealer, SmallBlind: 0.696360
TwoRaises-Dealer, BigBlind: 0.946460
TwoRaises-SmallBlind, BigBlind: 4.078660
ThreeRaises-CutOff, Dealer, SmallBlind: 0.065940
ThreeRaises-CutOff, Dealer, BigBlind: 0.089380
ThreeRaises-CutOff, SmallBlind, BigBlind: 0.389670
ThreeRaises-Dealer, SmallBlind, BigBlind: 0.189650
FourRaises-CutOff, Dealer, SmallBlind, BigBlind: 0.016020


Show Downs Frequency: 10.190070
Two Players in Frequency: 9.439410
Three Players in Frequency: 0.734640
Four Players in Frequency: 0.016020
==============================================================================================================
============================******************************************************============================
==============================================================================================================
cutoff strategy: TenPercent
delear strategy: FivePercent
small blind strategy: TwentyPercent
big blind strategy: ThirtyPercent
=====================================================================
========= Table: 10, #Hand: 10000000

| 8s | Ad | 5c | 4h | 7s | 

Player ID: 11, Position: CutOff, Holding Cards: | Ks | As | , Action: AllIn, 
Best Hand: | As | Ad | Ks | 8s | 7s | = Pair of: 14, Money: 393877.283330

Player ID: 12, Position: Dealer, Holding Cards: | 5s | 3c | , Action: Fold, 
Best Hand: | Ad | 8s | 7s | 5c | 5s | = Pair of: 5, Money: 285396.583334

Player ID: 13, Position: SmallBlind, Holding Cards: | Js | 4s | , Action: Fold, 
Best Hand: | Ad | Js | 8s | 4s | 4h | = Pair of: 4, Money: -487176.316598

Player ID: 14, Position: BigBlind, Holding Cards: | 4c | Qd | , Action: Fold, 
Best Hand: | Ad | Qd | 8s | 4c | 4h | = Pair of: 4, Money: -192097.549977

=====================================================================


HighCard: 17.405168
Pair: 43.833067
TwoPairs: 23.494895
Trips: 4.827528
Straight: 4.623412
Flush: 3.023413
FullHouse: 2.593590
Quads: 0.168160
StraightFlush: 0.030767

Empty-BigBlind: 67.411750
OneRaise-CutOff: 5.890620
OneRaise-Dealer: 2.894170
OneRaise-SmallBlind: 12.223240
TwoRaises-CutOff, Dealer: 0.313930
TwoRaises-CutOff, SmallBlind: 1.354440
TwoRaises-CutOff, BigBlind: 2.339170
TwoRaises-Dealer, SmallBlind: 0.661320
TwoRaises-Dealer, BigBlind: 1.136470
TwoRaises-SmallBlind, BigBlind: 4.872440
ThreeRaises-CutOff, Dealer, SmallBlind: 0.061250
ThreeRaises-CutOff, Dealer, BigBlind: 0.109430
ThreeRaises-CutOff, SmallBlind, BigBlind: 0.479220
ThreeRaises-Dealer, SmallBlind, BigBlind: 0.232780
FourRaises-CutOff, Dealer, SmallBlind, BigBlind: 0.019770


Show Downs Frequency: 11.580220
Two Players in Frequency: 10.677770
Three Players in Frequency: 0.882680
Four Players in Frequency: 0.019770
==============================================================================================================
============================******************************************************============================
==============================================================================================================
cutoff strategy: TenPercent
delear strategy: FivePercent
small blind strategy: TwentyPercent
big blind strategy: ThirtyfivePercent
=====================================================================
========= Table: 10, #Hand: 10000000

| 7h | 8d | 9c | Qs | Qd | 

Player ID: 11, Position: CutOff, Holding Cards: | 5d | 6s | , Action: Fold, 
Best Hand: | 9c | 8d | 7h | 6s | 5d | = Straight of: 9 high, Money: 415686.833329

Player ID: 12, Position: Dealer, Holding Cards: | Ks | 10h | , Action: Fold, 
Best Hand: | Ks | Qs | Qd | 10h | 9c | = Pair of: 12, Money: 299333.216667

Player ID: 13, Position: SmallBlind, Holding Cards: | Jc | 3s | , Action: Fold, 
Best Hand: | Qs | Qd | Jc | 9c | 8d | = Pair of: 12, Money: -454141.483274

Player ID: 14, Position: BigBlind, Holding Cards: | 2h | 3c | , Action: AllIn, 
Best Hand: | Qs | Qd | 9c | 8d | 7h | = Pair of: 12, Money: -260878.566639

=====================================================================


HighCard: 17.413547
Pair: 43.822558
TwoPairs: 23.496468
Trips: 4.827447
Straight: 4.624475
Flush: 3.023153
FullHouse: 2.592975
Quads: 0.168362
StraightFlush: 0.031015

Empty-BigBlind: 67.400580
OneRaise-CutOff: 5.454310
OneRaise-Dealer: 2.680440
OneRaise-SmallBlind: 11.316880
TwoRaises-CutOff, Dealer: 0.292240
TwoRaises-CutOff, SmallBlind: 1.255170
TwoRaises-CutOff, BigBlind: 2.772780
TwoRaises-Dealer, SmallBlind: 0.607480
TwoRaises-Dealer, BigBlind: 1.351700
TwoRaises-SmallBlind, BigBlind: 5.798090
ThreeRaises-CutOff, Dealer, SmallBlind: 0.060030
ThreeRaises-CutOff, Dealer, BigBlind: 0.129840
ThreeRaises-CutOff, SmallBlind, BigBlind: 0.578110
ThreeRaises-Dealer, SmallBlind, BigBlind: 0.278510
FourRaises-CutOff, Dealer, SmallBlind, BigBlind: 0.023840


Show Downs Frequency: 13.147790
Two Players in Frequency: 12.077460
Three Players in Frequency: 1.046490
Four Players in Frequency: 0.023840
==============================================================================================================
============================******************************************************============================
==============================================================================================================
cutoff strategy: TenPercent
delear strategy: FivePercent
small blind strategy: TwentyPercent
big blind strategy: FourtyPercent
=====================================================================
========= Table: 10, #Hand: 10000000

| Ah | 4d | 6c | 2c | 8d | 

Player ID: 11, Position: CutOff, Holding Cards: | Qd | 3s | , Action: Fold, 
Best Hand: | Ah | Qd | 8d | 6c | 4d | = HighCard of: 14, Money: 435863.141662

Player ID: 12, Position: Dealer, Holding Cards: | 10h | 2h | , Action: Fold, 
Best Hand: | Ah | 10h | 8d | 2c | 2h | = Pair of: 2, Money: 313025.741667

Player ID: 13, Position: SmallBlind, Holding Cards: | 9s | 10d | , Action: Fold, 
Best Hand: | Ah | 10d | 9s | 8d | 6c | = HighCard of: 14, Money: -417487.183285

Player ID: 14, Position: BigBlind, Holding Cards: | 8s | 6h | , Action: AllIn, 
Best Hand: | Ah | 8s | 8d | 6c | 6h | = TwoPairs of: 8 and 6, Money: -331401.700012

=====================================================================


HighCard: 17.418700
Pair: 43.805335
TwoPairs: 23.497840
Trips: 4.834528
Straight: 4.617592
Flush: 3.026667
FullHouse: 2.600445
Quads: 0.167508
StraightFlush: 0.031385

Empty-BigBlind: 67.434920
OneRaise-CutOff: 5.050980
OneRaise-Dealer: 2.487300
OneRaise-SmallBlind: 10.473080
TwoRaises-CutOff, Dealer: 0.270560
TwoRaises-CutOff, SmallBlind: 1.165080
TwoRaises-CutOff, BigBlind: 3.167600
TwoRaises-Dealer, SmallBlind: 0.572280
TwoRaises-Dealer, BigBlind: 1.536670
TwoRaises-SmallBlind, BigBlind: 6.619870
ThreeRaises-CutOff, Dealer, SmallBlind: 0.055280
ThreeRaises-CutOff, Dealer, BigBlind: 0.152630
ThreeRaises-CutOff, SmallBlind, BigBlind: 0.662990
ThreeRaises-Dealer, SmallBlind, BigBlind: 0.322630
FourRaises-CutOff, Dealer, SmallBlind, BigBlind: 0.028130


Show Downs Frequency: 14.553720
Two Players in Frequency: 13.332060
Three Players in Frequency: 1.193530
Four Players in Frequency: 0.028130
==============================================================================================================
============================******************************************************============================
==============================================================================================================
cutoff strategy: TenPercent
delear strategy: FivePercent
small blind strategy: TwentyPercent
big blind strategy: FourtyfivePercent
=====================================================================
========= Table: 10, #Hand: 10000000

| 4s | 6c | 7h | Ks | 3d | 

Player ID: 11, Position: CutOff, Holding Cards: | 2c | 6d | , Action: Fold, 
Best Hand: | Ks | 7h | 6c | 6d | 4s | = Pair of: 6, Money: 456766.791661

Player ID: 12, Position: Dealer, Holding Cards: | Qd | 3c | , Action: Fold, 
Best Hand: | Ks | Qd | 7h | 3c | 3d | = Pair of: 3, Money: 327980.216666

Player ID: 13, Position: SmallBlind, Holding Cards: | 7c | Js | , Action: Fold, 
Best Hand: | Ks | Js | 7c | 7h | 6c | = Pair of: 7, Money: -379349.824964

Player ID: 14, Position: BigBlind, Holding Cards: | 8c | 4h | , Action: AllIn, 
Best Hand: | Ks | 8c | 7h | 4s | 4h | = Pair of: 4, Money: -405397.183371

=====================================================================


HighCard: 17.409112
Pair: 43.811370
TwoPairs: 23.497367
Trips: 4.832820
Straight: 4.624125
Flush: 3.030477
FullHouse: 2.594758
Quads: 0.168480
StraightFlush: 0.031490

Empty-BigBlind: 67.436640
OneRaise-CutOff: 4.649910
OneRaise-Dealer: 2.297630
OneRaise-SmallBlind: 9.631500
TwoRaises-CutOff, Dealer: 0.254250
TwoRaises-CutOff, SmallBlind: 1.077310
TwoRaises-CutOff, BigBlind: 3.562520
TwoRaises-Dealer, SmallBlind: 0.525990
TwoRaises-Dealer, BigBlind: 1.734870
TwoRaises-SmallBlind, BigBlind: 7.454920
ThreeRaises-CutOff, Dealer, SmallBlind: 0.051520
ThreeRaises-CutOff, Dealer, BigBlind: 0.170600
ThreeRaises-CutOff, SmallBlind, BigBlind: 0.754610
ThreeRaises-Dealer, SmallBlind, BigBlind: 0.365890
FourRaises-CutOff, Dealer, SmallBlind, BigBlind: 0.031840


Show Downs Frequency: 15.984320
Two Players in Frequency: 14.609860
Three Players in Frequency: 1.342620
Four Players in Frequency: 0.031840
==============================================================================================================
============================******************************************************============================
==============================================================================================================
cutoff strategy: TenPercent
delear strategy: FivePercent
small blind strategy: TwentyPercent
big blind strategy: FiftyPercent
=====================================================================
========= Table: 10, #Hand: 10000000

| 5c | 2d | 9c | Kc | 4s | 

Player ID: 11, Position: CutOff, Holding Cards: | 10h | Jc | , Action: Fold, 
Best Hand: | Kc | Jc | 10h | 9c | 5c | = HighCard of: 13, Money: 481129.866661

Player ID: 12, Position: Dealer, Holding Cards: | 9h | 10s | , Action: Fold, 
Best Hand: | Kc | 10s | 9c | 9h | 5c | = Pair of: 9, Money: 343415.166666

Player ID: 13, Position: SmallBlind, Holding Cards: | 4h | Jd | , Action: Fold, 
Best Hand: | Kc | Jd | 9c | 4s | 4h | = Pair of: 4, Money: -341219.499983

Player ID: 14, Position: BigBlind, Holding Cards: | 5h | Js | , Action: AllIn, 
Best Hand: | Kc | Js | 9c | 5c | 5h | = Pair of: 5, Money: -483325.533392

=====================================================================


HighCard: 17.402830
Pair: 43.820180
TwoPairs: 23.500450
Trips: 4.830550
Straight: 4.619878
Flush: 3.026308
FullHouse: 2.599565
Quads: 0.168260
StraightFlush: 0.031980

Empty-BigBlind: 67.404890
OneRaise-CutOff: 4.234200
OneRaise-Dealer: 2.097170
OneRaise-SmallBlind: 8.766030
TwoRaises-CutOff, Dealer: 0.230310
TwoRaises-CutOff, SmallBlind: 0.982630
TwoRaises-CutOff, BigBlind: 3.998770
TwoRaises-Dealer, SmallBlind: 0.484510
TwoRaises-Dealer, BigBlind: 1.940130
TwoRaises-SmallBlind, BigBlind: 8.332290
ThreeRaises-CutOff, Dealer, SmallBlind: 0.046350
ThreeRaises-CutOff, Dealer, BigBlind: 0.191530
ThreeRaises-CutOff, SmallBlind, BigBlind: 0.846110
ThreeRaises-Dealer, SmallBlind, BigBlind: 0.409050
FourRaises-CutOff, Dealer, SmallBlind, BigBlind: 0.036030


Show Downs Frequency: 17.497710
Two Players in Frequency: 15.968640
Three Players in Frequency: 1.493040
Four Players in Frequency: 0.036030
==============================================================================================================
============================******************************************************============================
==============================================================================================================
cutoff strategy: TenPercent
delear strategy: FivePercent
small blind strategy: TwentyfivePercent
big blind strategy: FivePercent
=====================================================================
========= Table: 10, #Hand: 10000000

| 9d | 4h | 5s | Jh | 9c | 

Player ID: 11, Position: CutOff, Holding Cards: | 9s | Ad | , Action: AllIn, 
Best Hand: | Ad | Jh | 9c | 9s | 9d | = Trips of: 9, Money: 353015.049998

Player ID: 12, Position: Dealer, Holding Cards: | Ac | Kd | , Action: AllIn, 
Best Hand: | Ac | Kd | Jh | 9c | 9d | = Pair of: 9, Money: 246186.700002

Player ID: 13, Position: SmallBlind, Holding Cards: | 4d | 8h | , Action: Fold, 
Best Hand: | Jh | 9c | 9d | 4d | 4h | = TwoPairs of: 9 and 4, Money: -445525.866613

Player ID: 14, Position: BigBlind, Holding Cards: | Js | 5d | , Action: Fold, 
Best Hand: | Js | Jh | 9c | 9d | 5d | = TwoPairs of: 11 and 9, Money: -153675.883315

=====================================================================


HighCard: 17.403388
Pair: 43.828905
TwoPairs: 23.495305
Trips: 4.827150
Straight: 4.617183
Flush: 3.028855
FullHouse: 2.598985
Quads: 0.168508
StraightFlush: 0.031723

Empty-BigBlind: 62.929070
OneRaise-CutOff: 7.334910
OneRaise-Dealer: 3.594150
OneRaise-SmallBlind: 20.507560
TwoRaises-CutOff, Dealer: 0.382030
TwoRaises-CutOff, SmallBlind: 2.232880
TwoRaises-CutOff, BigBlind: 0.382600
TwoRaises-Dealer, SmallBlind: 1.079220
TwoRaises-Dealer, BigBlind: 0.189670
TwoRaises-SmallBlind, BigBlind: 1.092020
ThreeRaises-CutOff, Dealer, SmallBlind: 0.102960
ThreeRaises-CutOff, Dealer, BigBlind: 0.017690
ThreeRaises-CutOff, SmallBlind, BigBlind: 0.102160
ThreeRaises-Dealer, SmallBlind, BigBlind: 0.049060
FourRaises-CutOff, Dealer, SmallBlind, BigBlind: 0.004020


Show Downs Frequency: 5.634310
Two Players in Frequency: 5.358420
Three Players in Frequency: 0.271870
Four Players in Frequency: 0.004020
==============================================================================================================
============================******************************************************============================
==============================================================================================================
cutoff strategy: TenPercent
delear strategy: FivePercent
small blind strategy: TwentyfivePercent
big blind strategy: TenPercent
=====================================================================
========= Table: 10, #Hand: 10000000

| 6s | 9d | 3s | 4c | Ks | 

Player ID: 11, Position: CutOff, Holding Cards: | 5h | 9s | , Action: Fold, 
Best Hand: | Ks | 9s | 9d | 6s | 5h | = Pair of: 9, Money: 356170.649998

Player ID: 12, Position: Dealer, Holding Cards: | 7d | Ah | , Action: Fold, 
Best Hand: | Ah | Ks | 9d | 7d | 6s | = HighCard of: 14, Money: 257859.900002

Player ID: 13, Position: SmallBlind, Holding Cards: | 8c | Qh | , Action: Fold, 
Best Hand: | Ks | Qh | 9d | 8c | 6s | = HighCard of: 13, Money: -481410.649937

Player ID: 14, Position: BigBlind, Holding Cards: | Jd | 7c | , Action: AllIn, 
Best Hand: | Ks | Jd | 9d | 7c | 6s | = HighCard of: 13, Money: -132619.899985

=====================================================================


HighCard: 17.420765
Pair: 43.838655
TwoPairs: 23.477003
Trips: 4.829450
Straight: 4.619865
Flush: 3.024980
FullHouse: 2.590758
Quads: 0.167725
StraightFlush: 0.030800

Empty-BigBlind: 62.902280
OneRaise-CutOff: 6.961030
OneRaise-Dealer: 3.420750
OneRaise-SmallBlind: 19.495370
TwoRaises-CutOff, Dealer: 0.366390
TwoRaises-CutOff, SmallBlind: 2.135560
TwoRaises-CutOff, BigBlind: 0.746550
TwoRaises-Dealer, SmallBlind: 1.036450
TwoRaises-Dealer, BigBlind: 0.368200
TwoRaises-SmallBlind, BigBlind: 2.126940
ThreeRaises-CutOff, Dealer, SmallBlind: 0.098640
ThreeRaises-CutOff, Dealer, BigBlind: 0.033290
ThreeRaises-CutOff, SmallBlind, BigBlind: 0.202800
ThreeRaises-Dealer, SmallBlind, BigBlind: 0.097360
FourRaises-CutOff, Dealer, SmallBlind, BigBlind: 0.008390


Show Downs Frequency: 7.220570
Two Players in Frequency: 6.780090
Three Players in Frequency: 0.432090
Four Players in Frequency: 0.008390
==============================================================================================================
============================******************************************************============================
==============================================================================================================
cutoff strategy: TenPercent
delear strategy: FivePercent
small blind strategy: TwentyfivePercent
big blind strategy: FifteenPercent
=====================================================================
========= Table: 10, #Hand: 10000000

| 10s | Qh | Qs | Ac | Qd | 

Player ID: 11, Position: CutOff, Holding Cards: | 8c | 2s | , Action: Fold, 
Best Hand: | Ac | Qs | Qd | Qh | 10s | = Trips of: 12, Money: 367750.841664

Player ID: 12, Position: Dealer, Holding Cards: | 9d | 7d | , Action: Fold, 
Best Hand: | Ac | Qs | Qd | Qh | 10s | = Trips of: 12, Money: 265675.175001

Player ID: 13, Position: SmallBlind, Holding Cards: | 5d | 6h | , Action: Fold, 
Best Hand: | Ac | Qs | Qd | Qh | 10s | = Trips of: 12, Money: -487900.033270

Player ID: 14, Position: BigBlind, Holding Cards: | 6d | As | , Action: AllIn, 
Best Hand: | Ac | As | Qs | Qd | Qh | = FullHouse of: 14, full of: 12, Money: -145525.983316

=====================================================================


HighCard: 17.406723
Pair: 43.839555
TwoPairs: 23.483503
Trips: 4.829682
Straight: 4.622228
Flush: 3.024095
FullHouse: 2.594315
Quads: 0.169150
StraightFlush: 0.030750

Empty-BigBlind: 62.877020
OneRaise-CutOff: 6.656710
OneRaise-Dealer: 3.272520
OneRaise-SmallBlind: 18.579680
TwoRaises-CutOff, Dealer: 0.350360
TwoRaises-CutOff, SmallBlind: 2.045030
TwoRaises-CutOff, BigBlind: 1.072540
TwoRaises-Dealer, SmallBlind: 0.993950
TwoRaises-Dealer, BigBlind: 0.526320
TwoRaises-SmallBlind, BigBlind: 3.037860
ThreeRaises-CutOff, Dealer, SmallBlind: 0.094840
ThreeRaises-CutOff, Dealer, BigBlind: 0.048850
ThreeRaises-CutOff, SmallBlind, BigBlind: 0.290970
ThreeRaises-Dealer, SmallBlind, BigBlind: 0.141230
FourRaises-CutOff, Dealer, SmallBlind, BigBlind: 0.012120


Show Downs Frequency: 8.614070
Two Players in Frequency: 8.026060
Three Players in Frequency: 0.575890
Four Players in Frequency: 0.012120
==============================================================================================================
============================******************************************************============================
==============================================================================================================
cutoff strategy: TenPercent
delear strategy: FivePercent
small blind strategy: TwentyfivePercent
big blind strategy: TwentyPercent
=====================================================================
========= Table: 10, #Hand: 10000000

| Jc | Ks | 6c | 7s | 3c | 

Player ID: 11, Position: CutOff, Holding Cards: | 8d | 5c | , Action: Fold, 
Best Hand: | Ks | Jc | 8d | 7s | 6c | = HighCard of: 13, Money: 384838.199997

Player ID: 12, Position: Dealer, Holding Cards: | 10d | 5h | , Action: Fold, 
Best Hand: | Ks | Jc | 10d | 7s | 6c | = HighCard of: 13, Money: 277775.725001

Player ID: 13, Position: SmallBlind, Holding Cards: | Jh | 4h | , Action: Fold, 
Best Hand: | Ks | Jc | Jh | 7s | 6c | = Pair of: 11, Money: -485092.941604

Player ID: 14, Position: BigBlind, Holding Cards: | 7c | 9s | , Action: AllIn, 
Best Hand: | Ks | Jc | 9s | 7c | 7s | = Pair of: 7, Money: -177520.983312

=====================================================================


HighCard: 17.409535
Pair: 43.821405
TwoPairs: 23.505933
Trips: 4.825865
Straight: 4.617780
Flush: 3.025000
FullHouse: 2.595565
Quads: 0.167502
StraightFlush: 0.031415

Empty-BigBlind: 62.914110
OneRaise-CutOff: 6.277100
OneRaise-Dealer: 3.081490
OneRaise-SmallBlind: 17.546460
TwoRaises-CutOff, Dealer: 0.335660
TwoRaises-CutOff, SmallBlind: 1.937520
TwoRaises-CutOff, BigBlind: 1.437060
TwoRaises-Dealer, SmallBlind: 0.945190
TwoRaises-Dealer, BigBlind: 0.699540
TwoRaises-SmallBlind, BigBlind: 4.070700
ThreeRaises-CutOff, Dealer, SmallBlind: 0.090750
ThreeRaises-CutOff, Dealer, BigBlind: 0.065530
ThreeRaises-CutOff, SmallBlind, BigBlind: 0.394180
ThreeRaises-Dealer, SmallBlind, BigBlind: 0.189010
FourRaises-CutOff, Dealer, SmallBlind, BigBlind: 0.015700


Show Downs Frequency: 10.180840
Two Players in Frequency: 9.425670
Three Players in Frequency: 0.739470
Four Players in Frequency: 0.015700
==============================================================================================================
============================******************************************************============================
==============================================================================================================
cutoff strategy: TenPercent
delear strategy: FivePercent
small blind strategy: TwentyfivePercent
big blind strategy: TwentyfivePercent
=====================================================================
========= Table: 10, #Hand: 10000000

| 3h | 3s | Ad | 6s | 10d | 

Player ID: 11, Position: CutOff, Holding Cards: | 5h | 9s | , Action: Fold, 
Best Hand: | Ad | 10d | 9s | 3s | 3h | = Pair of: 3, Money: 403788.741663

Player ID: 12, Position: Dealer, Holding Cards: | Qh | 4d | , Action: Fold, 
Best Hand: | Ad | Qh | 10d | 3s | 3h | = Pair of: 3, Money: 290817.758334

Player ID: 13, Position: SmallBlind, Holding Cards: | Jd | Ac | , Action: AllIn, 
Best Hand: | Ac | Ad | Jd | 3s | 3h | = TwoPairs of: 14 and 3, Money: -470214.499940

Player ID: 14, Position: BigBlind, Holding Cards: | Jh | Qs | , Action: AllIn, 
Best Hand: | Ad | Qs | Jh | 3s | 3h | = Pair of: 3, Money: -224391.999976

=====================================================================


HighCard: 17.406520
Pair: 43.830895
TwoPairs: 23.494128
Trips: 4.828202
Straight: 4.617940
Flush: 3.026327
FullHouse: 2.597583
Quads: 0.167470
StraightFlush: 0.030935

Empty-BigBlind: 62.898170
OneRaise-CutOff: 5.901360
OneRaise-Dealer: 2.890650
OneRaise-SmallBlind: 16.453240
TwoRaises-CutOff, Dealer: 0.317150
TwoRaises-CutOff, SmallBlind: 1.831300
TwoRaises-CutOff, BigBlind: 1.829910
TwoRaises-Dealer, SmallBlind: 0.891620
TwoRaises-Dealer, BigBlind: 0.892440
TwoRaises-SmallBlind, BigBlind: 5.155640
ThreeRaises-CutOff, Dealer, SmallBlind: 0.085960
ThreeRaises-CutOff, Dealer, BigBlind: 0.085220
ThreeRaises-CutOff, SmallBlind, BigBlind: 0.503460
ThreeRaises-Dealer, SmallBlind, BigBlind: 0.243420
FourRaises-CutOff, Dealer, SmallBlind, BigBlind: 0.020460


Show Downs Frequency: 11.856580
Two Players in Frequency: 10.918060
Three Players in Frequency: 0.918060
Four Players in Frequency: 0.020460
==============================================================================================================
============================******************************************************============================
==============================================================================================================
cutoff strategy: TenPercent
delear strategy: FivePercent
small blind strategy: TwentyfivePercent
big blind strategy: ThirtyPercent
=====================================================================
========= Table: 10, #Hand: 10000000

| 8c | 2d | 10s | 4d | 6s | 

Player ID: 11, Position: CutOff, Holding Cards: | 6d | Kc | , Action: Fold, 
Best Hand: | Kc | 10s | 8c | 6s | 6d | = Pair of: 6, Money: 416031.466662

Player ID: 12, Position: Dealer, Holding Cards: | 8h | Qd | , Action: Fold, 
Best Hand: | Qd | 10s | 8c | 8h | 6s | = Pair of: 8, Money: 300290.166667

Player ID: 13, Position: SmallBlind, Holding Cards: | Qs | Ac | , Action: AllIn, 
Best Hand: | Ac | Qs | 10s | 8c | 6s | = HighCard of: 14, Money: -445605.133279

Player ID: 14, Position: BigBlind, Holding Cards: | Jc | 10c | , Action: AllIn, 
Best Hand: | Jc | 10c | 10s | 8c | 6s | = Pair of: 10, Money: -270716.499979

=====================================================================


HighCard: 17.419888
Pair: 43.827728
TwoPairs: 23.496897
Trips: 4.829013
Straight: 4.616865
Flush: 3.017057
FullHouse: 2.594240
Quads: 0.167607
StraightFlush: 0.030705

Empty-BigBlind: 62.921160
OneRaise-CutOff: 5.523250
OneRaise-Dealer: 2.714530
OneRaise-SmallBlind: 15.425030
TwoRaises-CutOff, Dealer: 0.293420
TwoRaises-CutOff, SmallBlind: 1.713090
TwoRaises-CutOff, BigBlind: 2.191930
TwoRaises-Dealer, SmallBlind: 0.839130
TwoRaises-Dealer, BigBlind: 1.069470
TwoRaises-SmallBlind, BigBlind: 6.191300
ThreeRaises-CutOff, Dealer, SmallBlind: 0.081350
ThreeRaises-CutOff, Dealer, BigBlind: 0.102870
ThreeRaises-CutOff, SmallBlind, BigBlind: 0.607690
ThreeRaises-Dealer, SmallBlind, BigBlind: 0.300100
FourRaises-CutOff, Dealer, SmallBlind, BigBlind: 0.025680


Show Downs Frequency: 13.416030
Two Players in Frequency: 12.298340
Three Players in Frequency: 1.092010
Four Players in Frequency: 0.025680
==============================================================================================================
============================******************************************************============================
==============================================================================================================
cutoff strategy: TenPercent
delear strategy: FivePercent
small blind strategy: TwentyfivePercent
big blind strategy: ThirtyfivePercent
=====================================================================
========= Table: 10, #Hand: 10000000

| 8c | 8s | Kh | Jh | 4d | 

Player ID: 11, Position: CutOff, Holding Cards: | 9c | 7h | , Action: Fold, 
Best Hand: | Kh | Jh | 9c | 8c | 8s | = Pair of: 8, Money: 436668.674995

Player ID: 12, Position: Dealer, Holding Cards: | Jd | Qd | , Action: Fold, 
Best Hand: | Kh | Jd | Jh | 8c | 8s | = TwoPairs of: 11 and 8, Money: 313811.525000

Player ID: 13, Position: SmallBlind, Holding Cards: | 3h | 8d | , Action: Fold, 
Best Hand: | Kh | Jh | 8c | 8s | 8d | = Trips of: 8, Money: -404807.899959

Player ID: 14, Position: BigBlind, Holding Cards: | 5h | 3c | , Action: AllIn, 
Best Hand: | Kh | Jh | 8c | 8s | 5h | = Pair of: 8, Money: -345672.300016

=====================================================================


HighCard: 17.403720
Pair: 43.829188
TwoPairs: 23.494608
Trips: 4.831173
Straight: 4.622525
Flush: 3.022403
FullHouse: 2.596710
Quads: 0.169060
StraightFlush: 0.030615

Empty-BigBlind: 62.912190
OneRaise-CutOff: 5.106460
OneRaise-Dealer: 2.513150
OneRaise-SmallBlind: 14.248290
TwoRaises-CutOff, Dealer: 0.274100
TwoRaises-CutOff, SmallBlind: 1.596320
TwoRaises-CutOff, BigBlind: 2.607900
TwoRaises-Dealer, SmallBlind: 0.777550
TwoRaises-Dealer, BigBlind: 1.270610
TwoRaises-SmallBlind, BigBlind: 7.370040
ThreeRaises-CutOff, Dealer, SmallBlind: 0.076190
ThreeRaises-CutOff, Dealer, BigBlind: 0.123230
ThreeRaises-CutOff, SmallBlind, BigBlind: 0.739360
ThreeRaises-Dealer, SmallBlind, BigBlind: 0.354230
FourRaises-CutOff, Dealer, SmallBlind, BigBlind: 0.030380


Show Downs Frequency: 15.219910
Two Players in Frequency: 13.896520
Three Players in Frequency: 1.293010
Four Players in Frequency: 0.030380
==============================================================================================================
============================******************************************************============================
==============================================================================================================
cutoff strategy: TenPercent
delear strategy: FivePercent
small blind strategy: TwentyfivePercent
big blind strategy: FourtyPercent
=====================================================================
========= Table: 10, #Hand: 10000000

| Qh | 3s | Jh | 4s | 9d | 

Player ID: 11, Position: CutOff, Holding Cards: | 4h | 8h | , Action: Fold, 
Best Hand: | Qh | Jh | 9d | 4s | 4h | = Pair of: 4, Money: 460154.358328

Player ID: 12, Position: Dealer, Holding Cards: | 7s | 7h | , Action: Fold, 
Best Hand: | Qh | Jh | 9d | 7s | 7h | = Pair of: 7, Money: 328474.924999

Player ID: 13, Position: SmallBlind, Holding Cards: | 9h | 10c | , Action: Fold, 
Best Hand: | Qh | Jh | 10c | 9d | 9h | = Pair of: 9, Money: -368468.633305

Player ID: 14, Position: BigBlind, Holding Cards: | Ad | 7d | , Action: AllIn, 
Best Hand: | Ad | Qh | Jh | 9d | 7d | = HighCard of: 14, Money: -420160.650039

=====================================================================


HighCard: 17.404910
Pair: 43.822395
TwoPairs: 23.504430
Trips: 4.833357
Straight: 4.617813
Flush: 3.024633
FullHouse: 2.592448
Quads: 0.168843
StraightFlush: 0.031172

Empty-BigBlind: 62.902790
OneRaise-CutOff: 4.736290
OneRaise-Dealer: 2.340650
OneRaise-SmallBlind: 13.191740
TwoRaises-CutOff, Dealer: 0.257060
TwoRaises-CutOff, SmallBlind: 1.486370
TwoRaises-CutOff, BigBlind: 2.997970
TwoRaises-Dealer, SmallBlind: 0.726760
TwoRaises-Dealer, BigBlind: 1.456210
TwoRaises-SmallBlind, BigBlind: 8.403530
ThreeRaises-CutOff, Dealer, SmallBlind: 0.071150
ThreeRaises-CutOff, Dealer, BigBlind: 0.143510
ThreeRaises-CutOff, SmallBlind, BigBlind: 0.843550
ThreeRaises-Dealer, SmallBlind, BigBlind: 0.406690
FourRaises-CutOff, Dealer, SmallBlind, BigBlind: 0.035730


Show Downs Frequency: 16.828530
Two Players in Frequency: 15.327900
Three Players in Frequency: 1.464900
Four Players in Frequency: 0.035730
==============================================================================================================
============================******************************************************============================
==============================================================================================================
cutoff strategy: TenPercent
delear strategy: FivePercent
small blind strategy: TwentyfivePercent
big blind strategy: FourtyfivePercent
=====================================================================
========= Table: 10, #Hand: 10000000

| 3c | 10d | 6s | 2h | 2c | 

Player ID: 11, Position: CutOff, Holding Cards: | 5d | 4d | , Action: Fold, 
Best Hand: | 6s | 5d | 4d | 3c | 2h | = Straight of: 6 high, Money: 480047.499994

Player ID: 12, Position: Dealer, Holding Cards: | Qs | 10s | , Action: Fold, 
Best Hand: | Qs | 10s | 10d | 2c | 2h | = TwoPairs of: 10 and 2, Money: 338328.858333

Player ID: 13, Position: SmallBlind, Holding Cards: | 8s | 9h | , Action: Fold, 
Best Hand: | 10d | 9h | 8s | 2c | 2h | = Pair of: 2, Money: -323501.108325

Player ID: 14, Position: BigBlind, Holding Cards: | Jh | 3s | , Action: AllIn, 
Best Hand: | Jh | 3c | 3s | 2c | 2h | = TwoPairs of: 3 and 2, Money: -494875.250057

=====================================================================


HighCard: 17.415740
Pair: 43.826883
TwoPairs: 23.493480
Trips: 4.828905
Straight: 4.618803
Flush: 3.021068
FullHouse: 2.595963
Quads: 0.167960
StraightFlush: 0.031200

Empty-BigBlind: 62.906340
OneRaise-CutOff: 4.351690
OneRaise-Dealer: 2.157920
OneRaise-SmallBlind: 12.153230
TwoRaises-CutOff, Dealer: 0.239720
TwoRaises-CutOff, SmallBlind: 1.374280
TwoRaises-CutOff, BigBlind: 3.372990
TwoRaises-Dealer, SmallBlind: 0.671360
TwoRaises-Dealer, BigBlind: 1.627530
TwoRaises-SmallBlind, BigBlind: 9.448910
ThreeRaises-CutOff, Dealer, SmallBlind: 0.066230
ThreeRaises-CutOff, Dealer, BigBlind: 0.161650
ThreeRaises-CutOff, SmallBlind, BigBlind: 0.962180
ThreeRaises-Dealer, SmallBlind, BigBlind: 0.465620
FourRaises-CutOff, Dealer, SmallBlind, BigBlind: 0.040350


Show Downs Frequency: 18.430820
Two Players in Frequency: 16.734790
Three Players in Frequency: 1.655680
Four Players in Frequency: 0.040350
==============================================================================================================
============================******************************************************============================
==============================================================================================================
cutoff strategy: TenPercent
delear strategy: FivePercent
small blind strategy: TwentyfivePercent
big blind strategy: FiftyPercent
=====================================================================
========= Table: 10, #Hand: 10000000

| 3c | 7d | 7h | 9h | Jh | 

Player ID: 11, Position: CutOff, Holding Cards: | 4s | 8c | , Action: Fold, 
Best Hand: | Jh | 9h | 8c | 7d | 7h | = Pair of: 7, Money: 501689.183327

Player ID: 12, Position: Dealer, Holding Cards: | 5c | 5d | , Action: Fold, 
Best Hand: | Jh | 7d | 7h | 5c | 5d | = TwoPairs of: 7 and 5, Money: 353608.841666

Player ID: 13, Position: SmallBlind, Holding Cards: | Kd | 7s | , Action: Fold, 
Best Hand: | Kd | Jh | 7s | 7d | 7h | = Trips of: 7, Money: -274543.141688

Player ID: 14, Position: BigBlind, Holding Cards: | Js | 6s | , Action: AllIn, 
Best Hand: | Js | Jh | 9h | 7d | 7h | = TwoPairs of: 11 and 7, Money: -580754.883404

=====================================================================


HighCard: 17.413483
Pair: 43.823143
TwoPairs: 23.492213
Trips: 4.831545
Straight: 4.617170
Flush: 3.025645
FullHouse: 2.598212
Quads: 0.167882
StraightFlush: 0.030707

Empty-BigBlind: 62.908250
OneRaise-CutOff: 3.949980
OneRaise-Dealer: 1.968880
OneRaise-SmallBlind: 11.064240
TwoRaises-CutOff, Dealer: 0.215350
TwoRaises-CutOff, SmallBlind: 1.249320
TwoRaises-CutOff, BigBlind: 3.762200
TwoRaises-Dealer, SmallBlind: 0.607600
TwoRaises-Dealer, BigBlind: 1.824320
TwoRaises-SmallBlind, BigBlind: 10.561970
ThreeRaises-CutOff, Dealer, SmallBlind: 0.060300
ThreeRaises-CutOff, Dealer, BigBlind: 0.182580
ThreeRaises-CutOff, SmallBlind, BigBlind: 1.079780
ThreeRaises-Dealer, SmallBlind, BigBlind: 0.519710
FourRaises-CutOff, Dealer, SmallBlind, BigBlind: 0.045520


Show Downs Frequency: 20.108650
Two Players in Frequency: 18.220760
Three Players in Frequency: 1.842370
Four Players in Frequency: 0.045520
==============================================================================================================
============================******************************************************============================
==============================================================================================================
cutoff strategy: TenPercent
delear strategy: FivePercent
small blind strategy: ThirtyPercent
big blind strategy: FivePercent
=====================================================================
========= Table: 10, #Hand: 10000000

| 6d | Kc | 3s | 10s | Qd | 

Player ID: 11, Position: CutOff, Holding Cards: | Kh | 9h | , Action: Fold, 
Best Hand: | Kc | Kh | Qd | 10s | 9h | = Pair of: 13, Money: 375231.574997

Player ID: 12, Position: Dealer, Holding Cards: | 2h | 10d | , Action: Fold, 
Best Hand: | Kc | Qd | 10s | 10d | 6d | = Pair of: 10, Money: 262387.200001

Player ID: 13, Position: SmallBlind, Holding Cards: | 7d | Ah | , Action: AllIn, 
Best Hand: | Ah | Kc | Qd | 10s | 7d | = HighCard of: 14, Money: -362206.808309

Player ID: 14, Position: BigBlind, Holding Cards: | 7s | Kd | , Action: Fold, 
Best Hand: | Kc | Kd | Qd | 10s | 7s | = Pair of: 13, Money: -275411.966650

=====================================================================


HighCard: 17.402957
Pair: 43.827140
TwoPairs: 23.493340
Trips: 4.829310
Straight: 4.618913
Flush: 3.031258
FullHouse: 2.598432
Quads: 0.167772
StraightFlush: 0.030877

Empty-BigBlind: 58.811290
OneRaise-CutOff: 6.888230
OneRaise-Dealer: 3.370880
OneRaise-SmallBlind: 24.399380
TwoRaises-CutOff, Dealer: 0.359780
TwoRaises-CutOff, SmallBlind: 2.689050
TwoRaises-CutOff, BigBlind: 0.361130
TwoRaises-Dealer, SmallBlind: 1.307310
TwoRaises-Dealer, BigBlind: 0.174850
TwoRaises-SmallBlind, BigBlind: 1.310300
ThreeRaises-CutOff, Dealer, SmallBlind: 0.123910
ThreeRaises-CutOff, Dealer, BigBlind: 0.016300
ThreeRaises-CutOff, SmallBlind, BigBlind: 0.122670
ThreeRaises-Dealer, SmallBlind, BigBlind: 0.060060
FourRaises-CutOff, Dealer, SmallBlind, BigBlind: 0.004860


Show Downs Frequency: 6.530220
Two Players in Frequency: 6.202420
Three Players in Frequency: 0.322940
Four Players in Frequency: 0.004860
==============================================================================================================
============================******************************************************============================
==============================================================================================================
cutoff strategy: TenPercent
delear strategy: FivePercent
small blind strategy: ThirtyPercent
big blind strategy: TenPercent
=====================================================================
========= Table: 10, #Hand: 10000000

| 9d | 5c | Kh | Qs | 4c | 

Player ID: 11, Position: CutOff, Holding Cards: | Kc | 6h | , Action: Fold, 
Best Hand: | Kc | Kh | Qs | 9d | 6h | = Pair of: 13, Money: 378323.699997

Player ID: 12, Position: Dealer, Holding Cards: | 2h | 4h | , Action: Fold, 
Best Hand: | Kh | Qs | 9d | 4c | 4h | = Pair of: 4, Money: 271581.933334

Player ID: 13, Position: SmallBlind, Holding Cards: | 3c | Ks | , Action: Fold, 
Best Hand: | Ks | Kh | Qs | 9d | 5c | = Pair of: 13, Money: -415651.266625

Player ID: 14, Position: BigBlind, Holding Cards: | 6s | 9c | , Action: AllIn, 
Best Hand: | Kh | Qs | 9c | 9d | 6s | = Pair of: 9, Money: -234254.366644

=====================================================================


HighCard: 17.412237
Pair: 43.817682
TwoPairs: 23.498615
Trips: 4.828963
Straight: 4.619578
Flush: 3.026838
FullHouse: 2.597910
Quads: 0.167137
StraightFlush: 0.031040

Empty-BigBlind: 58.819460
OneRaise-CutOff: 6.534760
OneRaise-Dealer: 3.207250
OneRaise-SmallBlind: 23.145950
TwoRaises-CutOff, Dealer: 0.345910
TwoRaises-CutOff, SmallBlind: 2.566020
TwoRaises-CutOff, BigBlind: 0.704030
TwoRaises-Dealer, SmallBlind: 1.242140
TwoRaises-Dealer, BigBlind: 0.347990
TwoRaises-SmallBlind, BigBlind: 2.557750
ThreeRaises-CutOff, Dealer, SmallBlind: 0.119140
ThreeRaises-CutOff, Dealer, BigBlind: 0.032460
ThreeRaises-CutOff, SmallBlind, BigBlind: 0.247520
ThreeRaises-Dealer, SmallBlind, BigBlind: 0.118870
FourRaises-CutOff, Dealer, SmallBlind, BigBlind: 0.010750


Show Downs Frequency: 8.292580
Two Players in Frequency: 7.763840
Three Players in Frequency: 0.517990
Four Players in Frequency: 0.010750
