==============================================================================================================
============================******************************************************============================
==============================================================================================================
cutoff strategy: FifteenPercent
delear strategy: FivePercent
small blind strategy: TenPercent
big blind strategy: FivePercent
=====================================================================
========= Table: 10, #Hand: 10000000

| 10d | 2h | 10h | 6d | Ks | 

Player ID: 11, Position: CutOff, Holding Cards: | Qc | 3h | , Action: Fold, 
Best Hand: | Ks | Qc | 10d | 10h | 6d | = Pair of: 10, Money: 359630.633329

Player ID: 12, Position: Dealer, Holding Cards: | 4d | 7c | , Action: Fold, 
Best Hand: | Ks | 10d | 10h | 7c | 6d | = Pair of: 10, Money: 215489.833335

Player ID: 13, Position: SmallBlind, Holding Cards: | 8h | 3c | , Action: Fold, 
Best Hand: | Ks | 10d | 10h | 8h | 6d | = Pair of: 10, Money: -676441.566553

Player ID: 14, Position: BigBlind, Holding Cards: | 10c | 6s | , Action: AllIn, 
Best Hand: | 10c | 10d | 10h | 6s | 6d | = FullHouse of: 10, full of: 6, Money: 101321.100010

=====================================================================


HighCard: 17.426330
Pair: 43.829982
TwoPairs: 23.478730
Trips: 4.819723
Straight: 4.623848
Flush: 3.026358
FullHouse: 2.595280
Quads: 0.168655
StraightFlush: 0.031095

Empty-BigBlind: 71.673660
OneRaise-CutOff: 12.209150
OneRaise-Dealer: 4.044610
OneRaise-SmallBlind: 8.271270
TwoRaises-CutOff, Dealer: 0.636030
TwoRaises-CutOff, SmallBlind: 1.301560
TwoRaises-CutOff, BigBlind: 0.637790
TwoRaises-Dealer, SmallBlind: 0.424480
TwoRaises-Dealer, BigBlind: 0.205650
TwoRaises-SmallBlind, BigBlind: 0.429020
ThreeRaises-CutOff, Dealer, SmallBlind: 0.058440
ThreeRaises-CutOff, Dealer, BigBlind: 0.028050
ThreeRaises-CutOff, SmallBlind, BigBlind: 0.059490
ThreeRaises-Dealer, SmallBlind, BigBlind: 0.018610
FourRaises-CutOff, Dealer, SmallBlind, BigBlind: 0.002190


Show Downs Frequency: 3.801310
Two Players in Frequency: 3.634530
Three Players in Frequency: 0.164590
Four Players in Frequency: 0.002190
==============================================================================================================
============================******************************************************============================
==============================================================================================================
cutoff strategy: FifteenPercent
delear strategy: FivePercent
small blind strategy: TenPercent
big blind strategy: TenPercent
=====================================================================
========= Table: 10, #Hand: 10000000

| 4c | 2d | 3h | Js | 7s | 

Player ID: 11, Position: CutOff, Holding Cards: | 4h | 3d | , Action: Fold, 
Best Hand: | Js | 4c | 4h | 3d | 3h | = TwoPairs of: 4 and 3, Money: 353200.533330

Player ID: 12, Position: Dealer, Holding Cards: | 3s | 6h | , Action: Fold, 
Best Hand: | Js | 7s | 6h | 3s | 3h | = Pair of: 3, Money: 226620.458335

Player ID: 13, Position: SmallBlind, Holding Cards: | 10s | 5c | , Action: Fold, 
Best Hand: | Js | 10s | 7s | 5c | 4c | = HighCard of: 11, Money: -672174.491554

Player ID: 14, Position: BigBlind, Holding Cards: | 10c | Kh | , Action: AllIn, 
Best Hand: | Kh | Js | 10c | 7s | 4c | = HighCard of: 13, Money: 92353.500007

=====================================================================


HighCard: 17.413867
Pair: 43.819918
TwoPairs: 23.510075
Trips: 4.826150
Straight: 4.614858
Flush: 3.022523
FullHouse: 2.594393
Quads: 0.166945
StraightFlush: 0.031273

Empty-BigBlind: 71.686880
OneRaise-CutOff: 11.585870
OneRaise-Dealer: 3.856490
OneRaise-SmallBlind: 7.845020
TwoRaises-CutOff, Dealer: 0.602180
TwoRaises-CutOff, SmallBlind: 1.250010
TwoRaises-CutOff, BigBlind: 1.255040
TwoRaises-Dealer, SmallBlind: 0.407610
TwoRaises-Dealer, BigBlind: 0.406770
TwoRaises-SmallBlind, BigBlind: 0.833540
ThreeRaises-CutOff, Dealer, SmallBlind: 0.056120
ThreeRaises-CutOff, Dealer, BigBlind: 0.056490
ThreeRaises-CutOff, SmallBlind, BigBlind: 0.117260
ThreeRaises-Dealer, SmallBlind, BigBlind: 0.036230
FourRaises-CutOff, Dealer, SmallBlind, BigBlind: 0.004490


Show Downs Frequency: 5.025740
Two Players in Frequency: 4.755150
Three Players in Frequency: 0.266100
Four Players in Frequency: 0.004490
==============================================================================================================
============================******************************************************============================
==============================================================================================================
cutoff strategy: FifteenPercent
delear strategy: FivePercent
small blind strategy: TenPercent
big blind strategy: FifteenPercent
=====================================================================
========= Table: 10, #Hand: 10000000

| 3c | 9c | 2c | 6s | 7d | 

Player ID: 11, Position: CutOff, Holding Cards: | As | Qh | , Action: AllIn, 
Best Hand: | As | Qh | 9c | 7d | 6s | = HighCard of: 14, Money: 358293.774996

Player ID: 12, Position: Dealer, Holding Cards: | 9h | Qs | , Action: Fold, 
Best Hand: | Qs | 9c | 9h | 7d | 6s | = Pair of: 9, Money: 237118.025002

Player ID: 13, Position: SmallBlind, Holding Cards: | 4d | 4c | , Action: Fold, 
Best Hand: | 9c | 7d | 6s | 4c | 4d | = Pair of: 4, Money: -656570.833222

Player ID: 14, Position: BigBlind, Holding Cards: | 6d | Kc | , Action: Fold, 
Best Hand: | Kc | 9c | 7d | 6s | 6d | = Pair of: 6, Money: 61159.033326

=====================================================================


HighCard: 17.416495
Pair: 43.828290
TwoPairs: 23.484382
Trips: 4.827278
Straight: 4.621412
Flush: 3.023070
FullHouse: 2.599823
Quads: 0.168330
StraightFlush: 0.030920

Empty-BigBlind: 71.690900
OneRaise-CutOff: 11.070380
OneRaise-Dealer: 3.674950
OneRaise-SmallBlind: 7.485300
TwoRaises-CutOff, Dealer: 0.585560
TwoRaises-CutOff, SmallBlind: 1.194690
TwoRaises-CutOff, BigBlind: 1.773790
TwoRaises-Dealer, SmallBlind: 0.389330
TwoRaises-Dealer, BigBlind: 0.578950
TwoRaises-SmallBlind, BigBlind: 1.191020
ThreeRaises-CutOff, Dealer, SmallBlind: 0.054210
ThreeRaises-CutOff, Dealer, BigBlind: 0.081520
ThreeRaises-CutOff, SmallBlind, BigBlind: 0.167830
ThreeRaises-Dealer, SmallBlind, BigBlind: 0.054990
FourRaises-CutOff, Dealer, SmallBlind, BigBlind: 0.006580


Show Downs Frequency: 6.078470
Two Players in Frequency: 5.713340
Three Players in Frequency: 0.358550
Four Players in Frequency: 0.006580
==============================================================================================================
============================******************************************************============================
==============================================================================================================
cutoff strategy: FifteenPercent
delear strategy: FivePercent
small blind strategy: TenPercent
big blind strategy: TwentyPercent
=====================================================================
========= Table: 10, #Hand: 10000000

| 5h | 4s | 2h | Jc | 8s | 

Player ID: 11, Position: CutOff, Holding Cards: | 10h | 4h | , Action: Fold, 
Best Hand: | Jc | 10h | 8s | 4s | 4h | = Pair of: 4, Money: 375449.091662

Player ID: 12, Position: Dealer, Holding Cards: | Qc | 8c | , Action: Fold, 
Best Hand: | Qc | Jc | 8c | 8s | 5h | = Pair of: 8, Money: 248620.733335

Player ID: 13, Position: SmallBlind, Holding Cards: | Qh | 9d | , Action: Fold, 
Best Hand: | Qh | Jc | 9d | 8s | 5h | = HighCard of: 12, Money: -635122.241560

Player ID: 14, Position: BigBlind, Holding Cards: | Qd | 4c | , Action: AllIn, 
Best Hand: | Qd | Jc | 8s | 4c | 4s | = Pair of: 4, Money: 11052.416668

=====================================================================


HighCard: 17.408925
Pair: 43.829068
TwoPairs: 23.484035
Trips: 4.836950
Straight: 4.613225
Flush: 3.026508
FullHouse: 2.601278
Quads: 0.169102
StraightFlush: 0.030910

Empty-BigBlind: 71.671770
OneRaise-CutOff: 10.454590
OneRaise-Dealer: 3.478520
OneRaise-SmallBlind: 7.085760
TwoRaises-CutOff, Dealer: 0.553210
TwoRaises-CutOff, SmallBlind: 1.135430
TwoRaises-CutOff, BigBlind: 2.389360
TwoRaises-Dealer, SmallBlind: 0.371700
TwoRaises-Dealer, BigBlind: 0.782200
TwoRaises-SmallBlind, BigBlind: 1.608000
ThreeRaises-CutOff, Dealer, SmallBlind: 0.050880
ThreeRaises-CutOff, Dealer, BigBlind: 0.109220
ThreeRaises-CutOff, SmallBlind, BigBlind: 0.226890
ThreeRaises-Dealer, SmallBlind, BigBlind: 0.073330
FourRaises-CutOff, Dealer, SmallBlind, BigBlind: 0.009140


Show Downs Frequency: 7.309360
Two Players in Frequency: 6.839900
Three Players in Frequency: 0.460320
Four Players in Frequency: 0.009140
==============================================================================================================
============================******************************************************============================
==============================================================================================================
cutoff strategy: FifteenPercent
delear strategy: FivePercent
small blind strategy: TenPercent
big blind strategy: TwentyfivePercent
=====================================================================
========= Table: 10, #Hand: 10000000

| Kh | Ad | 2d | 4c | 9c | 

Player ID: 11, Position: CutOff, Holding Cards: | 6d | Kc | , Action: Fold, 
Best Hand: | Ad | Kc | Kh | 9c | 6d | = Pair of: 13, Money: 398974.074994

Player ID: 12, Position: Dealer, Holding Cards: | 4h | Jd | , Action: Fold, 
Best Hand: | Ad | Kh | Jd | 4c | 4h | = Pair of: 4, Money: 263357.983335

Player ID: 13, Position: SmallBlind, Holding Cards: | 8c | 4d | , Action: Fold, 
Best Hand: | Ad | Kh | 9c | 4c | 4d | = Pair of: 4, Money: -619624.774896

Player ID: 14, Position: BigBlind, Holding Cards: | 3c | Js | , Action: AllIn, 
Best Hand: | Ad | Kh | Js | 9c | 4c | = HighCard of: 14, Money: -42707.283340

=====================================================================


HighCard: 17.408808
Pair: 43.828688
TwoPairs: 23.488150
Trips: 4.832820
Straight: 4.618432
Flush: 3.029818
FullHouse: 2.593115
Quads: 0.168860
StraightFlush: 0.031310

Empty-BigBlind: 71.690180
OneRaise-CutOff: 9.804960
OneRaise-Dealer: 3.259380
OneRaise-SmallBlind: 6.640470
TwoRaises-CutOff, Dealer: 0.525820
TwoRaises-CutOff, SmallBlind: 1.066830
TwoRaises-CutOff, BigBlind: 3.035370
TwoRaises-Dealer, SmallBlind: 0.348740
TwoRaises-Dealer, BigBlind: 0.992710
TwoRaises-SmallBlind, BigBlind: 2.044440
ThreeRaises-CutOff, Dealer, SmallBlind: 0.049290
ThreeRaises-CutOff, Dealer, BigBlind: 0.142420
ThreeRaises-CutOff, SmallBlind, BigBlind: 0.292040
ThreeRaises-Dealer, SmallBlind, BigBlind: 0.094920
FourRaises-CutOff, Dealer, SmallBlind, BigBlind: 0.012430


Show Downs Frequency: 8.605010
Two Players in Frequency: 8.013910
Three Players in Frequency: 0.578670
Four Players in Frequency: 0.012430
==============================================================================================================
============================******************************************************============================
==============================================================================================================
cutoff strategy: FifteenPercent
delear strategy: FivePercent
small blind strategy: TenPercent
big blind strategy: ThirtyPercent
=====================================================================
========= Table: 10, #Hand: 10000000

| 8h | As | 7h | Kh | 5s | 

Player ID: 11, Position: CutOff, Holding Cards: | 7s | 4s | , Action: Fold, 
Best Hand: | As | Kh | 8h | 7s | 7h | = Pair of: 7, Money: 419277.416659

Player ID: 12, Position: Dealer, Holding Cards: | Jh | 8s | , Action: Fold, 
Best Hand: | As | Kh | Jh | 8s | 8h | = Pair of: 8, Money: 272174.641668

Player ID: 13, Position: SmallBlind, Holding Cards: | Ah | Ad | , Action: AllIn, 
Best Hand: | As | Ad | Ah | Kh | 8h | = Trips of: 14, Money: -600207.391565

Player ID: 14, Position: BigBlind, Holding Cards: | 4d | 9s | , Action: Fold, 
Best Hand: | As | Kh | 9s | 8h | 7h | = HighCard of: 14, Money: -91244.666660

=====================================================================


HighCard: 17.418337
Pair: 43.804743
TwoPairs: 23.496733
Trips: 4.830868
Straight: 4.621550
Flush: 3.026360
FullHouse: 2.602060
Quads: 0.168205
StraightFlush: 0.031145

Empty-BigBlind: 71.675050
OneRaise-CutOff: 9.202320
OneRaise-Dealer: 3.064820
OneRaise-SmallBlind: 6.232440
TwoRaises-CutOff, Dealer: 0.489710
TwoRaises-CutOff, SmallBlind: 1.004310
TwoRaises-CutOff, BigBlind: 3.649340
TwoRaises-Dealer, SmallBlind: 0.330290
TwoRaises-Dealer, BigBlind: 1.195870
TwoRaises-SmallBlind, BigBlind: 2.455680
ThreeRaises-CutOff, Dealer, SmallBlind: 0.047480
ThreeRaises-CutOff, Dealer, BigBlind: 0.172900
ThreeRaises-CutOff, SmallBlind, BigBlind: 0.350950
ThreeRaises-Dealer, SmallBlind, BigBlind: 0.114570
FourRaises-CutOff, Dealer, SmallBlind, BigBlind: 0.014270


Show Downs Frequency: 9.825370
Two Players in Frequency: 9.125200
Three Players in Frequency: 0.685900
Four Players in Frequency: 0.014270
==============================================================================================================
============================******************************************************============================
==============================================================================================================
cutoff strategy: FifteenPercent
delear strategy: FivePercent
small blind strategy: TenPercent
big blind strategy: ThirtyfivePercent
=====================================================================
========= Table: 10, #Hand: 10000000

| 5d | 10h | Ks | 5s | 2c | 

Player ID: 11, Position: CutOff, Holding Cards: | 4s | 6d | , Action: Fold, 
Best Hand: | Ks | 10h | 6d | 5s | 5d | = Pair of: 5, Money: 445074.891658

Player ID: 12, Position: Dealer, Holding Cards: | Qh | Ad | , Action: AllIn, 
Best Hand: | Ad | Ks | Qh | 5s | 5d | = Pair of: 5, Money: 289063.425001

Player ID: 13, Position: SmallBlind, Holding Cards: | 3d | 9s | , Action: Fold, 
Best Hand: | Ks | 10h | 9s | 5s | 5d | = Pair of: 5, Money: -574398.783237

Player ID: 14, Position: BigBlind, Holding Cards: | 9h | Kc | , Action: AllIn, 
Best Hand: | Kc | Ks | 10h | 5s | 5d | = TwoPairs of: 13 and 5, Money: -159739.533311

=====================================================================


HighCard: 17.405020
Pair: 43.821000
TwoPairs: 23.495100
Trips: 4.832120
Straight: 4.625360
Flush: 3.023930
FullHouse: 2.598148
Quads: 0.168140
StraightFlush: 0.031182

Empty-BigBlind: 71.669210
OneRaise-CutOff: 8.503700
OneRaise-Dealer: 2.843130
OneRaise-SmallBlind: 5.776040
TwoRaises-CutOff, Dealer: 0.458020
TwoRaises-CutOff, SmallBlind: 0.935490
TwoRaises-CutOff, BigBlind: 4.336680
TwoRaises-Dealer, SmallBlind: 0.310210
TwoRaises-Dealer, BigBlind: 1.420960
TwoRaises-SmallBlind, BigBlind: 2.915640
ThreeRaises-CutOff, Dealer, SmallBlind: 0.042860
ThreeRaises-CutOff, Dealer, BigBlind: 0.207820
ThreeRaises-CutOff, SmallBlind, BigBlind: 0.425740
ThreeRaises-Dealer, SmallBlind, BigBlind: 0.136870
FourRaises-CutOff, Dealer, SmallBlind, BigBlind: 0.017630


Show Downs Frequency: 11.207920
Two Players in Frequency: 10.377000
Three Players in Frequency: 0.813290
Four Players in Frequency: 0.017630
==============================================================================================================
============================******************************************************============================
==============================================================================================================
cutoff strategy: FifteenPercent
delear strategy: FivePercent
small blind strategy: TenPercent
big blind strategy: FourtyPercent
=====================================================================
========= Table: 10, #Hand: 10000000

| 5c | 7h | Jc | 2s | 8h | 

Player ID: 11, Position: CutOff, Holding Cards: | Jd | 10d | , Action: Fold, 
Best Hand: | Jc | Jd | 10d | 8h | 7h | = Pair of: 11, Money: 477442.458324

Player ID: 12, Position: Dealer, Holding Cards: | 8c | As | , Action: Fold, 
Best Hand: | As | Jc | 8c | 8h | 7h | = Pair of: 8, Money: 303184.433333

Player ID: 13, Position: SmallBlind, Holding Cards: | 9h | 7d | , Action: Fold, 
Best Hand: | Jc | 9h | 8h | 7d | 7h | = Pair of: 7, Money: -553383.874908

Player ID: 14, Position: BigBlind, Holding Cards: | 3d | Kc | , Action: AllIn, 
Best Hand: | Kc | Jc | 8h | 7h | 5c | = HighCard of: 13, Money: -227243.016638

=====================================================================


HighCard: 17.418510
Pair: 43.829968
TwoPairs: 23.498470
Trips: 4.821248
Straight: 4.617910
Flush: 3.022803
FullHouse: 2.591360
Quads: 0.168742
StraightFlush: 0.030990

Empty-BigBlind: 71.643680
OneRaise-CutOff: 7.925320
OneRaise-Dealer: 2.633590
OneRaise-SmallBlind: 5.347420
TwoRaises-CutOff, Dealer: 0.428230
TwoRaises-CutOff, SmallBlind: 0.869070
TwoRaises-CutOff, BigBlind: 4.948020
TwoRaises-Dealer, SmallBlind: 0.286140
TwoRaises-Dealer, BigBlind: 1.623020
TwoRaises-SmallBlind, BigBlind: 3.340910
ThreeRaises-CutOff, Dealer, SmallBlind: 0.041090
ThreeRaises-CutOff, Dealer, BigBlind: 0.239790
ThreeRaises-CutOff, SmallBlind, BigBlind: 0.493470
ThreeRaises-Dealer, SmallBlind, BigBlind: 0.160150
FourRaises-CutOff, Dealer, SmallBlind, BigBlind: 0.020100


Show Downs Frequency: 12.449990
Two Players in Frequency: 11.495390
Three Players in Frequency: 0.934500
Four Players in Frequency: 0.020100
==============================================================================================================
============================******************************************************============================
==============================================================================================================
cutoff strategy: FifteenPercent
delear strategy: FivePercent
small blind strategy: TenPercent
big blind strategy: FourtyfivePercent
=====================================================================
========= Table: 10, #Hand: 10000000

| 6c | 4c | Qs | 10c | 10d | 

Player ID: 11, Position: CutOff, Holding Cards: | 2c | Qh | , Action: Fold, 
Best Hand: | Qs | Qh | 10c | 10d | 6c | = TwoPairs of: 12 and 10, Money: 505501.533323

Player ID: 12, Position: Dealer, Holding Cards: | Ks | 4s | , Action: Fold, 
Best Hand: | Ks | 10c | 10d | 4c | 4s | = TwoPairs of: 10 and 4, Money: 314941.716666

Player ID: 13, Position: SmallBlind, Holding Cards: | 3h | 2h | , Action: Fold, 
Best Hand: | Qs | 10c | 10d | 6c | 4c | = Pair of: 10, Money: -527408.466580

Player ID: 14, Position: BigBlind, Holding Cards: | 5c | 3d | , Action: AllIn, 
Best Hand: | Qs | 10c | 10d | 6c | 5c | = Pair of: 10, Money: -293034.783325

=====================================================================


HighCard: 17.415155
Pair: 43.832138
TwoPairs: 23.499672
Trips: 4.829330
Straight: 4.616722
Flush: 3.017393
FullHouse: 2.591213
Quads: 0.167525
StraightFlush: 0.030853

Empty-BigBlind: 71.683500
OneRaise-CutOff: 7.276200
OneRaise-Dealer: 2.431420
OneRaise-SmallBlind: 4.937830
TwoRaises-CutOff, Dealer: 0.394840
TwoRaises-CutOff, SmallBlind: 0.799020
TwoRaises-CutOff, BigBlind: 5.569200
TwoRaises-Dealer, SmallBlind: 0.266440
TwoRaises-Dealer, BigBlind: 1.825250
TwoRaises-SmallBlind, BigBlind: 3.752220
ThreeRaises-CutOff, Dealer, SmallBlind: 0.037200
ThreeRaises-CutOff, Dealer, BigBlind: 0.269670
ThreeRaises-CutOff, SmallBlind, BigBlind: 0.554230
ThreeRaises-Dealer, SmallBlind, BigBlind: 0.179780
FourRaises-CutOff, Dealer, SmallBlind, BigBlind: 0.023200


Show Downs Frequency: 13.671050
Two Players in Frequency: 12.606970
Three Players in Frequency: 1.040880
Four Players in Frequency: 0.023200
==============================================================================================================
============================******************************************************============================
==============================================================================================================
cutoff strategy: FifteenPercent
delear strategy: FivePercent
small blind strategy: TenPercent
big blind strategy: FiftyPercent
=====================================================================
========= Table: 10, #Hand: 10000000

| 8s | 8c | 7s | 3c | 9s | 

Player ID: 11, Position: CutOff, Holding Cards: | 4h | 2d | , Action: Fold, 
Best Hand: | 9s | 8c | 8s | 7s | 4h | = Pair of: 8, Money: 535414.891656

Player ID: 12, Position: Dealer, Holding Cards: | Ah | 7d | , Action: Fold, 
Best Hand: | Ah | 8c | 8s | 7s | 7d | = TwoPairs of: 8 and 7, Money: 334071.516666

Player ID: 13, Position: SmallBlind, Holding Cards: | Kd | 10d | , Action: Fold, 
Best Hand: | Kd | 10d | 9s | 8c | 8s | = Pair of: 8, Money: -505126.424919

Player ID: 14, Position: BigBlind, Holding Cards: | Ad | 2s | , Action: AllIn, 
Best Hand: | Ad | 9s | 8c | 8s | 7s | = Pair of: 8, Money: -364359.983360

=====================================================================


HighCard: 17.419920
Pair: 43.817240
TwoPairs: 23.492528
Trips: 4.829920
Straight: 4.623275
Flush: 3.026593
FullHouse: 2.592307
Quads: 0.166697
StraightFlush: 0.031520

Empty-BigBlind: 71.671940
OneRaise-CutOff: 6.610330
OneRaise-Dealer: 2.209530
OneRaise-SmallBlind: 4.468950
TwoRaises-CutOff, Dealer: 0.364650
TwoRaises-CutOff, SmallBlind: 0.738300
TwoRaises-CutOff, BigBlind: 6.237210
TwoRaises-Dealer, SmallBlind: 0.240440
TwoRaises-Dealer, BigBlind: 2.052810
TwoRaises-SmallBlind, BigBlind: 4.212570
ThreeRaises-CutOff, Dealer, SmallBlind: 0.033600
ThreeRaises-CutOff, Dealer, BigBlind: 0.298960
ThreeRaises-CutOff, SmallBlind, BigBlind: 0.629700
ThreeRaises-Dealer, SmallBlind, BigBlind: 0.204980
FourRaises-CutOff, Dealer, SmallBlind, BigBlind: 0.026030


Show Downs Frequency: 15.039250
Two Players in Frequency: 13.845980
Three Players in Frequency: 1.167240
Four Players in Frequency: 0.026030
==============================================================================================================
============================******************************************************============================
==============================================================================================================
cutoff strategy: FifteenPercent
delear strategy: FivePercent
small blind strategy: FifteenPercent
big blind strategy: FivePercent
=====================================================================
========= Table: 10, #Hand: 10000000

| 5c | 4d | 6h | 3h | 8h | 

Player ID: 11, Position: CutOff, Holding Cards: | 6s | 6d | , Action: AllIn, 
Best Hand: | 8h | 6s | 6d | 6h | 5c | = Trips of: 6, Money: 374565.974995

Player ID: 12, Position: Dealer, Holding Cards: | 3d | 3s | , Action: Fold, 
Best Hand: | 8h | 6h | 3s | 3d | 3h | = Trips of: 3, Money: 229358.225002

Player ID: 13, Position: SmallBlind, Holding Cards: | 4s | Ac | , Action: Fold, 
Best Hand: | Ac | 8h | 6h | 4s | 4d | = Pair of: 4, Money: -599951.749904

Player ID: 14, Position: BigBlind, Holding Cards: | 10h | 8d | , Action: Fold, 
Best Hand: | 10h | 8d | 8h | 6h | 5c | = Pair of: 8, Money: -3972.450001

=====================================================================


HighCard: 17.407845
Pair: 43.824143
TwoPairs: 23.497177
Trips: 4.832425
Straight: 4.613738
Flush: 3.025183
FullHouse: 2.599405
Quads: 0.168362
StraightFlush: 0.031723

Empty-BigBlind: 68.133510
OneRaise-CutOff: 11.633430
OneRaise-Dealer: 3.869500
OneRaise-SmallBlind: 11.641440
TwoRaises-CutOff, Dealer: 0.610660
TwoRaises-CutOff, SmallBlind: 1.856080
TwoRaises-CutOff, BigBlind: 0.607720
TwoRaises-Dealer, SmallBlind: 0.611810
TwoRaises-Dealer, BigBlind: 0.198800
TwoRaises-SmallBlind, BigBlind: 0.609580
ThreeRaises-CutOff, Dealer, SmallBlind: 0.085260
ThreeRaises-CutOff, Dealer, BigBlind: 0.027680
ThreeRaises-CutOff, SmallBlind, BigBlind: 0.083620
ThreeRaises-Dealer, SmallBlind, BigBlind: 0.027510
FourRaises-CutOff, Dealer, SmallBlind, BigBlind: 0.003400


Show Downs Frequency: 4.722120
Two Players in Frequency: 4.494650
Three Players in Frequency: 0.224070
Four Players in Frequency: 0.003400
==============================================================================================================
============================******************************************************============================
==============================================================================================================
cutoff strategy: FifteenPercent
delear strategy: FivePercent
small blind strategy: FifteenPercent
big blind strategy: TenPercent
=====================================================================
========= Table: 10, #Hand: 10000000

| Qc | 10d | Kh | Jh | 3d | 

Player ID: 11, Position: CutOff, Holding Cards: | 8c | 7c | , Action: Fold, 
Best Hand: | Kh | Qc | Jh | 10d | 8c | = HighCard of: 13, Money: 368442.658329

Player ID: 12, Position: Dealer, Holding Cards: | 4s | Ah | , Action: Fold, 
Best Hand: | Ah | Kh | Qc | Jh | 10d | = Straight of: 14 high, Money: 239166.825002

Player ID: 13, Position: SmallBlind, Holding Cards: | 8s | 10s | , Action: Fold, 
Best Hand: | Kh | Qc | Jh | 10s | 10d | = Pair of: 10, Money: -604845.016569

Player ID: 14, Position: BigBlind, Holding Cards: | 6c | 3h | , Action: AllIn, 
Best Hand: | Kh | Qc | Jh | 3d | 3h | = Pair of: 3, Money: -2764.466667

=====================================================================


HighCard: 17.414510
Pair: 43.824843
TwoPairs: 23.488445
Trips: 4.831915
Straight: 4.616580
Flush: 3.032247
FullHouse: 2.591502
Quads: 0.169010
StraightFlush: 0.030947

Empty-BigBlind: 68.103880
OneRaise-CutOff: 11.068640
OneRaise-Dealer: 3.677740
OneRaise-SmallBlind: 11.070070
TwoRaises-CutOff, Dealer: 0.583630
TwoRaises-CutOff, SmallBlind: 1.774970
TwoRaises-CutOff, BigBlind: 1.190990
TwoRaises-Dealer, SmallBlind: 0.578980
TwoRaises-Dealer, BigBlind: 0.391140
TwoRaises-SmallBlind, BigBlind: 1.195430
ThreeRaises-CutOff, Dealer, SmallBlind: 0.081660
ThreeRaises-CutOff, Dealer, BigBlind: 0.054490
ThreeRaises-CutOff, SmallBlind, BigBlind: 0.167860
ThreeRaises-Dealer, SmallBlind, BigBlind: 0.054340
FourRaises-CutOff, Dealer, SmallBlind, BigBlind: 0.006180


Show Downs Frequency: 6.079670
Two Players in Frequency: 5.715140
Three Players in Frequency: 0.358350
Four Players in Frequency: 0.006180
==============================================================================================================
============================******************************************************============================
==============================================================================================================
cutoff strategy: FifteenPercent
delear strategy: FivePercent
small blind strategy: FifteenPercent
big blind strategy: FifteenPercent
=====================================================================
========= Table: 10, #Hand: 10000000

| Ah | Qc | 6d | Qs | 4h | 

Player ID: 11, Position: CutOff, Holding Cards: | 5h | 5c | , Action: Fold, 
Best Hand: | Ah | Qc | Qs | 5c | 5h | = TwoPairs of: 12 and 5, Money: 375390.008328

Player ID: 12, Position: Dealer, Holding Cards: | 6c | 4s | , Action: Fold, 
Best Hand: | Ah | Qc | Qs | 6c | 6d | = TwoPairs of: 12 and 6, Money: 246474.608335

Player ID: 13, Position: SmallBlind, Holding Cards: | 3c | 10d | , Action: Fold, 
Best Hand: | Ah | Qc | Qs | 10d | 6d | = Pair of: 12, Money: -593519.983238

Player ID: 14, Position: BigBlind, Holding Cards: | Jd | Jh | , Action: AllIn, 
Best Hand: | Ah | Qc | Qs | Jd | Jh | = TwoPairs of: 12 and 11, Money: -28344.633336

=====================================================================


HighCard: 17.413475
Pair: 43.825225
TwoPairs: 23.487525
Trips: 4.827567
Straight: 4.622085
Flush: 3.028715
FullHouse: 2.596125
Quads: 0.168192
StraightFlush: 0.031090

Empty-BigBlind: 68.125560
OneRaise-CutOff: 10.549140
OneRaise-Dealer: 3.486760
OneRaise-SmallBlind: 10.555950
TwoRaises-CutOff, Dealer: 0.556820
TwoRaises-CutOff, SmallBlind: 1.706390
TwoRaises-CutOff, BigBlind: 1.707340
TwoRaises-Dealer, SmallBlind: 0.558960
TwoRaises-Dealer, BigBlind: 0.565580
TwoRaises-SmallBlind, BigBlind: 1.700060
ThreeRaises-CutOff, Dealer, SmallBlind: 0.080060
ThreeRaises-CutOff, Dealer, BigBlind: 0.077740
ThreeRaises-CutOff, SmallBlind, BigBlind: 0.240100
ThreeRaises-Dealer, SmallBlind, BigBlind: 0.079360
FourRaises-CutOff, Dealer, SmallBlind, BigBlind: 0.010180


Show Downs Frequency: 7.282590
Two Players in Frequency: 6.795150
Three Players in Frequency: 0.477260
Four Players in Frequency: 0.010180
==============================================================================================================
============================******************************************************============================
==============================================================================================================
cutoff strategy: FifteenPercent
delear strategy: FivePercent
small blind strategy: FifteenPercent
big blind strategy: TwentyPercent
=====================================================================
========= Table: 10, #Hand: 10000000

| 7d | 4h | Jc | 2d | Qc | 

Player ID: 11, Position: CutOff, Holding Cards: | 6s | 9c | , Action: Fold, 
Best Hand: | Qc | Jc | 9c | 7d | 6s | = HighCard of: 12, Money: 390251.699994

Player ID: 12, Position: Dealer, Holding Cards: | 7s | Jh | , Action: Fold, 
Best Hand: | Qc | Jc | Jh | 7s | 7d | = TwoPairs of: 11 and 7, Money: 259900.691668

Player ID: 13, Position: SmallBlind, Holding Cards: | 6h | 3s | , Action: Fold, 
Best Hand: | Qc | Jc | 7d | 6h | 4h | = HighCard of: 12, Money: -576241.741575

Player ID: 14, Position: BigBlind, Holding Cards: | 3h | 9d | , Action: AllIn, 
Best Hand: | Qc | Jc | 9d | 7d | 4h | = HighCard of: 12, Money: -73910.650002

=====================================================================


HighCard: 17.411307
Pair: 43.840893
TwoPairs: 23.488880
Trips: 4.824285
Straight: 4.618832
Flush: 3.020598
FullHouse: 2.595590
Quads: 0.168643
StraightFlush: 0.030973

Empty-BigBlind: 68.063300
OneRaise-CutOff: 9.987710
OneRaise-Dealer: 3.324090
OneRaise-SmallBlind: 9.992540
TwoRaises-CutOff, Dealer: 0.529980
TwoRaises-CutOff, SmallBlind: 1.615760
TwoRaises-CutOff, BigBlind: 2.294270
TwoRaises-Dealer, SmallBlind: 0.531430
TwoRaises-Dealer, BigBlind: 0.745170
TwoRaises-SmallBlind, BigBlind: 2.286990
ThreeRaises-CutOff, Dealer, SmallBlind: 0.075360
ThreeRaises-CutOff, Dealer, BigBlind: 0.105750
ThreeRaises-CutOff, SmallBlind, BigBlind: 0.328560
ThreeRaises-Dealer, SmallBlind, BigBlind: 0.105930
FourRaises-CutOff, Dealer, SmallBlind, BigBlind: 0.013160


Show Downs Frequency: 8.632360
Two Players in Frequency: 8.003600
Three Players in Frequency: 0.615600
Four Players in Frequency: 0.013160
==============================================================================================================
============================******************************************************============================
==============================================================================================================
cutoff strategy: FifteenPercent
delear strategy: FivePercent
small blind strategy: FifteenPercent
big blind strategy: TwentyfivePercent
=====================================================================
========= Table: 10, #Hand: 10000000

| Jc | Kh | 2h | 9c | 5c | 

Player ID: 11, Position: CutOff, Holding Cards: | Qh | 10c | , Action: Fold, 
Best Hand: | Kh | Qh | Jc | 10c | 9c | = Straight of: 13 high, Money: 410845.199993

Player ID: 12, Position: Dealer, Holding Cards: | 6s | 7h | , Action: Fold, 
Best Hand: | Kh | Jc | 9c | 7h | 6s | = HighCard of: 13, Money: 271557.125001

Player ID: 13, Position: SmallBlind, Holding Cards: | 8c | 10d | , Action: Fold, 
Best Hand: | Kh | Jc | 10d | 9c | 8c | = HighCard of: 13, Money: -552204.941580

Player ID: 14, Position: BigBlind, Holding Cards: | 2s | 8d | , Action: AllIn, 
Best Hand: | Kh | Jc | 9c | 2s | 2h | = Pair of: 2, Money: -130197.383317

=====================================================================


HighCard: 17.410185
Pair: 43.814045
TwoPairs: 23.510717
Trips: 4.830850
Straight: 4.619133
Flush: 3.022270
FullHouse: 2.594450
Quads: 0.166978
StraightFlush: 0.031372

Empty-BigBlind: 68.101010
OneRaise-CutOff: 9.367370
OneRaise-Dealer: 3.113780
OneRaise-SmallBlind: 9.358460
TwoRaises-CutOff, Dealer: 0.502080
TwoRaises-CutOff, SmallBlind: 1.522740
TwoRaises-CutOff, BigBlind: 2.908480
TwoRaises-Dealer, SmallBlind: 0.494520
TwoRaises-Dealer, BigBlind: 0.950360
TwoRaises-SmallBlind, BigBlind: 2.904360
ThreeRaises-CutOff, Dealer, SmallBlind: 0.070220
ThreeRaises-CutOff, Dealer, BigBlind: 0.136510
ThreeRaises-CutOff, SmallBlind, BigBlind: 0.420150
ThreeRaises-Dealer, SmallBlind, BigBlind: 0.133000
FourRaises-CutOff, Dealer, SmallBlind, BigBlind: 0.016960


Show Downs Frequency: 10.059380
Two Players in Frequency: 9.282540
Three Players in Frequency: 0.759880
Four Players in Frequency: 0.016960
==============================================================================================================
============================******************************************************============================
==============================================================================================================
cutoff strategy: FifteenPercent
delear strategy: FivePercent
small blind strategy: FifteenPercent
big blind strategy: ThirtyPercent
=====================================================================
========= Table: 10, #Hand: 10000000

| 5s | 8d | Jc | 8s | 2h | 

Player ID: 11, Position: CutOff, Holding Cards: | 10h | Js | , Action: Fold, 
Best Hand: | Jc | Js | 10h | 8s | 8d | = TwoPairs of: 11 and 8, Money: 429038.958326

Player ID: 12, Position: Dealer, Holding Cards: | 3c | 5h | , Action: Fold, 
Best Hand: | Jc | 8s | 8d | 5s | 5h | = TwoPairs of: 8 and 5, Money: 284639.825001

Player ID: 13, Position: SmallBlind, Holding Cards: | 10d | 3s | , Action: Fold, 
Best Hand: | Jc | 10d | 8s | 8d | 5s | = Pair of: 8, Money: -532359.733250

Player ID: 14, Position: BigBlind, Holding Cards: | 4d | Ah | , Action: AllIn, 
Best Hand: | Ah | Jc | 8s | 8d | 5s | = Pair of: 8, Money: -181319.049976

=====================================================================


HighCard: 17.419645
Pair: 43.813963
TwoPairs: 23.503820
Trips: 4.826940
Straight: 4.614040
Flush: 3.025537
FullHouse: 2.595915
Quads: 0.169088
StraightFlush: 0.031053

Empty-BigBlind: 68.098230
OneRaise-CutOff: 8.776910
OneRaise-Dealer: 2.916500
OneRaise-SmallBlind: 8.773910
TwoRaises-CutOff, Dealer: 0.469720
TwoRaises-CutOff, SmallBlind: 1.431700
TwoRaises-CutOff, BigBlind: 3.487370
TwoRaises-Dealer, SmallBlind: 0.473260
TwoRaises-Dealer, BigBlind: 1.146340
TwoRaises-SmallBlind, BigBlind: 3.493110
ThreeRaises-CutOff, Dealer, SmallBlind: 0.065950
ThreeRaises-CutOff, Dealer, BigBlind: 0.166770
ThreeRaises-CutOff, SmallBlind, BigBlind: 0.513370
ThreeRaises-Dealer, SmallBlind, BigBlind: 0.165840
FourRaises-CutOff, Dealer, SmallBlind, BigBlind: 0.021020


Show Downs Frequency: 11.434450
Two Players in Frequency: 10.501500
Three Players in Frequency: 0.911930
Four Players in Frequency: 0.021020
==============================================================================================================
============================******************************************************============================
==============================================================================================================
cutoff strategy: FifteenPercent
delear strategy: FivePercent
small blind strategy: FifteenPercent
big blind strategy: ThirtyfivePercent
=====================================================================
========= Table: 10, #Hand: 10000000

| Jc | Kh | 8s | 7s | 8c | 

Player ID: 11, Position: CutOff, Holding Cards: | 6d | 6h | , Action: AllIn, 
Best Hand: | Kh | 8c | 8s | 6d | 6h | = TwoPairs of: 8 and 6, Money: 458348.774992

Player ID: 12, Position: Dealer, Holding Cards: | Jd | Kd | , Action: Fold, 
Best Hand: | Kd | Kh | Jc | Jd | 8s | = TwoPairs of: 13 and 11, Money: 298641.983334

Player ID: 13, Position: SmallBlind, Holding Cards: | 4s | 4c | , Action: Fold, 
Best Hand: | Kh | 8c | 8s | 4c | 4s | = TwoPairs of: 8 and 4, Money: -499260.624924

Player ID: 14, Position: BigBlind, Holding Cards: | 6c | 9d | , Action: Fold, 
Best Hand: | Kh | Jc | 9d | 8c | 8s | = Pair of: 8, Money: -257730.133305

=====================================================================


HighCard: 17.406885
Pair: 43.820817
TwoPairs: 23.498718
Trips: 4.831848
Straight: 4.618582
Flush: 3.029485
FullHouse: 2.595312
Quads: 0.167405
StraightFlush: 0.030947

Empty-BigBlind: 68.113080
OneRaise-CutOff: 8.110430
OneRaise-Dealer: 2.705180
OneRaise-SmallBlind: 8.115600
TwoRaises-CutOff, Dealer: 0.437780
TwoRaises-CutOff, SmallBlind: 1.334250
TwoRaises-CutOff, BigBlind: 4.138460
TwoRaises-Dealer, SmallBlind: 0.437940
TwoRaises-Dealer, BigBlind: 1.364640
TwoRaises-SmallBlind, BigBlind: 4.149120
ThreeRaises-CutOff, Dealer, SmallBlind: 0.063170
ThreeRaises-CutOff, Dealer, BigBlind: 0.197580
ThreeRaises-CutOff, SmallBlind, BigBlind: 0.609500
ThreeRaises-Dealer, SmallBlind, BigBlind: 0.197540
FourRaises-CutOff, Dealer, SmallBlind, BigBlind: 0.025730


Show Downs Frequency: 12.955710
Two Players in Frequency: 11.862190
Three Players in Frequency: 1.067790
Four Players in Frequency: 0.025730
==============================================================================================================
============================******************************************************============================
==============================================================================================================
cutoff strategy: FifteenPercent
delear strategy: FivePercent
small blind strategy: FifteenPercent
big blind strategy: FourtyPercent
=====================================================================
========= Table: 10, #Hand: 10000000

| Qs | 2d | 2s | 8c | 9s | 

Player ID: 11, Position: CutOff, Holding Cards: | 4s | Js | , Action: Fold, 
Best Hand: | Qs | Js | 9s | 4s | 2s | = Flush of: 12 high, Money: 483150.958324

Player ID: 12, Position: Dealer, Holding Cards: | As | 6c | , Action: Fold, 
Best Hand: | As | Qs | 9s | 2s | 2d | = Pair of: 2, Money: 313151.875000

Player ID: 13, Position: SmallBlind, Holding Cards: | Jh | Qh | , Action: Fold, 
Best Hand: | Qs | Qh | Jh | 2s | 2d | = TwoPairs of: 12 and 2, Money: -471804.049931

Player ID: 14, Position: BigBlind, Holding Cards: | 8d | 7s | , Action: AllIn, 
Best Hand: | Qs | 8c | 8d | 2s | 2d | = TwoPairs of: 8 and 2, Money: -324498.783342

=====================================================================


HighCard: 17.427293
Pair: 43.828310
TwoPairs: 23.482345
Trips: 4.827388
Straight: 4.615012
Flush: 3.027378
FullHouse: 2.593818
Quads: 0.167360
StraightFlush: 0.031098

Empty-BigBlind: 68.120810
OneRaise-CutOff: 7.505740
OneRaise-Dealer: 2.512130
OneRaise-SmallBlind: 7.527430
TwoRaises-CutOff, Dealer: 0.411350
TwoRaises-CutOff, SmallBlind: 1.240720
TwoRaises-CutOff, BigBlind: 4.739700
TwoRaises-Dealer, SmallBlind: 0.411410
TwoRaises-Dealer, BigBlind: 1.554990
TwoRaises-SmallBlind, BigBlind: 4.730830
ThreeRaises-CutOff, Dealer, SmallBlind: 0.059360
ThreeRaises-CutOff, Dealer, BigBlind: 0.227560
ThreeRaises-CutOff, SmallBlind, BigBlind: 0.700620
ThreeRaises-Dealer, SmallBlind, BigBlind: 0.227500
FourRaises-CutOff, Dealer, SmallBlind, BigBlind: 0.029850


Show Downs Frequency: 14.333890
Two Players in Frequency: 13.089000
Three Players in Frequency: 1.215040
Four Players in Frequency: 0.029850
==============================================================================================================
============================******************************************************============================
==============================================================================================================
cutoff strategy: FifteenPercent
delear strategy: FivePercent
small blind strategy: FifteenPercent
big blind strategy: FourtyfivePercent
=====================================================================
========= Table: 10, #Hand: 10000000

| 3s | 7d | 5h | Ac | 8s | 

Player ID: 11, Position: CutOff, Holding Cards: | 6h | 2d | , Action: Fold, 
Best Hand: | Ac | 8s | 7d | 6h | 5h | = HighCard of: 14, Money: 512466.891657

Player ID: 12, Position: Dealer, Holding Cards: | 5c | Jd | , Action: Fold, 
Best Hand: | Ac | Jd | 8s | 5c | 5h | = Pair of: 5, Money: 325323.483333

Player ID: 13, Position: SmallBlind, Holding Cards: | 10s | Kh | , Action: Fold, 
Best Hand: | Ac | Kh | 10s | 8s | 7d | = HighCard of: 14, Money: -441429.741607

Player ID: 14, Position: BigBlind, Holding Cards: | 4s | 8d | , Action: AllIn, 
Best Hand: | Ac | 8s | 8d | 7d | 5h | = Pair of: 8, Money: -396360.633370

=====================================================================


HighCard: 17.410355
Pair: 43.822705
TwoPairs: 23.503167
Trips: 4.831045
Straight: 4.616898
Flush: 3.021572
FullHouse: 2.596320
Quads: 0.166560
StraightFlush: 0.031378

Empty-BigBlind: 68.088160
OneRaise-CutOff: 6.929250
OneRaise-Dealer: 2.321880
OneRaise-SmallBlind: 6.926100
TwoRaises-CutOff, Dealer: 0.379120
TwoRaises-CutOff, SmallBlind: 1.145290
TwoRaises-CutOff, BigBlind: 5.337800
TwoRaises-Dealer, SmallBlind: 0.385520
TwoRaises-Dealer, BigBlind: 1.746060
TwoRaises-SmallBlind, BigBlind: 5.337480
ThreeRaises-CutOff, Dealer, SmallBlind: 0.055860
ThreeRaises-CutOff, Dealer, BigBlind: 0.257250
ThreeRaises-CutOff, SmallBlind, BigBlind: 0.798860
ThreeRaises-Dealer, SmallBlind, BigBlind: 0.257270
FourRaises-CutOff, Dealer, SmallBlind, BigBlind: 0.034100


Show Downs Frequency: 15.734610
Two Players in Frequency: 14.331270
Three Players in Frequency: 1.369240
Four Players in Frequency: 0.034100
==============================================================================================================
============================******************************************************============================
==============================================================================================================
cutoff strategy: FifteenPercent
delear strategy: FivePercent
small blind strategy: FifteenPercent
big blind strategy: FiftyPercent
=====================================================================
========= Table: 10, #Hand: 10000000

| Ac | 5s | 4s | 6d | 10c | 

Player ID: 11, Position: CutOff, Holding Cards: | 2c | Kh | , Action: Fold, 
Best Hand: | Ac | Kh | 10c | 6d | 5s | = HighCard of: 14, Money: 545577.283323

Player ID: 12, Position: Dealer, Holding Cards: | 3s | 4c | , Action: Fold, 
Best Hand: | Ac | 10c | 6d | 4c | 4s | = Pair of: 4, Money: 341416.424999

Player ID: 13, Position: SmallBlind, Holding Cards: | Qc | 8s | , Action: Fold, 
Best Hand: | Ac | Qc | 10c | 8s | 6d | = HighCard of: 14, Money: -409143.524951

Player ID: 14, Position: BigBlind, Holding Cards: | 10d | 4d | , Action: AllIn, 
Best Hand: | Ac | 10c | 10d | 4s | 4d | = TwoPairs of: 10 and 4, Money: -477850.183392

=====================================================================


HighCard: 17.409167
Pair: 43.833663
TwoPairs: 23.489628
Trips: 4.825717
Straight: 4.622530
Flush: 3.025380
FullHouse: 2.595988
Quads: 0.167045
StraightFlush: 0.030883

Empty-BigBlind: 68.118380
OneRaise-CutOff: 6.296190
OneRaise-Dealer: 2.103300
OneRaise-SmallBlind: 6.296030
TwoRaises-CutOff, Dealer: 0.344390
TwoRaises-CutOff, SmallBlind: 1.048110
TwoRaises-CutOff, BigBlind: 5.960980
TwoRaises-Dealer, SmallBlind: 0.345810
TwoRaises-Dealer, BigBlind: 1.961210
TwoRaises-SmallBlind, BigBlind: 5.961680
ThreeRaises-CutOff, Dealer, SmallBlind: 0.048760
ThreeRaises-CutOff, Dealer, BigBlind: 0.289940
ThreeRaises-CutOff, SmallBlind, BigBlind: 0.896230
ThreeRaises-Dealer, SmallBlind, BigBlind: 0.292070
FourRaises-CutOff, Dealer, SmallBlind, BigBlind: 0.036920


Show Downs Frequency: 17.186100
Two Players in Frequency: 15.622180
Three Players in Frequency: 1.527000
Four Players in Frequency: 0.036920
==============================================================================================================
============================******************************************************============================
==============================================================================================================
cutoff strategy: FifteenPercent
delear strategy: FivePercent
small blind strategy: TwentyPercent
big blind strategy: FivePercent
=====================================================================
========= Table: 10, #Hand: 10000000

| Qh | 5c | 10c | 10d | 6c | 

Player ID: 11, Position: CutOff, Holding Cards: | 8c | 5d | , Action: Fold, 
Best Hand: | Qh | 10c | 10d | 5c | 5d | = TwoPairs of: 10 and 5, Money: 394129.633327

Player ID: 12, Position: Dealer, Holding Cards: | 6d | Jd | , Action: Fold, 
Best Hand: | Qh | 10c | 10d | 6c | 6d | = TwoPairs of: 10 and 6, Money: 241787.383335

Player ID: 13, Position: SmallBlind, Holding Cards: | 2s | 8d | , Action: Fold, 
Best Hand: | Qh | 10c | 10d | 8d | 6c | = Pair of: 10, Money: -513270.583259

Player ID: 14, Position: BigBlind, Holding Cards: | 7d | Ah | , Action: AllIn, 
Best Hand: | Ah | Qh | 10c | 10d | 7d | = Pair of: 10, Money: -122646.433319

=====================================================================


HighCard: 17.417562
Pair: 43.814680
TwoPairs: 23.494332
Trips: 4.827942
Straight: 4.625002
Flush: 3.027655
FullHouse: 2.592620
Quads: 0.168728
StraightFlush: 0.031477

Empty-BigBlind: 64.065400
OneRaise-CutOff: 11.006620
OneRaise-Dealer: 3.660030
OneRaise-SmallBlind: 15.497640
TwoRaises-CutOff, Dealer: 0.580070
TwoRaises-CutOff, SmallBlind: 2.489680
TwoRaises-CutOff, BigBlind: 0.579540
TwoRaises-Dealer, SmallBlind: 0.820580
TwoRaises-Dealer, BigBlind: 0.186670
TwoRaises-SmallBlind, BigBlind: 0.818770
ThreeRaises-CutOff, Dealer, SmallBlind: 0.113030
ThreeRaises-CutOff, Dealer, BigBlind: 0.025870
ThreeRaises-CutOff, SmallBlind, BigBlind: 0.114440
ThreeRaises-Dealer, SmallBlind, BigBlind: 0.036980
FourRaises-CutOff, Dealer, SmallBlind, BigBlind: 0.004680


Show Downs Frequency: 5.770310
Two Players in Frequency: 5.475310
Three Players in Frequency: 0.290320
Four Players in Frequency: 0.004680
==============================================================================================================
============================******************************************************============================
==============================================================================================================
cutoff strategy: FifteenPercent
delear strategy: FivePercent
small blind strategy: TwentyPercent
big blind strategy: TenPercent
=====================================================================
========= Table: 10, #Hand: 10000000

| Ac | 10h | 5h | 7h | Kc | 

Player ID: 11, Position: CutOff, Holding Cards: | 5s | Qh | , Action: Fold, 
Best Hand: | Ac | Kc | Qh | 5s | 5h | = Pair of: 5, Money: 389045.766661

Player ID: 12, Position: Dealer, Holding Cards: | 4s | 8h | , Action: Fold, 
Best Hand: | Ac | Kc | 10h | 8h | 7h | = HighCard of: 14, Money: 252624.050002

Player ID: 13, Position: SmallBlind, Holding Cards: | Kd | 4c | , Action: Fold, 
Best Hand: | Ac | Kc | Kd | 10h | 7h | = Pair of: 13, Money: -536262.966587

Player ID: 14, Position: BigBlind, Holding Cards: | Jd | Jc | , Action: AllIn, 
Best Hand: | Ac | Kc | Jc | Jd | 10h | = Pair of: 11, Money: -105406.849989

=====================================================================


HighCard: 17.407058
Pair: 43.830685
TwoPairs: 23.491205
Trips: 4.828487
Straight: 4.612172
Flush: 3.030640
FullHouse: 2.599318
Quads: 0.168590
StraightFlush: 0.031845

Empty-BigBlind: 64.025020
OneRaise-CutOff: 10.475280
OneRaise-Dealer: 3.478810
OneRaise-SmallBlind: 14.719470
TwoRaises-CutOff, Dealer: 0.553050
TwoRaises-CutOff, SmallBlind: 2.386310
TwoRaises-CutOff, BigBlind: 1.133330
TwoRaises-Dealer, SmallBlind: 0.784470
TwoRaises-Dealer, BigBlind: 0.367790
TwoRaises-SmallBlind, BigBlind: 1.602790
ThreeRaises-CutOff, Dealer, SmallBlind: 0.109070
ThreeRaises-CutOff, Dealer, BigBlind: 0.052250
ThreeRaises-CutOff, SmallBlind, BigBlind: 0.228490
ThreeRaises-Dealer, SmallBlind, BigBlind: 0.074670
FourRaises-CutOff, Dealer, SmallBlind, BigBlind: 0.009200


Show Downs Frequency: 7.301420
Two Players in Frequency: 6.827740
Three Players in Frequency: 0.464480
Four Players in Frequency: 0.009200
==============================================================================================================
============================******************************************************============================
==============================================================================================================
cutoff strategy: FifteenPercent
delear strategy: FivePercent
small blind strategy: TwentyPercent
big blind strategy: FifteenPercent
=====================================================================
========= Table: 10, #Hand: 10000000

| Ad | Kd | 3d | 7h | 9d | 

Player ID: 11, Position: CutOff, Holding Cards: | 3h | Jc | , Action: Fold, 
Best Hand: | Ad | Kd | Jc | 3d | 3h | = Pair of: 3, Money: 395421.266661

Player ID: 12, Position: Dealer, Holding Cards: | 2s | 4d | , Action: Fold, 
Best Hand: | Ad | Kd | 9d | 4d | 3d | = Flush of: 14 high, Money: 263052.716668

Player ID: 13, Position: SmallBlind, Holding Cards: | 7d | Jd | , Action: Fold, 
Best Hand: | Ad | Kd | Jd | 9d | 7d | = Flush of: 14 high, Money: -536321.283254

Player ID: 14, Position: BigBlind, Holding Cards: | 6s | 10d | , Action: AllIn, 
Best Hand: | Ad | Kd | 10d | 9d | 3d | = Flush of: 14 high, Money: -122152.699986

=====================================================================


HighCard: 17.404588
Pair: 43.820355
TwoPairs: 23.495205
Trips: 4.832060
Straight: 4.622648
Flush: 3.026180
FullHouse: 2.597797
Quads: 0.169857
StraightFlush: 0.031310

Empty-BigBlind: 64.018870
OneRaise-CutOff: 9.995030
OneRaise-Dealer: 3.325660
OneRaise-SmallBlind: 14.015390
TwoRaises-CutOff, Dealer: 0.535000
TwoRaises-CutOff, SmallBlind: 2.276350
TwoRaises-CutOff, BigBlind: 1.621520
TwoRaises-Dealer, SmallBlind: 0.751620
TwoRaises-Dealer, BigBlind: 0.533190
TwoRaises-SmallBlind, BigBlind: 2.298130
ThreeRaises-CutOff, Dealer, SmallBlind: 0.106610
ThreeRaises-CutOff, Dealer, BigBlind: 0.074900
ThreeRaises-CutOff, SmallBlind, BigBlind: 0.327490
ThreeRaises-Dealer, SmallBlind, BigBlind: 0.106910
FourRaises-CutOff, Dealer, SmallBlind, BigBlind: 0.013330


Show Downs Frequency: 8.645050
Two Players in Frequency: 8.015810
Three Players in Frequency: 0.615910
Four Players in Frequency: 0.013330
==============================================================================================================
============================******************************************************============================
==============================================================================================================
cutoff strategy: FifteenPercent
delear strategy: FivePercent
small blind strategy: TwentyPercent
big blind strategy: TwentyPercent
=====================================================================
========= Table: 10, #Hand: 10000000

| 9d | 10c | 2d | Jc | 5s | 

Player ID: 11, Position: CutOff, Holding Cards: | 5h | 5d | , Action: Fold, 
Best Hand: | Jc | 10c | 5s | 5d | 5h | = Trips of: 5, Money: 409500.558327

Player ID: 12, Position: Dealer, Holding Cards: | 6d | Jd | , Action: Fold, 
Best Hand: | Jc | Jd | 10c | 9d | 6d | = Pair of: 11, Money: 271734.591668

Player ID: 13, Position: SmallBlind, Holding Cards: | 2c | 3s | , Action: Fold, 
Best Hand: | Jc | 10c | 9d | 2c | 2d | = Pair of: 2, Money: -519083.983258

Player ID: 14, Position: BigBlind, Holding Cards: | 3d | 3h | , Action: AllIn, 
Best Hand: | Jc | 10c | 9d | 3d | 3h | = Pair of: 3, Money: -162151.166647

=====================================================================


HighCard: 17.422673
Pair: 43.823765
TwoPairs: 23.489835
Trips: 4.824327
Straight: 4.617463
Flush: 3.026032
FullHouse: 2.596973
Quads: 0.168130
StraightFlush: 0.030803

Empty-BigBlind: 64.044970
OneRaise-CutOff: 9.413890
OneRaise-Dealer: 3.134130
OneRaise-SmallBlind: 13.270500
TwoRaises-CutOff, Dealer: 0.505110
TwoRaises-CutOff, SmallBlind: 2.174080
TwoRaises-CutOff, BigBlind: 2.168370
TwoRaises-Dealer, SmallBlind: 0.714840
TwoRaises-Dealer, BigBlind: 0.708340
TwoRaises-SmallBlind, BigBlind: 3.058480
ThreeRaises-CutOff, Dealer, SmallBlind: 0.100160
ThreeRaises-CutOff, Dealer, BigBlind: 0.101830
ThreeRaises-CutOff, SmallBlind, BigBlind: 0.440640
ThreeRaises-Dealer, SmallBlind, BigBlind: 0.146160
FourRaises-CutOff, Dealer, SmallBlind, BigBlind: 0.018500


Show Downs Frequency: 10.136510
Two Players in Frequency: 9.329220
Three Players in Frequency: 0.788790
Four Players in Frequency: 0.018500
==============================================================================================================
============================******************************************************============================
==============================================================================================================
cutoff strategy: FifteenPercent
delear strategy: FivePercent
small blind strategy: TwentyPercent
big blind strategy: TwentyfivePercent
=====================================================================
========= Table: 10, #Hand: 10000000

| Kh | 5c | 3h | 9h | 9s | 

Player ID: 11, Position: CutOff, Holding Cards: | 2c | 4c | , Action: Fold, 
Best Hand: | Kh | 9s | 9h | 5c | 4c | = Pair of: 9, Money: 432504.266659

Player ID: 12, Position: Dealer, Holding Cards: | 9d | 8d | , Action: Fold, 
Best Hand: | Kh | 9s | 9d | 9h | 8d | = Trips of: 9, Money: 285086.475001

Player ID: 13, Position: SmallBlind, Holding Cards: | Ac | 2s | , Action: Fold, 
Best Hand: | Ac | Kh | 9s | 9h | 5c | = Pair of: 9, Money: -498221.008262

Player ID: 14, Position: BigBlind, Holding Cards: | 10d | 3s | , Action: AllIn, 
Best Hand: | Kh | 9s | 9h | 3s | 3h | = TwoPairs of: 9 and 3, Money: -219369.733309

=====================================================================


HighCard: 17.413873
Pair: 43.816525
TwoPairs: 23.506013
Trips: 4.827535
Straight: 4.623320
Flush: 3.021995
FullHouse: 2.591813
Quads: 0.167755
StraightFlush: 0.031172

Empty-BigBlind: 64.012500
OneRaise-CutOff: 8.854110
OneRaise-Dealer: 2.933950
OneRaise-SmallBlind: 12.435460
TwoRaises-CutOff, Dealer: 0.477950
TwoRaises-CutOff, SmallBlind: 2.047430
TwoRaises-CutOff, BigBlind: 2.766720
TwoRaises-Dealer, SmallBlind: 0.666950
TwoRaises-Dealer, BigBlind: 0.906610
TwoRaises-SmallBlind, BigBlind: 3.907430
ThreeRaises-CutOff, Dealer, SmallBlind: 0.095330
ThreeRaises-CutOff, Dealer, BigBlind: 0.129090
ThreeRaises-CutOff, SmallBlind, BigBlind: 0.560790
ThreeRaises-Dealer, SmallBlind, BigBlind: 0.182500
FourRaises-CutOff, Dealer, SmallBlind, BigBlind: 0.023180


Show Downs Frequency: 11.763980
Two Players in Frequency: 10.773090
Three Players in Frequency: 0.967710
Four Players in Frequency: 0.023180
==============================================================================================================
============================******************************************************============================
==============================================================================================================
cutoff strategy: FifteenPercent
delear strategy: FivePercent
small blind strategy: TwentyPercent
big blind strategy: ThirtyPercent
=====================================================================
========= Table: 10, #Hand: 10000000

| Jd | 7d | 4h | Ah | 2h | 

Player ID: 11, Position: CutOff, Holding Cards: | Jh | 3c | , Action: Fold, 
Best Hand: | Ah | Jd | Jh | 7d | 4h | = Pair of: 11, Money: 447217.674992

Player ID: 12, Position: Dealer, Holding Cards: | 5h | Qc | , Action: Fold, 
Best Hand: | Ah | Qc | Jd | 7d | 5h | = HighCard of: 14, Money: 297465.691667

Player ID: 13, Position: SmallBlind, Holding Cards: | 4s | 3d | , Action: Fold, 
Best Hand: | Ah | Jd | 7d | 4s | 4h | = Pair of: 4, Money: -473988.316602

Player ID: 14, Position: BigBlind, Holding Cards: | 9h | 6c | , Action: AllIn, 
Best Hand: | Ah | Jd | 9h | 7d | 6c | = HighCard of: 14, Money: -270695.049979

=====================================================================


HighCard: 17.405123
Pair: 43.832855
TwoPairs: 23.495130
Trips: 4.827595
Straight: 4.623405
Flush: 3.023450
FullHouse: 2.593530
Quads: 0.168135
StraightFlush: 0.030777

Empty-BigBlind: 64.032420
OneRaise-CutOff: 8.284880
OneRaise-Dealer: 2.761030
OneRaise-SmallBlind: 11.653260
TwoRaises-CutOff, Dealer: 0.446910
TwoRaises-CutOff, SmallBlind: 1.924800
TwoRaises-CutOff, BigBlind: 3.324070
TwoRaises-Dealer, SmallBlind: 0.632930
TwoRaises-Dealer, BigBlind: 1.088680
TwoRaises-SmallBlind, BigBlind: 4.663080
ThreeRaises-CutOff, Dealer, SmallBlind: 0.089610
ThreeRaises-CutOff, Dealer, BigBlind: 0.157350
ThreeRaises-CutOff, SmallBlind, BigBlind: 0.688410
ThreeRaises-Dealer, SmallBlind, BigBlind: 0.223890
FourRaises-CutOff, Dealer, SmallBlind, BigBlind: 0.028680


Show Downs Frequency: 13.268410
Two Players in Frequency: 12.080470
Three Players in Frequency: 1.159260
Four Players in Frequency: 0.028680
==============================================================================================================
============================******************************************************============================
==============================================================================================================
cutoff strategy: FifteenPercent
delear strategy: FivePercent
small blind strategy: TwentyPercent
big blind strategy: ThirtyfivePercent
=====================================================================
========= Table: 10, #Hand: 10000000

| Jc | 9s | Kc | 5d | 9d | 

Player ID: 11, Position: CutOff, Holding Cards: | 3h | 7c | , Action: Fold, 
Best Hand: | Kc | Jc | 9s | 9d | 7c | = Pair of: 9, Money: 476232.908325

Player ID: 12, Position: Dealer, Holding Cards: | 7s | Kh | , Action: Fold, 
Best Hand: | Kc | Kh | Jc | 9s | 9d | = TwoPairs of: 13 and 9, Money: 311152.691667

Player ID: 13, Position: SmallBlind, Holding Cards: | Jh | 6s | , Action: Fold, 
Best Hand: | Kc | Jc | Jh | 9s | 9d | = TwoPairs of: 11 and 9, Money: -443119.366610

Player ID: 14, Position: BigBlind, Holding Cards: | 3c | Qc | , Action: AllIn, 
Best Hand: | Kc | Qc | Jc | 9s | 9d | = Pair of: 9, Money: -344266.233349

=====================================================================


HighCard: 17.413725
Pair: 43.822468
TwoPairs: 23.496302
Trips: 4.827452
Straight: 4.624447
Flush: 3.023242
FullHouse: 2.592983
Quads: 0.168368
StraightFlush: 0.031012

Empty-BigBlind: 64.027920
OneRaise-CutOff: 7.672030
OneRaise-Dealer: 2.554960
OneRaise-SmallBlind: 10.784830
TwoRaises-CutOff, Dealer: 0.417820
TwoRaises-CutOff, SmallBlind: 1.787340
TwoRaises-CutOff, BigBlind: 3.927520
TwoRaises-Dealer, SmallBlind: 0.580870
TwoRaises-Dealer, BigBlind: 1.293850
TwoRaises-SmallBlind, BigBlind: 5.551340
ThreeRaises-CutOff, Dealer, SmallBlind: 0.086560
ThreeRaises-CutOff, Dealer, BigBlind: 0.187720
ThreeRaises-CutOff, SmallBlind, BigBlind: 0.824880
ThreeRaises-Dealer, SmallBlind, BigBlind: 0.267650
FourRaises-CutOff, Dealer, SmallBlind, BigBlind: 0.034710


Show Downs Frequency: 14.960260
Two Players in Frequency: 13.558740
Three Players in Frequency: 1.366810
Four Players in Frequency: 0.034710
==============================================================================================================
============================******************************************************============================
==============================================================================================================
cutoff strategy: FifteenPercent
delear strategy: FivePercent
small blind strategy: TwentyPercent
big blind strategy: FourtyPercent
=====================================================================
========= Table: 10, #Hand: 10000000

| 9h | Jh | 7c | 10h | Kc | 

Player ID: 11, Position: CutOff, Holding Cards: | 6h | Ac | , Action: Fold, 
Best Hand: | Ac | Kc | Jh | 10h | 9h | = HighCard of: 14, Money: 501166.474991

Player ID: 12, Position: Dealer, Holding Cards: | Kd | 7s | , Action: Fold, 
Best Hand: | Kc | Kd | Jh | 7c | 7s | = TwoPairs of: 13 and 7, Money: 324501.058333

Player ID: 13, Position: SmallBlind, Holding Cards: | 9d | 2d | , Action: Fold, 
Best Hand: | Kc | Jh | 10h | 9d | 9h | = Pair of: 9, Money: -406675.699955

Player ID: 14, Position: BigBlind, Holding Cards: | Qh | 2s | , Action: AllIn, 
Best Hand: | Kc | Qh | Jh | 10h | 9h | = Straight of: 13 high, Money: -418991.833374

=====================================================================


HighCard: 17.418758
Pair: 43.805625
TwoPairs: 23.497645
Trips: 4.834618
Straight: 4.617460
Flush: 3.026600
FullHouse: 2.600375
Quads: 0.167543
StraightFlush: 0.031378

Empty-BigBlind: 64.061850
OneRaise-CutOff: 7.098730
OneRaise-Dealer: 2.371610
OneRaise-SmallBlind: 9.977240
TwoRaises-CutOff, Dealer: 0.386000
TwoRaises-CutOff, SmallBlind: 1.661000
TwoRaises-CutOff, BigBlind: 4.492940
TwoRaises-Dealer, SmallBlind: 0.547420
TwoRaises-Dealer, BigBlind: 1.469630
TwoRaises-SmallBlind, BigBlind: 6.338950
ThreeRaises-CutOff, Dealer, SmallBlind: 0.080110
ThreeRaises-CutOff, Dealer, BigBlind: 0.219710
ThreeRaises-CutOff, SmallBlind, BigBlind: 0.943990
ThreeRaises-Dealer, SmallBlind, BigBlind: 0.310370
FourRaises-CutOff, Dealer, SmallBlind, BigBlind: 0.040450


Show Downs Frequency: 16.490570
Two Players in Frequency: 14.895940
Three Players in Frequency: 1.554180
Four Players in Frequency: 0.040450
==============================================================================================================
============================******************************************************============================
==============================================================================================================
cutoff strategy: FifteenPercent
delear strategy: FivePercent
small blind strategy: TwentyPercent
big blind strategy: FourtyfivePercent
=====================================================================
========= Table: 10, #Hand: 10000000

| 9d | Kd | Qc | 2h | 4c | 

Player ID: 11, Position: CutOff, Holding Cards: | 4d | 5d | , Action: Fold, 
Best Hand: | Kd | Qc | 9d | 4c | 4d | = Pair of: 4, Money: 530534.441657

Player ID: 12, Position: Dealer, Holding Cards: | 2d | Jc | , Action: Fold, 
Best Hand: | Kd | Qc | Jc | 2d | 2h | = Pair of: 2, Money: 338778.074999

Player ID: 13, Position: SmallBlind, Holding Cards: | Ad | 7h | , Action: AllIn, 
Best Hand: | Ad | Kd | Qc | 9d | 7h | = HighCard of: 14, Money: -370361.266634

Player ID: 14, Position: BigBlind, Holding Cards: | 2c | 8s | , Action: Fold, 
Best Hand: | Kd | Qc | 9d | 2c | 2h | = Pair of: 2, Money: -498951.250059

=====================================================================


HighCard: 17.408957
Pair: 43.811615
TwoPairs: 23.497432
Trips: 4.832677
Straight: 4.624022
Flush: 3.030547
FullHouse: 2.594752
Quads: 0.168515
StraightFlush: 0.031480

Empty-BigBlind: 64.065210
OneRaise-CutOff: 6.539150
OneRaise-Dealer: 2.189130
OneRaise-SmallBlind: 9.178470
TwoRaises-CutOff, Dealer: 0.362570
TwoRaises-CutOff, SmallBlind: 1.530590
TwoRaises-CutOff, BigBlind: 5.044510
TwoRaises-Dealer, SmallBlind: 0.504400
TwoRaises-Dealer, BigBlind: 1.661310
TwoRaises-SmallBlind, BigBlind: 7.131660
ThreeRaises-CutOff, Dealer, SmallBlind: 0.073180
ThreeRaises-CutOff, Dealer, BigBlind: 0.244230
ThreeRaises-CutOff, SmallBlind, BigBlind: 1.077890
ThreeRaises-Dealer, SmallBlind, BigBlind: 0.350910
FourRaises-CutOff, Dealer, SmallBlind, BigBlind: 0.046790


Show Downs Frequency: 18.028040
Two Players in Frequency: 16.235040
Three Players in Frequency: 1.746210
Four Players in Frequency: 0.046790
==============================================================================================================
============================******************************************************============================
==============================================================================================================
cutoff strategy: FifteenPercent
delear strategy: FivePercent
small blind strategy: TwentyPercent
big blind strategy: FiftyPercent
=====================================================================
========= Table: 10, #Hand: 10000000

| Kd | 6h | 4s | 8s | 5c | 

Player ID: 11, Position: CutOff, Holding Cards: | As | 10h | , Action: AllIn, 
Best Hand: | As | Kd | 10h | 8s | 6h | = HighCard of: 14, Money: 558091.641657

Player ID: 12, Position: Dealer, Holding Cards: | Qd | 7h | , Action: Fold, 
Best Hand: | 8s | 7h | 6h | 5c | 4s | = Straight of: 8 high, Money: 353860.816666

Player ID: 13, Position: SmallBlind, Holding Cards: | 5s | 4h | , Action: Fold, 
Best Hand: | Kd | 5c | 5s | 4s | 4h | = TwoPairs of: 5 and 4, Money: -332559.458320

Player ID: 14, Position: BigBlind, Holding Cards: | 2h | 9s | , Action: Fold, 
Best Hand: | Kd | 9s | 8s | 6h | 5c | = HighCard of: 13, Money: -579393.000073

=====================================================================


HighCard: 17.402915
Pair: 43.820370
TwoPairs: 23.500460
Trips: 4.830427
Straight: 4.619710
Flush: 3.026370
FullHouse: 2.599500
Quads: 0.168265
StraightFlush: 0.031982

Empty-BigBlind: 64.027690
OneRaise-CutOff: 5.953730
OneRaise-Dealer: 1.998850
OneRaise-SmallBlind: 8.351650
TwoRaises-CutOff, Dealer: 0.328410
TwoRaises-CutOff, SmallBlind: 1.397110
TwoRaises-CutOff, BigBlind: 5.656450
TwoRaises-Dealer, SmallBlind: 0.463180
TwoRaises-Dealer, BigBlind: 1.855760
TwoRaises-SmallBlind, BigBlind: 7.969230
ThreeRaises-CutOff, Dealer, SmallBlind: 0.067560
ThreeRaises-CutOff, Dealer, BigBlind: 0.275960
ThreeRaises-CutOff, SmallBlind, BigBlind: 1.209280
ThreeRaises-Dealer, SmallBlind, BigBlind: 0.393240
FourRaises-CutOff, Dealer, SmallBlind, BigBlind: 0.051900


Show Downs Frequency: 19.668080
Two Players in Frequency: 17.670140
Three Players in Frequency: 1.946040
Four Players in Frequency: 0.051900
==============================================================================================================
============================******************************************************============================
==============================================================================================================
cutoff strategy: FifteenPercent
delear strategy: FivePercent
small blind strategy: TwentyfivePercent
big blind strategy: FivePercent
=====================================================================
========= Table: 10, #Hand: 10000000

| Kc | 7c | 5d | Jd | Ks | 

Player ID: 11, Position: CutOff, Holding Cards: | Qc | 2c | , Action: Fold, 
Best Hand: | Kc | Ks | Qc | Jd | 7c | = Pair of: 13, Money: 424792.774993

Player ID: 12, Position: Dealer, Holding Cards: | 9c | 9d | , Action: AllIn, 
Best Hand: | Kc | Ks | Jd | 9c | 9d | = TwoPairs of: 13 and 9, Money: 258840.050002

Player ID: 13, Position: SmallBlind, Holding Cards: | 4h | 5c | , Action: Fold, 
Best Hand: | Kc | Ks | Jd | 5c | 5d | = TwoPairs of: 13 and 5, Money: -439498.458281

Player ID: 14, Position: BigBlind, Holding Cards: | Kh | 6h | , Action: Fold, 
Best Hand: | Kc | Ks | Kh | Jd | 7c | = Trips of: 13, Money: -244134.366643

=====================================================================


HighCard: 17.403490
Pair: 43.828632
TwoPairs: 23.495470
Trips: 4.827172
Straight: 4.617100
Flush: 3.028885
FullHouse: 2.599032
Quads: 0.168502
StraightFlush: 0.031715

Empty-BigBlind: 59.770520
OneRaise-CutOff: 10.330120
OneRaise-Dealer: 3.432200
OneRaise-SmallBlind: 19.557700
TwoRaises-CutOff, Dealer: 0.543900
TwoRaises-CutOff, SmallBlind: 3.182770
TwoRaises-CutOff, BigBlind: 0.546000
TwoRaises-Dealer, SmallBlind: 1.034190
TwoRaises-Dealer, BigBlind: 0.181930
TwoRaises-SmallBlind, BigBlind: 1.045860
ThreeRaises-CutOff, Dealer, SmallBlind: 0.148060
ThreeRaises-CutOff, Dealer, BigBlind: 0.025380
ThreeRaises-CutOff, SmallBlind, BigBlind: 0.148310
ThreeRaises-Dealer, SmallBlind, BigBlind: 0.047150
FourRaises-CutOff, Dealer, SmallBlind, BigBlind: 0.005910


Show Downs Frequency: 6.909460
Two Players in Frequency: 6.534650
Three Players in Frequency: 0.368900
Four Players in Frequency: 0.005910
==============================================================================================================
============================******************************************************============================
==============================================================================================================
cutoff strategy: FifteenPercent
delear strategy: FivePercent
small blind strategy: TwentyfivePercent
big blind strategy: TenPercent
=====================================================================
========= Table: 10, #Hand: 10000000

| 8d | Jc | 3h | Ad | 5h | 

Player ID: 11, Position: CutOff, Holding Cards: | 2d | 10s | , Action: Fold, 
Best Hand: | Ad | Jc | 10s | 8d | 5h | = HighCard of: 14, Money: 415259.558327

Player ID: 12, Position: Dealer, Holding Cards: | 6h | 7s | , Action: Fold, 
Best Hand: | Ad | Jc | 8d | 7s | 6h | = HighCard of: 14, Money: 270885.700001

Player ID: 13, Position: SmallBlind, Holding Cards: | 5c | 10c | , Action: Fold, 
Best Hand: | Ad | Jc | 10c | 5c | 5h | = Pair of: 5, Money: -474340.174939

Player ID: 14, Position: BigBlind, Holding Cards: | 5d | Ah | , Action: AllIn, 
Best Hand: | Ad | Ah | Jc | 5d | 5h | = TwoPairs of: 14 and 5, Money: -211805.083311

=====================================================================


HighCard: 17.420803
Pair: 43.838750
TwoPairs: 23.476958
Trips: 4.829495
Straight: 4.619855
Flush: 3.024885
FullHouse: 2.590733
Quads: 0.167722
StraightFlush: 0.030800

Empty-BigBlind: 59.740740
OneRaise-CutOff: 9.802160
OneRaise-Dealer: 3.263450
OneRaise-SmallBlind: 18.591720
TwoRaises-CutOff, Dealer: 0.523550
TwoRaises-CutOff, SmallBlind: 3.038870
TwoRaises-CutOff, BigBlind: 1.067250
TwoRaises-Dealer, SmallBlind: 0.993060
TwoRaises-Dealer, BigBlind: 0.352710
TwoRaises-SmallBlind, BigBlind: 2.037000
ThreeRaises-CutOff, Dealer, SmallBlind: 0.142120
ThreeRaises-CutOff, Dealer, BigBlind: 0.048770
ThreeRaises-CutOff, SmallBlind, BigBlind: 0.292860
ThreeRaises-Dealer, SmallBlind, BigBlind: 0.094030
FourRaises-CutOff, Dealer, SmallBlind, BigBlind: 0.011710


Show Downs Frequency: 8.601930
Two Players in Frequency: 8.012440
Three Players in Frequency: 0.577780
Four Players in Frequency: 0.011710
==============================================================================================================
============================******************************************************============================
==============================================================================================================
cutoff strategy: FifteenPercent
delear strategy: FivePercent
small blind strategy: TwentyfivePercent
big blind strategy: FifteenPercent
=====================================================================
========= Table: 10, #Hand: 10000000

| 4d | 7d | 5d | Qs | 4c | 

Player ID: 11, Position: CutOff, Holding Cards: | 7s | 7c | , Action: AllIn, 
Best Hand: | 7c | 7s | 7d | 4c | 4d | = FullHouse of: 7, full of: 4, Money: 422037.624994

Player ID: 12, Position: Dealer, Holding Cards: | Ac | 8h | , Action: Fold, 
Best Hand: | Ac | Qs | 8h | 4c | 4d | = Pair of: 4, Money: 278149.275001

Player ID: 13, Position: SmallBlind, Holding Cards: | 6s | 10c | , Action: Fold, 
Best Hand: | Qs | 10c | 7d | 4c | 4d | = Pair of: 4, Money: -480317.783271

Player ID: 14, Position: BigBlind, Holding Cards: | 2c | 3s | , Action: Fold, 
Best Hand: | Qs | 7d | 5d | 4c | 4d | = Pair of: 4, Money: -219869.116644

=====================================================================


HighCard: 17.406582
Pair: 43.839445
TwoPairs: 23.483555
Trips: 4.829760
Straight: 4.622312
Flush: 3.024055
FullHouse: 2.594390
Quads: 0.169143
StraightFlush: 0.030758

Empty-BigBlind: 59.713570
OneRaise-CutOff: 9.366210
OneRaise-Dealer: 3.123060
OneRaise-SmallBlind: 17.709070
TwoRaises-CutOff, Dealer: 0.499890
TwoRaises-CutOff, SmallBlind: 2.915360
TwoRaises-CutOff, BigBlind: 1.526690
TwoRaises-Dealer, SmallBlind: 0.951690
TwoRaises-Dealer, BigBlind: 0.505060
TwoRaises-SmallBlind, BigBlind: 2.909750
ThreeRaises-CutOff, Dealer, SmallBlind: 0.137110
ThreeRaises-CutOff, Dealer, BigBlind: 0.070090
ThreeRaises-CutOff, SmallBlind, BigBlind: 0.419110
ThreeRaises-Dealer, SmallBlind, BigBlind: 0.135670
FourRaises-CutOff, Dealer, SmallBlind, BigBlind: 0.017670


Show Downs Frequency: 10.088090
Two Players in Frequency: 9.308440
Three Players in Frequency: 0.761980
Four Players in Frequency: 0.017670
==============================================================================================================
============================******************************************************============================
==============================================================================================================
cutoff strategy: FifteenPercent
delear strategy: FivePercent
small blind strategy: TwentyfivePercent
big blind strategy: TwentyPercent
=====================================================================
========= Table: 10, #Hand: 10000000

| 2c | 8h | 7c | Ac | 6d | 

Player ID: 11, Position: CutOff, Holding Cards: | Qs | Kd | , Action: AllIn, 
Best Hand: | Ac | Kd | Qs | 8h | 7c | = HighCard of: 14, Money: 437729.749993

Player ID: 12, Position: Dealer, Holding Cards: | Ad | Qc | , Action: AllIn, 
Best Hand: | Ac | Ad | Qc | 8h | 7c | = Pair of: 14, Money: 289894.325001

Player ID: 13, Position: SmallBlind, Holding Cards: | Kh | As | , Action: AllIn, 
Best Hand: | Ac | As | Kh | 8h | 7c | = Pair of: 14, Money: -478530.708272

Player ID: 14, Position: BigBlind, Holding Cards: | 5h | 9s | , Action: Fold, 
Best Hand: | 9s | 8h | 7c | 6d | 5h | = Straight of: 9 high, Money: -249093.366642

=====================================================================


HighCard: 17.409315
Pair: 43.821717
TwoPairs: 23.505782
Trips: 4.825958
Straight: 4.617662
Flush: 3.025103
FullHouse: 2.595543
Quads: 0.167513
StraightFlush: 0.031407

Empty-BigBlind: 59.757570
OneRaise-CutOff: 8.828180
OneRaise-Dealer: 2.940270
OneRaise-SmallBlind: 16.724010
TwoRaises-CutOff, Dealer: 0.476900
TwoRaises-CutOff, SmallBlind: 2.759680
TwoRaises-CutOff, BigBlind: 2.042560
TwoRaises-Dealer, SmallBlind: 0.905520
TwoRaises-Dealer, BigBlind: 0.669730
TwoRaises-SmallBlind, BigBlind: 3.897220
ThreeRaises-CutOff, Dealer, SmallBlind: 0.130440
ThreeRaises-CutOff, Dealer, BigBlind: 0.095440
ThreeRaises-CutOff, SmallBlind, BigBlind: 0.567770
ThreeRaises-Dealer, SmallBlind, BigBlind: 0.181870
FourRaises-CutOff, Dealer, SmallBlind, BigBlind: 0.022840


Show Downs Frequency: 11.749970
Two Players in Frequency: 10.751610
Three Players in Frequency: 0.975520
Four Players in Frequency: 0.022840
==============================================================================================================
============================******************************************************============================
==============================================================================================================
cutoff strategy: FifteenPercent
delear strategy: FivePercent
small blind strategy: TwentyfivePercent
big blind strategy: TwentyfivePercent
=====================================================================
========= Table: 10, #Hand: 10000000

| Qh | Qd | Ks | 5d | Qc | 

Player ID: 11, Position: CutOff, Holding Cards: | 7s | 3s | , Action: Fold, 
Best Hand: | Ks | Qc | Qd | Qh | 7s | = Trips of: 12, Money: 459456.708326

Player ID: 12, Position: Dealer, Holding Cards: | 2c | 3h | , Action: Fold, 
Best Hand: | Ks | Qc | Qd | Qh | 5d | = Trips of: 12, Money: 302574.116667

Player ID: 13, Position: SmallBlind, Holding Cards: | 4d | 8s | , Action: Fold, 
Best Hand: | Ks | Qc | Qd | Qh | 8s | = Trips of: 12, Money: -465159.908275

Player ID: 14, Position: BigBlind, Holding Cards: | Qs | Ac | , Action: AllIn, 
Best Hand: | Ac | Qc | Qs | Qd | Qh | = Quads of: 12, Money: -296870.916662

=====================================================================


HighCard: 17.406188
Pair: 43.831018
TwoPairs: 23.494480
Trips: 4.828218
Straight: 4.617928
Flush: 3.026220
FullHouse: 2.597562
Quads: 0.167453
StraightFlush: 0.030935

Empty-BigBlind: 59.732510
OneRaise-CutOff: 8.295570
OneRaise-Dealer: 2.758080
OneRaise-SmallBlind: 15.678690
TwoRaises-CutOff, Dealer: 0.449750
TwoRaises-CutOff, SmallBlind: 2.605430
TwoRaises-CutOff, BigBlind: 2.601590
TwoRaises-Dealer, SmallBlind: 0.853840
TwoRaises-Dealer, BigBlind: 0.853710
TwoRaises-SmallBlind, BigBlind: 4.935130
ThreeRaises-CutOff, Dealer, SmallBlind: 0.123770
ThreeRaises-CutOff, Dealer, BigBlind: 0.123910
ThreeRaises-CutOff, SmallBlind, BigBlind: 0.724150
ThreeRaises-Dealer, SmallBlind, BigBlind: 0.234130
FourRaises-CutOff, Dealer, SmallBlind, BigBlind: 0.029740


Show Downs Frequency: 13.535150
Two Players in Frequency: 12.299450
Three Players in Frequency: 1.205960
Four Players in Frequency: 0.029740
==============================================================================================================
============================******************************************************============================
==============================================================================================================
cutoff strategy: FifteenPercent
delear strategy: FivePercent
small blind strategy: TwentyfivePercent
big blind strategy: ThirtyPercent
=====================================================================
========= Table: 10, #Hand: 10000000

| 8c | Ac | 10c | 8d | 3d | 

Player ID: 11, Position: CutOff, Holding Cards: | 6h | 5c | , Action: Fold, 
Best Hand: | Ac | 10c | 8c | 8d | 6h | = Pair of: 8, Money: 470727.208325

Player ID: 12, Position: Dealer, Holding Cards: | 7c | 3c | , Action: Fold, 
Best Hand: | Ac | 10c | 8c | 7c | 3c | = Flush of: 14 high, Money: 311974.858333

Player ID: 13, Position: SmallBlind, Holding Cards: | Qd | Kh | , Action: AllIn, 
Best Hand: | Ac | Kh | Qd | 8c | 8d | = Pair of: 8, Money: -439364.816614

Player ID: 14, Position: BigBlind, Holding Cards: | 10h | Qs | , Action: AllIn, 
Best Hand: | Ac | 10c | 10h | 8c | 8d | = TwoPairs of: 10 and 8, Money: -343337.250014

=====================================================================


HighCard: 17.419945
Pair: 43.827950
TwoPairs: 23.496815
Trips: 4.828870
Straight: 4.616850
Flush: 3.017110
FullHouse: 2.594168
Quads: 0.167577
StraightFlush: 0.030715

Empty-BigBlind: 59.753240
OneRaise-CutOff: 7.764660
OneRaise-Dealer: 2.588220
OneRaise-SmallBlind: 14.694880
TwoRaises-CutOff, Dealer: 0.419970
TwoRaises-CutOff, SmallBlind: 2.442730
TwoRaises-CutOff, BigBlind: 3.118470
TwoRaises-Dealer, SmallBlind: 0.803440
TwoRaises-Dealer, BigBlind: 1.024350
TwoRaises-SmallBlind, BigBlind: 5.925000
ThreeRaises-CutOff, Dealer, SmallBlind: 0.117070
ThreeRaises-CutOff, Dealer, BigBlind: 0.148080
ThreeRaises-CutOff, SmallBlind, BigBlind: 0.874150
ThreeRaises-Dealer, SmallBlind, BigBlind: 0.288170
FourRaises-CutOff, Dealer, SmallBlind, BigBlind: 0.037570


Show Downs Frequency: 15.199000
Two Players in Frequency: 13.733960
Three Players in Frequency: 1.427470
Four Players in Frequency: 0.037570
==============================================================================================================
============================******************************************************============================
==============================================================================================================
cutoff strategy: FifteenPercent
delear strategy: FivePercent
small blind strategy: TwentyfivePercent
big blind strategy: ThirtyfivePercent
=====================================================================
========= Table: 10, #Hand: 10000000

| Kh | 4s | Kc | 9c | 8c | 

Player ID: 11, Position: CutOff, Holding Cards: | 10c | 3h | , Action: Fold, 
Best Hand: | Kc | Kh | 10c | 9c | 8c | = Pair of: 13, Money: 498899.383325

Player ID: 12, Position: Dealer, Holding Cards: | Js | Qc | , Action: Fold, 
Best Hand: | Kc | Kh | Qc | Js | 9c | = Pair of: 13, Money: 324377.533333

Player ID: 13, Position: SmallBlind, Holding Cards: | 3s | 2s | , Action: Fold, 
Best Hand: | Kc | Kh | 9c | 8c | 4s | = Pair of: 13, Money: -399706.249960

Player ID: 14, Position: BigBlind, Holding Cards: | Qh | 2d | , Action: AllIn, 
Best Hand: | Kc | Kh | Qh | 9c | 8c | = Pair of: 13, Money: -423570.666705

=====================================================================


HighCard: 17.403910
Pair: 43.829320
TwoPairs: 23.494380
Trips: 4.831118
Straight: 4.622505
Flush: 3.022450
FullHouse: 2.596637
Quads: 0.169068
StraightFlush: 0.030613

Empty-BigBlind: 59.748840
OneRaise-CutOff: 7.174250
OneRaise-Dealer: 2.395870
OneRaise-SmallBlind: 13.573210
TwoRaises-CutOff, Dealer: 0.391420
TwoRaises-CutOff, SmallBlind: 2.271830
TwoRaises-CutOff, BigBlind: 3.702980
TwoRaises-Dealer, SmallBlind: 0.743730
TwoRaises-Dealer, BigBlind: 1.216330
TwoRaises-SmallBlind, BigBlind: 7.049690
ThreeRaises-CutOff, Dealer, SmallBlind: 0.110100
ThreeRaises-CutOff, Dealer, BigBlind: 0.177460
ThreeRaises-CutOff, SmallBlind, BigBlind: 1.059690
ThreeRaises-Dealer, SmallBlind, BigBlind: 0.340640
FourRaises-CutOff, Dealer, SmallBlind, BigBlind: 0.043960


Show Downs Frequency: 17.107830
Two Players in Frequency: 15.375980
Three Players in Frequency: 1.687890
Four Players in Frequency: 0.043960
==============================================================================================================
============================******************************************************============================
==============================================================================================================
cutoff strategy: FifteenPercent
delear strategy: FivePercent
small blind strategy: TwentyfivePercent
big blind strategy: FourtyPercent
=====================================================================
========= Table: 10, #Hand: 10000000

| 6c | Ad | Kh | 10s | 5d | 

Player ID: 11, Position: CutOff, Holding Cards: | 9c | 7c | , Action: Fold, 
Best Hand: | Ad | Kh | 10s | 9c | 7c | = HighCard of: 14, Money: 528543.958324

Player ID: 12, Position: Dealer, Holding Cards: | Qd | As | , Action: AllIn, 
Best Hand: | As | Ad | Kh | Qd | 10s | = Pair of: 14, Money: 339271.849999

Player ID: 13, Position: SmallBlind, Holding Cards: | Kd | 7d | , Action: Fold, 
Best Hand: | Ad | Kd | Kh | 10s | 7d | = Pair of: 13, Money: -365747.058306

Player ID: 14, Position: BigBlind, Holding Cards: | 10h | 3h | , Action: Fold, 
Best Hand: | Ad | Kh | 10s | 10h | 6c | = Pair of: 10, Money: -502068.750055

=====================================================================


HighCard: 17.405035
Pair: 43.822407
TwoPairs: 23.504245
Trips: 4.833263
Straight: 4.617825
Flush: 3.024703
FullHouse: 2.592500
Quads: 0.168845
StraightFlush: 0.031178

Empty-BigBlind: 59.741550
OneRaise-CutOff: 6.652430
OneRaise-Dealer: 2.231940
OneRaise-SmallBlind: 12.564850
TwoRaises-CutOff, Dealer: 0.365840
TwoRaises-CutOff, SmallBlind: 2.113280
TwoRaises-CutOff, BigBlind: 4.242900
TwoRaises-Dealer, SmallBlind: 0.695900
TwoRaises-Dealer, BigBlind: 1.393810
TwoRaises-SmallBlind, BigBlind: 8.034850
ThreeRaises-CutOff, Dealer, SmallBlind: 0.102010
ThreeRaises-CutOff, Dealer, BigBlind: 0.205940
ThreeRaises-CutOff, SmallBlind, BigBlind: 1.212290
ThreeRaises-Dealer, SmallBlind, BigBlind: 0.390880
FourRaises-CutOff, Dealer, SmallBlind, BigBlind: 0.051530


Show Downs Frequency: 18.809230
Two Players in Frequency: 16.846580
Three Players in Frequency: 1.911120
Four Players in Frequency: 0.051530
==============================================================================================================
============================******************************************************============================
==============================================================================================================
cutoff strategy: FifteenPercent
delear strategy: FivePercent
small blind strategy: TwentyfivePercent
big blind strategy: FourtyfivePercent
=====================================================================
========= Table: 10, #Hand: 10000000

| 2s | 4c | 3d | 2h | Kc | 

Player ID: 11, Position: CutOff, Holding Cards: | 8d | 8h | , Action: AllIn, 
Best Hand: | Kc | 8d | 8h | 2s | 2h | = TwoPairs of: 8 and 2, Money: 553254.591657

Player ID: 12, Position: Dealer, Holding Cards: | Ad | Kh | , Action: AllIn, 
Best Hand: | Ad | Kc | Kh | 2s | 2h | = TwoPairs of: 13 and 2, Money: 348195.974999

Player ID: 13, Position: SmallBlind, Holding Cards: | Qd | 8s | , Action: Fold, 
Best Hand: | Kc | Qd | 8s | 2s | 2h | = Pair of: 2, Money: -320718.299993

Player ID: 14, Position: BigBlind, Holding Cards: | 10s | 6s | , Action: Fold, 
Best Hand: | Kc | 10s | 6s | 2s | 2h | = Pair of: 2, Money: -580732.266735

=====================================================================


HighCard: 17.415768
Pair: 43.826887
TwoPairs: 23.493208
Trips: 4.828865
Straight: 4.618950
Flush: 3.021130
FullHouse: 2.596033
Quads: 0.167960
StraightFlush: 0.031200

Empty-BigBlind: 59.737960
OneRaise-CutOff: 6.125380
OneRaise-Dealer: 2.056970
OneRaise-SmallBlind: 11.575230
TwoRaises-CutOff, Dealer: 0.340500
TwoRaises-CutOff, SmallBlind: 1.952760
TwoRaises-CutOff, BigBlind: 4.767940
TwoRaises-Dealer, SmallBlind: 0.642500
TwoRaises-Dealer, BigBlind: 1.556190
TwoRaises-SmallBlind, BigBlind: 9.032990
ThreeRaises-CutOff, Dealer, SmallBlind: 0.094980
ThreeRaises-CutOff, Dealer, BigBlind: 0.232890
ThreeRaises-CutOff, SmallBlind, BigBlind: 1.377780
ThreeRaises-Dealer, SmallBlind, BigBlind: 0.447040
FourRaises-CutOff, Dealer, SmallBlind, BigBlind: 0.058890


Show Downs Frequency: 20.504460
Two Players in Frequency: 18.292880
Three Players in Frequency: 2.152690
Four Players in Frequency: 0.058890
==============================================================================================================
============================******************************************************============================
==============================================================================================================
cutoff strategy: FifteenPercent
delear strategy: FivePercent
small blind strategy: TwentyfivePercent
big blind strategy: FiftyPercent
=====================================================================
========= Table: 10, #Hand: 10000000

| 6d | 6h | 8s | Qh | 7h | 

Player ID: 11, Position: CutOff, Holding Cards: | Kh | 8h | , Action: Fold, 
Best Hand: | Kh | Qh | 8h | 7h | 6h | = Flush of: 13 high, Money: 582378.233323

Player ID: 12, Position: Dealer, Holding Cards: | As | 5s | , Action: Fold, 
Best Hand: | As | Qh | 8s | 6d | 6h | = Pair of: 6, Money: 363520.416665

Player ID: 13, Position: SmallBlind, Holding Cards: | Jd | Jc | , Action: AllIn, 
Best Hand: | Qh | Jc | Jd | 6d | 6h | = TwoPairs of: 11 and 6, Money: -273840.883355

Player ID: 14, Position: BigBlind, Holding Cards: | 3c | 9s | , Action: Fold, 
Best Hand: | Qh | 9s | 8s | 6d | 6h | = Pair of: 6, Money: -672057.766745

=====================================================================


HighCard: 17.413445
Pair: 43.823215
TwoPairs: 23.492252
Trips: 4.831638
Straight: 4.617217
Flush: 3.025545
FullHouse: 2.598090
Quads: 0.167890
StraightFlush: 0.030707

Empty-BigBlind: 59.749380
OneRaise-CutOff: 5.560370
OneRaise-Dealer: 1.876400
OneRaise-SmallBlind: 10.534220
TwoRaises-CutOff, Dealer: 0.307730
TwoRaises-CutOff, SmallBlind: 1.779530
TwoRaises-CutOff, BigBlind: 5.310640
TwoRaises-Dealer, SmallBlind: 0.581250
TwoRaises-Dealer, BigBlind: 1.745360
TwoRaises-SmallBlind, BigBlind: 10.096810
ThreeRaises-CutOff, Dealer, SmallBlind: 0.086670
ThreeRaises-CutOff, Dealer, BigBlind: 0.261450
ThreeRaises-CutOff, SmallBlind, BigBlind: 1.544870
ThreeRaises-Dealer, SmallBlind, BigBlind: 0.499800
FourRaises-CutOff, Dealer, SmallBlind, BigBlind: 0.065520


Show Downs Frequency: 22.279630
Two Players in Frequency: 19.821320
Three Players in Frequency: 2.392790
Four Players in Frequency: 0.065520
==============================================================================================================
============================******************************************************============================
==============================================================================================================
cutoff strategy: FifteenPercent
delear strategy: FivePercent
small blind strategy: ThirtyPercent
big blind strategy: FivePercent
=====================================================================
========= Table: 10, #Hand: 10000000

| 6s | 7c | Jd | 6h | 3s | 

Player ID: 11, Position: CutOff, Holding Cards: | 3c | 10d | , Action: Fold, 
Best Hand: | Jd | 6s | 6h | 3c | 3s | = TwoPairs of: 6 and 3, Money: 451925.583326

Player ID: 12, Position: Dealer, Holding Cards: | 7d | 5c | , Action: Fold, 
Best Hand: | Jd | 7c | 7d | 6s | 6h | = TwoPairs of: 7 and 6, Money: 274434.875001

Player ID: 13, Position: SmallBlind, Holding Cards: | Ks | 10c | , Action: AllIn, 
Best Hand: | Ks | Jd | 10c | 6s | 6h | = Pair of: 6, Money: -366812.991640

Player ID: 14, Position: BigBlind, Holding Cards: | 10h | 4c | , Action: Fold, 
Best Hand: | Jd | 10h | 7c | 6s | 6h | = Pair of: 6, Money: -359547.466685

=====================================================================


HighCard: 17.402918
Pair: 43.826903
TwoPairs: 23.493278
Trips: 4.829467
Straight: 4.618925
Flush: 3.031337
FullHouse: 2.598545
Quads: 0.167750
StraightFlush: 0.030877

Empty-BigBlind: 55.856760
OneRaise-CutOff: 9.690260
OneRaise-Dealer: 3.216190
OneRaise-SmallBlind: 23.264430
TwoRaises-CutOff, Dealer: 0.514340
TwoRaises-CutOff, SmallBlind: 3.824460
TwoRaises-CutOff, BigBlind: 0.513330
TwoRaises-Dealer, SmallBlind: 1.253430
TwoRaises-Dealer, BigBlind: 0.167780
TwoRaises-SmallBlind, BigBlind: 1.254860
ThreeRaises-CutOff, Dealer, SmallBlind: 0.177760
ThreeRaises-CutOff, Dealer, BigBlind: 0.023310
ThreeRaises-CutOff, SmallBlind, BigBlind: 0.178160
ThreeRaises-Dealer, SmallBlind, BigBlind: 0.057730
FourRaises-CutOff, Dealer, SmallBlind, BigBlind: 0.007200


Show Downs Frequency: 7.972360
Two Players in Frequency: 7.528200
Three Players in Frequency: 0.436960
Four Players in Frequency: 0.007200
==============================================================================================================
============================******************************************************============================
==============================================================================================================
cutoff strategy: FifteenPercent
delear strategy: FivePercent
small blind strategy: ThirtyPercent
big blind strategy: TenPercent
=====================================================================
========= Table: 10, #Hand: 10000000

| 6d | 2h | 8h | 4d | 4h | 

Player ID: 11, Position: CutOff, Holding Cards: | 10c | 3c | , Action: Fold, 
Best Hand: | 10c | 8h | 6d | 4d | 4h | = Pair of: 4, Money: 441303.741660

Player ID: 12, Position: Dealer, Holding Cards: | 4c | As | , Action: Fold, 
Best Hand: | As | 8h | 4c | 4d | 4h | = Trips of: 4, Money: 284304.908334

Player ID: 13, Position: SmallBlind, Holding Cards: | 7h | Kd | , Action: Fold, 
Best Hand: | Kd | 8h | 7h | 4d | 4h | = Pair of: 4, Money: -418774.966624

Player ID: 14, Position: BigBlind, Holding Cards: | Jd | Ah | , Action: AllIn, 
Best Hand: | Ah | Jd | 8h | 4d | 4h | = Pair of: 4, Money: -306833.683332

=====================================================================


HighCard: 17.412645
Pair: 43.817563
TwoPairs: 23.498542
Trips: 4.828947
Straight: 4.619442
Flush: 3.026753
FullHouse: 2.597938
Quads: 0.167135
StraightFlush: 0.031035

Empty-BigBlind: 55.854240
OneRaise-CutOff: 9.196550
OneRaise-Dealer: 3.061220
OneRaise-SmallBlind: 22.064960
TwoRaises-CutOff, Dealer: 0.492080
TwoRaises-CutOff, SmallBlind: 3.646560
TwoRaises-CutOff, BigBlind: 1.007830
TwoRaises-Dealer, SmallBlind: 1.189750
TwoRaises-Dealer, BigBlind: 0.333800
TwoRaises-SmallBlind, BigBlind: 2.447440
ThreeRaises-CutOff, Dealer, SmallBlind: 0.171530
ThreeRaises-CutOff, Dealer, BigBlind: 0.046660
ThreeRaises-CutOff, SmallBlind, BigBlind: 0.357730
ThreeRaises-Dealer, SmallBlind, BigBlind: 0.114140
FourRaises-CutOff, Dealer, SmallBlind, BigBlind: 0.015510


Show Downs Frequency: 9.823030
Two Players in Frequency: 9.117460
Three Players in Frequency: 0.690060
Four Players in Frequency: 0.015510
