==============================================================================================================
============================******************************************************============================
==============================================================================================================
cutoff strategy: FourtyPercent
delear strategy: FivePercent
small blind strategy: TenPercent
big blind strategy: FivePercent
=====================================================================
========= Table: 10, #Hand: 10000000

| Jc | 3c | 7d | 9h | 5d | 

Player ID: 11, Position: CutOff, Holding Cards: | 3h | 3d | , Action: AllIn, 
Best Hand: | Jc | 9h | 3c | 3d | 3h | = Trips of: 3, Money: 728326.674955

Player ID: 12, Position: Dealer, Holding Cards: | 6c | Qd | , Action: Fold, 
Best Hand: | Qd | Jc | 9h | 7d | 6c | = HighCard of: 12, Money: 307290.700000

Player ID: 13, Position: SmallBlind, Holding Cards: | 10c | 2c | , Action: Fold, 
Best Hand: | Jc | 10c | 9h | 7d | 5d | = HighCard of: 11, Money: -523695.008248

Player ID: 14, Position: BigBlind, Holding Cards: | Qs | 8s | , Action: Fold, 
Best Hand: | Qs | Jc | 9h | 8s | 7d | = HighCard of: 12, Money: -511922.366714

=====================================================================


HighCard: 17.426738
Pair: 43.830145
TwoPairs: 23.478233
Trips: 4.819782
Straight: 4.623830
Flush: 3.026288
FullHouse: 2.595252
Quads: 0.168637
StraightFlush: 0.031095

Empty-BigBlind: 50.110890
OneRaise-CutOff: 32.625140
OneRaise-Dealer: 2.898790
OneRaise-SmallBlind: 5.903850
TwoRaises-CutOff, Dealer: 1.781950
TwoRaises-CutOff, SmallBlind: 3.669280
TwoRaises-CutOff, BigBlind: 1.784270
TwoRaises-Dealer, SmallBlind: 0.310310
TwoRaises-Dealer, BigBlind: 0.151240
TwoRaises-SmallBlind, BigBlind: 0.315910
ThreeRaises-CutOff, Dealer, SmallBlind: 0.172580
ThreeRaises-CutOff, Dealer, BigBlind: 0.082400
ThreeRaises-CutOff, SmallBlind, BigBlind: 0.172590
ThreeRaises-Dealer, SmallBlind, BigBlind: 0.014140
FourRaises-CutOff, Dealer, SmallBlind, BigBlind: 0.006660


Show Downs Frequency: 8.461330
Two Players in Frequency: 8.012960
Three Players in Frequency: 0.441710
Four Players in Frequency: 0.006660
==============================================================================================================
============================******************************************************============================
==============================================================================================================
cutoff strategy: FourtyPercent
delear strategy: FivePercent
small blind strategy: TenPercent
big blind strategy: TenPercent
=====================================================================
========= Table: 10, #Hand: 10000000

| 8d | Kc | 6s | 2c | Qh | 

Player ID: 11, Position: CutOff, Holding Cards: | 8s | 3h | , Action: Fold, 
Best Hand: | Kc | Qh | 8s | 8d | 6s | = Pair of: 8, Money: 631104.799961

Player ID: 12, Position: Dealer, Holding Cards: | 8c | 3d | , Action: Fold, 
Best Hand: | Kc | Qh | 8c | 8d | 6s | = Pair of: 8, Money: 316209.458333

Player ID: 13, Position: SmallBlind, Holding Cards: | 4h | 3s | , Action: Fold, 
Best Hand: | Kc | Qh | 8d | 6s | 4h | = HighCard of: 13, Money: -523659.841581

Player ID: 14, Position: BigBlind, Holding Cards: | Qd | 10s | , Action: AllIn, 
Best Hand: | Kc | Qd | Qh | 10s | 8d | = Pair of: 12, Money: -423654.416700

=====================================================================


HighCard: 17.413960
Pair: 43.819900
TwoPairs: 23.509957
Trips: 4.826170
Straight: 4.614928
Flush: 3.022535
FullHouse: 2.594335
Quads: 0.166942
StraightFlush: 0.031273

Empty-BigBlind: 50.141690
OneRaise-CutOff: 30.889220
OneRaise-Dealer: 2.766150
OneRaise-SmallBlind: 5.599210
TwoRaises-CutOff, Dealer: 1.692710
TwoRaises-CutOff, SmallBlind: 3.495890
TwoRaises-CutOff, BigBlind: 3.496630
TwoRaises-Dealer, SmallBlind: 0.298310
TwoRaises-Dealer, BigBlind: 0.296980
TwoRaises-SmallBlind, BigBlind: 0.608120
ThreeRaises-CutOff, Dealer, SmallBlind: 0.165440
ThreeRaises-CutOff, Dealer, BigBlind: 0.166150
ThreeRaises-CutOff, SmallBlind, BigBlind: 0.342790
ThreeRaises-Dealer, SmallBlind, BigBlind: 0.027250
FourRaises-CutOff, Dealer, SmallBlind, BigBlind: 0.013460


Show Downs Frequency: 10.603730
Two Players in Frequency: 9.888640
Three Players in Frequency: 0.701630
Four Players in Frequency: 0.013460
==============================================================================================================
============================******************************************************============================
==============================================================================================================
cutoff strategy: FourtyPercent
delear strategy: FivePercent
small blind strategy: TenPercent
big blind strategy: FifteenPercent
=====================================================================
========= Table: 10, #Hand: 10000000

| 9d | Js | Qs | Ks | 4d | 

Player ID: 11, Position: CutOff, Holding Cards: | Jd | 2s | , Action: Fold, 
Best Hand: | Ks | Qs | Js | Jd | 9d | = Pair of: 11, Money: 566964.958299

Player ID: 12, Position: Dealer, Holding Cards: | 9h | Kh | , Action: Fold, 
Best Hand: | Ks | Kh | Qs | 9d | 9h | = TwoPairs of: 13 and 9, Money: 326872.024999

Player ID: 13, Position: SmallBlind, Holding Cards: | 2c | 10c | , Action: Fold, 
Best Hand: | Ks | Qs | Js | 10c | 9d | = Straight of: 13 high, Money: -510157.283250

Player ID: 14, Position: BigBlind, Holding Cards: | 5d | Ac | , Action: AllIn, 
Best Hand: | Ac | Ks | Qs | Js | 9d | = HighCard of: 14, Money: -383679.700025

=====================================================================


HighCard: 17.416515
Pair: 43.827863
TwoPairs: 23.484678
Trips: 4.827323
Straight: 4.621482
Flush: 3.023048
FullHouse: 2.599842
Quads: 0.168338
StraightFlush: 0.030912

Empty-BigBlind: 50.128670
OneRaise-CutOff: 29.453660
OneRaise-Dealer: 2.633700
OneRaise-SmallBlind: 5.339510
TwoRaises-CutOff, Dealer: 1.626670
TwoRaises-CutOff, SmallBlind: 3.340560
TwoRaises-CutOff, BigBlind: 4.952870
TwoRaises-Dealer, SmallBlind: 0.284290
TwoRaises-Dealer, BigBlind: 0.424270
TwoRaises-SmallBlind, BigBlind: 0.869200
ThreeRaises-CutOff, Dealer, SmallBlind: 0.159180
ThreeRaises-CutOff, Dealer, BigBlind: 0.236130
ThreeRaises-CutOff, SmallBlind, BigBlind: 0.489710
ThreeRaises-Dealer, SmallBlind, BigBlind: 0.041340
FourRaises-CutOff, Dealer, SmallBlind, BigBlind: 0.020240


Show Downs Frequency: 12.444460
Two Players in Frequency: 11.497860
Three Players in Frequency: 0.926360
Four Players in Frequency: 0.020240
==============================================================================================================
============================******************************************************============================
==============================================================================================================
cutoff strategy: FourtyPercent
delear strategy: FivePercent
small blind strategy: TenPercent
big blind strategy: TwentyPercent
=====================================================================
========= Table: 10, #Hand: 10000000

| 6d | 4c | 7c | Ad | 4h | 

Player ID: 11, Position: CutOff, Holding Cards: | 4s | 6h | , Action: Fold, 
Best Hand: | 6d | 6h | 4c | 4s | 4h | = FullHouse of: 6, full of: 4, Money: 524750.491637

Player ID: 12, Position: Dealer, Holding Cards: | Qh | 6s | , Action: Fold, 
Best Hand: | Ad | 6s | 6d | 4c | 4h | = TwoPairs of: 6 and 4, Money: 334872.758333

Player ID: 13, Position: SmallBlind, Holding Cards: | 2c | Jd | , Action: Fold, 
Best Hand: | Ad | Jd | 7c | 4c | 4h | = Pair of: 4, Money: -492598.849922

Player ID: 14, Position: BigBlind, Holding Cards: | Kh | 7d | , Action: AllIn, 
Best Hand: | Ad | 7c | 7d | 4c | 4h | = TwoPairs of: 7 and 4, Money: -367024.400020

=====================================================================


HighCard: 17.408677
Pair: 43.829420
TwoPairs: 23.483937
Trips: 4.837002
Straight: 4.613132
Flush: 3.026475
FullHouse: 2.601345
Quads: 0.169102
StraightFlush: 0.030908

Empty-BigBlind: 50.112240
OneRaise-CutOff: 27.775930
OneRaise-Dealer: 2.490080
OneRaise-SmallBlind: 5.056970
TwoRaises-CutOff, Dealer: 1.541690
TwoRaises-CutOff, SmallBlind: 3.164170
TwoRaises-CutOff, BigBlind: 6.627390
TwoRaises-Dealer, SmallBlind: 0.272910
TwoRaises-Dealer, BigBlind: 0.573130
TwoRaises-SmallBlind, BigBlind: 1.170390
ThreeRaises-CutOff, Dealer, SmallBlind: 0.149610
ThreeRaises-CutOff, Dealer, BigBlind: 0.318550
ThreeRaises-CutOff, SmallBlind, BigBlind: 0.664450
ThreeRaises-Dealer, SmallBlind, BigBlind: 0.054600
FourRaises-CutOff, Dealer, SmallBlind, BigBlind: 0.027890


Show Downs Frequency: 14.564780
Two Players in Frequency: 13.349680
Three Players in Frequency: 1.187210
Four Players in Frequency: 0.027890
==============================================================================================================
============================******************************************************============================
==============================================================================================================
cutoff strategy: FourtyPercent
delear strategy: FivePercent
small blind strategy: TenPercent
big blind strategy: TwentyfivePercent
=====================================================================
========= Table: 10, #Hand: 10000000

| As | 5s | 7d | 4s | 2s | 

Player ID: 11, Position: CutOff, Holding Cards: | 6d | 4h | , Action: Fold, 
Best Hand: | As | 7d | 6d | 4s | 4h | = Pair of: 4, Money: 497029.549973

Player ID: 12, Position: Dealer, Holding Cards: | 8h | 10d | , Action: Fold, 
Best Hand: | As | 10d | 8h | 7d | 5s | = HighCard of: 14, Money: 346956.583332

Player ID: 13, Position: SmallBlind, Holding Cards: | 5h | 9s | , Action: Fold, 
Best Hand: | As | 9s | 5s | 4s | 2s | = Flush of: 14 high, Money: -481565.333258

Player ID: 14, Position: BigBlind, Holding Cards: | 10h | 7c | , Action: AllIn, 
Best Hand: | As | 10h | 7c | 7d | 5s | = Pair of: 7, Money: -362420.800020

=====================================================================


HighCard: 17.408973
Pair: 43.828293
TwoPairs: 23.488055
Trips: 4.832982
Straight: 4.618455
Flush: 3.029850
FullHouse: 2.593195
Quads: 0.168880
StraightFlush: 0.031317

Empty-BigBlind: 50.136860
OneRaise-CutOff: 25.983160
OneRaise-Dealer: 2.331950
OneRaise-SmallBlind: 4.729890
TwoRaises-CutOff, Dealer: 1.453200
TwoRaises-CutOff, SmallBlind: 2.977450
TwoRaises-CutOff, BigBlind: 8.410400
TwoRaises-Dealer, SmallBlind: 0.254710
TwoRaises-Dealer, BigBlind: 0.726920
TwoRaises-SmallBlind, BigBlind: 1.484520
ThreeRaises-CutOff, Dealer, SmallBlind: 0.143280
ThreeRaises-CutOff, Dealer, BigBlind: 0.408310
ThreeRaises-CutOff, SmallBlind, BigBlind: 0.851990
ThreeRaises-Dealer, SmallBlind, BigBlind: 0.070310
FourRaises-CutOff, Dealer, SmallBlind, BigBlind: 0.037050


Show Downs Frequency: 16.818140
Two Players in Frequency: 15.307200
Three Players in Frequency: 1.473890
Four Players in Frequency: 0.037050
==============================================================================================================
============================******************************************************============================
==============================================================================================================
cutoff strategy: FourtyPercent
delear strategy: FivePercent
small blind strategy: TenPercent
big blind strategy: ThirtyPercent
=====================================================================
========= Table: 10, #Hand: 10000000

| 3s | Qd | Ah | Ad | 4s | 

Player ID: 11, Position: CutOff, Holding Cards: | 7c | Kh | , Action: AllIn, 
Best Hand: | Ad | Ah | Kh | Qd | 7c | = Pair of: 14, Money: 488825.608307

Player ID: 12, Position: Dealer, Holding Cards: | 6c | Jh | , Action: Fold, 
Best Hand: | Ad | Ah | Qd | Jh | 6c | = Pair of: 14, Money: 353945.574999

Player ID: 13, Position: SmallBlind, Holding Cards: | 2s | 8h | , Action: Fold, 
Best Hand: | Ad | Ah | Qd | 8h | 4s | = Pair of: 14, Money: -463697.333263

Player ID: 14, Position: BigBlind, Holding Cards: | 9c | 2h | , Action: Fold, 
Best Hand: | Ad | Ah | Qd | 9c | 4s | = Pair of: 14, Money: -379073.850025

=====================================================================


HighCard: 17.418350
Pair: 43.804752
TwoPairs: 23.496885
Trips: 4.830770
Straight: 4.621408
Flush: 3.026465
FullHouse: 2.602012
Quads: 0.168217
StraightFlush: 0.031140

Empty-BigBlind: 50.147290
OneRaise-CutOff: 24.329720
OneRaise-Dealer: 2.192370
OneRaise-SmallBlind: 4.434430
TwoRaises-CutOff, Dealer: 1.362080
TwoRaises-CutOff, SmallBlind: 2.802390
TwoRaises-CutOff, BigBlind: 10.049750
TwoRaises-Dealer, SmallBlind: 0.241480
TwoRaises-Dealer, BigBlind: 0.872680
TwoRaises-SmallBlind, BigBlind: 1.783040
ThreeRaises-CutOff, Dealer, SmallBlind: 0.136350
ThreeRaises-CutOff, Dealer, BigBlind: 0.496060
ThreeRaises-CutOff, SmallBlind, BigBlind: 1.023520
ThreeRaises-Dealer, SmallBlind, BigBlind: 0.085510
FourRaises-CutOff, Dealer, SmallBlind, BigBlind: 0.043330


Show Downs Frequency: 18.896190
Two Players in Frequency: 17.111420
Three Players in Frequency: 1.741440
Four Players in Frequency: 0.043330
==============================================================================================================
============================******************************************************============================
==============================================================================================================
cutoff strategy: FourtyPercent
delear strategy: FivePercent
small blind strategy: TenPercent
big blind strategy: ThirtyfivePercent
=====================================================================
========= Table: 10, #Hand: 10000000

| 10h | 8h | Ac | 4d | 7c | 

Player ID: 11, Position: CutOff, Holding Cards: | 7s | 10c | , Action: Fold, 
Best Hand: | Ac | 10c | 10h | 7c | 7s | = TwoPairs of: 10 and 7, Money: 501267.824974

Player ID: 12, Position: Dealer, Holding Cards: | Qc | 9h | , Action: Fold, 
Best Hand: | Ac | Qc | 10h | 9h | 8h | = HighCard of: 14, Money: 369318.483332

Player ID: 13, Position: SmallBlind, Holding Cards: | 3c | Qs | , Action: Fold, 
Best Hand: | Ac | Qs | 10h | 8h | 7c | = HighCard of: 14, Money: -443915.258270

Player ID: 14, Position: BigBlind, Holding Cards: | 10d | 5d | , Action: AllIn, 
Best Hand: | Ac | 10d | 10h | 8h | 7c | = Pair of: 10, Money: -426671.050037

=====================================================================


HighCard: 17.404843
Pair: 43.821202
TwoPairs: 23.495465
Trips: 4.831985
Straight: 4.625228
Flush: 3.023773
FullHouse: 2.598177
Quads: 0.168143
StraightFlush: 0.031185

Empty-BigBlind: 50.107290
OneRaise-CutOff: 22.512870
OneRaise-Dealer: 2.023940
OneRaise-SmallBlind: 4.104640
TwoRaises-CutOff, Dealer: 1.277030
TwoRaises-CutOff, SmallBlind: 2.606950
TwoRaises-CutOff, BigBlind: 11.889450
TwoRaises-Dealer, SmallBlind: 0.225010
TwoRaises-Dealer, BigBlind: 1.037140
TwoRaises-SmallBlind, BigBlind: 2.118210
ThreeRaises-CutOff, Dealer, SmallBlind: 0.128080
ThreeRaises-CutOff, Dealer, BigBlind: 0.591760
ThreeRaises-CutOff, SmallBlind, BigBlind: 1.223090
ThreeRaises-Dealer, SmallBlind, BigBlind: 0.101110
FourRaises-CutOff, Dealer, SmallBlind, BigBlind: 0.053430


Show Downs Frequency: 21.251260
Two Players in Frequency: 19.153790
Three Players in Frequency: 2.044040
Four Players in Frequency: 0.053430
==============================================================================================================
============================******************************************************============================
==============================================================================================================
cutoff strategy: FourtyPercent
delear strategy: FivePercent
small blind strategy: TenPercent
big blind strategy: FourtyPercent
=====================================================================
========= Table: 10, #Hand: 10000000

| 7h | Kd | Jd | Ks | 6s | 

Player ID: 11, Position: CutOff, Holding Cards: | Qs | 10s | , Action: AllIn, 
Best Hand: | Ks | Kd | Qs | Jd | 10s | = Pair of: 13, Money: 538855.166638

Player ID: 12, Position: Dealer, Holding Cards: | 3h | Js | , Action: Fold, 
Best Hand: | Ks | Kd | Js | Jd | 7h | = TwoPairs of: 13 and 11, Money: 381033.683332

Player ID: 13, Position: SmallBlind, Holding Cards: | 4d | 6d | , Action: Fold, 
Best Hand: | Ks | Kd | Jd | 6s | 6d | = TwoPairs of: 13 and 6, Money: -426754.383276

Player ID: 14, Position: BigBlind, Holding Cards: | Kh | Jh | , Action: AllIn, 
Best Hand: | Ks | Kd | Kh | Jd | Jh | = FullHouse of: 13, full of: 11, Money: -493134.466717

=====================================================================


HighCard: 17.418705
Pair: 43.829890
TwoPairs: 23.498248
Trips: 4.821352
Straight: 4.617958
Flush: 3.022828
FullHouse: 2.591300
Quads: 0.168730
StraightFlush: 0.030990

Empty-BigBlind: 50.116700
OneRaise-CutOff: 20.893260
OneRaise-Dealer: 1.883260
OneRaise-SmallBlind: 3.792790
TwoRaises-CutOff, Dealer: 1.178660
TwoRaises-CutOff, SmallBlind: 2.423600
TwoRaises-CutOff, BigBlind: 13.507150
TwoRaises-Dealer, SmallBlind: 0.209340
TwoRaises-Dealer, BigBlind: 1.182900
TwoRaises-SmallBlind, BigBlind: 2.424180
ThreeRaises-CutOff, Dealer, SmallBlind: 0.117910
ThreeRaises-CutOff, Dealer, BigBlind: 0.679900
ThreeRaises-CutOff, SmallBlind, BigBlind: 1.410140
ThreeRaises-Dealer, SmallBlind, BigBlind: 0.119010
FourRaises-CutOff, Dealer, SmallBlind, BigBlind: 0.061200


Show Downs Frequency: 23.313990
Two Players in Frequency: 20.925830
Three Players in Frequency: 2.326960
Four Players in Frequency: 0.061200
==============================================================================================================
============================******************************************************============================
==============================================================================================================
cutoff strategy: FourtyPercent
delear strategy: FivePercent
small blind strategy: TenPercent
big blind strategy: FourtyfivePercent
=====================================================================
========= Table: 10, #Hand: 10000000

| Ad | 6c | 10s | 3s | Ac | 

Player ID: 11, Position: CutOff, Holding Cards: | 8h | 8c | , Action: AllIn, 
Best Hand: | Ac | Ad | 10s | 8c | 8h | = TwoPairs of: 14 and 8, Money: 576036.141637

Player ID: 12, Position: Dealer, Holding Cards: | 7d | Jc | , Action: Fold, 
Best Hand: | Ac | Ad | Jc | 10s | 7d | = Pair of: 14, Money: 389895.591665

Player ID: 13, Position: SmallBlind, Holding Cards: | 4s | Qc | , Action: Fold, 
Best Hand: | Ac | Ad | Qc | 10s | 6c | = Pair of: 14, Money: -404425.183283

Player ID: 14, Position: BigBlind, Holding Cards: | Js | 7c | , Action: Fold, 
Best Hand: | Ac | Ad | Js | 10s | 7c | = Pair of: 14, Money: -561506.550061

=====================================================================


HighCard: 17.415250
Pair: 43.832302
TwoPairs: 23.499585
Trips: 4.829195
Straight: 4.616760
Flush: 3.017368
FullHouse: 2.591203
Quads: 0.167490
StraightFlush: 0.030847

Empty-BigBlind: 50.118010
OneRaise-CutOff: 19.232390
OneRaise-Dealer: 1.732460
OneRaise-SmallBlind: 3.508470
TwoRaises-CutOff, Dealer: 1.093480
TwoRaises-CutOff, SmallBlind: 2.228400
TwoRaises-CutOff, BigBlind: 15.178650
TwoRaises-Dealer, SmallBlind: 0.193830
TwoRaises-Dealer, BigBlind: 1.329410
TwoRaises-SmallBlind, BigBlind: 2.713610
ThreeRaises-CutOff, Dealer, SmallBlind: 0.109750
ThreeRaises-CutOff, Dealer, BigBlind: 0.765610
ThreeRaises-CutOff, SmallBlind, BigBlind: 1.592940
ThreeRaises-Dealer, SmallBlind, BigBlind: 0.133850
FourRaises-CutOff, Dealer, SmallBlind, BigBlind: 0.069140


Show Downs Frequency: 25.408670
Two Players in Frequency: 22.737380
Three Players in Frequency: 2.602150
Four Players in Frequency: 0.069140
==============================================================================================================
============================******************************************************============================
==============================================================================================================
cutoff strategy: FourtyPercent
delear strategy: FivePercent
small blind strategy: TenPercent
big blind strategy: FiftyPercent
=====================================================================
========= Table: 10, #Hand: 10000000

| 4s | 9h | 9c | 4h | 8s | 

Player ID: 11, Position: CutOff, Holding Cards: | 9d | 7d | , Action: Fold, 
Best Hand: | 9c | 9d | 9h | 4s | 4h | = FullHouse of: 9, full of: 4, Money: 624976.966635

Player ID: 12, Position: Dealer, Holding Cards: | 8h | 7s | , Action: Fold, 
Best Hand: | 9c | 9h | 8s | 8h | 7s | = TwoPairs of: 9 and 8, Money: 407994.441665

Player ID: 13, Position: SmallBlind, Holding Cards: | 4c | Jh | , Action: Fold, 
Best Hand: | 9c | 9h | 4c | 4s | 4h | = FullHouse of: 9, full of: 4, Money: -386927.108291

Player ID: 14, Position: BigBlind, Holding Cards: | Qs | 10c | , Action: AllIn, 
Best Hand: | Qs | 9c | 9h | 4s | 4h | = TwoPairs of: 9 and 4, Money: -646044.300071

=====================================================================


HighCard: 17.419735
Pair: 43.817000
TwoPairs: 23.492802
Trips: 4.829962
Straight: 4.623455
Flush: 3.026545
FullHouse: 2.592300
Quads: 0.166685
StraightFlush: 0.031515

Empty-BigBlind: 50.120480
OneRaise-CutOff: 17.444660
OneRaise-Dealer: 1.567940
OneRaise-SmallBlind: 3.166330
TwoRaises-CutOff, Dealer: 1.006260
TwoRaises-CutOff, SmallBlind: 2.041200
TwoRaises-CutOff, BigBlind: 16.953990
TwoRaises-Dealer, SmallBlind: 0.176010
TwoRaises-Dealer, BigBlind: 1.496280
TwoRaises-SmallBlind, BigBlind: 3.043330
ThreeRaises-CutOff, Dealer, SmallBlind: 0.098010
ThreeRaises-CutOff, Dealer, BigBlind: 0.855580
ThreeRaises-CutOff, SmallBlind, BigBlind: 1.798900
ThreeRaises-Dealer, SmallBlind, BigBlind: 0.151910
FourRaises-CutOff, Dealer, SmallBlind, BigBlind: 0.079120


Show Downs Frequency: 27.700590
Two Players in Frequency: 24.717070
Three Players in Frequency: 2.904400
Four Players in Frequency: 0.079120
==============================================================================================================
============================******************************************************============================
==============================================================================================================
cutoff strategy: FourtyPercent
delear strategy: FivePercent
small blind strategy: FifteenPercent
big blind strategy: FivePercent
=====================================================================
========= Table: 10, #Hand: 10000000

| 2d | 8d | 4c | Qh | Kh | 

Player ID: 11, Position: CutOff, Holding Cards: | 4h | Qs | , Action: Fold, 
Best Hand: | Kh | Qs | Qh | 4c | 4h | = TwoPairs of: 12 and 4, Money: 680951.949959

Player ID: 12, Position: Dealer, Holding Cards: | 7h | 6d | , Action: Fold, 
Best Hand: | Kh | Qh | 8d | 7h | 6d | = HighCard of: 13, Money: 319953.775000

Player ID: 13, Position: SmallBlind, Holding Cards: | Ah | Kd | , Action: AllIn, 
Best Hand: | Ah | Kd | Kh | Qh | 8d | = Pair of: 13, Money: -414949.141616

Player ID: 14, Position: BigBlind, Holding Cards: | 9h | 6c | , Action: Fold, 
Best Hand: | Kh | Qh | 9h | 8d | 6c | = HighCard of: 13, Money: -585956.583387

=====================================================================


HighCard: 17.407583
Pair: 43.824013
TwoPairs: 23.497385
Trips: 4.832470
Straight: 4.613725
Flush: 3.025288
FullHouse: 2.599440
Quads: 0.168357
StraightFlush: 0.031740

Empty-BigBlind: 47.588150
OneRaise-CutOff: 31.087280
OneRaise-Dealer: 2.772000
OneRaise-SmallBlind: 8.314630
TwoRaises-CutOff, Dealer: 1.708100
TwoRaises-CutOff, SmallBlind: 5.182660
TwoRaises-CutOff, BigBlind: 1.699380
TwoRaises-Dealer, SmallBlind: 0.449020
TwoRaises-Dealer, BigBlind: 0.145790
TwoRaises-SmallBlind, BigBlind: 0.448610
ThreeRaises-CutOff, Dealer, SmallBlind: 0.248070
ThreeRaises-CutOff, Dealer, BigBlind: 0.080710
ThreeRaises-CutOff, SmallBlind, BigBlind: 0.244720
ThreeRaises-Dealer, SmallBlind, BigBlind: 0.020780
FourRaises-CutOff, Dealer, SmallBlind, BigBlind: 0.010100


Show Downs Frequency: 10.237940
Two Players in Frequency: 9.633560
Three Players in Frequency: 0.594280
Four Players in Frequency: 0.010100
==============================================================================================================
============================******************************************************============================
==============================================================================================================
cutoff strategy: FourtyPercent
delear strategy: FivePercent
small blind strategy: FifteenPercent
big blind strategy: TenPercent
=====================================================================
========= Table: 10, #Hand: 10000000

| 7c | Ah | Kh | 8h | 5d | 

Player ID: 11, Position: CutOff, Holding Cards: | 2s | 4s | , Action: Fold, 
Best Hand: | Ah | Kh | 8h | 7c | 5d | = HighCard of: 14, Money: 588233.266632

Player ID: 12, Position: Dealer, Holding Cards: | 8s | Ad | , Action: Fold, 
Best Hand: | Ad | Ah | Kh | 8s | 8h | = TwoPairs of: 14 and 8, Money: 326853.199999

Player ID: 13, Position: SmallBlind, Holding Cards: | 4h | 9d | , Action: Fold, 
Best Hand: | Ah | Kh | 9d | 8h | 7c | = HighCard of: 14, Money: -424985.583278

Player ID: 14, Position: BigBlind, Holding Cards: | 7h | 5h | , Action: AllIn, 
Best Hand: | Ah | Kh | 8h | 7h | 5h | = Flush of: 14 high, Money: -490100.883376

=====================================================================


HighCard: 17.414520
Pair: 43.824745
TwoPairs: 23.488535
Trips: 4.831990
Straight: 4.616455
Flush: 3.032315
FullHouse: 2.591485
Quads: 0.168997
StraightFlush: 0.030957

Empty-BigBlind: 47.562210
OneRaise-CutOff: 29.459900
OneRaise-Dealer: 2.636660
OneRaise-SmallBlind: 7.905600
TwoRaises-CutOff, Dealer: 1.624540
TwoRaises-CutOff, SmallBlind: 4.939450
TwoRaises-CutOff, BigBlind: 3.341690
TwoRaises-Dealer, SmallBlind: 0.424250
TwoRaises-Dealer, BigBlind: 0.288240
TwoRaises-SmallBlind, BigBlind: 0.873890
ThreeRaises-CutOff, Dealer, SmallBlind: 0.236370
ThreeRaises-CutOff, Dealer, BigBlind: 0.157360
ThreeRaises-CutOff, SmallBlind, BigBlind: 0.489340
ThreeRaises-Dealer, SmallBlind, BigBlind: 0.040700
FourRaises-CutOff, Dealer, SmallBlind, BigBlind: 0.019800


Show Downs Frequency: 12.435630
Two Players in Frequency: 11.492060
Three Players in Frequency: 0.923770
Four Players in Frequency: 0.019800
==============================================================================================================
============================******************************************************============================
==============================================================================================================
cutoff strategy: FourtyPercent
delear strategy: FivePercent
small blind strategy: FifteenPercent
big blind strategy: FifteenPercent
=====================================================================
========= Table: 10, #Hand: 10000000

| 7c | Qh | 10d | Jh | 5c | 

Player ID: 11, Position: CutOff, Holding Cards: | 8s | Ac | , Action: AllIn, 
Best Hand: | Ac | Qh | Jh | 10d | 8s | = HighCard of: 14, Money: 528911.091637

Player ID: 12, Position: Dealer, Holding Cards: | 3d | Ks | , Action: Fold, 
Best Hand: | Ks | Qh | Jh | 10d | 7c | = HighCard of: 13, Money: 332869.191666

Player ID: 13, Position: SmallBlind, Holding Cards: | Qc | 2h | , Action: Fold, 
Best Hand: | Qc | Qh | Jh | 10d | 7c | = Pair of: 12, Money: -415296.983283

Player ID: 14, Position: BigBlind, Holding Cards: | 7h | 6h | , Action: Fold, 
Best Hand: | Qh | Jh | 10d | 7c | 7h | = Pair of: 7, Money: -446483.300037

=====================================================================


HighCard: 17.413515
Pair: 43.825277
TwoPairs: 23.487278
Trips: 4.827645
Straight: 4.622190
Flush: 3.028655
FullHouse: 2.596143
Quads: 0.168203
StraightFlush: 0.031095

Empty-BigBlind: 47.596110
OneRaise-CutOff: 28.043690
OneRaise-Dealer: 2.494490
OneRaise-SmallBlind: 7.523910
TwoRaises-CutOff, Dealer: 1.549240
TwoRaises-CutOff, SmallBlind: 4.738470
TwoRaises-CutOff, BigBlind: 4.741830
TwoRaises-Dealer, SmallBlind: 0.407760
TwoRaises-Dealer, BigBlind: 0.414470
TwoRaises-SmallBlind, BigBlind: 1.239620
ThreeRaises-CutOff, Dealer, SmallBlind: 0.231290
ThreeRaises-CutOff, Dealer, BigBlind: 0.228860
ThreeRaises-CutOff, SmallBlind, BigBlind: 0.700700
ThreeRaises-Dealer, SmallBlind, BigBlind: 0.058940
FourRaises-CutOff, Dealer, SmallBlind, BigBlind: 0.030620


Show Downs Frequency: 14.341800
Two Players in Frequency: 13.091390
Three Players in Frequency: 1.219790
Four Players in Frequency: 0.030620
==============================================================================================================
============================******************************************************============================
==============================================================================================================
cutoff strategy: FourtyPercent
delear strategy: FivePercent
small blind strategy: FifteenPercent
big blind strategy: TwentyPercent
=====================================================================
========= Table: 10, #Hand: 10000000

| 7s | 6d | Kc | Qh | 9d | 

Player ID: 11, Position: CutOff, Holding Cards: | 9s | Ks | , Action: AllIn, 
Best Hand: | Kc | Ks | Qh | 9s | 9d | = TwoPairs of: 13 and 9, Money: 486526.908308

Player ID: 12, Position: Dealer, Holding Cards: | 4d | 5h | , Action: Fold, 
Best Hand: | Kc | Qh | 9d | 7s | 6d | = HighCard of: 13, Money: 343842.749999

Player ID: 13, Position: SmallBlind, Holding Cards: | Jd | 10s | , Action: Fold, 
Best Hand: | Kc | Qh | Jd | 10s | 9d | = Straight of: 13 high, Money: -402049.241620

Player ID: 14, Position: BigBlind, Holding Cards: | 7h | Jh | , Action: Fold, 
Best Hand: | Kc | Qh | Jh | 7s | 7h | = Pair of: 7, Money: -428320.416701

=====================================================================


HighCard: 17.411313
Pair: 43.840650
TwoPairs: 23.488833
Trips: 4.824298
Straight: 4.618873
Flush: 3.020668
FullHouse: 2.595763
Quads: 0.168640
StraightFlush: 0.030965

Empty-BigBlind: 47.560860
OneRaise-CutOff: 26.439640
OneRaise-Dealer: 2.376880
OneRaise-SmallBlind: 7.122370
TwoRaises-CutOff, Dealer: 1.477180
TwoRaises-CutOff, SmallBlind: 4.486640
TwoRaises-CutOff, BigBlind: 6.344150
TwoRaises-Dealer, SmallBlind: 0.389730
TwoRaises-Dealer, BigBlind: 0.544450
TwoRaises-SmallBlind, BigBlind: 1.663250
ThreeRaises-CutOff, Dealer, SmallBlind: 0.217040
ThreeRaises-CutOff, Dealer, BigBlind: 0.306410
ThreeRaises-CutOff, SmallBlind, BigBlind: 0.952280
ThreeRaises-Dealer, SmallBlind, BigBlind: 0.078950
FourRaises-CutOff, Dealer, SmallBlind, BigBlind: 0.040170


Show Downs Frequency: 16.500250
Two Players in Frequency: 14.905400
Three Players in Frequency: 1.554680
Four Players in Frequency: 0.040170
==============================================================================================================
============================******************************************************============================
==============================================================================================================
cutoff strategy: FourtyPercent
delear strategy: FivePercent
small blind strategy: FifteenPercent
big blind strategy: TwentyfivePercent
=====================================================================
========= Table: 10, #Hand: 10000000

| 8h | Jd | 10c | Ad | 7h | 

Player ID: 11, Position: CutOff, Holding Cards: | 2c | 8d | , Action: Fold, 
Best Hand: | Ad | Jd | 10c | 8d | 8h | = Pair of: 8, Money: 458684.408311

Player ID: 12, Position: Dealer, Holding Cards: | 6h | Ac | , Action: Fold, 
Best Hand: | Ac | Ad | Jd | 10c | 8h | = Pair of: 14, Money: 353109.799999

Player ID: 13, Position: SmallBlind, Holding Cards: | Qs | 10s | , Action: Fold, 
Best Hand: | Ad | Qs | Jd | 10c | 10s | = Pair of: 10, Money: -382298.741629

Player ID: 14, Position: BigBlind, Holding Cards: | Jh | Js | , Action: AllIn, 
Best Hand: | Ad | Js | Jd | Jh | 10c | = Trips of: 11, Money: -429495.466701

=====================================================================


HighCard: 17.410052
Pair: 43.814135
TwoPairs: 23.511115
Trips: 4.830737
Straight: 4.619008
Flush: 3.022187
FullHouse: 2.594400
Quads: 0.166992
StraightFlush: 0.031372

Empty-BigBlind: 47.583310
OneRaise-CutOff: 24.761190
OneRaise-Dealer: 2.225010
OneRaise-SmallBlind: 6.649500
TwoRaises-CutOff, Dealer: 1.391110
TwoRaises-CutOff, SmallBlind: 4.231670
TwoRaises-CutOff, BigBlind: 8.032340
TwoRaises-Dealer, SmallBlind: 0.362450
TwoRaises-Dealer, BigBlind: 0.693460
TwoRaises-SmallBlind, BigBlind: 2.109460
ThreeRaises-CutOff, Dealer, SmallBlind: 0.202170
ThreeRaises-CutOff, Dealer, BigBlind: 0.393500
ThreeRaises-CutOff, SmallBlind, BigBlind: 1.214870
ThreeRaises-Dealer, SmallBlind, BigBlind: 0.099060
FourRaises-CutOff, Dealer, SmallBlind, BigBlind: 0.050900


Show Downs Frequency: 18.780990
Two Players in Frequency: 16.820490
Three Players in Frequency: 1.909600
Four Players in Frequency: 0.050900
==============================================================================================================
============================******************************************************============================
==============================================================================================================
cutoff strategy: FourtyPercent
delear strategy: FivePercent
small blind strategy: FifteenPercent
big blind strategy: ThirtyPercent
=====================================================================
========= Table: 10, #Hand: 10000000

| Jc | 2d | 9h | 3h | 5d | 

Player ID: 11, Position: CutOff, Holding Cards: | As | 9d | , Action: AllIn, 
Best Hand: | As | Jc | 9d | 9h | 5d | = Pair of: 9, Money: 446516.099980

Player ID: 12, Position: Dealer, Holding Cards: | 10d | 9s | , Action: Fold, 
Best Hand: | Jc | 10d | 9s | 9h | 5d | = Pair of: 9, Money: 366070.341665

Player ID: 13, Position: SmallBlind, Holding Cards: | 7d | 6h | , Action: Fold, 
Best Hand: | Jc | 9h | 7d | 6h | 5d | = HighCard of: 11, Money: -367568.158302

Player ID: 14, Position: BigBlind, Holding Cards: | 5s | 7h | , Action: Fold, 
Best Hand: | Jc | 9h | 7h | 5s | 5d | = Pair of: 5, Money: -445018.283371

=====================================================================


HighCard: 17.419515
Pair: 43.814168
TwoPairs: 23.503563
Trips: 4.827002
Straight: 4.614065
Flush: 3.025620
FullHouse: 2.595920
Quads: 0.169093
StraightFlush: 0.031055

Empty-BigBlind: 47.564380
OneRaise-CutOff: 23.181100
OneRaise-Dealer: 2.079400
OneRaise-SmallBlind: 6.233120
TwoRaises-CutOff, Dealer: 1.306650
TwoRaises-CutOff, SmallBlind: 3.972510
TwoRaises-CutOff, BigBlind: 9.617200
TwoRaises-Dealer, SmallBlind: 0.345480
TwoRaises-Dealer, BigBlind: 0.835830
TwoRaises-SmallBlind, BigBlind: 2.536480
ThreeRaises-CutOff, Dealer, SmallBlind: 0.193820
ThreeRaises-CutOff, Dealer, BigBlind: 0.477160
ThreeRaises-CutOff, SmallBlind, BigBlind: 1.470020
ThreeRaises-Dealer, SmallBlind, BigBlind: 0.122860
FourRaises-CutOff, Dealer, SmallBlind, BigBlind: 0.063990


Show Downs Frequency: 20.942000
Two Players in Frequency: 18.614150
Three Players in Frequency: 2.263860
Four Players in Frequency: 0.063990
==============================================================================================================
============================******************************************************============================
==============================================================================================================
cutoff strategy: FourtyPercent
delear strategy: FivePercent
small blind strategy: FifteenPercent
big blind strategy: ThirtyfivePercent
=====================================================================
========= Table: 10, #Hand: 10000000

| 2c | Js | 4s | 9d | 4c | 

Player ID: 11, Position: CutOff, Holding Cards: | 5d | 6d | , Action: Fold, 
Best Hand: | Js | 9d | 6d | 4c | 4s | = Pair of: 4, Money: 468523.899978

Player ID: 12, Position: Dealer, Holding Cards: | 7c | Ad | , Action: Fold, 
Best Hand: | Ad | Js | 9d | 4c | 4s | = Pair of: 4, Money: 376360.958332

Player ID: 13, Position: SmallBlind, Holding Cards: | 9h | Jc | , Action: Fold, 
Best Hand: | Jc | Js | 9d | 9h | 4s | = TwoPairs of: 11 and 9, Money: -340516.908315

Player ID: 14, Position: BigBlind, Holding Cards: | Ac | 3c | , Action: AllIn, 
Best Hand: | Ac | Js | 9d | 4c | 4s | = Pair of: 4, Money: -504367.950048

=====================================================================


HighCard: 17.406562
Pair: 43.820680
TwoPairs: 23.499155
Trips: 4.831995
Straight: 4.618440
Flush: 3.029482
FullHouse: 2.595340
Quads: 0.167398
StraightFlush: 0.030947

Empty-BigBlind: 47.573470
OneRaise-CutOff: 21.428240
OneRaise-Dealer: 1.929370
OneRaise-SmallBlind: 5.758830
TwoRaises-CutOff, Dealer: 1.213750
TwoRaises-CutOff, SmallBlind: 3.690500
TwoRaises-CutOff, BigBlind: 11.360530
TwoRaises-Dealer, SmallBlind: 0.318680
TwoRaises-Dealer, BigBlind: 0.995300
TwoRaises-SmallBlind, BigBlind: 3.014470
ThreeRaises-CutOff, Dealer, SmallBlind: 0.182450
ThreeRaises-CutOff, Dealer, BigBlind: 0.566860
ThreeRaises-CutOff, SmallBlind, BigBlind: 1.744230
ThreeRaises-Dealer, SmallBlind, BigBlind: 0.146230
FourRaises-CutOff, Dealer, SmallBlind, BigBlind: 0.077090


Show Downs Frequency: 23.310090
Two Players in Frequency: 20.593230
Three Players in Frequency: 2.639770
Four Players in Frequency: 0.077090
==============================================================================================================
============================******************************************************============================
==============================================================================================================
cutoff strategy: FourtyPercent
delear strategy: FivePercent
small blind strategy: FifteenPercent
big blind strategy: FourtyPercent
=====================================================================
========= Table: 10, #Hand: 10000000

| 8h | Qd | 4h | 3s | Ad | 

Player ID: 11, Position: CutOff, Holding Cards: | Jd | 3d | , Action: Fold, 
Best Hand: | Ad | Qd | Jd | 3s | 3d | = Pair of: 3, Money: 494950.158309

Player ID: 12, Position: Dealer, Holding Cards: | 7d | 10c | , Action: Fold, 
Best Hand: | Ad | Qd | 10c | 8h | 7d | = HighCard of: 14, Money: 388292.674998

Player ID: 13, Position: SmallBlind, Holding Cards: | 10d | As | , Action: AllIn, 
Best Hand: | As | Ad | Qd | 10d | 8h | = Pair of: 14, Money: -318162.533328

Player ID: 14, Position: BigBlind, Holding Cards: | 7c | 9h | , Action: Fold, 
Best Hand: | Ad | Qd | 9h | 8h | 7c | = HighCard of: 14, Money: -565080.300058

=====================================================================


HighCard: 17.427367
Pair: 43.828057
TwoPairs: 23.482428
Trips: 4.827187
Straight: 4.614962
Flush: 3.027525
FullHouse: 2.594005
Quads: 0.167357
StraightFlush: 0.031110

Empty-BigBlind: 47.583420
OneRaise-CutOff: 19.841850
OneRaise-Dealer: 1.790050
OneRaise-SmallBlind: 5.339330
TwoRaises-CutOff, Dealer: 1.133340
TwoRaises-CutOff, SmallBlind: 3.428470
TwoRaises-CutOff, BigBlind: 12.941150
TwoRaises-Dealer, SmallBlind: 0.300700
TwoRaises-Dealer, BigBlind: 1.135370
TwoRaises-SmallBlind, BigBlind: 3.427270
ThreeRaises-CutOff, Dealer, SmallBlind: 0.170040
ThreeRaises-CutOff, Dealer, BigBlind: 0.647290
ThreeRaises-CutOff, SmallBlind, BigBlind: 2.004370
ThreeRaises-Dealer, SmallBlind, BigBlind: 0.170040
FourRaises-CutOff, Dealer, SmallBlind, BigBlind: 0.087310


Show Downs Frequency: 25.445350
Two Players in Frequency: 22.366300
Three Players in Frequency: 2.991740
Four Players in Frequency: 0.087310
==============================================================================================================
============================******************************************************============================
==============================================================================================================
cutoff strategy: FourtyPercent
delear strategy: FivePercent
small blind strategy: FifteenPercent
big blind strategy: FourtyfivePercent
=====================================================================
========= Table: 10, #Hand: 10000000

| 9c | Jh | 5c | Kd | 8s | 

Player ID: 11, Position: CutOff, Holding Cards: | 6s | 9d | , Action: Fold, 
Best Hand: | Kd | Jh | 9c | 9d | 8s | = Pair of: 9, Money: 531144.816641

Player ID: 12, Position: Dealer, Holding Cards: | 3c | Qc | , Action: Fold, 
Best Hand: | Kd | Qc | Jh | 9c | 8s | = HighCard of: 13, Money: 399721.333331

Player ID: 13, Position: SmallBlind, Holding Cards: | 3s | 4d | , Action: Fold, 
Best Hand: | Kd | Jh | 9c | 8s | 5c | = HighCard of: 13, Money: -292424.883345

Player ID: 14, Position: BigBlind, Holding Cards: | Qs | Ks | , Action: AllIn, 
Best Hand: | Ks | Kd | Qs | Jh | 9c | = Pair of: 13, Money: -638441.266732

=====================================================================


HighCard: 17.410270
Pair: 43.822727
TwoPairs: 23.502960
Trips: 4.830955
Straight: 4.617025
Flush: 3.021780
FullHouse: 2.596330
Quads: 0.166577
StraightFlush: 0.031375

Empty-BigBlind: 47.554020
OneRaise-CutOff: 18.278200
OneRaise-Dealer: 1.655640
OneRaise-SmallBlind: 4.904600
TwoRaises-CutOff, Dealer: 1.045310
TwoRaises-CutOff, SmallBlind: 3.166570
TwoRaises-CutOff, BigBlind: 14.523350
TwoRaises-Dealer, SmallBlind: 0.279450
TwoRaises-Dealer, BigBlind: 1.268390
TwoRaises-SmallBlind, BigBlind: 3.861980
ThreeRaises-CutOff, Dealer, SmallBlind: 0.161870
ThreeRaises-CutOff, Dealer, BigBlind: 0.734870
ThreeRaises-CutOff, SmallBlind, BigBlind: 2.274330
ThreeRaises-Dealer, SmallBlind, BigBlind: 0.191740
FourRaises-CutOff, Dealer, SmallBlind, BigBlind: 0.099680


Show Downs Frequency: 27.607540
Two Players in Frequency: 24.145050
Three Players in Frequency: 3.362810
Four Players in Frequency: 0.099680
==============================================================================================================
============================******************************************************============================
==============================================================================================================
cutoff strategy: FourtyPercent
delear strategy: FivePercent
small blind strategy: FifteenPercent
big blind strategy: FiftyPercent
=====================================================================
========= Table: 10, #Hand: 10000000

| 9h | 7s | Qd | Qh | 2s | 

Player ID: 11, Position: CutOff, Holding Cards: | 3s | 2c | , Action: Fold, 
Best Hand: | Qd | Qh | 9h | 2c | 2s | = TwoPairs of: 12 and 2, Money: 587141.558305

Player ID: 12, Position: Dealer, Holding Cards: | 3d | Js | , Action: Fold, 
Best Hand: | Qd | Qh | Js | 9h | 7s | = Pair of: 12, Money: 413979.383331

Player ID: 13, Position: SmallBlind, Holding Cards: | 7d | 4d | , Action: Fold, 
Best Hand: | Qd | Qh | 9h | 7s | 7d | = TwoPairs of: 12 and 7, Money: -267419.291697

Player ID: 14, Position: BigBlind, Holding Cards: | 5c | 10h | , Action: AllIn, 
Best Hand: | Qd | Qh | 10h | 9h | 7s | = Pair of: 12, Money: -733701.650074

=====================================================================


HighCard: 17.408980
Pair: 43.833805
TwoPairs: 23.489960
Trips: 4.825640
Straight: 4.622470
Flush: 3.025272
FullHouse: 2.595982
Quads: 0.167018
StraightFlush: 0.030873

Empty-BigBlind: 47.589000
OneRaise-CutOff: 16.597060
OneRaise-Dealer: 1.496100
OneRaise-SmallBlind: 4.456660
TwoRaises-CutOff, Dealer: 0.951620
TwoRaises-CutOff, SmallBlind: 2.887330
TwoRaises-CutOff, BigBlind: 16.189740
TwoRaises-Dealer, SmallBlind: 0.251180
TwoRaises-Dealer, BigBlind: 1.424000
TwoRaises-SmallBlind, BigBlind: 4.311040
ThreeRaises-CutOff, Dealer, SmallBlind: 0.143400
ThreeRaises-CutOff, Dealer, BigBlind: 0.827080
ThreeRaises-CutOff, SmallBlind, BigBlind: 2.546850
ThreeRaises-Dealer, SmallBlind, BigBlind: 0.216330
FourRaises-CutOff, Dealer, SmallBlind, BigBlind: 0.112610


Show Downs Frequency: 29.861180
Two Players in Frequency: 26.014910
Three Players in Frequency: 3.733660
Four Players in Frequency: 0.112610
==============================================================================================================
============================******************************************************============================
==============================================================================================================
cutoff strategy: FourtyPercent
delear strategy: FivePercent
small blind strategy: TwentyPercent
big blind strategy: FivePercent
=====================================================================
========= Table: 10, #Hand: 10000000

| 5c | Jc | 7h | Kc | 8h | 

Player ID: 11, Position: CutOff, Holding Cards: | Jd | 4c | , Action: Fold, 
Best Hand: | Kc | Jc | Jd | 8h | 7h | = Pair of: 11, Money: 640509.874963

Player ID: 12, Position: Dealer, Holding Cards: | 6s | Ah | , Action: Fold, 
Best Hand: | Ah | Kc | Jc | 8h | 7h | = HighCard of: 14, Money: 329415.058333

Player ID: 13, Position: SmallBlind, Holding Cards: | 10h | 8s | , Action: Fold, 
Best Hand: | Kc | Jc | 10h | 8s | 8h | = Pair of: 8, Money: -303680.133335

Player ID: 14, Position: BigBlind, Holding Cards: | 3d | 4d | , Action: AllIn, 
Best Hand: | Kc | Jc | 8h | 7h | 5c | = HighCard of: 13, Money: -666244.800058

=====================================================================


HighCard: 17.417768
Pair: 43.814727
TwoPairs: 23.494250
Trips: 4.827890
Straight: 4.624965
Flush: 3.027585
FullHouse: 2.592610
Quads: 0.168717
StraightFlush: 0.031488

Empty-BigBlind: 44.711820
OneRaise-CutOff: 29.328600
OneRaise-Dealer: 2.622010
OneRaise-SmallBlind: 11.034560
TwoRaises-CutOff, Dealer: 1.618100
TwoRaises-CutOff, SmallBlind: 6.952880
TwoRaises-CutOff, BigBlind: 1.610950
TwoRaises-Dealer, SmallBlind: 0.599570
TwoRaises-Dealer, BigBlind: 0.136970
TwoRaises-SmallBlind, BigBlind: 0.597850
ThreeRaises-CutOff, Dealer, SmallBlind: 0.334120
ThreeRaises-CutOff, Dealer, BigBlind: 0.075580
ThreeRaises-CutOff, SmallBlind, BigBlind: 0.335340
ThreeRaises-Dealer, SmallBlind, BigBlind: 0.027350
FourRaises-CutOff, Dealer, SmallBlind, BigBlind: 0.014300


Show Downs Frequency: 12.303010
Two Players in Frequency: 11.516320
Three Players in Frequency: 0.772390
Four Players in Frequency: 0.014300
==============================================================================================================
============================******************************************************============================
==============================================================================================================
cutoff strategy: FourtyPercent
delear strategy: FivePercent
small blind strategy: TwentyPercent
big blind strategy: TenPercent
=====================================================================
========= Table: 10, #Hand: 10000000

| 5c | 5d | As | 3h | Qs | 

Player ID: 11, Position: CutOff, Holding Cards: | 4c | Ah | , Action: AllIn, 
Best Hand: | As | Ah | Qs | 5c | 5d | = TwoPairs of: 14 and 5, Money: 551468.049970

Player ID: 12, Position: Dealer, Holding Cards: | 10s | Kc | , Action: Fold, 
Best Hand: | As | Kc | Qs | 5c | 5d | = Pair of: 5, Money: 338840.391666

Player ID: 13, Position: SmallBlind, Holding Cards: | Js | Ac | , Action: AllIn, 
Best Hand: | Ac | As | Qs | 5c | 5d | = TwoPairs of: 14 and 5, Money: -331997.224987

Player ID: 14, Position: BigBlind, Holding Cards: | 8d | 3c | , Action: Fold, 
Best Hand: | As | 5c | 5d | 3c | 3h | = TwoPairs of: 5 and 3, Money: -558311.216716

=====================================================================


HighCard: 17.406727
Pair: 43.830660
TwoPairs: 23.491520
Trips: 4.828502
Straight: 4.612080
Flush: 3.030690
FullHouse: 2.599372
Quads: 0.168593
StraightFlush: 0.031855

Empty-BigBlind: 44.678350
OneRaise-CutOff: 27.781530
OneRaise-Dealer: 2.491710
OneRaise-SmallBlind: 10.480800
TwoRaises-CutOff, Dealer: 1.540160
TwoRaises-CutOff, SmallBlind: 6.625170
TwoRaises-CutOff, BigBlind: 3.173720
TwoRaises-Dealer, SmallBlind: 0.573960
TwoRaises-Dealer, BigBlind: 0.269370
TwoRaises-SmallBlind, BigBlind: 1.168130
ThreeRaises-CutOff, Dealer, SmallBlind: 0.319430
ThreeRaises-CutOff, Dealer, BigBlind: 0.150720
ThreeRaises-CutOff, SmallBlind, BigBlind: 0.663100
ThreeRaises-Dealer, SmallBlind, BigBlind: 0.056010
FourRaises-CutOff, Dealer, SmallBlind, BigBlind: 0.027840


Show Downs Frequency: 14.567610
Two Players in Frequency: 13.350510
Three Players in Frequency: 1.189260
Four Players in Frequency: 0.027840
==============================================================================================================
============================******************************************************============================
==============================================================================================================
cutoff strategy: FourtyPercent
delear strategy: FivePercent
small blind strategy: TwentyPercent
big blind strategy: FifteenPercent
=====================================================================
========= Table: 10, #Hand: 10000000

| 5d | 8h | 7d | 7h | 10d | 

Player ID: 11, Position: CutOff, Holding Cards: | As | 9c | , Action: AllIn, 
Best Hand: | As | 10d | 9c | 7d | 7h | = Pair of: 7, Money: 499302.341641

Player ID: 12, Position: Dealer, Holding Cards: | 10c | 4s | , Action: Fold, 
Best Hand: | 10c | 10d | 8h | 7d | 7h | = TwoPairs of: 10 and 7, Money: 347248.274999

Player ID: 13, Position: SmallBlind, Holding Cards: | Ah | 4c | , Action: Fold, 
Best Hand: | Ah | 10d | 8h | 7d | 7h | = Pair of: 7, Money: -339019.499984

Player ID: 14, Position: BigBlind, Holding Cards: | 3h | Qs | , Action: Fold, 
Best Hand: | Qs | 10d | 8h | 7d | 7h | = Pair of: 7, Money: -507531.116710

=====================================================================


HighCard: 17.404545
Pair: 43.820280
TwoPairs: 23.495470
Trips: 4.832165
Straight: 4.622465
Flush: 3.026102
FullHouse: 2.597765
Quads: 0.169900
StraightFlush: 0.031308

Empty-BigBlind: 44.700130
OneRaise-CutOff: 26.451740
OneRaise-Dealer: 2.373740
OneRaise-SmallBlind: 9.970210
TwoRaises-CutOff, Dealer: 1.486790
TwoRaises-CutOff, SmallBlind: 6.321530
TwoRaises-CutOff, BigBlind: 4.483530
TwoRaises-Dealer, SmallBlind: 0.549540
TwoRaises-Dealer, BigBlind: 0.389020
TwoRaises-SmallBlind, BigBlind: 1.673680
ThreeRaises-CutOff, Dealer, SmallBlind: 0.308670
ThreeRaises-CutOff, Dealer, BigBlind: 0.219100
ThreeRaises-CutOff, SmallBlind, BigBlind: 0.952110
ThreeRaises-Dealer, SmallBlind, BigBlind: 0.080050
FourRaises-CutOff, Dealer, SmallBlind, BigBlind: 0.040160


Show Downs Frequency: 16.504180
Two Players in Frequency: 14.904090
Three Players in Frequency: 1.559930
Four Players in Frequency: 0.040160
==============================================================================================================
============================******************************************************============================
==============================================================================================================
cutoff strategy: FourtyPercent
delear strategy: FivePercent
small blind strategy: TwentyPercent
big blind strategy: TwentyPercent
=====================================================================
========= Table: 10, #Hand: 10000000

| 9d | 6d | 5d | 4d | 3h | 

Player ID: 11, Position: CutOff, Holding Cards: | Ac | 2c | , Action: AllIn, 
Best Hand: | 6d | 5d | 4d | 3h | 2c | = Straight of: 6 high, Money: 460795.483312

Player ID: 12, Position: Dealer, Holding Cards: | 8d | 5s | , Action: Fold, 
Best Hand: | 9d | 8d | 6d | 5d | 4d | = Flush of: 9 high, Money: 354613.149999

Player ID: 13, Position: SmallBlind, Holding Cards: | Jd | 6c | , Action: Fold, 
Best Hand: | Jd | 9d | 6d | 5d | 4d | = Flush of: 11 high, Money: -325247.699992

Player ID: 14, Position: BigBlind, Holding Cards: | 9s | 9h | , Action: AllIn, 
Best Hand: | 9s | 9d | 9h | 6d | 5d | = Trips of: 9, Money: -490160.933375

=====================================================================


HighCard: 17.422740
Pair: 43.823310
TwoPairs: 23.490028
Trips: 4.824375
Straight: 4.617527
Flush: 3.026110
FullHouse: 2.596990
Quads: 0.168115
StraightFlush: 0.030805

Empty-BigBlind: 44.699880
OneRaise-CutOff: 24.918590
OneRaise-Dealer: 2.240620
OneRaise-SmallBlind: 9.429050
TwoRaises-CutOff, Dealer: 1.398720
TwoRaises-CutOff, SmallBlind: 6.015220
TwoRaises-CutOff, BigBlind: 6.008950
TwoRaises-Dealer, SmallBlind: 0.521720
TwoRaises-Dealer, BigBlind: 0.516130
TwoRaises-SmallBlind, BigBlind: 2.219230
ThreeRaises-CutOff, Dealer, SmallBlind: 0.293330
ThreeRaises-CutOff, Dealer, BigBlind: 0.294080
ThreeRaises-CutOff, SmallBlind, BigBlind: 1.279830
ThreeRaises-Dealer, SmallBlind, BigBlind: 0.108960
FourRaises-CutOff, Dealer, SmallBlind, BigBlind: 0.055690


Show Downs Frequency: 18.711860
Two Players in Frequency: 16.679970
Three Players in Frequency: 1.976200
Four Players in Frequency: 0.055690
==============================================================================================================
============================******************************************************============================
==============================================================================================================
cutoff strategy: FourtyPercent
delear strategy: FivePercent
small blind strategy: TwentyPercent
big blind strategy: TwentyfivePercent
=====================================================================
========= Table: 10, #Hand: 10000000

| Ad | 5c | Jh | 8s | 6c | 

Player ID: 11, Position: CutOff, Holding Cards: | 9c | Ks | , Action: AllIn, 
Best Hand: | Ad | Ks | Jh | 9c | 8s | = HighCard of: 14, Money: 433289.708314

Player ID: 12, Position: Dealer, Holding Cards: | Jc | 4h | , Action: Fold, 
Best Hand: | Ad | Jc | Jh | 8s | 6c | = Pair of: 11, Money: 366502.333332

Player ID: 13, Position: SmallBlind, Holding Cards: | Js | 8d | , Action: Fold, 
Best Hand: | Ad | Js | Jh | 8s | 8d | = TwoPairs of: 11 and 8, Money: -306873.241667

Player ID: 14, Position: BigBlind, Holding Cards: | 5d | 4d | , Action: Fold, 
Best Hand: | Ad | Jh | 8s | 5c | 5d | = Pair of: 5, Money: -492918.800043

=====================================================================


HighCard: 17.414100
Pair: 43.816355
TwoPairs: 23.505785
Trips: 4.827612
Straight: 4.623265
Flush: 3.022042
FullHouse: 2.591900
Quads: 0.167760
StraightFlush: 0.031180

Empty-BigBlind: 44.670310
OneRaise-CutOff: 23.346940
OneRaise-Dealer: 2.094690
OneRaise-SmallBlind: 8.828020
TwoRaises-CutOff, Dealer: 1.317250
TwoRaises-CutOff, SmallBlind: 5.655120
TwoRaises-CutOff, BigBlind: 7.615710
TwoRaises-Dealer, SmallBlind: 0.486560
TwoRaises-Dealer, BigBlind: 0.661790
TwoRaises-SmallBlind, BigBlind: 2.832830
ThreeRaises-CutOff, Dealer, SmallBlind: 0.275660
ThreeRaises-CutOff, Dealer, BigBlind: 0.374080
ThreeRaises-CutOff, SmallBlind, BigBlind: 1.635410
ThreeRaises-Dealer, SmallBlind, BigBlind: 0.134630
FourRaises-CutOff, Dealer, SmallBlind, BigBlind: 0.071000


Show Downs Frequency: 21.060040
Two Players in Frequency: 18.569260
Three Players in Frequency: 2.419780
Four Players in Frequency: 0.071000
==============================================================================================================
============================******************************************************============================
==============================================================================================================
cutoff strategy: FourtyPercent
delear strategy: FivePercent
small blind strategy: TwentyPercent
big blind strategy: ThirtyPercent
=====================================================================
========= Table: 10, #Hand: 10000000

| Ah | 9d | 7c | As | 10d | 

Player ID: 11, Position: CutOff, Holding Cards: | Ks | Jd | , Action: AllIn, 
Best Hand: | As | Ah | Ks | Jd | 10d | = Pair of: 14, Money: 426505.274983

Player ID: 12, Position: Dealer, Holding Cards: | 7s | Jc | , Action: Fold, 
Best Hand: | As | Ah | Jc | 7c | 7s | = TwoPairs of: 14 and 7, Money: 375340.849998

Player ID: 13, Position: SmallBlind, Holding Cards: | 6d | 8d | , Action: Fold, 
Best Hand: | 10d | 9d | 8d | 7c | 6d | = Straight of: 10 high, Money: -288961.508345

Player ID: 14, Position: BigBlind, Holding Cards: | Qc | 3d | , Action: Fold, 
Best Hand: | As | Ah | Qc | 10d | 9d | = Pair of: 14, Money: -512884.616713

=====================================================================


HighCard: 17.405150
Pair: 43.833125
TwoPairs: 23.494890
Trips: 4.827558
Straight: 4.623473
Flush: 3.023225
FullHouse: 2.593668
Quads: 0.168135
StraightFlush: 0.030777

Empty-BigBlind: 44.704160
OneRaise-CutOff: 21.827610
OneRaise-Dealer: 1.972220
OneRaise-SmallBlind: 8.269120
TwoRaises-CutOff, Dealer: 1.235830
TwoRaises-CutOff, SmallBlind: 5.308820
TwoRaises-CutOff, BigBlind: 9.109270
TwoRaises-Dealer, SmallBlind: 0.461610
TwoRaises-Dealer, BigBlind: 0.792030
TwoRaises-SmallBlind, BigBlind: 3.375380
ThreeRaises-CutOff, Dealer, SmallBlind: 0.260910
ThreeRaises-CutOff, Dealer, BigBlind: 0.453910
ThreeRaises-CutOff, SmallBlind, BigBlind: 1.976540
ThreeRaises-Dealer, SmallBlind, BigBlind: 0.166160
FourRaises-CutOff, Dealer, SmallBlind, BigBlind: 0.086430


Show Downs Frequency: 23.226890
Two Players in Frequency: 20.282940
Three Players in Frequency: 2.857520
Four Players in Frequency: 0.086430
==============================================================================================================
============================******************************************************============================
==============================================================================================================
cutoff strategy: FourtyPercent
delear strategy: FivePercent
small blind strategy: TwentyPercent
big blind strategy: ThirtyfivePercent
=====================================================================
========= Table: 10, #Hand: 10000000

| 10s | 2h | Kd | 6s | 4s | 

Player ID: 11, Position: CutOff, Holding Cards: | Kh | 2s | , Action: Fold, 
Best Hand: | Kd | Kh | 10s | 2s | 2h | = TwoPairs of: 13 and 2, Money: 443522.508314

Player ID: 12, Position: Dealer, Holding Cards: | Js | Qs | , Action: Fold, 
Best Hand: | Qs | Js | 10s | 6s | 4s | = Flush of: 12 high, Money: 387980.741665

Player ID: 13, Position: SmallBlind, Holding Cards: | Ks | Qd | , Action: AllIn, 
Best Hand: | Ks | Kd | Qd | 10s | 6s | = Pair of: 13, Money: -265338.183364

Player ID: 14, Position: BigBlind, Holding Cards: | Jh | 9h | , Action: AllIn, 
Best Hand: | Kd | Jh | 10s | 9h | 6s | = HighCard of: 13, Money: -566165.066721

=====================================================================


HighCard: 17.413802
Pair: 43.822542
TwoPairs: 23.496222
Trips: 4.827447
Straight: 4.624517
Flush: 3.023172
FullHouse: 2.592922
Quads: 0.168370
StraightFlush: 0.031002

Empty-BigBlind: 44.665540
OneRaise-CutOff: 20.215170
OneRaise-Dealer: 1.823480
OneRaise-SmallBlind: 7.640140
TwoRaises-CutOff, Dealer: 1.149330
TwoRaises-CutOff, SmallBlind: 4.931910
TwoRaises-CutOff, BigBlind: 10.747220
TwoRaises-Dealer, SmallBlind: 0.423690
TwoRaises-Dealer, BigBlind: 0.943120
TwoRaises-SmallBlind, BigBlind: 4.019110
ThreeRaises-CutOff, Dealer, SmallBlind: 0.243790
ThreeRaises-CutOff, Dealer, BigBlind: 0.538300
ThreeRaises-CutOff, SmallBlind, BigBlind: 2.356840
ThreeRaises-Dealer, SmallBlind, BigBlind: 0.199080
FourRaises-CutOff, Dealer, SmallBlind, BigBlind: 0.103280


Show Downs Frequency: 25.655670
Two Players in Frequency: 22.214380
Three Players in Frequency: 3.338010
Four Players in Frequency: 0.103280
==============================================================================================================
============================******************************************************============================
==============================================================================================================
cutoff strategy: FourtyPercent
delear strategy: FivePercent
small blind strategy: TwentyPercent
big blind strategy: FourtyPercent
=====================================================================
========= Table: 10, #Hand: 10000000

| 7d | Kh | 8s | 8h | Kc | 

Player ID: 11, Position: CutOff, Holding Cards: | 10h | Ks | , Action: AllIn, 
Best Hand: | Kc | Ks | Kh | 8s | 8h | = FullHouse of: 13, full of: 8, Money: 471140.408313

Player ID: 12, Position: Dealer, Holding Cards: | 10d | 3h | , Action: Fold, 
Best Hand: | Kc | Kh | 10d | 8s | 8h | = TwoPairs of: 13 and 8, Money: 399291.941665

Player ID: 13, Position: SmallBlind, Holding Cards: | Qd | 8d | , Action: Fold, 
Best Hand: | Kc | Kh | 8s | 8d | 8h | = FullHouse of: 13, full of: 8, Money: -234725.983365

Player ID: 14, Position: BigBlind, Holding Cards: | 2s | Jh | , Action: Fold, 
Best Hand: | Kc | Kh | Jh | 8s | 8h | = TwoPairs of: 13 and 8, Money: -635706.366727

=====================================================================


HighCard: 17.418435
Pair: 43.805523
TwoPairs: 23.497925
Trips: 4.834512
Straight: 4.617592
Flush: 3.026607
FullHouse: 2.600497
Quads: 0.167535
StraightFlush: 0.031372

Empty-BigBlind: 44.709920
OneRaise-CutOff: 18.702970
OneRaise-Dealer: 1.687540
OneRaise-SmallBlind: 7.062930
TwoRaises-CutOff, Dealer: 1.070080
TwoRaises-CutOff, SmallBlind: 4.575210
TwoRaises-CutOff, BigBlind: 12.240790
TwoRaises-Dealer, SmallBlind: 0.397170
TwoRaises-Dealer, BigBlind: 1.067220
TwoRaises-SmallBlind, BigBlind: 4.578370
ThreeRaises-CutOff, Dealer, SmallBlind: 0.230340
ThreeRaises-CutOff, Dealer, BigBlind: 0.622120
ThreeRaises-CutOff, SmallBlind, BigBlind: 2.704600
ThreeRaises-Dealer, SmallBlind, BigBlind: 0.229480
FourRaises-CutOff, Dealer, SmallBlind, BigBlind: 0.121260


Show Downs Frequency: 27.836640
Two Players in Frequency: 23.928840
Three Players in Frequency: 3.786540
Four Players in Frequency: 0.121260
==============================================================================================================
============================******************************************************============================
==============================================================================================================
cutoff strategy: FourtyPercent
delear strategy: FivePercent
small blind strategy: TwentyPercent
big blind strategy: FourtyfivePercent
=====================================================================
========= Table: 10, #Hand: 10000000

| Js | 4h | 8d | Qd | 8h | 

Player ID: 11, Position: CutOff, Holding Cards: | 10h | Qs | , Action: AllIn, 
Best Hand: | Qs | Qd | Js | 8d | 8h | = TwoPairs of: 12 and 8, Money: 510941.558310

Player ID: 12, Position: Dealer, Holding Cards: | 4d | Ad | , Action: Fold, 
Best Hand: | Ad | 8d | 8h | 4d | 4h | = TwoPairs of: 8 and 4, Money: 412735.541665

Player ID: 13, Position: SmallBlind, Holding Cards: | As | Qc | , Action: AllIn, 
Best Hand: | As | Qc | Qd | 8d | 8h | = TwoPairs of: 12 and 8, Money: -205858.300030

Player ID: 14, Position: BigBlind, Holding Cards: | 6d | Ac | , Action: AllIn, 
Best Hand: | Ac | Qd | Js | 8d | 8h | = Pair of: 8, Money: -717818.800068

=====================================================================


HighCard: 17.409018
Pair: 43.811608
TwoPairs: 23.497197
Trips: 4.832755
Straight: 4.624190
Flush: 3.030512
FullHouse: 2.594755
Quads: 0.168483
StraightFlush: 0.031482

Empty-BigBlind: 44.702650
OneRaise-CutOff: 17.226730
OneRaise-Dealer: 1.555240
OneRaise-SmallBlind: 6.490300
TwoRaises-CutOff, Dealer: 0.996400
TwoRaises-CutOff, SmallBlind: 4.218310
TwoRaises-CutOff, BigBlind: 13.719910
TwoRaises-Dealer, SmallBlind: 0.366050
TwoRaises-Dealer, BigBlind: 1.207600
TwoRaises-SmallBlind, BigBlind: 5.148820
ThreeRaises-CutOff, Dealer, SmallBlind: 0.211490
ThreeRaises-CutOff, Dealer, BigBlind: 0.698000
ThreeRaises-CutOff, SmallBlind, BigBlind: 3.060810
ThreeRaises-Dealer, SmallBlind, BigBlind: 0.259040
FourRaises-CutOff, Dealer, SmallBlind, BigBlind: 0.138650


Show Downs Frequency: 30.025080
Two Players in Frequency: 25.657090
Three Players in Frequency: 4.229340
Four Players in Frequency: 0.138650
==============================================================================================================
============================******************************************************============================
==============================================================================================================
cutoff strategy: FourtyPercent
delear strategy: FivePercent
small blind strategy: TwentyPercent
big blind strategy: FiftyPercent
=====================================================================
========= Table: 10, #Hand: 10000000

| Qd | Ac | Kh | 6s | 5d | 

Player ID: 11, Position: CutOff, Holding Cards: | 3d | 4d | , Action: Fold, 
Best Hand: | Ac | Kh | Qd | 6s | 5d | = HighCard of: 14, Money: 553966.249975

Player ID: 12, Position: Dealer, Holding Cards: | 2s | 9s | , Action: Fold, 
Best Hand: | Ac | Kh | Qd | 9s | 6s | = HighCard of: 14, Money: 424294.783331

Player ID: 13, Position: SmallBlind, Holding Cards: | 6d | 7s | , Action: Fold, 
Best Hand: | Ac | Kh | Qd | 6s | 6d | = Pair of: 6, Money: -173517.066692

Player ID: 14, Position: BigBlind, Holding Cards: | 3h | Kc | , Action: AllIn, 
Best Hand: | Ac | Kc | Kh | Qd | 6s | = Pair of: 13, Money: -804743.966740

=====================================================================


HighCard: 17.403130
Pair: 43.819988
TwoPairs: 23.500447
Trips: 4.830380
Straight: 4.619740
Flush: 3.026515
FullHouse: 2.599557
Quads: 0.168270
StraightFlush: 0.031973

Empty-BigBlind: 44.693110
OneRaise-CutOff: 15.638970
OneRaise-Dealer: 1.419240
OneRaise-SmallBlind: 5.896150
TwoRaises-CutOff, Dealer: 0.908100
TwoRaises-CutOff, SmallBlind: 3.852770
TwoRaises-CutOff, BigBlind: 15.305760
TwoRaises-Dealer, SmallBlind: 0.336690
TwoRaises-Dealer, BigBlind: 1.348170
TwoRaises-SmallBlind, BigBlind: 5.743250
ThreeRaises-CutOff, Dealer, SmallBlind: 0.194120
ThreeRaises-CutOff, Dealer, BigBlind: 0.783390
ThreeRaises-CutOff, SmallBlind, BigBlind: 3.435170
ThreeRaises-Dealer, SmallBlind, BigBlind: 0.291290
FourRaises-CutOff, Dealer, SmallBlind, BigBlind: 0.153820


Show Downs Frequency: 32.352530
Two Players in Frequency: 27.494740
Three Players in Frequency: 4.703970
Four Players in Frequency: 0.153820
==============================================================================================================
============================******************************************************============================
==============================================================================================================
cutoff strategy: FourtyPercent
delear strategy: FivePercent
small blind strategy: TwentyfivePercent
big blind strategy: FivePercent
=====================================================================
========= Table: 10, #Hand: 10000000

| 2h | 8s | 6s | 4h | 2c | 

Player ID: 11, Position: CutOff, Holding Cards: | 10h | 3s | , Action: Fold, 
Best Hand: | 10h | 8s | 6s | 2c | 2h | = Pair of: 2, Money: 631533.574966

Player ID: 12, Position: Dealer, Holding Cards: | 9d | Ac | , Action: Fold, 
Best Hand: | Ac | 9d | 8s | 2c | 2h | = Pair of: 2, Money: 344102.616666

Player ID: 13, Position: SmallBlind, Holding Cards: | 9s | Qd | , Action: Fold, 
Best Hand: | Qd | 9s | 8s | 2c | 2h | = Pair of: 2, Money: -223938.558362

Player ID: 14, Position: BigBlind, Holding Cards: | Kc | 3d | , Action: AllIn, 
Best Hand: | Kc | 8s | 6s | 2c | 2h | = Pair of: 2, Money: -751697.633392

=====================================================================


HighCard: 17.403498
Pair: 43.828735
TwoPairs: 23.495327
Trips: 4.827290
Straight: 4.617088
Flush: 3.028860
FullHouse: 2.598953
Quads: 0.168522
StraightFlush: 0.031727

Empty-BigBlind: 41.647590
OneRaise-CutOff: 27.481430
OneRaise-Dealer: 2.456190
OneRaise-SmallBlind: 13.920110
TwoRaises-CutOff, Dealer: 1.520000
TwoRaises-CutOff, SmallBlind: 8.819930
TwoRaises-CutOff, BigBlind: 1.517990
TwoRaises-Dealer, SmallBlind: 0.758260
TwoRaises-Dealer, BigBlind: 0.133630
TwoRaises-SmallBlind, BigBlind: 0.765250
ThreeRaises-CutOff, Dealer, SmallBlind: 0.424060
ThreeRaises-CutOff, Dealer, BigBlind: 0.073680
ThreeRaises-CutOff, SmallBlind, BigBlind: 0.428820
ThreeRaises-Dealer, SmallBlind, BigBlind: 0.035150
FourRaises-CutOff, Dealer, SmallBlind, BigBlind: 0.017910


Show Downs Frequency: 14.494680
Two Players in Frequency: 13.515060
Three Players in Frequency: 0.961710
Four Players in Frequency: 0.017910
==============================================================================================================
============================******************************************************============================
==============================================================================================================
cutoff strategy: FourtyPercent
delear strategy: FivePercent
small blind strategy: TwentyfivePercent
big blind strategy: TenPercent
=====================================================================
========= Table: 10, #Hand: 10000000

| 3d | 6s | 3c | 9h | 5c | 

Player ID: 11, Position: CutOff, Holding Cards: | Qd | 6c | , Action: Fold, 
Best Hand: | Qd | 6c | 6s | 3c | 3d | = TwoPairs of: 6 and 3, Money: 542117.758306

Player ID: 12, Position: Dealer, Holding Cards: | 10c | 5s | , Action: Fold, 
Best Hand: | 10c | 5c | 5s | 3c | 3d | = TwoPairs of: 5 and 3, Money: 354916.191666

Player ID: 13, Position: SmallBlind, Holding Cards: | 4s | 4c | , Action: AllIn, 
Best Hand: | 9h | 4c | 4s | 3c | 3d | = TwoPairs of: 4 and 3, Money: -264244.333363

Player ID: 14, Position: BigBlind, Holding Cards: | 5h | Qh | , Action: Fold, 
Best Hand: | Qh | 5c | 5h | 3c | 3d | = TwoPairs of: 5 and 3, Money: -632789.616719

=====================================================================


HighCard: 17.420985
Pair: 43.838633
TwoPairs: 23.476750
Trips: 4.829470
Straight: 4.619942
Flush: 3.024853
FullHouse: 2.590805
Quads: 0.167755
StraightFlush: 0.030808

Empty-BigBlind: 41.621140
OneRaise-CutOff: 26.003610
OneRaise-Dealer: 2.337920
OneRaise-SmallBlind: 13.222220
TwoRaises-CutOff, Dealer: 1.449070
TwoRaises-CutOff, SmallBlind: 8.408130
TwoRaises-CutOff, BigBlind: 2.985750
TwoRaises-Dealer, SmallBlind: 0.725860
TwoRaises-Dealer, BigBlind: 0.259200
TwoRaises-SmallBlind, BigBlind: 1.484280
ThreeRaises-CutOff, Dealer, SmallBlind: 0.409500
ThreeRaises-CutOff, Dealer, BigBlind: 0.142310
ThreeRaises-CutOff, SmallBlind, BigBlind: 0.845310
ThreeRaises-Dealer, SmallBlind, BigBlind: 0.070000
FourRaises-CutOff, Dealer, SmallBlind, BigBlind: 0.035700


Show Downs Frequency: 16.815110
Two Players in Frequency: 15.312290
Three Players in Frequency: 1.467120
Four Players in Frequency: 0.035700
==============================================================================================================
============================******************************************************============================
==============================================================================================================
cutoff strategy: FourtyPercent
delear strategy: FivePercent
small blind strategy: TwentyfivePercent
big blind strategy: FifteenPercent
=====================================================================
========= Table: 10, #Hand: 10000000

| 7d | 5s | Qs | 8c | 6c | 

Player ID: 11, Position: CutOff, Holding Cards: | Jc | 10c | , Action: AllIn, 
Best Hand: | Qs | Jc | 10c | 8c | 7d | = HighCard of: 12, Money: 488636.116643

Player ID: 12, Position: Dealer, Holding Cards: | 3c | 6d | , Action: Fold, 
Best Hand: | Qs | 8c | 7d | 6c | 6d | = Pair of: 6, Money: 360245.316665

Player ID: 13, Position: SmallBlind, Holding Cards: | 10h | 5h | , Action: Fold, 
Best Hand: | Qs | 10h | 8c | 5s | 5h | = Pair of: 5, Money: -270969.266690

Player ID: 14, Position: BigBlind, Holding Cards: | 2h | 4h | , Action: Fold, 
Best Hand: | 8c | 7d | 6c | 5s | 4h | = Straight of: 8 high, Money: -577912.166714

=====================================================================


HighCard: 17.406637
Pair: 43.839728
TwoPairs: 23.483310
Trips: 4.829810
Straight: 4.622167
Flush: 3.024072
FullHouse: 2.594412
Quads: 0.169120
StraightFlush: 0.030742

Empty-BigBlind: 41.612870
OneRaise-CutOff: 24.771380
OneRaise-Dealer: 2.234750
OneRaise-SmallBlind: 12.575370
TwoRaises-CutOff, Dealer: 1.387860
TwoRaises-CutOff, SmallBlind: 8.049340
TwoRaises-CutOff, BigBlind: 4.222330
TwoRaises-Dealer, SmallBlind: 0.693500
TwoRaises-Dealer, BigBlind: 0.369310
TwoRaises-SmallBlind, BigBlind: 2.115490
ThreeRaises-CutOff, Dealer, SmallBlind: 0.395130
ThreeRaises-CutOff, Dealer, BigBlind: 0.205760
ThreeRaises-CutOff, SmallBlind, BigBlind: 1.213590
ThreeRaises-Dealer, SmallBlind, BigBlind: 0.101260
FourRaises-CutOff, Dealer, SmallBlind, BigBlind: 0.052060


Show Downs Frequency: 18.805630
Two Players in Frequency: 16.837830
Three Players in Frequency: 1.915740
Four Players in Frequency: 0.052060
==============================================================================================================
============================******************************************************============================
==============================================================================================================
cutoff strategy: FourtyPercent
delear strategy: FivePercent
small blind strategy: TwentyfivePercent
big blind strategy: TwentyPercent
=====================================================================
========= Table: 10, #Hand: 10000000

| Qs | 9s | 8h | 3d | 4c | 

Player ID: 11, Position: CutOff, Holding Cards: | 9d | Qc | , Action: AllIn, 
Best Hand: | Qc | Qs | 9s | 9d | 8h | = TwoPairs of: 12 and 9, Money: 455643.524980

Player ID: 12, Position: Dealer, Holding Cards: | 10d | 8s | , Action: Fold, 
Best Hand: | Qs | 10d | 9s | 8s | 8h | = Pair of: 8, Money: 367700.383332

Player ID: 13, Position: SmallBlind, Holding Cards: | 9h | 2s | , Action: Fold, 
Best Hand: | Qs | 9s | 9h | 8h | 4c | = Pair of: 9, Money: -275742.225020

Player ID: 14, Position: BigBlind, Holding Cards: | Jd | 6c | , Action: Fold, 
Best Hand: | Qs | Jd | 9s | 8h | 6c | = HighCard of: 12, Money: -547601.683380

=====================================================================


HighCard: 17.409275
Pair: 43.821602
TwoPairs: 23.505878
Trips: 4.826030
Straight: 4.617732
Flush: 3.025015
FullHouse: 2.595545
Quads: 0.167520
StraightFlush: 0.031402

Empty-BigBlind: 41.668780
OneRaise-CutOff: 23.321360
OneRaise-Dealer: 2.101330
OneRaise-SmallBlind: 11.861610
TwoRaises-CutOff, Dealer: 1.315950
TwoRaises-CutOff, SmallBlind: 7.622220
TwoRaises-CutOff, BigBlind: 5.637880
TwoRaises-Dealer, SmallBlind: 0.659870
TwoRaises-Dealer, BigBlind: 0.490550
TwoRaises-SmallBlind, BigBlind: 2.826470
ThreeRaises-CutOff, Dealer, SmallBlind: 0.376160
ThreeRaises-CutOff, Dealer, BigBlind: 0.274610
ThreeRaises-CutOff, SmallBlind, BigBlind: 1.638510
ThreeRaises-Dealer, SmallBlind, BigBlind: 0.135060
FourRaises-CutOff, Dealer, SmallBlind, BigBlind: 0.069640


Show Downs Frequency: 21.046920
Two Players in Frequency: 18.552940
Three Players in Frequency: 2.424340
Four Players in Frequency: 0.069640
==============================================================================================================
============================******************************************************============================
==============================================================================================================
cutoff strategy: FourtyPercent
delear strategy: FivePercent
small blind strategy: TwentyfivePercent
big blind strategy: TwentyfivePercent
=====================================================================
========= Table: 10, #Hand: 10000000

| 7s | 5h | 3h | 7h | 2s | 

Player ID: 11, Position: CutOff, Holding Cards: | 10s | Kc | , Action: AllIn, 
Best Hand: | Kc | 10s | 7s | 7h | 5h | = Pair of: 7, Money: 428951.133316

Player ID: 12, Position: Dealer, Holding Cards: | 6h | Kd | , Action: Fold, 
Best Hand: | Kd | 7s | 7h | 6h | 5h | = Pair of: 7, Money: 380022.008332

Player ID: 13, Position: SmallBlind, Holding Cards: | 6c | 10h | , Action: Fold, 
Best Hand: | 10h | 7s | 7h | 6c | 5h | = Pair of: 7, Money: -266412.541694

Player ID: 14, Position: BigBlind, Holding Cards: | Jc | Kh | , Action: AllIn, 
Best Hand: | Kh | Jc | 7s | 7h | 5h | = Pair of: 7, Money: -542560.600046

=====================================================================


HighCard: 17.406210
Pair: 43.831125
TwoPairs: 23.494363
Trips: 4.828168
Straight: 4.617895
Flush: 3.026285
FullHouse: 2.597540
Quads: 0.167480
StraightFlush: 0.030935

Empty-BigBlind: 41.640420
OneRaise-CutOff: 21.819160
OneRaise-Dealer: 1.968510
OneRaise-SmallBlind: 11.118140
TwoRaises-CutOff, Dealer: 1.239540
TwoRaises-CutOff, SmallBlind: 7.165960
TwoRaises-CutOff, BigBlind: 7.170110
TwoRaises-Dealer, SmallBlind: 0.624190
TwoRaises-Dealer, BigBlind: 0.621690
TwoRaises-SmallBlind, BigBlind: 3.572860
ThreeRaises-CutOff, Dealer, SmallBlind: 0.353440
ThreeRaises-CutOff, Dealer, BigBlind: 0.355970
ThreeRaises-CutOff, SmallBlind, BigBlind: 2.086160
ThreeRaises-Dealer, SmallBlind, BigBlind: 0.175000
FourRaises-CutOff, Dealer, SmallBlind, BigBlind: 0.088850


Show Downs Frequency: 23.453770
Two Players in Frequency: 20.394350
Three Players in Frequency: 2.970570
Four Players in Frequency: 0.088850
==============================================================================================================
============================******************************************************============================
==============================================================================================================
cutoff strategy: FourtyPercent
delear strategy: FivePercent
small blind strategy: TwentyfivePercent
big blind strategy: ThirtyPercent
=====================================================================
========= Table: 10, #Hand: 10000000

| 3s | 10h | 10c | 6c | 7s | 

Player ID: 11, Position: CutOff, Holding Cards: | 10s | As | , Action: AllIn, 
Best Hand: | As | 10c | 10s | 10h | 7s | = Trips of: 10, Money: 413316.608318

Player ID: 12, Position: Dealer, Holding Cards: | 9c | 8c | , Action: Fold, 
Best Hand: | 10h | 9c | 8c | 7s | 6c | = Straight of: 10 high, Money: 388803.308332

Player ID: 13, Position: SmallBlind, Holding Cards: | 7h | Qs | , Action: Fold, 
Best Hand: | Qs | 10c | 10h | 7s | 7h | = TwoPairs of: 10 and 7, Money: -244026.100030

Player ID: 14, Position: BigBlind, Holding Cards: | 10d | 2s | , Action: Fold, 
Best Hand: | 10c | 10d | 10h | 7s | 6c | = Trips of: 10, Money: -558093.816715

=====================================================================


HighCard: 17.419928
Pair: 43.827798
TwoPairs: 23.496760
Trips: 4.828940
Straight: 4.616805
Flush: 3.017208
FullHouse: 2.594260
Quads: 0.167595
StraightFlush: 0.030707

Empty-BigBlind: 41.661550
OneRaise-CutOff: 20.419760
OneRaise-Dealer: 1.850100
OneRaise-SmallBlind: 10.406480
TwoRaises-CutOff, Dealer: 1.157860
TwoRaises-CutOff, SmallBlind: 6.731040
TwoRaises-CutOff, BigBlind: 8.555560
TwoRaises-Dealer, SmallBlind: 0.584930
TwoRaises-Dealer, BigBlind: 0.745460
TwoRaises-SmallBlind, BigBlind: 4.291300
ThreeRaises-CutOff, Dealer, SmallBlind: 0.335520
ThreeRaises-CutOff, Dealer, BigBlind: 0.426970
ThreeRaises-CutOff, SmallBlind, BigBlind: 2.507690
ThreeRaises-Dealer, SmallBlind, BigBlind: 0.214270
FourRaises-CutOff, Dealer, SmallBlind, BigBlind: 0.111510


Show Downs Frequency: 25.662110
Two Players in Frequency: 22.066150
Three Players in Frequency: 3.484450
Four Players in Frequency: 0.111510
==============================================================================================================
============================******************************************************============================
==============================================================================================================
cutoff strategy: FourtyPercent
delear strategy: FivePercent
small blind strategy: TwentyfivePercent
big blind strategy: ThirtyfivePercent
=====================================================================
========= Table: 10, #Hand: 10000000

| 10c | 4d | 10s | 7d | 2d | 

Player ID: 11, Position: CutOff, Holding Cards: | 2c | 6s | , Action: Fold, 
Best Hand: | 10c | 10s | 7d | 2c | 2d | = TwoPairs of: 10 and 2, Money: 432581.216650

Player ID: 12, Position: Dealer, Holding Cards: | Jh | 3d | , Action: Fold, 
Best Hand: | Jh | 10c | 10s | 7d | 4d | = Pair of: 10, Money: 399236.366665

Player ID: 13, Position: SmallBlind, Holding Cards: | 9c | Js | , Action: Fold, 
Best Hand: | Js | 10c | 10s | 9c | 7d | = Pair of: 10, Money: -213212.650028

Player ID: 14, Position: BigBlind, Holding Cards: | 4c | 8s | , Action: AllIn, 
Best Hand: | 10c | 10s | 8s | 4c | 4d | = TwoPairs of: 10 and 4, Money: -618604.933388

=====================================================================


HighCard: 17.403727
Pair: 43.829290
TwoPairs: 23.494800
Trips: 4.831210
Straight: 4.622372
Flush: 3.022292
FullHouse: 2.596650
Quads: 0.169045
StraightFlush: 0.030613

Empty-BigBlind: 41.630550
OneRaise-CutOff: 18.878480
OneRaise-Dealer: 1.705170
OneRaise-SmallBlind: 9.601500
TwoRaises-CutOff, Dealer: 1.082090
TwoRaises-CutOff, SmallBlind: 6.243180
TwoRaises-CutOff, BigBlind: 10.117290
TwoRaises-Dealer, SmallBlind: 0.541490
TwoRaises-Dealer, BigBlind: 0.884800
TwoRaises-SmallBlind, BigBlind: 5.092500
ThreeRaises-CutOff, Dealer, SmallBlind: 0.312180
ThreeRaises-CutOff, Dealer, BigBlind: 0.509110
ThreeRaises-CutOff, SmallBlind, BigBlind: 3.017090
ThreeRaises-Dealer, SmallBlind, BigBlind: 0.252590
FourRaises-CutOff, Dealer, SmallBlind, BigBlind: 0.131980


Show Downs Frequency: 28.184300
Two Players in Frequency: 23.961350
Three Players in Frequency: 4.090970
Four Players in Frequency: 0.131980
==============================================================================================================
============================******************************************************============================
==============================================================================================================
cutoff strategy: FourtyPercent
delear strategy: FivePercent
small blind strategy: TwentyfivePercent
big blind strategy: FourtyPercent
=====================================================================
========= Table: 10, #Hand: 10000000

| 10s | Jc | 10d | 3c | Jh | 

Player ID: 11, Position: CutOff, Holding Cards: | 7d | 7h | , Action: AllIn, 
Best Hand: | Jc | Jh | 10s | 10d | 7d | = TwoPairs of: 11 and 10, Money: 470096.308314

Player ID: 12, Position: Dealer, Holding Cards: | Js | 3s | , Action: Fold, 
Best Hand: | Jc | Js | Jh | 10s | 10d | = FullHouse of: 11, full of: 10, Money: 412083.016665

Player ID: 13, Position: SmallBlind, Holding Cards: | 9s | 8d | , Action: Fold, 
Best Hand: | Jc | Jh | 10s | 10d | 9s | = TwoPairs of: 11 and 10, Money: -187523.308360

Player ID: 14, Position: BigBlind, Holding Cards: | 5h | 5d | , Action: AllIn, 
Best Hand: | Jc | Jh | 10s | 10d | 5h | = TwoPairs of: 11 and 10, Money: -694656.016728

=====================================================================


HighCard: 17.404660
Pair: 43.822607
TwoPairs: 23.504305
Trips: 4.833255
Straight: 4.617852
Flush: 3.024830
FullHouse: 2.592472
Quads: 0.168843
StraightFlush: 0.031175

Empty-BigBlind: 41.632690
OneRaise-CutOff: 17.470360
OneRaise-Dealer: 1.586450
OneRaise-SmallBlind: 8.878820
TwoRaises-CutOff, Dealer: 1.011450
TwoRaises-CutOff, SmallBlind: 5.799540
TwoRaises-CutOff, BigBlind: 11.533370
TwoRaises-Dealer, SmallBlind: 0.506140
TwoRaises-Dealer, BigBlind: 1.014510
TwoRaises-SmallBlind, BigBlind: 5.806150
ThreeRaises-CutOff, Dealer, SmallBlind: 0.291830
ThreeRaises-CutOff, Dealer, BigBlind: 0.585130
ThreeRaises-CutOff, SmallBlind, BigBlind: 3.441210
ThreeRaises-Dealer, SmallBlind, BigBlind: 0.290040
FourRaises-CutOff, Dealer, SmallBlind, BigBlind: 0.152310


Show Downs Frequency: 30.431680
Two Players in Frequency: 25.671160
Three Players in Frequency: 4.608210
Four Players in Frequency: 0.152310
==============================================================================================================
============================******************************************************============================
==============================================================================================================
cutoff strategy: FourtyPercent
delear strategy: FivePercent
small blind strategy: TwentyfivePercent
big blind strategy: FourtyfivePercent
=====================================================================
========= Table: 10, #Hand: 10000000

| 5d | Kh | 7c | Qs | 4s | 

Player ID: 11, Position: CutOff, Holding Cards: | Qc | 6d | , Action: Fold, 
Best Hand: | Kh | Qc | Qs | 7c | 6d | = Pair of: 12, Money: 501724.449979

Player ID: 12, Position: Dealer, Holding Cards: | Ad | 8s | , Action: Fold, 
Best Hand: | Ad | Kh | Qs | 8s | 7c | = HighCard of: 14, Money: 419776.533331

Player ID: 13, Position: SmallBlind, Holding Cards: | 5c | 9c | , Action: Fold, 
Best Hand: | Kh | Qs | 9c | 5c | 5d | = Pair of: 5, Money: -149998.500021

Player ID: 14, Position: BigBlind, Holding Cards: | 7d | 9h | , Action: AllIn, 
Best Hand: | Kh | Qs | 9h | 7c | 7d | = Pair of: 7, Money: -771502.483400

=====================================================================


HighCard: 17.415850
Pair: 43.826795
TwoPairs: 23.493288
Trips: 4.828985
Straight: 4.618860
Flush: 3.021053
FullHouse: 2.596007
Quads: 0.167967
StraightFlush: 0.031195

Empty-BigBlind: 41.638610
OneRaise-CutOff: 16.093160
OneRaise-Dealer: 1.462260
OneRaise-SmallBlind: 8.171410
TwoRaises-CutOff, Dealer: 0.935280
TwoRaises-CutOff, SmallBlind: 5.356460
TwoRaises-CutOff, BigBlind: 12.899310
TwoRaises-Dealer, SmallBlind: 0.465840
TwoRaises-Dealer, BigBlind: 1.128830
TwoRaises-SmallBlind, BigBlind: 6.518010
ThreeRaises-CutOff, Dealer, SmallBlind: 0.271680
ThreeRaises-CutOff, Dealer, BigBlind: 0.660400
ThreeRaises-CutOff, SmallBlind, BigBlind: 3.892800
ThreeRaises-Dealer, SmallBlind, BigBlind: 0.333110
FourRaises-CutOff, Dealer, SmallBlind, BigBlind: 0.172840


Show Downs Frequency: 32.634560
Two Players in Frequency: 27.303730
Three Players in Frequency: 5.157990
Four Players in Frequency: 0.172840
==============================================================================================================
============================******************************************************============================
==============================================================================================================
cutoff strategy: FourtyPercent
delear strategy: FivePercent
small blind strategy: TwentyfivePercent
big blind strategy: FiftyPercent
=====================================================================
========= Table: 10, #Hand: 10000000

| 8d | 6s | 9s | 8h | 5h | 

Player ID: 11, Position: CutOff, Holding Cards: | 8s | 2c | , Action: Fold, 
Best Hand: | 9s | 8s | 8d | 8h | 6s | = Trips of: 8, Money: 551588.141643

Player ID: 12, Position: Dealer, Holding Cards: | 10d | Kd | , Action: Fold, 
Best Hand: | Kd | 10d | 9s | 8d | 8h | = Pair of: 8, Money: 431711.983331

Player ID: 13, Position: SmallBlind, Holding Cards: | 4d | Qh | , Action: Fold, 
Best Hand: | Qh | 9s | 8d | 8h | 6s | = Pair of: 8, Money: -112063.391680

Player ID: 14, Position: BigBlind, Holding Cards: | 5d | 7c | , Action: AllIn, 
Best Hand: | 9s | 8d | 7c | 6s | 5d | = Straight of: 9 high, Money: -871236.733406

=====================================================================


HighCard: 17.413235
Pair: 43.823235
TwoPairs: 23.492462
Trips: 4.831600
Straight: 4.617210
Flush: 3.025498
FullHouse: 2.598193
Quads: 0.167860
StraightFlush: 0.030707

Empty-BigBlind: 41.635840
OneRaise-CutOff: 14.618860
OneRaise-Dealer: 1.330100
OneRaise-SmallBlind: 7.427580
TwoRaises-CutOff, Dealer: 0.854090
TwoRaises-CutOff, SmallBlind: 4.885650
TwoRaises-CutOff, BigBlind: 14.365530
TwoRaises-Dealer, SmallBlind: 0.422140
TwoRaises-Dealer, BigBlind: 1.269110
TwoRaises-SmallBlind, BigBlind: 7.279070
ThreeRaises-CutOff, Dealer, SmallBlind: 0.245750
ThreeRaises-CutOff, Dealer, BigBlind: 0.737780
ThreeRaises-CutOff, SmallBlind, BigBlind: 4.363280
ThreeRaises-Dealer, SmallBlind, BigBlind: 0.369130
FourRaises-CutOff, Dealer, SmallBlind, BigBlind: 0.196090


Show Downs Frequency: 34.987620
Two Players in Frequency: 29.075590
Three Players in Frequency: 5.715940
Four Players in Frequency: 0.196090
==============================================================================================================
============================******************************************************============================
==============================================================================================================
cutoff strategy: FourtyPercent
delear strategy: FivePercent
small blind strategy: ThirtyPercent
big blind strategy: FivePercent
=====================================================================
========= Table: 10, #Hand: 10000000

| 6c | 6d | 4s | 8h | 2d | 

Player ID: 11, Position: CutOff, Holding Cards: | 4c | Qd | , Action: Fold, 
Best Hand: | Qd | 6c | 6d | 4c | 4s | = TwoPairs of: 6 and 4, Money: 630946.958302

Player ID: 12, Position: Dealer, Holding Cards: | 3s | 6h | , Action: Fold, 
Best Hand: | 8h | 6c | 6d | 6h | 4s | = Trips of: 6, Money: 357904.374999

Player ID: 13, Position: SmallBlind, Holding Cards: | 9c | Qs | , Action: Fold, 
Best Hand: | Qs | 9c | 8h | 6c | 6d | = Pair of: 6, Money: -158859.350020

Player ID: 14, Position: BigBlind, Holding Cards: | Qh | 8s | , Action: AllIn, 
Best Hand: | Qh | 8s | 8h | 6c | 6d | = TwoPairs of: 8 and 6, Money: -829991.983392

=====================================================================


HighCard: 17.402965
Pair: 43.826865
TwoPairs: 23.493460
Trips: 4.829315
Straight: 4.618935
Flush: 3.031293
FullHouse: 2.598533
Quads: 0.167765
StraightFlush: 0.030870

Empty-BigBlind: 38.907330
OneRaise-CutOff: 25.724350
OneRaise-Dealer: 2.299250
OneRaise-SmallBlind: 16.530320
TwoRaises-CutOff, Dealer: 1.431330
TwoRaises-CutOff, SmallBlind: 10.558050
TwoRaises-CutOff, BigBlind: 1.429010
TwoRaises-Dealer, SmallBlind: 0.914170
TwoRaises-Dealer, BigBlind: 0.123930
TwoRaises-SmallBlind, BigBlind: 0.916160
ThreeRaises-CutOff, Dealer, SmallBlind: 0.517040
ThreeRaises-CutOff, Dealer, BigBlind: 0.067160
ThreeRaises-CutOff, SmallBlind, BigBlind: 0.516970
ThreeRaises-Dealer, SmallBlind, BigBlind: 0.043470
FourRaises-CutOff, Dealer, SmallBlind, BigBlind: 0.021460


Show Downs Frequency: 16.538750
Two Players in Frequency: 15.372650
Three Players in Frequency: 1.144640
Four Players in Frequency: 0.021460
==============================================================================================================
============================******************************************************============================
==============================================================================================================
cutoff strategy: FourtyPercent
delear strategy: FivePercent
small blind strategy: ThirtyPercent
big blind strategy: TenPercent
=====================================================================
========= Table: 10, #Hand: 10000000

| 4c | 2d | Qd | Ah | 6c | 

Player ID: 11, Position: CutOff, Holding Cards: | 6s | 9c | , Action: Fold, 
Best Hand: | Ah | Qd | 9c | 6c | 6s | = Pair of: 6, Money: 546623.008307

Player ID: 12, Position: Dealer, Holding Cards: | 3s | Kh | , Action: Fold, 
Best Hand: | Ah | Kh | Qd | 6c | 4c | = HighCard of: 14, Money: 366131.758332

Player ID: 13, Position: SmallBlind, Holding Cards: | 4h | Ac | , Action: AllIn, 
Best Hand: | Ac | Ah | Qd | 4c | 4h | = TwoPairs of: 14 and 4, Money: -216109.716692

Player ID: 14, Position: BigBlind, Holding Cards: | Jh | 5c | , Action: Fold, 
Best Hand: | Ah | Qd | Jh | 6c | 5c | = HighCard of: 14, Money: -696645.050053

=====================================================================


HighCard: 17.412565
Pair: 43.817588
TwoPairs: 23.498520
Trips: 4.829020
Straight: 4.619460
Flush: 3.026785
FullHouse: 2.597925
Quads: 0.167093
StraightFlush: 0.031045

Empty-BigBlind: 38.896430
OneRaise-CutOff: 24.362610
OneRaise-Dealer: 2.193880
OneRaise-SmallBlind: 15.665010
TwoRaises-CutOff, Dealer: 1.359300
TwoRaises-CutOff, SmallBlind: 10.047080
TwoRaises-CutOff, BigBlind: 2.799180
TwoRaises-Dealer, SmallBlind: 0.868260
TwoRaises-Dealer, BigBlind: 0.244850
TwoRaises-SmallBlind, BigBlind: 1.779830
ThreeRaises-CutOff, Dealer, SmallBlind: 0.492950
ThreeRaises-CutOff, Dealer, BigBlind: 0.135630
ThreeRaises-CutOff, SmallBlind, BigBlind: 1.025370
ThreeRaises-Dealer, SmallBlind, BigBlind: 0.084930
FourRaises-CutOff, Dealer, SmallBlind, BigBlind: 0.044690


Show Downs Frequency: 18.882070
Two Players in Frequency: 17.098500
Three Players in Frequency: 1.738880
Four Players in Frequency: 0.044690
