==============================================================================================================
============================******************************************************============================
==============================================================================================================
cutoff strategy: FourtyPercent
delear strategy: FivePercent
small blind strategy: FivePercent
big blind strategy: FivePercent
=====================================================================
========= Table: 10, #Hand: 10000000

| 7h | 3c | Jh | 2h | 2s | 

Player ID: 11, Position: CutOff, Holding Cards: | 5s | 8h | , Action: Fold, 
Best Hand: | Jh | 8h | 7h | 2s | 2h | = Pair of: 2, Money: 822579.324948

Player ID: 12, Position: Dealer, Holding Cards: | 3d | 6s | , Action: Fold, 
Best Hand: | Jh | 3c | 3d | 2s | 2h | = TwoPairs of: 3 and 2, Money: 296696.325000

Player ID: 13, Position: SmallBlind, Holding Cards: | Ad | 7c | , Action: Fold, 
Best Hand: | Ad | 7c | 7h | 2s | 2h | = TwoPairs of: 7 and 2, Money: -693629.233211

Player ID: 14, Position: BigBlind, Holding Cards: | 9h | 4d | , Action: AllIn, 
Best Hand: | Jh | 9h | 7h | 2s | 2h | = Pair of: 2, Money: -425646.416702

=====================================================================


HighCard: 17.425740
Pair: 43.829673
TwoPairs: 23.478523
Trips: 4.820242
Straight: 4.623275
Flush: 3.026838
FullHouse: 2.595922
Quads: 0.168598
StraightFlush: 0.031190

Empty-BigBlind: 53.102600
OneRaise-CutOff: 34.419920
OneRaise-Dealer: 3.051900
OneRaise-SmallBlind: 3.066520
TwoRaises-CutOff, Dealer: 1.868070
TwoRaises-CutOff, SmallBlind: 1.874370
TwoRaises-CutOff, BigBlind: 1.869040
TwoRaises-Dealer, SmallBlind: 0.157830
TwoRaises-Dealer, BigBlind: 0.158600
TwoRaises-SmallBlind, BigBlind: 0.160520
ThreeRaises-CutOff, Dealer, SmallBlind: 0.086880
ThreeRaises-CutOff, Dealer, BigBlind: 0.085960
ThreeRaises-CutOff, SmallBlind, BigBlind: 0.087310
ThreeRaises-Dealer, SmallBlind, BigBlind: 0.007180
FourRaises-CutOff, Dealer, SmallBlind, BigBlind: 0.003300


Show Downs Frequency: 6.359060
Two Players in Frequency: 6.088430
Three Players in Frequency: 0.267330
Four Players in Frequency: 0.003300
==============================================================================================================
============================******************************************************============================
==============================================================================================================
cutoff strategy: FourtyPercent
delear strategy: FivePercent
small blind strategy: FivePercent
big blind strategy: TenPercent
=====================================================================
========= Table: 10, #Hand: 10000000

| 9d | 10s | 7h | 3s | 4h | 

Player ID: 11, Position: CutOff, Holding Cards: | 9s | 3c | , Action: Fold, 
Best Hand: | 10s | 9s | 9d | 3c | 3s | = TwoPairs of: 9 and 3, Money: 719253.416621

Player ID: 12, Position: Dealer, Holding Cards: | Ac | 10c | , Action: Fold, 
Best Hand: | Ac | 10c | 10s | 9d | 7h | = Pair of: 10, Money: 304670.091667

Player ID: 13, Position: SmallBlind, Holding Cards: | 4s | 5h | , Action: Fold, 
Best Hand: | 10s | 9d | 7h | 4s | 4h | = Pair of: 4, Money: -685455.558212

Player ID: 14, Position: BigBlind, Holding Cards: | 3h | 8c | , Action: AllIn, 
Best Hand: | 10s | 9d | 8c | 3s | 3h | = Pair of: 3, Money: -338467.950012

=====================================================================


HighCard: 17.414593
Pair: 43.820413
TwoPairs: 23.509207
Trips: 4.825412
Straight: 4.615213
Flush: 3.022772
FullHouse: 2.594095
Quads: 0.167052
StraightFlush: 0.031242

Empty-BigBlind: 53.132280
OneRaise-CutOff: 32.606190
OneRaise-Dealer: 2.911960
OneRaise-SmallBlind: 2.902230
TwoRaises-CutOff, Dealer: 1.776320
TwoRaises-CutOff, SmallBlind: 1.777430
TwoRaises-CutOff, BigBlind: 3.668100
TwoRaises-Dealer, SmallBlind: 0.152490
TwoRaises-Dealer, BigBlind: 0.310910
TwoRaises-SmallBlind, BigBlind: 0.312900
ThreeRaises-CutOff, Dealer, SmallBlind: 0.082530
ThreeRaises-CutOff, Dealer, BigBlind: 0.172550
ThreeRaises-CutOff, SmallBlind, BigBlind: 0.173790
ThreeRaises-Dealer, SmallBlind, BigBlind: 0.013470
FourRaises-CutOff, Dealer, SmallBlind, BigBlind: 0.006850


Show Downs Frequency: 8.447340
Two Players in Frequency: 7.998150
Three Players in Frequency: 0.442340
Four Players in Frequency: 0.006850
==============================================================================================================
============================******************************************************============================
==============================================================================================================
cutoff strategy: FourtyPercent
delear strategy: FivePercent
small blind strategy: FivePercent
big blind strategy: FifteenPercent
=====================================================================
========= Table: 10, #Hand: 10000000

| 7h | 2h | 4h | Jd | 6s | 

Player ID: 11, Position: CutOff, Holding Cards: | 9s | 7d | , Action: Fold, 
Best Hand: | Jd | 9s | 7d | 7h | 6s | = Pair of: 7, Money: 652875.841625

Player ID: 12, Position: Dealer, Holding Cards: | Qc | 3s | , Action: Fold, 
Best Hand: | Qc | Jd | 7h | 6s | 4h | = HighCard of: 12, Money: 315987.558333

Player ID: 13, Position: SmallBlind, Holding Cards: | Ah | 2s | , Action: Fold, 
Best Hand: | Ah | Jd | 7h | 2s | 2h | = Pair of: 2, Money: -675264.633213

Player ID: 14, Position: BigBlind, Holding Cards: | 5c | 8s | , Action: AllIn, 
Best Hand: | 8s | 7h | 6s | 5c | 4h | = Straight of: 8 high, Money: -293598.766660

=====================================================================


HighCard: 17.415700
Pair: 43.827900
TwoPairs: 23.485537
Trips: 4.828025
Straight: 4.621190
Flush: 3.023095
FullHouse: 2.599277
Quads: 0.168332
StraightFlush: 0.030943

Empty-BigBlind: 53.126910
OneRaise-CutOff: 31.087990
OneRaise-Dealer: 2.772220
OneRaise-SmallBlind: 2.768270
TwoRaises-CutOff, Dealer: 1.704520
TwoRaises-CutOff, SmallBlind: 1.705400
TwoRaises-CutOff, BigBlind: 5.193610
TwoRaises-Dealer, SmallBlind: 0.145470
TwoRaises-Dealer, BigBlind: 0.444750
TwoRaises-SmallBlind, BigBlind: 0.445900
ThreeRaises-CutOff, Dealer, SmallBlind: 0.080300
ThreeRaises-CutOff, Dealer, BigBlind: 0.246430
ThreeRaises-CutOff, SmallBlind, BigBlind: 0.247250
ThreeRaises-Dealer, SmallBlind, BigBlind: 0.020880
FourRaises-CutOff, Dealer, SmallBlind, BigBlind: 0.010100


Show Downs Frequency: 10.244610
Two Players in Frequency: 9.639650
Three Players in Frequency: 0.594860
Four Players in Frequency: 0.010100
==============================================================================================================
============================******************************************************============================
==============================================================================================================
cutoff strategy: FourtyPercent
delear strategy: FivePercent
small blind strategy: FivePercent
big blind strategy: TwentyPercent
=====================================================================
========= Table: 10, #Hand: 10000000

| 7h | 9c | 8d | 10h | Jd | 

Player ID: 11, Position: CutOff, Holding Cards: | As | 6c | , Action: AllIn, 
Best Hand: | Jd | 10h | 9c | 8d | 7h | = Straight of: 11 high, Money: 607676.849962

Player ID: 12, Position: Dealer, Holding Cards: | 5d | Jh | , Action: Fold, 
Best Hand: | Jh | 10h | 9c | 8d | 7h | = Straight of: 11 high, Money: 324035.899999

Player ID: 13, Position: SmallBlind, Holding Cards: | 9d | 4h | , Action: Fold, 
Best Hand: | Jd | 10h | 9d | 8d | 7h | = Straight of: 11 high, Money: -663410.099882

Player ID: 14, Position: BigBlind, Holding Cards: | 6h | 9h | , Action: Fold, 
Best Hand: | Jd | 10h | 9h | 8d | 7h | = Straight of: 11 high, Money: -268302.649980

=====================================================================


HighCard: 17.409022
Pair: 43.829383
TwoPairs: 23.483875
Trips: 4.836152
Straight: 4.613930
Flush: 3.026350
FullHouse: 2.601437
Quads: 0.168958
StraightFlush: 0.030892

Empty-BigBlind: 53.116190
OneRaise-CutOff: 29.326520
OneRaise-Dealer: 2.623750
OneRaise-SmallBlind: 2.621210
TwoRaises-CutOff, Dealer: 1.616950
TwoRaises-CutOff, SmallBlind: 1.616790
TwoRaises-CutOff, BigBlind: 6.955890
TwoRaises-Dealer, SmallBlind: 0.138740
TwoRaises-Dealer, BigBlind: 0.600460
TwoRaises-SmallBlind, BigBlind: 0.601590
ThreeRaises-CutOff, Dealer, SmallBlind: 0.073870
ThreeRaises-CutOff, Dealer, BigBlind: 0.332350
ThreeRaises-CutOff, SmallBlind, BigBlind: 0.334700
ThreeRaises-Dealer, SmallBlind, BigBlind: 0.026950
FourRaises-CutOff, Dealer, SmallBlind, BigBlind: 0.014040


Show Downs Frequency: 12.312330
Two Players in Frequency: 11.530420
Three Players in Frequency: 0.767870
Four Players in Frequency: 0.014040
==============================================================================================================
============================******************************************************============================
==============================================================================================================
cutoff strategy: FourtyPercent
delear strategy: FivePercent
small blind strategy: FivePercent
big blind strategy: TwentyfivePercent
=====================================================================
========= Table: 10, #Hand: 10000000

| 2c | Kc | 4c | 3h | 6c | 

Player ID: 11, Position: CutOff, Holding Cards: | 10h | 8d | , Action: Fold, 
Best Hand: | Kc | 10h | 8d | 6c | 4c | = HighCard of: 13, Money: 575316.416632

Player ID: 12, Position: Dealer, Holding Cards: | 8h | 3d | , Action: Fold, 
Best Hand: | Kc | 8h | 6c | 3d | 3h | = Pair of: 3, Money: 337071.374999

Player ID: 13, Position: SmallBlind, Holding Cards: | 9c | 7c | , Action: Fold, 
Best Hand: | Kc | 9c | 7c | 6c | 4c | = Flush of: 13 high, Money: -654533.874884

Player ID: 14, Position: BigBlind, Holding Cards: | 4d | 5h | , Action: AllIn, 
Best Hand: | 6c | 5h | 4d | 3h | 2c | = Straight of: 6 high, Money: -257853.916643

=====================================================================


HighCard: 17.408785
Pair: 43.827242
TwoPairs: 23.489790
Trips: 4.833278
Straight: 4.617508
Flush: 3.029657
FullHouse: 2.593503
Quads: 0.168935
StraightFlush: 0.031302

Empty-BigBlind: 53.123840
OneRaise-CutOff: 27.434750
OneRaise-Dealer: 2.459060
OneRaise-SmallBlind: 2.464080
TwoRaises-CutOff, Dealer: 1.525330
TwoRaises-CutOff, SmallBlind: 1.522640
TwoRaises-CutOff, BigBlind: 8.834190
TwoRaises-Dealer, SmallBlind: 0.128800
TwoRaises-Dealer, BigBlind: 0.762720
TwoRaises-SmallBlind, BigBlind: 0.762440
ThreeRaises-CutOff, Dealer, SmallBlind: 0.072290
ThreeRaises-CutOff, Dealer, BigBlind: 0.427210
ThreeRaises-CutOff, SmallBlind, BigBlind: 0.429440
ThreeRaises-Dealer, SmallBlind, BigBlind: 0.034680
FourRaises-CutOff, Dealer, SmallBlind, BigBlind: 0.018530


Show Downs Frequency: 14.518270
Two Players in Frequency: 13.536120
Three Players in Frequency: 0.963620
Four Players in Frequency: 0.018530
==============================================================================================================
============================******************************************************============================
==============================================================================================================
cutoff strategy: FourtyPercent
delear strategy: FivePercent
small blind strategy: FivePercent
big blind strategy: ThirtyPercent
=====================================================================
========= Table: 10, #Hand: 10000000

| 10d | 9h | 9c | 8c | 4s | 

Player ID: 11, Position: CutOff, Holding Cards: | Ac | 7d | , Action: AllIn, 
Best Hand: | Ac | 10d | 9c | 9h | 8c | = Pair of: 9, Money: 564889.883300

Player ID: 12, Position: Dealer, Holding Cards: | Qc | 10s | , Action: Fold, 
Best Hand: | Qc | 10s | 10d | 9c | 9h | = TwoPairs of: 10 and 9, Money: 343748.466666

Player ID: 13, Position: SmallBlind, Holding Cards: | Qh | 7c | , Action: Fold, 
Best Hand: | Qh | 10d | 9c | 9h | 8c | = Pair of: 9, Money: -640857.283219

Player ID: 14, Position: BigBlind, Holding Cards: | Ks | 9s | , Action: AllIn, 
Best Hand: | Ks | 10d | 9c | 9s | 9h | = Trips of: 9, Money: -267781.066646

=====================================================================


HighCard: 17.417517
Pair: 43.807050
TwoPairs: 23.496275
Trips: 4.830995
Straight: 4.621647
Flush: 3.025610
FullHouse: 2.601682
Quads: 0.168082
StraightFlush: 0.031140

Empty-BigBlind: 53.142660
OneRaise-CutOff: 25.700620
OneRaise-Dealer: 2.311910
OneRaise-SmallBlind: 2.300250
TwoRaises-CutOff, Dealer: 1.428710
TwoRaises-CutOff, SmallBlind: 1.435470
TwoRaises-CutOff, BigBlind: 10.558960
TwoRaises-Dealer, SmallBlind: 0.122270
TwoRaises-Dealer, BigBlind: 0.914150
TwoRaises-SmallBlind, BigBlind: 0.917450
ThreeRaises-CutOff, Dealer, SmallBlind: 0.068750
ThreeRaises-CutOff, Dealer, BigBlind: 0.517860
ThreeRaises-CutOff, SmallBlind, BigBlind: 0.515580
ThreeRaises-Dealer, SmallBlind, BigBlind: 0.043750
FourRaises-CutOff, Dealer, SmallBlind, BigBlind: 0.021610


Show Downs Frequency: 16.544560
Two Players in Frequency: 15.377010
Three Players in Frequency: 1.145940
Four Players in Frequency: 0.021610
==============================================================================================================
============================******************************************************============================
==============================================================================================================
cutoff strategy: FourtyPercent
delear strategy: FivePercent
small blind strategy: FivePercent
big blind strategy: ThirtyfivePercent
=====================================================================
========= Table: 10, #Hand: 10000000

| 8c | 8s | As | 8h | 3h | 

Player ID: 11, Position: CutOff, Holding Cards: | Kc | Jd | , Action: AllIn, 
Best Hand: | As | Kc | 8c | 8s | 8h | = Trips of: 8, Money: 580487.474967

Player ID: 12, Position: Dealer, Holding Cards: | 5d | 3c | , Action: Fold, 
Best Hand: | 8c | 8s | 8h | 3c | 3h | = FullHouse of: 8, full of: 3, Money: 359686.066665

Player ID: 13, Position: SmallBlind, Holding Cards: | 2d | 10s | , Action: Fold, 
Best Hand: | As | 10s | 8c | 8s | 8h | = Trips of: 8, Money: -629980.424888

Player ID: 14, Position: BigBlind, Holding Cards: | 4d | Jc | , Action: Fold, 
Best Hand: | As | Jc | 8c | 8s | 8h | = Trips of: 8, Money: -310193.116668

=====================================================================


HighCard: 17.406125
Pair: 43.821115
TwoPairs: 23.493690
Trips: 4.832075
Straight: 4.625147
Flush: 3.024045
FullHouse: 2.598488
Quads: 0.168107
StraightFlush: 0.031207

Empty-BigBlind: 53.113730
OneRaise-CutOff: 23.780880
OneRaise-Dealer: 2.132720
OneRaise-SmallBlind: 2.136900
TwoRaises-CutOff, Dealer: 1.341920
TwoRaises-CutOff, SmallBlind: 1.336670
TwoRaises-CutOff, BigBlind: 12.496440
TwoRaises-Dealer, SmallBlind: 0.115060
TwoRaises-Dealer, BigBlind: 1.087720
TwoRaises-SmallBlind, BigBlind: 1.084490
ThreeRaises-CutOff, Dealer, SmallBlind: 0.063990
ThreeRaises-CutOff, Dealer, BigBlind: 0.618370
ThreeRaises-CutOff, SmallBlind, BigBlind: 0.614220
ThreeRaises-Dealer, SmallBlind, BigBlind: 0.050540
FourRaises-CutOff, Dealer, SmallBlind, BigBlind: 0.026350


Show Downs Frequency: 18.835770
Two Players in Frequency: 17.462300
Three Players in Frequency: 1.347120
Four Players in Frequency: 0.026350
==============================================================================================================
============================******************************************************============================
==============================================================================================================
cutoff strategy: FourtyPercent
delear strategy: FivePercent
small blind strategy: FivePercent
big blind strategy: FourtyPercent
=====================================================================
========= Table: 10, #Hand: 10000000

| 6d | 2s | 4c | 7d | Ks | 

Player ID: 11, Position: CutOff, Holding Cards: | 8h | 3d | , Action: Fold, 
Best Hand: | Ks | 8h | 7d | 6d | 4c | = HighCard of: 13, Money: 614471.666632

Player ID: 12, Position: Dealer, Holding Cards: | 2d | Jc | , Action: Fold, 
Best Hand: | Ks | Jc | 7d | 2s | 2d | = Pair of: 2, Money: 371645.358332

Player ID: 13, Position: SmallBlind, Holding Cards: | 4s | 10h | , Action: Fold, 
Best Hand: | Ks | 10h | 7d | 4c | 4s | = Pair of: 4, Money: -615452.741557

Player ID: 14, Position: BigBlind, Holding Cards: | 3s | Qh | , Action: AllIn, 
Best Hand: | Ks | Qh | 7d | 6d | 4c | = HighCard of: 13, Money: -370664.283358

=====================================================================


HighCard: 17.418008
Pair: 43.829662
TwoPairs: 23.498210
Trips: 4.822100
Straight: 4.617300
Flush: 3.022953
FullHouse: 2.591953
Quads: 0.168862
StraightFlush: 0.030953

Empty-BigBlind: 53.110560
OneRaise-CutOff: 22.075930
OneRaise-Dealer: 1.984960
OneRaise-SmallBlind: 1.977060
TwoRaises-CutOff, Dealer: 1.237840
TwoRaises-CutOff, SmallBlind: 1.241530
TwoRaises-CutOff, BigBlind: 14.205430
TwoRaises-Dealer, SmallBlind: 0.106910
TwoRaises-Dealer, BigBlind: 1.241190
TwoRaises-SmallBlind, BigBlind: 1.244400
ThreeRaises-CutOff, Dealer, SmallBlind: 0.059460
ThreeRaises-CutOff, Dealer, BigBlind: 0.711010
ThreeRaises-CutOff, SmallBlind, BigBlind: 0.712940
ThreeRaises-Dealer, SmallBlind, BigBlind: 0.060460
FourRaises-CutOff, Dealer, SmallBlind, BigBlind: 0.030320


Show Downs Frequency: 20.851490
Two Players in Frequency: 19.277300
Three Players in Frequency: 1.543870
Four Players in Frequency: 0.030320
==============================================================================================================
============================******************************************************============================
==============================================================================================================
cutoff strategy: FourtyPercent
delear strategy: FivePercent
small blind strategy: FivePercent
big blind strategy: FourtyfivePercent
=====================================================================
========= Table: 10, #Hand: 10000000

| 3h | 9h | 10c | 3d | Qh | 

Player ID: 11, Position: CutOff, Holding Cards: | 3s | 8s | , Action: Fold, 
Best Hand: | Qh | 10c | 3s | 3d | 3h | = Trips of: 3, Money: 652293.999965

Player ID: 12, Position: Dealer, Holding Cards: | Kc | 7s | , Action: Fold, 
Best Hand: | Kc | Qh | 10c | 3d | 3h | = Pair of: 3, Money: 381496.041665

Player ID: 13, Position: SmallBlind, Holding Cards: | 2h | Qd | , Action: Fold, 
Best Hand: | Qd | Qh | 10c | 3d | 3h | = TwoPairs of: 12 and 3, Money: -601994.274893

Player ID: 14, Position: BigBlind, Holding Cards: | 6h | 4s | , Action: AllIn, 
Best Hand: | Qh | 10c | 9h | 3d | 3h | = Pair of: 3, Money: -431795.766709

=====================================================================


HighCard: 17.416922
Pair: 43.833400
TwoPairs: 23.495648
Trips: 4.828737
Straight: 4.617370
Flush: 3.018290
FullHouse: 2.591207
Quads: 0.167580
StraightFlush: 0.030845

Empty-BigBlind: 53.112180
OneRaise-CutOff: 20.314770
OneRaise-Dealer: 1.828130
OneRaise-SmallBlind: 1.835800
TwoRaises-CutOff, Dealer: 1.147500
TwoRaises-CutOff, SmallBlind: 1.145080
TwoRaises-CutOff, BigBlind: 15.969980
TwoRaises-Dealer, SmallBlind: 0.099480
TwoRaises-Dealer, BigBlind: 1.396400
TwoRaises-SmallBlind, BigBlind: 1.394450
ThreeRaises-CutOff, Dealer, SmallBlind: 0.055100
ThreeRaises-CutOff, Dealer, BigBlind: 0.801480
ThreeRaises-CutOff, SmallBlind, BigBlind: 0.799050
ThreeRaises-Dealer, SmallBlind, BigBlind: 0.067490
FourRaises-CutOff, Dealer, SmallBlind, BigBlind: 0.033110


Show Downs Frequency: 22.909120
Two Players in Frequency: 21.152890
Three Players in Frequency: 1.723120
Four Players in Frequency: 0.033110
==============================================================================================================
============================******************************************************============================
==============================================================================================================
cutoff strategy: FourtyPercent
delear strategy: FivePercent
small blind strategy: FivePercent
big blind strategy: FiftyPercent
=====================================================================
========= Table: 10, #Hand: 10000000

| 9c | 6c | 10h | 8h | 5s | 

Player ID: 11, Position: CutOff, Holding Cards: | Kh | 8c | , Action: AllIn, 
Best Hand: | Kh | 10h | 9c | 8c | 8h | = Pair of: 8, Money: 700857.533297

Player ID: 12, Position: Dealer, Holding Cards: | 6s | 2s | , Action: Fold, 
Best Hand: | 10h | 9c | 8h | 6c | 6s | = Pair of: 6, Money: 399104.708331

Player ID: 13, Position: SmallBlind, Holding Cards: | 4d | Qs | , Action: Fold, 
Best Hand: | Qs | 10h | 9c | 8h | 6c | = HighCard of: 12, Money: -587450.358229

Player ID: 14, Position: BigBlind, Holding Cards: | Ad | 7c | , Action: AllIn, 
Best Hand: | 10h | 9c | 8h | 7c | 6c | = Straight of: 10 high, Money: -512511.883392

=====================================================================


HighCard: 17.419193
Pair: 43.815605
TwoPairs: 23.495660
Trips: 4.829520
Straight: 4.623538
Flush: 3.026330
FullHouse: 2.592017
Quads: 0.166650
StraightFlush: 0.031488

Empty-BigBlind: 53.108580
OneRaise-CutOff: 18.435770
OneRaise-Dealer: 1.653260
OneRaise-SmallBlind: 1.658890
TwoRaises-CutOff, Dealer: 1.054900
TwoRaises-CutOff, SmallBlind: 1.051970
TwoRaises-CutOff, BigBlind: 17.849230
TwoRaises-Dealer, SmallBlind: 0.089760
TwoRaises-Dealer, BigBlind: 1.571080
TwoRaises-SmallBlind, BigBlind: 1.561320
ThreeRaises-CutOff, Dealer, SmallBlind: 0.048970
ThreeRaises-CutOff, Dealer, BigBlind: 0.895470
ThreeRaises-CutOff, SmallBlind, BigBlind: 0.905460
ThreeRaises-Dealer, SmallBlind, BigBlind: 0.075820
FourRaises-CutOff, Dealer, SmallBlind, BigBlind: 0.039520


Show Downs Frequency: 25.143500
Two Players in Frequency: 23.178260
Three Players in Frequency: 1.925720
Four Players in Frequency: 0.039520
==============================================================================================================
============================******************************************************============================
==============================================================================================================
cutoff strategy: FourtyPercent
delear strategy: FivePercent
small blind strategy: TenPercent
big blind strategy: FivePercent
=====================================================================
========= Table: 10, #Hand: 10000000

| Ad | 3s | 2d | 5s | Kc | 

Player ID: 11, Position: CutOff, Holding Cards: | 7h | 8s | , Action: Fold, 
Best Hand: | Ad | Kc | 8s | 7h | 5s | = HighCard of: 14, Money: 730955.066621

Player ID: 12, Position: Dealer, Holding Cards: | 5h | 3h | , Action: Fold, 
Best Hand: | Ad | 5s | 5h | 3s | 3h | = TwoPairs of: 5 and 3, Money: 309683.491667

Player ID: 13, Position: SmallBlind, Holding Cards: | Qc | 6s | , Action: Fold, 
Best Hand: | Ad | Kc | Qc | 6s | 5s | = HighCard of: 14, Money: -527231.924914

Player ID: 14, Position: BigBlind, Holding Cards: | 4h | 5c | , Action: AllIn, 
Best Hand: | Ad | 5c | 4h | 3s | 2d | = Straight of: 5 high, Money: -513406.633381

=====================================================================


HighCard: 17.407782
Pair: 43.824090
TwoPairs: 23.498520
Trips: 4.831842
Straight: 4.613817
Flush: 3.024555
FullHouse: 2.599153
Quads: 0.168460
StraightFlush: 0.031780

Empty-BigBlind: 50.140040
OneRaise-CutOff: 32.610580
OneRaise-Dealer: 2.908790
OneRaise-SmallBlind: 5.898880
TwoRaises-CutOff, Dealer: 1.783920
TwoRaises-CutOff, SmallBlind: 3.656570
TwoRaises-CutOff, BigBlind: 1.773140
TwoRaises-Dealer, SmallBlind: 0.313870
TwoRaises-Dealer, BigBlind: 0.152360
TwoRaises-SmallBlind, BigBlind: 0.314130
ThreeRaises-CutOff, Dealer, SmallBlind: 0.172470
ThreeRaises-CutOff, Dealer, BigBlind: 0.083750
ThreeRaises-CutOff, SmallBlind, BigBlind: 0.169940
ThreeRaises-Dealer, SmallBlind, BigBlind: 0.014480
FourRaises-CutOff, Dealer, SmallBlind, BigBlind: 0.007080


Show Downs Frequency: 8.441710
Two Players in Frequency: 7.993990
Three Players in Frequency: 0.440640
Four Players in Frequency: 0.007080
==============================================================================================================
============================******************************************************============================
==============================================================================================================
cutoff strategy: FourtyPercent
delear strategy: FivePercent
small blind strategy: TenPercent
big blind strategy: TenPercent
=====================================================================
========= Table: 10, #Hand: 10000000

| 7h | 8d | 3c | 3s | 5s | 

Player ID: 11, Position: CutOff, Holding Cards: | Qh | 8h | , Action: AllIn, 
Best Hand: | Qh | 8d | 8h | 3c | 3s | = TwoPairs of: 8 and 3, Money: 632744.516627

Player ID: 12, Position: Dealer, Holding Cards: | Qc | Kh | , Action: Fold, 
Best Hand: | Kh | Qc | 8d | 3c | 3s | = Pair of: 3, Money: 317341.558333

Player ID: 13, Position: SmallBlind, Holding Cards: | Ac | 4h | , Action: Fold, 
Best Hand: | Ac | 8d | 7h | 3c | 3s | = Pair of: 3, Money: -524267.924914

Player ID: 14, Position: BigBlind, Holding Cards: | 9d | 9c | , Action: AllIn, 
Best Hand: | 9c | 9d | 8d | 3c | 3s | = TwoPairs of: 9 and 3, Money: -425818.150034

=====================================================================


HighCard: 17.414430
Pair: 43.823608
TwoPairs: 23.488277
Trips: 4.832410
Straight: 4.615770
Flush: 3.033437
FullHouse: 2.592048
Quads: 0.169005
StraightFlush: 0.031015

Empty-BigBlind: 50.108060
OneRaise-CutOff: 30.920660
OneRaise-Dealer: 2.763050
OneRaise-SmallBlind: 5.618100
TwoRaises-CutOff, Dealer: 1.695920
TwoRaises-CutOff, SmallBlind: 3.482300
TwoRaises-CutOff, BigBlind: 3.493320
TwoRaises-Dealer, SmallBlind: 0.298390
TwoRaises-Dealer, BigBlind: 0.300240
TwoRaises-SmallBlind, BigBlind: 0.610700
ThreeRaises-CutOff, Dealer, SmallBlind: 0.164650
ThreeRaises-CutOff, Dealer, BigBlind: 0.163680
ThreeRaises-CutOff, SmallBlind, BigBlind: 0.339300
ThreeRaises-Dealer, SmallBlind, BigBlind: 0.028000
FourRaises-CutOff, Dealer, SmallBlind, BigBlind: 0.013630


Show Downs Frequency: 10.590130
Two Players in Frequency: 9.880870
Three Players in Frequency: 0.695630
Four Players in Frequency: 0.013630
==============================================================================================================
============================******************************************************============================
==============================================================================================================
cutoff strategy: FourtyPercent
delear strategy: FivePercent
small blind strategy: TenPercent
big blind strategy: FifteenPercent
=====================================================================
========= Table: 10, #Hand: 10000000

| 9c | 8h | Qd | 6h | 5c | 

Player ID: 11, Position: CutOff, Holding Cards: | 7h | Jc | , Action: Fold, 
Best Hand: | 9c | 8h | 7h | 6h | 5c | = Straight of: 9 high, Money: 570646.291632

Player ID: 12, Position: Dealer, Holding Cards: | 3s | Kh | , Action: Fold, 
Best Hand: | Kh | Qd | 9c | 8h | 6h | = HighCard of: 13, Money: 322672.441666

Player ID: 13, Position: SmallBlind, Holding Cards: | Jd | Kd | , Action: AllIn, 
Best Hand: | Kd | Qd | Jd | 9c | 8h | = HighCard of: 13, Money: -510331.683251

Player ID: 14, Position: BigBlind, Holding Cards: | 6c | 2s | , Action: Fold, 
Best Hand: | Qd | 9c | 8h | 6c | 6h | = Pair of: 6, Money: -382987.050024

=====================================================================


HighCard: 17.412298
Pair: 43.824238
TwoPairs: 23.487545
Trips: 4.829453
Straight: 4.622925
Flush: 3.028060
FullHouse: 2.596345
Quads: 0.168132
StraightFlush: 0.031005

Empty-BigBlind: 50.155500
OneRaise-CutOff: 29.434750
OneRaise-Dealer: 2.617140
OneRaise-SmallBlind: 5.341800
TwoRaises-CutOff, Dealer: 1.619450
TwoRaises-CutOff, SmallBlind: 3.343760
TwoRaises-CutOff, BigBlind: 4.951210
TwoRaises-Dealer, SmallBlind: 0.284780
TwoRaises-Dealer, BigBlind: 0.432760
TwoRaises-SmallBlind, BigBlind: 0.868300
ThreeRaises-CutOff, Dealer, SmallBlind: 0.160220
ThreeRaises-CutOff, Dealer, BigBlind: 0.237750
ThreeRaises-CutOff, SmallBlind, BigBlind: 0.490150
ThreeRaises-Dealer, SmallBlind, BigBlind: 0.041030
FourRaises-CutOff, Dealer, SmallBlind, BigBlind: 0.021400


Show Downs Frequency: 12.450810
Two Players in Frequency: 11.500260
Three Players in Frequency: 0.929150
Four Players in Frequency: 0.021400
==============================================================================================================
============================******************************************************============================
==============================================================================================================
cutoff strategy: FourtyPercent
delear strategy: FivePercent
small blind strategy: TenPercent
big blind strategy: TwentyPercent
=====================================================================
========= Table: 10, #Hand: 10000000

| Ah | 10h | 8c | 5s | 6s | 

Player ID: 11, Position: CutOff, Holding Cards: | 5d | 7d | , Action: Fold, 
Best Hand: | Ah | 10h | 8c | 5s | 5d | = Pair of: 5, Money: 527875.391636

Player ID: 12, Position: Dealer, Holding Cards: | 4s | 7h | , Action: Fold, 
Best Hand: | 8c | 7h | 6s | 5s | 4s | = Straight of: 8 high, Money: 334534.041666

Player ID: 13, Position: SmallBlind, Holding Cards: | 7s | 10c | , Action: Fold, 
Best Hand: | Ah | 10c | 10h | 8c | 7s | = Pair of: 10, Money: -496637.149922

Player ID: 14, Position: BigBlind, Holding Cards: | 7c | Qd | , Action: AllIn, 
Best Hand: | Ah | Qd | 10h | 8c | 7c | = HighCard of: 14, Money: -365772.283353

=====================================================================


HighCard: 17.412970
Pair: 43.842235
TwoPairs: 23.488712
Trips: 4.822597
Straight: 4.617485
Flush: 3.021365
FullHouse: 2.594995
Quads: 0.168620
StraightFlush: 0.031020

Empty-BigBlind: 50.107320
OneRaise-CutOff: 27.760980
OneRaise-Dealer: 2.494120
OneRaise-SmallBlind: 5.068380
TwoRaises-CutOff, Dealer: 1.543730
TwoRaises-CutOff, SmallBlind: 3.168740
TwoRaises-CutOff, BigBlind: 6.630980
TwoRaises-Dealer, SmallBlind: 0.272150
TwoRaises-Dealer, BigBlind: 0.568660
TwoRaises-SmallBlind, BigBlind: 1.169820
ThreeRaises-CutOff, Dealer, SmallBlind: 0.151270
ThreeRaises-CutOff, Dealer, BigBlind: 0.318750
ThreeRaises-CutOff, SmallBlind, BigBlind: 0.662510
ThreeRaises-Dealer, SmallBlind, BigBlind: 0.054550
FourRaises-CutOff, Dealer, SmallBlind, BigBlind: 0.028040


Show Downs Frequency: 14.569200
Two Players in Frequency: 13.354080
Three Players in Frequency: 1.187080
Four Players in Frequency: 0.028040
==============================================================================================================
============================******************************************************============================
==============================================================================================================
cutoff strategy: FourtyPercent
delear strategy: FivePercent
small blind strategy: TenPercent
big blind strategy: TwentyfivePercent
=====================================================================
========= Table: 10, #Hand: 10000000

| 10h | Jh | Qc | 2s | 3d | 

Player ID: 11, Position: CutOff, Holding Cards: | Ah | 3s | , Action: AllIn, 
Best Hand: | Ah | Qc | Jh | 3s | 3d | = Pair of: 3, Money: 497221.683306

Player ID: 12, Position: Dealer, Holding Cards: | 10s | 3c | , Action: Fold, 
Best Hand: | Qc | 10s | 10h | 3c | 3d | = TwoPairs of: 10 and 3, Money: 344200.266666

Player ID: 13, Position: SmallBlind, Holding Cards: | 5h | Kh | , Action: Fold, 
Best Hand: | Kh | Qc | Jh | 10h | 5h | = HighCard of: 13, Money: -477363.599927

Player ID: 14, Position: BigBlind, Holding Cards: | Ad | 4d | , Action: AllIn, 
Best Hand: | Ad | Qc | Jh | 10h | 4d | = HighCard of: 14, Money: -364058.350020

=====================================================================


HighCard: 17.407680
Pair: 43.815492
TwoPairs: 23.511257
Trips: 4.831455
Straight: 4.619585
Flush: 3.021482
FullHouse: 2.594797
Quads: 0.166903
StraightFlush: 0.031348

Empty-BigBlind: 50.130640
OneRaise-CutOff: 26.006720
OneRaise-Dealer: 2.332290
OneRaise-SmallBlind: 4.729900
TwoRaises-CutOff, Dealer: 1.451930
TwoRaises-CutOff, SmallBlind: 2.985200
TwoRaises-CutOff, BigBlind: 8.402030
TwoRaises-Dealer, SmallBlind: 0.255190
TwoRaises-Dealer, BigBlind: 0.723450
TwoRaises-SmallBlind, BigBlind: 1.478500
ThreeRaises-CutOff, Dealer, SmallBlind: 0.141740
ThreeRaises-CutOff, Dealer, BigBlind: 0.409500
ThreeRaises-CutOff, SmallBlind, BigBlind: 0.848760
ThreeRaises-Dealer, SmallBlind, BigBlind: 0.069340
FourRaises-CutOff, Dealer, SmallBlind, BigBlind: 0.034810


Show Downs Frequency: 16.800450
Two Players in Frequency: 15.296300
Three Players in Frequency: 1.469340
Four Players in Frequency: 0.034810
==============================================================================================================
============================******************************************************============================
==============================================================================================================
cutoff strategy: FourtyPercent
delear strategy: FivePercent
small blind strategy: TenPercent
big blind strategy: ThirtyPercent
=====================================================================
========= Table: 10, #Hand: 10000000

| 8s | Jh | 7d | Jd | 10h | 

Player ID: 11, Position: CutOff, Holding Cards: | 2c | 6d | , Action: Fold, 
Best Hand: | Jd | Jh | 10h | 8s | 7d | = Pair of: 11, Money: 484768.283309

Player ID: 12, Position: Dealer, Holding Cards: | 9d | 2d | , Action: Fold, 
Best Hand: | Jh | 10h | 9d | 8s | 7d | = Straight of: 11 high, Money: 356459.133332

Player ID: 13, Position: SmallBlind, Holding Cards: | Kh | Ad | , Action: AllIn, 
Best Hand: | Ad | Kh | Jd | Jh | 10h | = Pair of: 11, Money: -464381.466597

Player ID: 14, Position: BigBlind, Holding Cards: | 5d | 3h | , Action: Fold, 
Best Hand: | Jd | Jh | 10h | 8s | 7d | = Pair of: 11, Money: -376845.950024

=====================================================================


HighCard: 17.422728
Pair: 43.813497
TwoPairs: 23.500573
Trips: 4.827040
Straight: 4.614690
Flush: 3.025933
FullHouse: 2.595568
Quads: 0.168907
StraightFlush: 0.031065

Empty-BigBlind: 50.118280
OneRaise-CutOff: 24.348510
OneRaise-Dealer: 2.183080
OneRaise-SmallBlind: 4.432840
TwoRaises-CutOff, Dealer: 1.364440
TwoRaises-CutOff, SmallBlind: 2.803910
TwoRaises-CutOff, BigBlind: 10.057000
TwoRaises-Dealer, SmallBlind: 0.241900
TwoRaises-Dealer, BigBlind: 0.872830
TwoRaises-SmallBlind, BigBlind: 1.784460
ThreeRaises-CutOff, Dealer, SmallBlind: 0.135910
ThreeRaises-CutOff, Dealer, BigBlind: 0.496890
ThreeRaises-CutOff, SmallBlind, BigBlind: 1.030280
ThreeRaises-Dealer, SmallBlind, BigBlind: 0.085820
FourRaises-CutOff, Dealer, SmallBlind, BigBlind: 0.043850


Show Downs Frequency: 18.917290
Two Players in Frequency: 17.124540
Three Players in Frequency: 1.748900
Four Players in Frequency: 0.043850
==============================================================================================================
============================******************************************************============================
==============================================================================================================
cutoff strategy: FourtyPercent
delear strategy: FivePercent
small blind strategy: TenPercent
big blind strategy: ThirtyfivePercent
=====================================================================
========= Table: 10, #Hand: 10000000

| Kd | 8c | Qc | 6c | Jd | 

Player ID: 11, Position: CutOff, Holding Cards: | 5d | 6d | , Action: Fold, 
Best Hand: | Kd | Qc | Jd | 6c | 6d | = Pair of: 6, Money: 506083.849974

Player ID: 12, Position: Dealer, Holding Cards: | Ac | Jc | , Action: AllIn, 
Best Hand: | Ac | Qc | Jc | 8c | 6c | = Flush of: 14 high, Money: 368068.299998

Player ID: 13, Position: SmallBlind, Holding Cards: | 10c | 3s | , Action: Fold, 
Best Hand: | Kd | Qc | Jd | 10c | 8c | = HighCard of: 13, Money: -443850.899936

Player ID: 14, Position: BigBlind, Holding Cards: | Kc | Ad | , Action: AllIn, 
Best Hand: | Ad | Kc | Kd | Qc | Jd | = Pair of: 13, Money: -430301.250037

=====================================================================


HighCard: 17.406073
Pair: 43.819322
TwoPairs: 23.501885
Trips: 4.831210
Straight: 4.618460
Flush: 3.029278
FullHouse: 2.595242
Quads: 0.167738
StraightFlush: 0.030793

Empty-BigBlind: 50.123150
OneRaise-CutOff: 22.507470
OneRaise-Dealer: 2.025930
OneRaise-SmallBlind: 4.097160
TwoRaises-CutOff, Dealer: 1.269050
TwoRaises-CutOff, SmallBlind: 2.608650
TwoRaises-CutOff, BigBlind: 11.883980
TwoRaises-Dealer, SmallBlind: 0.223020
TwoRaises-Dealer, BigBlind: 1.038910
TwoRaises-SmallBlind, BigBlind: 2.125140
ThreeRaises-CutOff, Dealer, SmallBlind: 0.127430
ThreeRaises-CutOff, Dealer, BigBlind: 0.589750
ThreeRaises-CutOff, SmallBlind, BigBlind: 1.224060
ThreeRaises-Dealer, SmallBlind, BigBlind: 0.102440
FourRaises-CutOff, Dealer, SmallBlind, BigBlind: 0.053860


Show Downs Frequency: 21.246290
Two Players in Frequency: 19.148750
Three Players in Frequency: 2.043680
Four Players in Frequency: 0.053860
==============================================================================================================
============================******************************************************============================
==============================================================================================================
cutoff strategy: FourtyPercent
delear strategy: FivePercent
small blind strategy: TenPercent
big blind strategy: FourtyPercent
=====================================================================
========= Table: 10, #Hand: 10000000

| As | 8d | 9h | 2c | 8h | 

Player ID: 11, Position: CutOff, Holding Cards: | Ks | 10s | , Action: AllIn, 
Best Hand: | As | Ks | 10s | 8d | 8h | = Pair of: 8, Money: 533111.241639

Player ID: 12, Position: Dealer, Holding Cards: | Qd | 9s | , Action: Fold, 
Best Hand: | As | 9s | 9h | 8d | 8h | = TwoPairs of: 9 and 8, Money: 379022.199998

Player ID: 13, Position: SmallBlind, Holding Cards: | 8c | Kc | , Action: Fold, 
Best Hand: | As | Kc | 8c | 8d | 8h | = Trips of: 8, Money: -424112.741609

Player ID: 14, Position: BigBlind, Holding Cards: | 3d | 5h | , Action: Fold, 
Best Hand: | As | 9h | 8d | 8h | 5h | = Pair of: 8, Money: -488020.700050

=====================================================================


HighCard: 17.427175
Pair: 43.829122
TwoPairs: 23.479940
Trips: 4.827965
Straight: 4.614833
Flush: 3.027642
FullHouse: 2.594675
Quads: 0.167390
StraightFlush: 0.031258

Empty-BigBlind: 50.139440
OneRaise-CutOff: 20.849660
OneRaise-Dealer: 1.880720
OneRaise-SmallBlind: 3.796430
TwoRaises-CutOff, Dealer: 1.184280
TwoRaises-CutOff, SmallBlind: 2.420150
TwoRaises-CutOff, BigBlind: 13.533780
TwoRaises-Dealer, SmallBlind: 0.209740
TwoRaises-Dealer, BigBlind: 1.187410
TwoRaises-SmallBlind, BigBlind: 2.418640
ThreeRaises-CutOff, Dealer, SmallBlind: 0.119110
ThreeRaises-CutOff, Dealer, BigBlind: 0.673980
ThreeRaises-CutOff, SmallBlind, BigBlind: 1.408800
ThreeRaises-Dealer, SmallBlind, BigBlind: 0.117250
FourRaises-CutOff, Dealer, SmallBlind, BigBlind: 0.060610


Show Downs Frequency: 23.333750
Two Players in Frequency: 20.954000
Three Players in Frequency: 2.319140
Four Players in Frequency: 0.060610
==============================================================================================================
============================******************************************************============================
==============================================================================================================
cutoff strategy: FourtyPercent
delear strategy: FivePercent
small blind strategy: TenPercent
big blind strategy: FourtyfivePercent
=====================================================================
========= Table: 10, #Hand: 10000000

| Ks | Qd | Qs | 8s | 2h | 

Player ID: 11, Position: CutOff, Holding Cards: | Qc | 7c | , Action: AllIn, 
Best Hand: | Ks | Qc | Qs | Qd | 8s | = Trips of: 12, Money: 569492.283304

Player ID: 12, Position: Dealer, Holding Cards: | 8h | 9s | , Action: Fold, 
Best Hand: | Ks | Qs | Qd | 8s | 8h | = TwoPairs of: 12 and 8, Money: 391166.049998

Player ID: 13, Position: SmallBlind, Holding Cards: | 9d | 5s | , Action: Fold, 
Best Hand: | Ks | Qs | Qd | 9d | 8s | = Pair of: 12, Money: -404924.366617

Player ID: 14, Position: BigBlind, Holding Cards: | 4c | Jh | , Action: Fold, 
Best Hand: | Ks | Qs | Qd | Jh | 8s | = Pair of: 12, Money: -555733.966727

=====================================================================


HighCard: 17.409513
Pair: 43.823475
TwoPairs: 23.505145
Trips: 4.830605
Straight: 4.616210
Flush: 3.021970
FullHouse: 2.595273
Quads: 0.166460
StraightFlush: 0.031350

Empty-BigBlind: 50.100060
OneRaise-CutOff: 19.214370
OneRaise-Dealer: 1.738860
OneRaise-SmallBlind: 3.486780
TwoRaises-CutOff, Dealer: 1.093840
TwoRaises-CutOff, SmallBlind: 2.232740
TwoRaises-CutOff, BigBlind: 15.200020
TwoRaises-Dealer, SmallBlind: 0.195980
TwoRaises-Dealer, BigBlind: 1.326980
TwoRaises-SmallBlind, BigBlind: 2.731920
ThreeRaises-CutOff, Dealer, SmallBlind: 0.112790
ThreeRaises-CutOff, Dealer, BigBlind: 0.765840
ThreeRaises-CutOff, SmallBlind, BigBlind: 1.596620
ThreeRaises-Dealer, SmallBlind, BigBlind: 0.133760
FourRaises-CutOff, Dealer, SmallBlind, BigBlind: 0.069440


Show Downs Frequency: 25.459930
Two Players in Frequency: 22.781480
Three Players in Frequency: 2.609010
Four Players in Frequency: 0.069440
==============================================================================================================
============================******************************************************============================
==============================================================================================================
cutoff strategy: FourtyPercent
delear strategy: FivePercent
small blind strategy: TenPercent
big blind strategy: FiftyPercent
=====================================================================
========= Table: 10, #Hand: 10000000

| Jh | 4d | 6s | 2c | 4c | 

Player ID: 11, Position: CutOff, Holding Cards: | 3d | 2h | , Action: Fold, 
Best Hand: | Jh | 4c | 4d | 2c | 2h | = TwoPairs of: 4 and 2, Money: 625021.033302

Player ID: 12, Position: Dealer, Holding Cards: | Kc | Ah | , Action: AllIn, 
Best Hand: | Ah | Kc | Jh | 4c | 4d | = Pair of: 4, Money: 406048.841665

Player ID: 13, Position: SmallBlind, Holding Cards: | 3s | 6c | , Action: Fold, 
Best Hand: | Jh | 6c | 6s | 4c | 4d | = TwoPairs of: 6 and 4, Money: -384843.624959

Player ID: 14, Position: BigBlind, Holding Cards: | 7d | 10h | , Action: Fold, 
Best Hand: | Jh | 10h | 7d | 4c | 4d | = Pair of: 4, Money: -646226.250071

=====================================================================


HighCard: 17.407230
Pair: 43.833180
TwoPairs: 23.491205
Trips: 4.825748
Straight: 4.623015
Flush: 3.025355
FullHouse: 2.596285
Quads: 0.167060
StraightFlush: 0.030922

Empty-BigBlind: 50.133270
OneRaise-CutOff: 17.441590
OneRaise-Dealer: 1.573960
OneRaise-SmallBlind: 3.170520
TwoRaises-CutOff, Dealer: 0.995300
TwoRaises-CutOff, SmallBlind: 2.041120
TwoRaises-CutOff, BigBlind: 16.947230
TwoRaises-Dealer, SmallBlind: 0.174050
TwoRaises-Dealer, BigBlind: 1.490860
TwoRaises-SmallBlind, BigBlind: 3.052560
ThreeRaises-CutOff, Dealer, SmallBlind: 0.100590
ThreeRaises-CutOff, Dealer, BigBlind: 0.860190
ThreeRaises-CutOff, SmallBlind, BigBlind: 1.789860
ThreeRaises-Dealer, SmallBlind, BigBlind: 0.149630
FourRaises-CutOff, Dealer, SmallBlind, BigBlind: 0.079270


Show Downs Frequency: 27.680660
Two Players in Frequency: 24.701120
Three Players in Frequency: 2.900270
Four Players in Frequency: 0.079270
==============================================================================================================
============================******************************************************============================
==============================================================================================================
cutoff strategy: FourtyPercent
delear strategy: FivePercent
small blind strategy: FifteenPercent
big blind strategy: FivePercent
=====================================================================
========= Table: 10, #Hand: 10000000

| Qh | 9h | Qc | Jd | 6s | 

Player ID: 11, Position: CutOff, Holding Cards: | 5h | Ks | , Action: AllIn, 
Best Hand: | Ks | Qc | Qh | Jd | 9h | = Pair of: 12, Money: 675161.874959

Player ID: 12, Position: Dealer, Holding Cards: | 7h | 6h | , Action: Fold, 
Best Hand: | Qc | Qh | Jd | 6s | 6h | = TwoPairs of: 12 and 6, Money: 317338.958333

Player ID: 13, Position: SmallBlind, Holding Cards: | As | 4c | , Action: Fold, 
Best Hand: | As | Qc | Qh | Jd | 9h | = Pair of: 12, Money: -408229.099951

Player ID: 14, Position: BigBlind, Holding Cards: | Jh | 9d | , Action: Fold, 
Best Hand: | Qc | Qh | Jd | Jh | 9d | = TwoPairs of: 12 and 11, Money: -584271.733387

=====================================================================


HighCard: 17.418617
Pair: 43.813797
TwoPairs: 23.494195
Trips: 4.827897
Straight: 4.625413
Flush: 3.027823
FullHouse: 2.592077
Quads: 0.168635
StraightFlush: 0.031545

Empty-BigBlind: 47.592280
OneRaise-CutOff: 31.086990
OneRaise-Dealer: 2.771820
OneRaise-SmallBlind: 8.307620
TwoRaises-CutOff, Dealer: 1.706060
TwoRaises-CutOff, SmallBlind: 5.193320
TwoRaises-CutOff, BigBlind: 1.699350
TwoRaises-Dealer, SmallBlind: 0.448600
TwoRaises-Dealer, BigBlind: 0.144090
TwoRaises-SmallBlind, BigBlind: 0.446000
ThreeRaises-CutOff, Dealer, SmallBlind: 0.245120
ThreeRaises-CutOff, Dealer, BigBlind: 0.079870
ThreeRaises-CutOff, SmallBlind, BigBlind: 0.248340
ThreeRaises-Dealer, SmallBlind, BigBlind: 0.020290
FourRaises-CutOff, Dealer, SmallBlind, BigBlind: 0.010250


Show Downs Frequency: 10.241290
Two Players in Frequency: 9.637420
Three Players in Frequency: 0.593620
Four Players in Frequency: 0.010250
==============================================================================================================
============================******************************************************============================
==============================================================================================================
cutoff strategy: FourtyPercent
delear strategy: FivePercent
small blind strategy: FifteenPercent
big blind strategy: TenPercent
=====================================================================
========= Table: 10, #Hand: 10000000

| 6d | As | 3s | 7s | 4c | 

Player ID: 11, Position: CutOff, Holding Cards: | Qc | 2s | , Action: Fold, 
Best Hand: | As | Qc | 7s | 6d | 4c | = HighCard of: 14, Money: 583905.141632

Player ID: 12, Position: Dealer, Holding Cards: | 10h | Ks | , Action: Fold, 
Best Hand: | As | Ks | 10h | 7s | 6d | = HighCard of: 14, Money: 327222.316666

Player ID: 13, Position: SmallBlind, Holding Cards: | 9d | 10c | , Action: Fold, 
Best Hand: | As | 10c | 9d | 7s | 6d | = HighCard of: 14, Money: -422529.208280

Player ID: 14, Position: BigBlind, Holding Cards: | Jc | 5c | , Action: AllIn, 
Best Hand: | 7s | 6d | 5c | 4c | 3s | = Straight of: 7 high, Money: -488598.250043

=====================================================================


HighCard: 17.408740
Pair: 43.831823
TwoPairs: 23.487993
Trips: 4.828730
Straight: 4.611542
Flush: 3.030628
FullHouse: 2.600027
Quads: 0.168763
StraightFlush: 0.031755

Empty-BigBlind: 47.555790
OneRaise-CutOff: 29.460800
OneRaise-Dealer: 2.638250
OneRaise-SmallBlind: 7.901210
TwoRaises-CutOff, Dealer: 1.624730
TwoRaises-CutOff, SmallBlind: 4.944870
TwoRaises-CutOff, BigBlind: 3.343860
TwoRaises-Dealer, SmallBlind: 0.428350
TwoRaises-Dealer, BigBlind: 0.283810
TwoRaises-SmallBlind, BigBlind: 0.871440
ThreeRaises-CutOff, Dealer, SmallBlind: 0.236100
ThreeRaises-CutOff, Dealer, BigBlind: 0.158510
ThreeRaises-CutOff, SmallBlind, BigBlind: 0.490790
ThreeRaises-Dealer, SmallBlind, BigBlind: 0.041560
FourRaises-CutOff, Dealer, SmallBlind, BigBlind: 0.019930


Show Downs Frequency: 12.443950
Two Players in Frequency: 11.497060
Three Players in Frequency: 0.926960
Four Players in Frequency: 0.019930
==============================================================================================================
============================******************************************************============================
==============================================================================================================
cutoff strategy: FourtyPercent
delear strategy: FivePercent
small blind strategy: FifteenPercent
big blind strategy: FifteenPercent
=====================================================================
========= Table: 10, #Hand: 10000000

| 7d | Js | 5c | 5s | 7h | 

Player ID: 11, Position: CutOff, Holding Cards: | 3c | 7s | , Action: Fold, 
Best Hand: | 7s | 7d | 7h | 5c | 5s | = FullHouse of: 7, full of: 5, Money: 527042.949970

Player ID: 12, Position: Dealer, Holding Cards: | 4d | 4c | , Action: Fold, 
Best Hand: | Js | 7d | 7h | 5c | 5s | = TwoPairs of: 7 and 5, Money: 335291.558333

Player ID: 13, Position: SmallBlind, Holding Cards: | 5h | 10c | , Action: Fold, 
Best Hand: | 7d | 7h | 5c | 5s | 5h | = FullHouse of: 7, full of: 5, Money: -419524.108281

Player ID: 14, Position: BigBlind, Holding Cards: | 9h | 9s | , Action: AllIn, 
Best Hand: | Js | 9s | 9h | 7d | 7h | = TwoPairs of: 9 and 7, Money: -442810.400036

=====================================================================


HighCard: 17.404142
Pair: 43.820550
TwoPairs: 23.497453
Trips: 4.831380
Straight: 4.621783
Flush: 3.025645
FullHouse: 2.597805
Quads: 0.169925
StraightFlush: 0.031317

Empty-BigBlind: 47.571000
OneRaise-CutOff: 28.052380
OneRaise-Dealer: 2.513480
OneRaise-SmallBlind: 7.519000
TwoRaises-CutOff, Dealer: 1.567470
TwoRaises-CutOff, SmallBlind: 4.725380
TwoRaises-CutOff, BigBlind: 4.729910
TwoRaises-Dealer, SmallBlind: 0.410010
TwoRaises-Dealer, BigBlind: 0.409820
TwoRaises-SmallBlind, BigBlind: 1.250600
ThreeRaises-CutOff, Dealer, SmallBlind: 0.227070
ThreeRaises-CutOff, Dealer, BigBlind: 0.229530
ThreeRaises-CutOff, SmallBlind, BigBlind: 0.705990
ThreeRaises-Dealer, SmallBlind, BigBlind: 0.059010
FourRaises-CutOff, Dealer, SmallBlind, BigBlind: 0.029350


Show Downs Frequency: 14.344140
Two Players in Frequency: 13.093190
Three Players in Frequency: 1.221600
Four Players in Frequency: 0.029350
==============================================================================================================
============================******************************************************============================
==============================================================================================================
cutoff strategy: FourtyPercent
delear strategy: FivePercent
small blind strategy: FifteenPercent
big blind strategy: TwentyPercent
=====================================================================
========= Table: 10, #Hand: 10000000

| 6h | 5d | 5s | 7d | Ac | 

Player ID: 11, Position: CutOff, Holding Cards: | Jh | 6c | , Action: Fold, 
Best Hand: | Ac | 6c | 6h | 5s | 5d | = TwoPairs of: 6 and 5, Money: 486513.691641

Player ID: 12, Position: Dealer, Holding Cards: | Js | 10c | , Action: Fold, 
Best Hand: | Ac | Js | 10c | 5s | 5d | = Pair of: 5, Money: 343411.174999

Player ID: 13, Position: SmallBlind, Holding Cards: | 3c | As | , Action: Fold, 
Best Hand: | Ac | As | 7d | 5s | 5d | = TwoPairs of: 14 and 5, Money: -402343.899955

Player ID: 14, Position: BigBlind, Holding Cards: | Qc | 4h | , Action: AllIn, 
Best Hand: | Ac | Qc | 7d | 5s | 5d | = Pair of: 5, Money: -427580.966700

=====================================================================


HighCard: 17.422888
Pair: 43.824157
TwoPairs: 23.488723
Trips: 4.824210
Straight: 4.618502
Flush: 3.026340
FullHouse: 2.596378
Quads: 0.168017
StraightFlush: 0.030785

Empty-BigBlind: 47.584500
OneRaise-CutOff: 26.438610
OneRaise-Dealer: 2.370310
OneRaise-SmallBlind: 7.104620
TwoRaises-CutOff, Dealer: 1.474600
TwoRaises-CutOff, SmallBlind: 4.494710
TwoRaises-CutOff, BigBlind: 6.344130
TwoRaises-Dealer, SmallBlind: 0.391500
TwoRaises-Dealer, BigBlind: 0.544600
TwoRaises-SmallBlind, BigBlind: 1.658790
ThreeRaises-CutOff, Dealer, SmallBlind: 0.217240
ThreeRaises-CutOff, Dealer, BigBlind: 0.309290
ThreeRaises-CutOff, SmallBlind, BigBlind: 0.945580
ThreeRaises-Dealer, SmallBlind, BigBlind: 0.080820
FourRaises-CutOff, Dealer, SmallBlind, BigBlind: 0.040700


Show Downs Frequency: 16.501960
Two Players in Frequency: 14.908330
Three Players in Frequency: 1.552930
Four Players in Frequency: 0.040700
==============================================================================================================
============================******************************************************============================
==============================================================================================================
cutoff strategy: FourtyPercent
delear strategy: FivePercent
small blind strategy: FifteenPercent
big blind strategy: TwentyfivePercent
=====================================================================
========= Table: 10, #Hand: 10000000

| 3c | 3h | Qc | 7d | 10h | 

Player ID: 11, Position: CutOff, Holding Cards: | 9d | Ks | , Action: AllIn, 
Best Hand: | Ks | Qc | 10h | 3c | 3h | = Pair of: 3, Money: 458211.174978

Player ID: 12, Position: Dealer, Holding Cards: | 3d | 9s | , Action: Fold, 
Best Hand: | Qc | 10h | 3c | 3d | 3h | = Trips of: 3, Money: 355724.741665

Player ID: 13, Position: SmallBlind, Holding Cards: | 6c | 6d | , Action: AllIn, 
Best Hand: | Qc | 6c | 6d | 3c | 3h | = TwoPairs of: 6 and 3, Money: -384497.199961

Player ID: 14, Position: BigBlind, Holding Cards: | 2s | Jc | , Action: Fold, 
Best Hand: | Qc | Jc | 10h | 3c | 3h | = Pair of: 3, Money: -429438.716702

=====================================================================


HighCard: 17.415560
Pair: 43.813460
TwoPairs: 23.506113
Trips: 4.828715
Straight: 4.622677
Flush: 3.022283
FullHouse: 2.592178
Quads: 0.167772
StraightFlush: 0.031242

Empty-BigBlind: 47.547610
OneRaise-CutOff: 24.772450
OneRaise-Dealer: 2.217460
OneRaise-SmallBlind: 6.660370
TwoRaises-CutOff, Dealer: 1.389300
TwoRaises-CutOff, SmallBlind: 4.229110
TwoRaises-CutOff, BigBlind: 8.037080
TwoRaises-Dealer, SmallBlind: 0.363180
TwoRaises-Dealer, BigBlind: 0.696320
TwoRaises-SmallBlind, BigBlind: 2.122740
ThreeRaises-CutOff, Dealer, SmallBlind: 0.204580
ThreeRaises-CutOff, Dealer, BigBlind: 0.392950
ThreeRaises-CutOff, SmallBlind, BigBlind: 1.214450
ThreeRaises-Dealer, SmallBlind, BigBlind: 0.100630
FourRaises-CutOff, Dealer, SmallBlind, BigBlind: 0.051770


Show Downs Frequency: 18.802110
Two Players in Frequency: 16.837730
Three Players in Frequency: 1.912610
Four Players in Frequency: 0.051770
==============================================================================================================
============================******************************************************============================
==============================================================================================================
cutoff strategy: FourtyPercent
delear strategy: FivePercent
small blind strategy: FifteenPercent
big blind strategy: ThirtyPercent
=====================================================================
========= Table: 10, #Hand: 10000000

| Ks | Jd | Ac | Kc | 2d | 

Player ID: 11, Position: CutOff, Holding Cards: | Kd | 6d | , Action: AllIn, 
Best Hand: | Ac | Kc | Ks | Kd | Jd | = Trips of: 13, Money: 450099.991646

Player ID: 12, Position: Dealer, Holding Cards: | Qs | 4h | , Action: Fold, 
Best Hand: | Ac | Kc | Ks | Qs | Jd | = Pair of: 13, Money: 364395.666665

Player ID: 13, Position: SmallBlind, Holding Cards: | 5s | Qd | , Action: Fold, 
Best Hand: | Ac | Kc | Ks | Qd | Jd | = Pair of: 13, Money: -365238.308303

Player ID: 14, Position: BigBlind, Holding Cards: | 6s | 2s | , Action: Fold, 
Best Hand: | Ac | Kc | Ks | 2s | 2d | = TwoPairs of: 13 and 2, Money: -449257.350039

=====================================================================


HighCard: 17.403670
Pair: 43.834310
TwoPairs: 23.495835
Trips: 4.827147
Straight: 4.623102
Flush: 3.022910
FullHouse: 2.594142
Quads: 0.168192
StraightFlush: 0.030690

Empty-BigBlind: 47.573230
OneRaise-CutOff: 23.164900
OneRaise-Dealer: 2.089980
OneRaise-SmallBlind: 6.244860
TwoRaises-CutOff, Dealer: 1.304150
TwoRaises-CutOff, SmallBlind: 3.970990
TwoRaises-CutOff, BigBlind: 9.617860
TwoRaises-Dealer, SmallBlind: 0.344950
TwoRaises-Dealer, BigBlind: 0.834010
TwoRaises-SmallBlind, BigBlind: 2.531040
ThreeRaises-CutOff, Dealer, SmallBlind: 0.192280
ThreeRaises-CutOff, Dealer, BigBlind: 0.477130
ThreeRaises-CutOff, SmallBlind, BigBlind: 1.468280
ThreeRaises-Dealer, SmallBlind, BigBlind: 0.122990
FourRaises-CutOff, Dealer, SmallBlind, BigBlind: 0.063350


Show Downs Frequency: 20.927030
Two Players in Frequency: 18.603000
Three Players in Frequency: 2.260680
Four Players in Frequency: 0.063350
==============================================================================================================
============================******************************************************============================
==============================================================================================================
cutoff strategy: FourtyPercent
delear strategy: FivePercent
small blind strategy: FifteenPercent
big blind strategy: ThirtyfivePercent
=====================================================================
========= Table: 10, #Hand: 10000000

| Jd | Ad | 3d | 10s | 2d | 

Player ID: 11, Position: CutOff, Holding Cards: | 8c | 8h | , Action: AllIn, 
Best Hand: | Ad | Jd | 10s | 8c | 8h | = Pair of: 8, Money: 466245.641645

Player ID: 12, Position: Dealer, Holding Cards: | 8d | 2s | , Action: Fold, 
Best Hand: | Ad | Jd | 8d | 3d | 2d | = Flush of: 14 high, Money: 376760.133332

Player ID: 13, Position: SmallBlind, Holding Cards: | 9c | 5d | , Action: Fold, 
Best Hand: | Ad | Jd | 5d | 3d | 2d | = Flush of: 14 high, Money: -344255.774980

Player ID: 14, Position: BigBlind, Holding Cards: | 7c | Qh | , Action: Fold, 
Best Hand: | Ad | Qh | Jd | 10s | 7c | = HighCard of: 14, Money: -498750.000048

=====================================================================


HighCard: 17.412647
Pair: 43.822263
TwoPairs: 23.497190
Trips: 4.826907
Straight: 4.624657
Flush: 3.023440
FullHouse: 2.593410
Quads: 0.168458
StraightFlush: 0.031027

Empty-BigBlind: 47.553370
OneRaise-CutOff: 21.450220
OneRaise-Dealer: 1.931280
OneRaise-SmallBlind: 5.767440
TwoRaises-CutOff, Dealer: 1.213420
TwoRaises-CutOff, SmallBlind: 3.692540
TwoRaises-CutOff, BigBlind: 11.351900
TwoRaises-Dealer, SmallBlind: 0.316470
TwoRaises-Dealer, BigBlind: 0.996060
TwoRaises-SmallBlind, BigBlind: 3.009340
ThreeRaises-CutOff, Dealer, SmallBlind: 0.179980
ThreeRaises-CutOff, Dealer, BigBlind: 0.565640
ThreeRaises-CutOff, SmallBlind, BigBlind: 1.749790
ThreeRaises-Dealer, SmallBlind, BigBlind: 0.146510
FourRaises-CutOff, Dealer, SmallBlind, BigBlind: 0.076040


Show Downs Frequency: 23.297690
Two Players in Frequency: 20.579730
Three Players in Frequency: 2.641920
Four Players in Frequency: 0.076040
==============================================================================================================
============================******************************************************============================
==============================================================================================================
cutoff strategy: FourtyPercent
delear strategy: FivePercent
small blind strategy: FifteenPercent
big blind strategy: FourtyPercent
=====================================================================
========= Table: 10, #Hand: 10000000

| 9h | 6d | 4c | 5c | 6s | 

Player ID: 11, Position: CutOff, Holding Cards: | Js | 8c | , Action: Fold, 
Best Hand: | Js | 9h | 8c | 6s | 6d | = Pair of: 6, Money: 494396.424976

Player ID: 12, Position: Dealer, Holding Cards: | 8s | 4h | , Action: Fold, 
Best Hand: | 9h | 6s | 6d | 4c | 4h | = TwoPairs of: 6 and 4, Money: 388654.124998

Player ID: 13, Position: SmallBlind, Holding Cards: | 10c | 10h | , Action: AllIn, 
Best Hand: | 10c | 10h | 9h | 6s | 6d | = TwoPairs of: 10 and 6, Money: -317305.266662

Player ID: 14, Position: BigBlind, Holding Cards: | 7h | Qh | , Action: AllIn, 
Best Hand: | Qh | 9h | 7h | 6s | 6d | = Pair of: 6, Money: -565745.283391

=====================================================================


HighCard: 17.420537
Pair: 43.807037
TwoPairs: 23.496005
Trips: 4.833365
Straight: 4.618042
Flush: 3.027585
FullHouse: 2.598842
Quads: 0.167180
StraightFlush: 0.031405

Empty-BigBlind: 47.574610
OneRaise-CutOff: 19.855290
OneRaise-Dealer: 1.789810
OneRaise-SmallBlind: 5.343630
TwoRaises-CutOff, Dealer: 1.128850
TwoRaises-CutOff, SmallBlind: 3.428080
TwoRaises-CutOff, BigBlind: 12.937750
TwoRaises-Dealer, SmallBlind: 0.295100
TwoRaises-Dealer, BigBlind: 1.125780
TwoRaises-SmallBlind, BigBlind: 3.427550
ThreeRaises-CutOff, Dealer, SmallBlind: 0.171560
ThreeRaises-CutOff, Dealer, BigBlind: 0.654120
ThreeRaises-CutOff, SmallBlind, BigBlind: 2.008890
ThreeRaises-Dealer, SmallBlind, BigBlind: 0.169930
FourRaises-CutOff, Dealer, SmallBlind, BigBlind: 0.089050


Show Downs Frequency: 25.436660
Two Players in Frequency: 22.343110
Three Players in Frequency: 3.004500
Four Players in Frequency: 0.089050
==============================================================================================================
============================******************************************************============================
==============================================================================================================
cutoff strategy: FourtyPercent
delear strategy: FivePercent
small blind strategy: FifteenPercent
big blind strategy: FourtyfivePercent
=====================================================================
========= Table: 10, #Hand: 10000000

| 9h | 4h | 3d | 2s | 10d | 

Player ID: 11, Position: CutOff, Holding Cards: | Qc | 2c | , Action: Fold, 
Best Hand: | Qc | 10d | 9h | 2c | 2s | = Pair of: 2, Money: 535927.774974

Player ID: 12, Position: Dealer, Holding Cards: | 6h | 5d | , Action: Fold, 
Best Hand: | 6h | 5d | 4h | 3d | 2s | = Straight of: 6 high, Money: 402767.608331

Player ID: 13, Position: SmallBlind, Holding Cards: | As | 8c | , Action: AllIn, 
Best Hand: | As | 10d | 9h | 8c | 4h | = HighCard of: 14, Money: -295611.683341

Player ID: 14, Position: BigBlind, Holding Cards: | 8s | 3h | , Action: Fold, 
Best Hand: | 10d | 9h | 8s | 3d | 3h | = Pair of: 3, Money: -643083.700066

=====================================================================


HighCard: 17.410093
Pair: 43.810955
TwoPairs: 23.496590
Trips: 4.834108
Straight: 4.623193
Flush: 3.029212
FullHouse: 2.595772
Quads: 0.168593
StraightFlush: 0.031485

Empty-BigBlind: 47.588190
OneRaise-CutOff: 18.280580
OneRaise-Dealer: 1.648480
OneRaise-SmallBlind: 4.902670
TwoRaises-CutOff, Dealer: 1.050830
TwoRaises-CutOff, SmallBlind: 3.163720
TwoRaises-CutOff, BigBlind: 14.503060
TwoRaises-Dealer, SmallBlind: 0.272940
TwoRaises-Dealer, BigBlind: 1.273850
TwoRaises-SmallBlind, BigBlind: 3.853400
ThreeRaises-CutOff, Dealer, SmallBlind: 0.156280
ThreeRaises-CutOff, Dealer, BigBlind: 0.734770
ThreeRaises-CutOff, SmallBlind, BigBlind: 2.276260
ThreeRaises-Dealer, SmallBlind, BigBlind: 0.193310
FourRaises-CutOff, Dealer, SmallBlind, BigBlind: 0.101660


Show Downs Frequency: 27.580080
Two Players in Frequency: 24.117800
Three Players in Frequency: 3.360620
Four Players in Frequency: 0.101660
==============================================================================================================
============================******************************************************============================
==============================================================================================================
cutoff strategy: FourtyPercent
delear strategy: FivePercent
small blind strategy: FifteenPercent
big blind strategy: FiftyPercent
=====================================================================
========= Table: 10, #Hand: 10000000

| 10c | Kh | 8h | Jd | 3s | 

Player ID: 11, Position: CutOff, Holding Cards: | Ac | 6s | , Action: AllIn, 
Best Hand: | Ac | Kh | Jd | 10c | 8h | = HighCard of: 14, Money: 581324.899972

Player ID: 12, Position: Dealer, Holding Cards: | Qc | Qd | , Action: AllIn, 
Best Hand: | Kh | Qc | Qd | Jd | 10c | = Pair of: 12, Money: 414034.449998

Player ID: 13, Position: SmallBlind, Holding Cards: | 2s | 9s | , Action: Fold, 
Best Hand: | Kh | Jd | 10c | 9s | 8h | = HighCard of: 13, Money: -267716.516697

Player ID: 14, Position: BigBlind, Holding Cards: | As | Kc | , Action: AllIn, 
Best Hand: | As | Kc | Kh | Jd | 10c | = Pair of: 13, Money: -727642.833407

=====================================================================


HighCard: 17.400517
Pair: 43.818812
TwoPairs: 23.502095
Trips: 4.831313
Straight: 4.620080
Flush: 3.027375
FullHouse: 2.599438
Quads: 0.168420
StraightFlush: 0.031950

Empty-BigBlind: 47.576900
OneRaise-CutOff: 16.598840
OneRaise-Dealer: 1.504740
OneRaise-SmallBlind: 4.459170
TwoRaises-CutOff, Dealer: 0.959050
TwoRaises-CutOff, SmallBlind: 2.888520
TwoRaises-CutOff, BigBlind: 16.191560
TwoRaises-Dealer, SmallBlind: 0.250120
TwoRaises-Dealer, BigBlind: 1.424640
TwoRaises-SmallBlind, BigBlind: 4.299660
ThreeRaises-CutOff, Dealer, SmallBlind: 0.144570
ThreeRaises-CutOff, Dealer, BigBlind: 0.824830
ThreeRaises-CutOff, SmallBlind, BigBlind: 2.549150
ThreeRaises-Dealer, SmallBlind, BigBlind: 0.215660
FourRaises-CutOff, Dealer, SmallBlind, BigBlind: 0.112590


Show Downs Frequency: 29.860350
Two Players in Frequency: 26.013550
Three Players in Frequency: 3.734210
Four Players in Frequency: 0.112590
==============================================================================================================
============================******************************************************============================
==============================================================================================================
cutoff strategy: FourtyPercent
delear strategy: FivePercent
small blind strategy: TwentyPercent
big blind strategy: FivePercent
=====================================================================
========= Table: 10, #Hand: 10000000

| 5h | 6c | Ad | 9s | Kd | 

Player ID: 11, Position: CutOff, Holding Cards: | 9h | Kh | , Action: AllIn, 
Best Hand: | Ad | Kd | Kh | 9s | 9h | = TwoPairs of: 13 and 9, Money: 648698.499963

Player ID: 12, Position: Dealer, Holding Cards: | Ah | 4c | , Action: Fold, 
Best Hand: | Ad | Ah | Kd | 9s | 6c | = Pair of: 14, Money: 329977.283333

Player ID: 13, Position: SmallBlind, Holding Cards: | 5s | Ac | , Action: Fold, 
Best Hand: | Ac | Ad | Kd | 5s | 5h | = TwoPairs of: 14 and 5, Money: -311459.449998

Player ID: 14, Position: BigBlind, Holding Cards: | 6s | Qd | , Action: Fold, 
Best Hand: | Ad | Kd | Qd | 6c | 6s | = Pair of: 6, Money: -667216.333391

=====================================================================


HighCard: 17.403707
Pair: 43.829495
TwoPairs: 23.495162
Trips: 4.826710
Straight: 4.617660
Flush: 3.028415
FullHouse: 2.598720
Quads: 0.168420
StraightFlush: 0.031710

Empty-BigBlind: 44.698410
OneRaise-CutOff: 29.350810
OneRaise-Dealer: 2.617710
OneRaise-SmallBlind: 11.029540
TwoRaises-CutOff, Dealer: 1.612870
TwoRaises-CutOff, SmallBlind: 6.952990
TwoRaises-CutOff, BigBlind: 1.608300
TwoRaises-Dealer, SmallBlind: 0.597100
TwoRaises-Dealer, BigBlind: 0.141340
TwoRaises-SmallBlind, BigBlind: 0.601890
ThreeRaises-CutOff, Dealer, SmallBlind: 0.331650
ThreeRaises-CutOff, Dealer, BigBlind: 0.077480
ThreeRaises-CutOff, SmallBlind, BigBlind: 0.338480
ThreeRaises-Dealer, SmallBlind, BigBlind: 0.027490
FourRaises-CutOff, Dealer, SmallBlind, BigBlind: 0.013940


Show Downs Frequency: 12.303530
Two Players in Frequency: 11.514490
Three Players in Frequency: 0.775100
Four Players in Frequency: 0.013940
==============================================================================================================
============================******************************************************============================
==============================================================================================================
cutoff strategy: FourtyPercent
delear strategy: FivePercent
small blind strategy: TwentyPercent
big blind strategy: TenPercent
=====================================================================
========= Table: 10, #Hand: 10000000

| 9s | Qs | Ad | Kd | 6h | 

Player ID: 11, Position: CutOff, Holding Cards: | 6s | 6d | , Action: AllIn, 
Best Hand: | Ad | Kd | 6s | 6d | 6h | = Trips of: 6, Money: 555550.341636

Player ID: 12, Position: Dealer, Holding Cards: | 2d | 5c | , Action: Fold, 
Best Hand: | Ad | Kd | Qs | 9s | 6h | = HighCard of: 14, Money: 341212.966666

Player ID: 13, Position: SmallBlind, Holding Cards: | 8s | 9c | , Action: Fold, 
Best Hand: | Ad | Kd | Qs | 9c | 9s | = Pair of: 9, Money: -335332.924985

Player ID: 14, Position: BigBlind, Holding Cards: | 8h | 7d | , Action: Fold, 
Best Hand: | Ad | Kd | Qs | 9s | 8h | = HighCard of: 14, Money: -561430.383382

=====================================================================


HighCard: 17.420407
Pair: 43.836638
TwoPairs: 23.478023
Trips: 4.829355
Straight: 4.620250
Flush: 3.025230
FullHouse: 2.591658
Quads: 0.167607
StraightFlush: 0.030832

Empty-BigBlind: 44.671760
OneRaise-CutOff: 27.783960
OneRaise-Dealer: 2.489810
OneRaise-SmallBlind: 10.484400
TwoRaises-CutOff, Dealer: 1.538030
TwoRaises-CutOff, SmallBlind: 6.629370
TwoRaises-CutOff, BigBlind: 3.173700
TwoRaises-Dealer, SmallBlind: 0.572910
TwoRaises-Dealer, BigBlind: 0.274540
TwoRaises-SmallBlind, BigBlind: 1.169470
ThreeRaises-CutOff, Dealer, SmallBlind: 0.320380
ThreeRaises-CutOff, Dealer, BigBlind: 0.150330
ThreeRaises-CutOff, SmallBlind, BigBlind: 0.658950
ThreeRaises-Dealer, SmallBlind, BigBlind: 0.054650
FourRaises-CutOff, Dealer, SmallBlind, BigBlind: 0.027740


Show Downs Frequency: 14.570070
Two Players in Frequency: 13.358020
Three Players in Frequency: 1.184310
Four Players in Frequency: 0.027740
==============================================================================================================
============================******************************************************============================
==============================================================================================================
cutoff strategy: FourtyPercent
delear strategy: FivePercent
small blind strategy: TwentyPercent
big blind strategy: FifteenPercent
=====================================================================
========= Table: 10, #Hand: 10000000

| Jd | 2d | Kd | Qh | 8d | 

Player ID: 11, Position: CutOff, Holding Cards: | Ah | 2s | , Action: AllIn, 
Best Hand: | Ah | Kd | Qh | 2s | 2d | = Pair of: 2, Money: 499919.116641

Player ID: 12, Position: Dealer, Holding Cards: | 4h | Qc | , Action: Fold, 
Best Hand: | Kd | Qc | Qh | Jd | 8d | = Pair of: 12, Money: 346645.974999

Player ID: 13, Position: SmallBlind, Holding Cards: | Qs | Kc | , Action: AllIn, 
Best Hand: | Kc | Kd | Qs | Qh | Jd | = TwoPairs of: 13 and 12, Money: -332538.741652

Player ID: 14, Position: BigBlind, Holding Cards: | 10d | 10s | , Action: AllIn, 
Best Hand: | Kd | Jd | 10d | 8d | 2d | = Flush of: 13 high, Money: -514026.350044

=====================================================================


HighCard: 17.406727
Pair: 43.841163
TwoPairs: 23.482508
Trips: 4.829745
Straight: 4.622560
Flush: 3.023862
FullHouse: 2.593297
Quads: 0.169295
StraightFlush: 0.030842

Empty-BigBlind: 44.669830
OneRaise-CutOff: 26.478500
OneRaise-Dealer: 2.385140
OneRaise-SmallBlind: 9.973270
TwoRaises-CutOff, Dealer: 1.472890
TwoRaises-CutOff, SmallBlind: 6.342950
TwoRaises-CutOff, BigBlind: 4.487730
TwoRaises-Dealer, SmallBlind: 0.543570
TwoRaises-Dealer, BigBlind: 0.390710
TwoRaises-SmallBlind, BigBlind: 1.661480
ThreeRaises-CutOff, Dealer, SmallBlind: 0.309480
ThreeRaises-CutOff, Dealer, BigBlind: 0.217270
ThreeRaises-CutOff, SmallBlind, BigBlind: 0.947420
ThreeRaises-Dealer, SmallBlind, BigBlind: 0.079240
FourRaises-CutOff, Dealer, SmallBlind, BigBlind: 0.040520


Show Downs Frequency: 16.493260
Two Players in Frequency: 14.899330
Three Players in Frequency: 1.553410
Four Players in Frequency: 0.040520
==============================================================================================================
============================******************************************************============================
==============================================================================================================
cutoff strategy: FourtyPercent
delear strategy: FivePercent
small blind strategy: TwentyPercent
big blind strategy: TwentyPercent
=====================================================================
========= Table: 10, #Hand: 10000000

| Jh | 2c | 8h | 10h | Jd | 

Player ID: 11, Position: CutOff, Holding Cards: | 7h | 5h | , Action: Fold, 
Best Hand: | Jh | 10h | 8h | 7h | 5h | = Flush of: 11 high, Money: 464937.916645

Player ID: 12, Position: Dealer, Holding Cards: | 2h | 3d | , Action: Fold, 
Best Hand: | Jd | Jh | 10h | 2c | 2h | = TwoPairs of: 11 and 2, Money: 354338.758332

Player ID: 13, Position: SmallBlind, Holding Cards: | Qs | Kd | , Action: AllIn, 
Best Hand: | Kd | Qs | Jd | Jh | 10h | = Pair of: 11, Money: -327420.508323

Player ID: 14, Position: BigBlind, Holding Cards: | 7c | 5c | , Action: Fold, 
Best Hand: | Jd | Jh | 10h | 8h | 7c | = Pair of: 11, Money: -491856.166709

=====================================================================


HighCard: 17.410150
Pair: 43.821430
TwoPairs: 23.505047
Trips: 4.826182
Straight: 4.616605
Flush: 3.025505
FullHouse: 2.596328
Quads: 0.167470
StraightFlush: 0.031282

Empty-BigBlind: 44.711420
OneRaise-CutOff: 24.932670
OneRaise-Dealer: 2.241950
OneRaise-SmallBlind: 9.416770
TwoRaises-CutOff, Dealer: 1.398040
TwoRaises-CutOff, SmallBlind: 6.011230
TwoRaises-CutOff, BigBlind: 5.991630
TwoRaises-Dealer, SmallBlind: 0.520540
TwoRaises-Dealer, BigBlind: 0.520530
TwoRaises-SmallBlind, BigBlind: 2.227590
ThreeRaises-CutOff, Dealer, SmallBlind: 0.293800
ThreeRaises-CutOff, Dealer, BigBlind: 0.290890
ThreeRaises-CutOff, SmallBlind, BigBlind: 1.283120
ThreeRaises-Dealer, SmallBlind, BigBlind: 0.105570
FourRaises-CutOff, Dealer, SmallBlind, BigBlind: 0.054250


Show Downs Frequency: 18.697190
Two Players in Frequency: 16.669560
Three Players in Frequency: 1.973380
Four Players in Frequency: 0.054250
==============================================================================================================
============================******************************************************============================
==============================================================================================================
cutoff strategy: FourtyPercent
delear strategy: FivePercent
small blind strategy: TwentyPercent
big blind strategy: TwentyfivePercent
=====================================================================
========= Table: 10, #Hand: 10000000

| Jh | 2d | Ac | 8h | 8s | 

Player ID: 11, Position: CutOff, Holding Cards: | Qc | 3c | , Action: Fold, 
Best Hand: | Ac | Qc | Jh | 8s | 8h | = Pair of: 8, Money: 436863.966648

Player ID: 12, Position: Dealer, Holding Cards: | Ah | Js | , Action: Fold, 
Best Hand: | Ac | Ah | Js | Jh | 8h | = TwoPairs of: 14 and 11, Money: 366986.424999

Player ID: 13, Position: SmallBlind, Holding Cards: | 4c | 6s | , Action: Fold, 
Best Hand: | Ac | Jh | 8s | 8h | 6s | = Pair of: 8, Money: -313931.191664

Player ID: 14, Position: BigBlind, Holding Cards: | Kd | Kh | , Action: AllIn, 
Best Hand: | Ac | Kd | Kh | 8s | 8h | = TwoPairs of: 13 and 8, Money: -489919.200043

=====================================================================


HighCard: 17.406748
Pair: 43.833042
TwoPairs: 23.494205
Trips: 4.827340
Straight: 4.618630
Flush: 3.025325
FullHouse: 2.596367
Quads: 0.167297
StraightFlush: 0.031045

Empty-BigBlind: 44.683590
OneRaise-CutOff: 23.326200
OneRaise-Dealer: 2.099010
OneRaise-SmallBlind: 8.828900
TwoRaises-CutOff, Dealer: 1.316250
TwoRaises-CutOff, SmallBlind: 5.660530
TwoRaises-CutOff, BigBlind: 7.621900
TwoRaises-Dealer, SmallBlind: 0.491900
TwoRaises-Dealer, BigBlind: 0.660480
TwoRaises-SmallBlind, BigBlind: 2.816070
ThreeRaises-CutOff, Dealer, SmallBlind: 0.277860
ThreeRaises-CutOff, Dealer, BigBlind: 0.374860
ThreeRaises-CutOff, SmallBlind, BigBlind: 1.636080
ThreeRaises-Dealer, SmallBlind, BigBlind: 0.137160
FourRaises-CutOff, Dealer, SmallBlind, BigBlind: 0.069210


Show Downs Frequency: 21.062300
Two Players in Frequency: 18.567130
Three Players in Frequency: 2.425960
Four Players in Frequency: 0.069210
==============================================================================================================
============================******************************************************============================
==============================================================================================================
cutoff strategy: FourtyPercent
delear strategy: FivePercent
small blind strategy: TwentyPercent
big blind strategy: ThirtyPercent
=====================================================================
========= Table: 10, #Hand: 10000000

| 6d | 9h | Qs | Jc | 8s | 

Player ID: 11, Position: CutOff, Holding Cards: | 8h | 4d | , Action: Fold, 
Best Hand: | Qs | Jc | 9h | 8s | 8h | = Pair of: 8, Money: 421772.183316

Player ID: 12, Position: Dealer, Holding Cards: | Jh | Ac | , Action: Fold, 
Best Hand: | Ac | Qs | Jc | Jh | 9h | = Pair of: 11, Money: 375274.691665

Player ID: 13, Position: SmallBlind, Holding Cards: | 6h | Kh | , Action: Fold, 
Best Hand: | Kh | Qs | Jc | 6d | 6h | = Pair of: 6, Money: -291792.958344

Player ID: 14, Position: BigBlind, Holding Cards: | 7s | 7h | , Action: AllIn, 
Best Hand: | Qs | Jc | 9h | 7s | 7h | = Pair of: 7, Money: -505253.916712

=====================================================================


HighCard: 17.418837
Pair: 43.827033
TwoPairs: 23.497667
Trips: 4.829205
Straight: 4.616045
Flush: 3.017860
FullHouse: 2.595028
Quads: 0.167728
StraightFlush: 0.030597

Empty-BigBlind: 44.718040
OneRaise-CutOff: 21.840280
OneRaise-Dealer: 1.974360
OneRaise-SmallBlind: 8.261410
TwoRaises-CutOff, Dealer: 1.229090
TwoRaises-CutOff, SmallBlind: 5.310660
TwoRaises-CutOff, BigBlind: 9.099980
TwoRaises-Dealer, SmallBlind: 0.461780
TwoRaises-Dealer, BigBlind: 0.790720
TwoRaises-SmallBlind, BigBlind: 3.379940
ThreeRaises-CutOff, Dealer, SmallBlind: 0.263430
ThreeRaises-CutOff, Dealer, BigBlind: 0.451830
ThreeRaises-CutOff, SmallBlind, BigBlind: 1.963570
ThreeRaises-Dealer, SmallBlind, BigBlind: 0.168360
FourRaises-CutOff, Dealer, SmallBlind, BigBlind: 0.086550


Show Downs Frequency: 23.205910
Two Players in Frequency: 20.272170
Three Players in Frequency: 2.847190
Four Players in Frequency: 0.086550
