==============================================================================================================
============================******************************************************============================
==============================================================================================================
cutoff strategy: FourtyfivePercent
delear strategy: FivePercent
small blind strategy: FivePercent
big blind strategy: FivePercent
=====================================================================
========= Table: 10, #Hand: 10000000

| Qc | Js | Jc | 9c | 8c | 

Player ID: 11, Position: CutOff, Holding Cards: | Kh | 6s | , Action: AllIn, 
Best Hand: | Kh | Qc | Jc | Js | 9c | = Pair of: 11, Money: 903794.358272

Player ID: 12, Position: Dealer, Holding Cards: | 5h | 8h | , Action: Fold, 
Best Hand: | Qc | Jc | Js | 8c | 8h | = TwoPairs of: 11 and 8, Money: 316585.358333

Player ID: 13, Position: SmallBlind, Holding Cards: | 10c | 9h | , Action: Fold, 
Best Hand: | Qc | Jc | 10c | 9c | 8c | = StraightFlush of: 12 high, Money: -673003.149881

Player ID: 14, Position: BigBlind, Holding Cards: | Qh | 3d | , Action: Fold, 
Best Hand: | Qc | Qh | Jc | Js | 9c | = TwoPairs of: 12 and 11, Money: -547376.566718

=====================================================================


HighCard: 17.425325
Pair: 43.829770
TwoPairs: 23.478920
Trips: 4.820175
Straight: 4.623345
Flush: 3.026778
FullHouse: 2.595910
Quads: 0.168580
StraightFlush: 0.031197

Empty-BigBlind: 48.790540
OneRaise-CutOff: 38.497830
OneRaise-Dealer: 2.816000
OneRaise-SmallBlind: 2.827900
TwoRaises-CutOff, Dealer: 2.104030
TwoRaises-CutOff, SmallBlind: 2.112940
TwoRaises-CutOff, BigBlind: 2.103280
TwoRaises-Dealer, SmallBlind: 0.146460
TwoRaises-Dealer, BigBlind: 0.147230
TwoRaises-SmallBlind, BigBlind: 0.148580
ThreeRaises-CutOff, Dealer, SmallBlind: 0.098230
ThreeRaises-CutOff, Dealer, BigBlind: 0.097280
ThreeRaises-CutOff, SmallBlind, BigBlind: 0.099250
ThreeRaises-Dealer, SmallBlind, BigBlind: 0.006710
FourRaises-CutOff, Dealer, SmallBlind, BigBlind: 0.003740


Show Downs Frequency: 7.067730
Two Players in Frequency: 6.762520
Three Players in Frequency: 0.301470
Four Players in Frequency: 0.003740
==============================================================================================================
============================******************************************************============================
==============================================================================================================
cutoff strategy: FourtyfivePercent
delear strategy: FivePercent
small blind strategy: FivePercent
big blind strategy: TenPercent
=====================================================================
========= Table: 10, #Hand: 10000000

| 7d | As | 8s | Jc | 8h | 

Player ID: 11, Position: CutOff, Holding Cards: | 5c | 4s | , Action: Fold, 
Best Hand: | As | Jc | 8s | 8h | 7d | = Pair of: 8, Money: 780311.449946

Player ID: 12, Position: Dealer, Holding Cards: | 6s | Js | , Action: Fold, 
Best Hand: | As | Jc | Js | 8s | 8h | = TwoPairs of: 11 and 8, Money: 324031.949999

Player ID: 13, Position: SmallBlind, Holding Cards: | 10h | 2h | , Action: Fold, 
Best Hand: | As | Jc | 10h | 8s | 8h | = Pair of: 8, Money: -665372.699882

Player ID: 14, Position: BigBlind, Holding Cards: | 3s | 10s | , Action: AllIn, 
Best Hand: | As | Jc | 10s | 8s | 8h | = Pair of: 8, Money: -438970.700036

=====================================================================


HighCard: 17.414358
Pair: 43.820523
TwoPairs: 23.509203
Trips: 4.825435
Straight: 4.615375
Flush: 3.022722
FullHouse: 2.594078
Quads: 0.167063
StraightFlush: 0.031245

Empty-BigBlind: 48.812750
OneRaise-CutOff: 36.462760
OneRaise-Dealer: 2.687590
OneRaise-SmallBlind: 2.676240
TwoRaises-CutOff, Dealer: 2.000780
TwoRaises-CutOff, SmallBlind: 2.003480
TwoRaises-CutOff, BigBlind: 4.131030
TwoRaises-Dealer, SmallBlind: 0.141680
TwoRaises-Dealer, BigBlind: 0.287810
TwoRaises-SmallBlind, BigBlind: 0.289860
ThreeRaises-CutOff, Dealer, SmallBlind: 0.093310
ThreeRaises-CutOff, Dealer, BigBlind: 0.195550
ThreeRaises-CutOff, SmallBlind, BigBlind: 0.196840
ThreeRaises-Dealer, SmallBlind, BigBlind: 0.012450
FourRaises-CutOff, Dealer, SmallBlind, BigBlind: 0.007870


Show Downs Frequency: 9.360660
Two Players in Frequency: 8.854640
Three Players in Frequency: 0.498150
Four Players in Frequency: 0.007870
==============================================================================================================
============================******************************************************============================
==============================================================================================================
cutoff strategy: FourtyfivePercent
delear strategy: FivePercent
small blind strategy: FivePercent
big blind strategy: FifteenPercent
=====================================================================
========= Table: 10, #Hand: 10000000

| 5c | Jh | Qh | Js | 2s | 

Player ID: 11, Position: CutOff, Holding Cards: | 8d | Ah | , Action: AllIn, 
Best Hand: | Ah | Qh | Js | Jh | 8d | = Pair of: 11, Money: 696631.316618

Player ID: 12, Position: Dealer, Holding Cards: | 7s | 5h | , Action: Fold, 
Best Hand: | Qh | Js | Jh | 5c | 5h | = TwoPairs of: 11 and 5, Money: 334807.758332

Player ID: 13, Position: SmallBlind, Holding Cards: | 2c | 4s | , Action: Fold, 
Best Hand: | Qh | Js | Jh | 2c | 2s | = TwoPairs of: 11 and 2, Money: -655971.108216

Player ID: 14, Position: BigBlind, Holding Cards: | Ks | 2h | , Action: Fold, 
Best Hand: | Ks | Js | Jh | 2s | 2h | = TwoPairs of: 11 and 2, Money: -375467.966689

=====================================================================


HighCard: 17.415798
Pair: 43.828113
TwoPairs: 23.485383
Trips: 4.828023
Straight: 4.621182
Flush: 3.022922
FullHouse: 2.599287
Quads: 0.168340
StraightFlush: 0.030953

Empty-BigBlind: 48.813150
OneRaise-CutOff: 34.746950
OneRaise-Dealer: 2.558740
OneRaise-SmallBlind: 2.556030
TwoRaises-CutOff, Dealer: 1.918050
TwoRaises-CutOff, SmallBlind: 1.917860
TwoRaises-CutOff, BigBlind: 5.848180
TwoRaises-Dealer, SmallBlind: 0.134980
TwoRaises-Dealer, BigBlind: 0.411260
TwoRaises-SmallBlind, BigBlind: 0.413220
ThreeRaises-CutOff, Dealer, SmallBlind: 0.090780
ThreeRaises-CutOff, Dealer, BigBlind: 0.279910
ThreeRaises-CutOff, SmallBlind, BigBlind: 0.279910
ThreeRaises-Dealer, SmallBlind, BigBlind: 0.019330
FourRaises-CutOff, Dealer, SmallBlind, BigBlind: 0.011650


Show Downs Frequency: 11.325130
Two Players in Frequency: 10.643550
Three Players in Frequency: 0.669930
Four Players in Frequency: 0.011650
==============================================================================================================
============================******************************************************============================
==============================================================================================================
cutoff strategy: FourtyfivePercent
delear strategy: FivePercent
small blind strategy: FivePercent
big blind strategy: TwentyPercent
=====================================================================
========= Table: 10, #Hand: 10000000

| 5h | 9s | 7c | 3c | Js | 

Player ID: 11, Position: CutOff, Holding Cards: | 5c | Kd | , Action: AllIn, 
Best Hand: | Kd | Js | 9s | 5c | 5h | = Pair of: 5, Money: 634346.949956

Player ID: 12, Position: Dealer, Holding Cards: | 8h | 8c | , Action: Fold, 
Best Hand: | Js | 9s | 8c | 8h | 7c | = Pair of: 8, Money: 342297.624999

Player ID: 13, Position: SmallBlind, Holding Cards: | Qh | 7d | , Action: Fold, 
Best Hand: | Qh | Js | 9s | 7c | 7d | = Pair of: 7, Money: -644070.191552

Player ID: 14, Position: BigBlind, Holding Cards: | 3d | 7h | , Action: Fold, 
Best Hand: | Js | 7c | 7h | 3c | 3d | = TwoPairs of: 7 and 3, Money: -332574.383342

=====================================================================


HighCard: 17.408825
Pair: 43.829082
TwoPairs: 23.484185
Trips: 4.836200
Straight: 4.613980
Flush: 3.026490
FullHouse: 2.601385
Quads: 0.168953
StraightFlush: 0.030900

Empty-BigBlind: 48.797720
OneRaise-CutOff: 32.770980
OneRaise-Dealer: 2.421680
OneRaise-SmallBlind: 2.419610
TwoRaises-CutOff, Dealer: 1.819170
TwoRaises-CutOff, SmallBlind: 1.818350
TwoRaises-CutOff, BigBlind: 7.829580
TwoRaises-Dealer, SmallBlind: 0.128410
TwoRaises-Dealer, BigBlind: 0.555670
TwoRaises-SmallBlind, BigBlind: 0.556640
ThreeRaises-CutOff, Dealer, SmallBlind: 0.084260
ThreeRaises-CutOff, Dealer, BigBlind: 0.377240
ThreeRaises-CutOff, SmallBlind, BigBlind: 0.379710
ThreeRaises-Dealer, SmallBlind, BigBlind: 0.025180
FourRaises-CutOff, Dealer, SmallBlind, BigBlind: 0.015800


Show Downs Frequency: 13.590010
Two Players in Frequency: 12.707820
Three Players in Frequency: 0.866390
Four Players in Frequency: 0.015800
==============================================================================================================
============================******************************************************============================
==============================================================================================================
cutoff strategy: FourtyfivePercent
delear strategy: FivePercent
small blind strategy: FivePercent
big blind strategy: TwentyfivePercent
=====================================================================
========= Table: 10, #Hand: 10000000

| 2d | 5s | 4c | 6s | 7s | 

Player ID: 11, Position: CutOff, Holding Cards: | 6d | 3c | , Action: Fold, 
Best Hand: | 7s | 6d | 5s | 4c | 3c | = Straight of: 7 high, Money: 584770.491628

Player ID: 12, Position: Dealer, Holding Cards: | 3s | 8d | , Action: Fold, 
Best Hand: | 8d | 7s | 6s | 5s | 4c | = Straight of: 8 high, Money: 355036.691665

Player ID: 13, Position: SmallBlind, Holding Cards: | 6c | Ah | , Action: Fold, 
Best Hand: | Ah | 7s | 6c | 6s | 5s | = Pair of: 6, Money: -635356.099887

Player ID: 14, Position: BigBlind, Holding Cards: | 7d | 8s | , Action: AllIn, 
Best Hand: | 8s | 7d | 6s | 5s | 4c | = Straight of: 8 high, Money: -304451.083332

=====================================================================


HighCard: 17.408770
Pair: 43.827182
TwoPairs: 23.489802
Trips: 4.833222
Straight: 4.617592
Flush: 3.029670
FullHouse: 2.593520
Quads: 0.168945
StraightFlush: 0.031295

Empty-BigBlind: 48.814600
OneRaise-CutOff: 30.643780
OneRaise-Dealer: 2.267120
OneRaise-SmallBlind: 2.273830
TwoRaises-CutOff, Dealer: 1.717140
TwoRaises-CutOff, SmallBlind: 1.712780
TwoRaises-CutOff, BigBlind: 9.934700
TwoRaises-Dealer, SmallBlind: 0.119460
TwoRaises-Dealer, BigBlind: 0.706790
TwoRaises-SmallBlind, BigBlind: 0.704720
ThreeRaises-CutOff, Dealer, SmallBlind: 0.081670
ThreeRaises-CutOff, Dealer, BigBlind: 0.483080
ThreeRaises-CutOff, SmallBlind, BigBlind: 0.487150
ThreeRaises-Dealer, SmallBlind, BigBlind: 0.032330
FourRaises-CutOff, Dealer, SmallBlind, BigBlind: 0.020850


Show Downs Frequency: 16.000670
Two Players in Frequency: 14.895590
Three Players in Frequency: 1.084230
Four Players in Frequency: 0.020850
==============================================================================================================
============================******************************************************============================
==============================================================================================================
cutoff strategy: FourtyfivePercent
delear strategy: FivePercent
small blind strategy: FivePercent
big blind strategy: ThirtyPercent
=====================================================================
========= Table: 10, #Hand: 10000000

| 7s | 5d | 9h | Jd | 7d | 

Player ID: 11, Position: CutOff, Holding Cards: | Qh | 5c | , Action: Fold, 
Best Hand: | Qh | 7s | 7d | 5c | 5d | = TwoPairs of: 7 and 5, Money: 560401.099964

Player ID: 12, Position: Dealer, Holding Cards: | 6d | 10d | , Action: Fold, 
Best Hand: | Jd | 10d | 7d | 6d | 5d | = Flush of: 11 high, Money: 361384.549999

Player ID: 13, Position: SmallBlind, Holding Cards: | Js | Ad | , Action: Fold, 
Best Hand: | Ad | Js | Jd | 7s | 7d | = TwoPairs of: 11 and 7, Money: -622978.866555

Player ID: 14, Position: BigBlind, Holding Cards: | 2h | Qd | , Action: AllIn, 
Best Hand: | Qd | Jd | 9h | 7s | 7d | = Pair of: 7, Money: -298806.783329

=====================================================================


HighCard: 17.417440
Pair: 43.806982
TwoPairs: 23.496410
Trips: 4.830807
Straight: 4.621670
Flush: 3.025807
FullHouse: 2.601643
Quads: 0.168115
StraightFlush: 0.031125

Empty-BigBlind: 48.827810
OneRaise-CutOff: 28.710160
OneRaise-Dealer: 2.133220
OneRaise-SmallBlind: 2.120030
TwoRaises-CutOff, Dealer: 1.607580
TwoRaises-CutOff, SmallBlind: 1.615390
TwoRaises-CutOff, BigBlind: 11.864610
TwoRaises-Dealer, SmallBlind: 0.113400
TwoRaises-Dealer, BigBlind: 0.844880
TwoRaises-SmallBlind, BigBlind: 0.848760
ThreeRaises-CutOff, Dealer, SmallBlind: 0.077610
ThreeRaises-CutOff, Dealer, BigBlind: 0.587010
ThreeRaises-CutOff, SmallBlind, BigBlind: 0.584140
ThreeRaises-Dealer, SmallBlind, BigBlind: 0.040810
FourRaises-CutOff, Dealer, SmallBlind, BigBlind: 0.024590


Show Downs Frequency: 18.208780
Two Players in Frequency: 16.894620
Three Players in Frequency: 1.289570
Four Players in Frequency: 0.024590
==============================================================================================================
============================******************************************************============================
==============================================================================================================
cutoff strategy: FourtyfivePercent
delear strategy: FivePercent
small blind strategy: FivePercent
big blind strategy: ThirtyfivePercent
=====================================================================
========= Table: 10, #Hand: 10000000

| 2h | 2s | Qc | 10h | 4d | 

Player ID: 11, Position: CutOff, Holding Cards: | Ad | 2c | , Action: AllIn, 
Best Hand: | Ad | Qc | 2c | 2s | 2h | = Trips of: 2, Money: 562772.816631

Player ID: 12, Position: Dealer, Holding Cards: | 7h | As | , Action: Fold, 
Best Hand: | As | Qc | 10h | 2s | 2h | = Pair of: 2, Money: 376495.099998

Player ID: 13, Position: SmallBlind, Holding Cards: | 10d | Kh | , Action: Fold, 
Best Hand: | Kh | 10d | 10h | 2s | 2h | = TwoPairs of: 10 and 2, Money: -612195.333225

Player ID: 14, Position: BigBlind, Holding Cards: | Qs | 6s | , Action: Fold, 
Best Hand: | Qc | Qs | 10h | 2s | 2h | = TwoPairs of: 12 and 2, Money: -327072.583341

=====================================================================


HighCard: 17.405830
Pair: 43.821170
TwoPairs: 23.494048
Trips: 4.832058
Straight: 4.625172
Flush: 3.023932
FullHouse: 2.598465
Quads: 0.168118
StraightFlush: 0.031207

Empty-BigBlind: 48.808410
OneRaise-CutOff: 26.551880
OneRaise-Dealer: 1.967060
OneRaise-SmallBlind: 1.970470
TwoRaises-CutOff, Dealer: 1.507770
TwoRaises-CutOff, SmallBlind: 1.502910
TwoRaises-CutOff, BigBlind: 14.030710
TwoRaises-Dealer, SmallBlind: 0.107140
TwoRaises-Dealer, BigBlind: 1.007260
TwoRaises-SmallBlind, BigBlind: 1.003690
ThreeRaises-CutOff, Dealer, SmallBlind: 0.071880
ThreeRaises-CutOff, Dealer, BigBlind: 0.698910
ThreeRaises-CutOff, SmallBlind, BigBlind: 0.695040
ThreeRaises-Dealer, SmallBlind, BigBlind: 0.047250
FourRaises-CutOff, Dealer, SmallBlind, BigBlind: 0.029620


Show Downs Frequency: 20.702180
Two Players in Frequency: 19.159480
Three Players in Frequency: 1.513080
Four Players in Frequency: 0.029620
==============================================================================================================
============================******************************************************============================
==============================================================================================================
cutoff strategy: FourtyfivePercent
delear strategy: FivePercent
small blind strategy: FivePercent
big blind strategy: FourtyPercent
=====================================================================
========= Table: 10, #Hand: 10000000

| 6h | Kd | 2c | 6c | 4c | 

Player ID: 11, Position: CutOff, Holding Cards: | Js | As | , Action: AllIn, 
Best Hand: | As | Kd | Js | 6c | 6h | = Pair of: 6, Money: 588699.916630

Player ID: 12, Position: Dealer, Holding Cards: | 6d | 5s | , Action: Fold, 
Best Hand: | Kd | 6c | 6d | 6h | 5s | = Trips of: 6, Money: 388210.516665

Player ID: 13, Position: SmallBlind, Holding Cards: | 4h | 9d | , Action: Fold, 
Best Hand: | Kd | 6c | 6h | 4c | 4h | = TwoPairs of: 6 and 4, Money: -597733.283227

Player ID: 14, Position: BigBlind, Holding Cards: | Jh | 10s | , Action: AllIn, 
Best Hand: | Kd | Jh | 10s | 6c | 6h | = Pair of: 6, Money: -379177.150026

=====================================================================


HighCard: 17.417873
Pair: 43.829592
TwoPairs: 23.498545
Trips: 4.822125
Straight: 4.617215
Flush: 3.022840
FullHouse: 2.592013
Quads: 0.168843
StraightFlush: 0.030955

Empty-BigBlind: 48.792490
OneRaise-CutOff: 24.650720
OneRaise-Dealer: 1.830130
OneRaise-SmallBlind: 1.822390
TwoRaises-CutOff, Dealer: 1.392630
TwoRaises-CutOff, SmallBlind: 1.396500
TwoRaises-CutOff, BigBlind: 15.948480
TwoRaises-Dealer, SmallBlind: 0.099240
TwoRaises-Dealer, BigBlind: 1.148420
TwoRaises-SmallBlind, BigBlind: 1.150740
ThreeRaises-CutOff, Dealer, SmallBlind: 0.067140
ThreeRaises-CutOff, Dealer, BigBlind: 0.803900
ThreeRaises-CutOff, SmallBlind, BigBlind: 0.806440
ThreeRaises-Dealer, SmallBlind, BigBlind: 0.056550
FourRaises-CutOff, Dealer, SmallBlind, BigBlind: 0.034230


Show Downs Frequency: 22.904270
Two Players in Frequency: 21.136010
Three Players in Frequency: 1.734030
Four Players in Frequency: 0.034230
==============================================================================================================
============================******************************************************============================
==============================================================================================================
cutoff strategy: FourtyfivePercent
delear strategy: FivePercent
small blind strategy: FivePercent
big blind strategy: FourtyfivePercent
=====================================================================
========= Table: 10, #Hand: 10000000

| Kc | Qh | 5h | 6h | 4d | 

Player ID: 11, Position: CutOff, Holding Cards: | 10h | 7s | , Action: Fold, 
Best Hand: | Kc | Qh | 10h | 7s | 6h | = HighCard of: 13, Money: 620032.558296

Player ID: 12, Position: Dealer, Holding Cards: | 4h | 4c | , Action: Fold, 
Best Hand: | Kc | Qh | 4c | 4d | 4h | = Trips of: 4, Money: 397985.116665

Player ID: 13, Position: SmallBlind, Holding Cards: | 8c | 8h | , Action: Fold, 
Best Hand: | Kc | Qh | 8c | 8h | 6h | = Pair of: 8, Money: -585201.508230

Player ID: 14, Position: BigBlind, Holding Cards: | 10d | 5d | , Action: AllIn, 
Best Hand: | Kc | Qh | 10d | 5d | 5h | = Pair of: 5, Money: -432816.166706

=====================================================================


HighCard: 17.417025
Pair: 43.833663
TwoPairs: 23.495638
Trips: 4.828568
Straight: 4.617357
Flush: 3.018220
FullHouse: 2.591127
Quads: 0.167565
StraightFlush: 0.030838

Empty-BigBlind: 48.797440
OneRaise-CutOff: 22.689290
OneRaise-Dealer: 1.682320
OneRaise-SmallBlind: 1.692710
TwoRaises-CutOff, Dealer: 1.293250
TwoRaises-CutOff, SmallBlind: 1.288210
TwoRaises-CutOff, BigBlind: 17.910060
TwoRaises-Dealer, SmallBlind: 0.092030
TwoRaises-Dealer, BigBlind: 1.291990
TwoRaises-SmallBlind, BigBlind: 1.290170
ThreeRaises-CutOff, Dealer, SmallBlind: 0.062580
ThreeRaises-CutOff, Dealer, BigBlind: 0.905830
ThreeRaises-CutOff, SmallBlind, BigBlind: 0.903540
ThreeRaises-Dealer, SmallBlind, BigBlind: 0.063080
FourRaises-CutOff, Dealer, SmallBlind, BigBlind: 0.037500


Show Downs Frequency: 25.138240
Two Players in Frequency: 23.165710
Three Players in Frequency: 1.935030
Four Players in Frequency: 0.037500
==============================================================================================================
============================******************************************************============================
==============================================================================================================
cutoff strategy: FourtyfivePercent
delear strategy: FivePercent
small blind strategy: FivePercent
big blind strategy: FiftyPercent
=====================================================================
========= Table: 10, #Hand: 10000000

| As | Kc | Kd | Jc | 10c | 

Player ID: 11, Position: CutOff, Holding Cards: | Qd | Ah | , Action: AllIn, 
Best Hand: | Ah | Kc | Qd | Jc | 10c | = Straight of: 14 high, Money: 665246.408295

Player ID: 12, Position: Dealer, Holding Cards: | 4d | Qs | , Action: Fold, 
Best Hand: | As | Kc | Qs | Jc | 10c | = Straight of: 14 high, Money: 414850.191664

Player ID: 13, Position: SmallBlind, Holding Cards: | 5d | 8c | , Action: Fold, 
Best Hand: | As | Kc | Kd | Jc | 10c | = Pair of: 13, Money: -571181.749899

Player ID: 14, Position: BigBlind, Holding Cards: | 2h | 3s | , Action: Fold, 
Best Hand: | As | Kc | Kd | Jc | 10c | = Pair of: 13, Money: -508914.850055

=====================================================================


HighCard: 17.419355
Pair: 43.815335
TwoPairs: 23.495752
Trips: 4.829470
Straight: 4.623615
Flush: 3.026387
FullHouse: 2.591937
Quads: 0.166662
StraightFlush: 0.031485

Empty-BigBlind: 48.781920
OneRaise-CutOff: 20.588120
OneRaise-Dealer: 1.523000
OneRaise-SmallBlind: 1.530740
TwoRaises-CutOff, Dealer: 1.185170
TwoRaises-CutOff, SmallBlind: 1.180030
TwoRaises-CutOff, BigBlind: 20.023890
TwoRaises-Dealer, SmallBlind: 0.083350
TwoRaises-Dealer, BigBlind: 1.456350
TwoRaises-SmallBlind, BigBlind: 1.444850
ThreeRaises-CutOff, Dealer, SmallBlind: 0.055360
ThreeRaises-CutOff, Dealer, BigBlind: 1.010150
ThreeRaises-CutOff, SmallBlind, BigBlind: 1.021710
ThreeRaises-Dealer, SmallBlind, BigBlind: 0.070260
FourRaises-CutOff, Dealer, SmallBlind, BigBlind: 0.045100


Show Downs Frequency: 27.576220
Two Players in Frequency: 25.373640
Three Players in Frequency: 2.157480
Four Players in Frequency: 0.045100
==============================================================================================================
============================******************************************************============================
==============================================================================================================
cutoff strategy: FourtyfivePercent
delear strategy: FivePercent
small blind strategy: TenPercent
big blind strategy: FivePercent
=====================================================================
========= Table: 10, #Hand: 10000000

| 5s | Jh | 6d | 6c | Ad | 

Player ID: 11, Position: CutOff, Holding Cards: | Kc | 3d | , Action: AllIn, 
Best Hand: | Ad | Kc | Jh | 6c | 6d | = Pair of: 6, Money: 792770.941613

Player ID: 12, Position: Dealer, Holding Cards: | Qs | 3c | , Action: Fold, 
Best Hand: | Ad | Qs | Jh | 6c | 6d | = Pair of: 6, Money: 328535.666666

Player ID: 13, Position: SmallBlind, Holding Cards: | 2c | 7d | , Action: Fold, 
Best Hand: | Ad | Jh | 7d | 6c | 6d | = Pair of: 6, Money: -494313.608255

Player ID: 14, Position: BigBlind, Holding Cards: | Jd | 4c | , Action: Fold, 
Best Hand: | Ad | Jd | Jh | 6c | 6d | = TwoPairs of: 11 and 6, Money: -626993.000056

=====================================================================


HighCard: 17.407910
Pair: 43.824555
TwoPairs: 23.498148
Trips: 4.831830
Straight: 4.613742
Flush: 3.024460
FullHouse: 2.599135
Quads: 0.168437
StraightFlush: 0.031782

Empty-BigBlind: 46.060180
OneRaise-CutOff: 36.466680
OneRaise-Dealer: 2.684860
OneRaise-SmallBlind: 5.431430
TwoRaises-CutOff, Dealer: 2.007830
TwoRaises-CutOff, SmallBlind: 4.124000
TwoRaises-CutOff, BigBlind: 1.996970
TwoRaises-Dealer, SmallBlind: 0.291040
TwoRaises-Dealer, BigBlind: 0.141320
TwoRaises-SmallBlind, BigBlind: 0.290780
ThreeRaises-CutOff, Dealer, SmallBlind: 0.195430
ThreeRaises-CutOff, Dealer, BigBlind: 0.094700
ThreeRaises-CutOff, SmallBlind, BigBlind: 0.193220
ThreeRaises-Dealer, SmallBlind, BigBlind: 0.013380
FourRaises-CutOff, Dealer, SmallBlind, BigBlind: 0.008180


Show Downs Frequency: 9.356850
Two Players in Frequency: 8.851940
Three Players in Frequency: 0.496730
Four Players in Frequency: 0.008180
==============================================================================================================
============================******************************************************============================
==============================================================================================================
cutoff strategy: FourtyfivePercent
delear strategy: FivePercent
small blind strategy: TenPercent
big blind strategy: TenPercent
=====================================================================
========= Table: 10, #Hand: 10000000

| Js | 9s | 5h | 5d | 3d | 

Player ID: 11, Position: CutOff, Holding Cards: | 5s | Kc | , Action: AllIn, 
Best Hand: | Kc | Js | 5s | 5d | 5h | = Trips of: 5, Money: 675457.316620

Player ID: 12, Position: Dealer, Holding Cards: | 3c | 3s | , Action: Fold, 
Best Hand: | 5d | 5h | 3c | 3s | 3d | = FullHouse of: 5, full of: 3, Money: 336274.658333

Player ID: 13, Position: SmallBlind, Holding Cards: | 9d | Jh | , Action: Fold, 
Best Hand: | Js | Jh | 9s | 9d | 5h | = TwoPairs of: 11 and 9, Money: -492985.891588

Player ID: 14, Position: BigBlind, Holding Cards: | 10h | 4c | , Action: Fold, 
Best Hand: | Js | 10h | 9s | 5d | 5h | = Pair of: 5, Money: -518746.083380

=====================================================================


HighCard: 17.414390
Pair: 43.823650
TwoPairs: 23.488505
Trips: 4.832372
Straight: 4.615720
Flush: 3.033185
FullHouse: 2.592153
Quads: 0.169005
StraightFlush: 0.031020

Empty-BigBlind: 46.022970
OneRaise-CutOff: 34.563950
OneRaise-Dealer: 2.547770
OneRaise-SmallBlind: 5.178390
TwoRaises-CutOff, Dealer: 1.911070
TwoRaises-CutOff, SmallBlind: 3.922290
TwoRaises-CutOff, BigBlind: 3.935020
TwoRaises-Dealer, SmallBlind: 0.275850
TwoRaises-Dealer, BigBlind: 0.278090
TwoRaises-SmallBlind, BigBlind: 0.563610
ThreeRaises-CutOff, Dealer, SmallBlind: 0.187090
ThreeRaises-CutOff, Dealer, BigBlind: 0.185890
ThreeRaises-CutOff, SmallBlind, BigBlind: 0.386370
ThreeRaises-Dealer, SmallBlind, BigBlind: 0.026280
FourRaises-CutOff, Dealer, SmallBlind, BigBlind: 0.015360


Show Downs Frequency: 11.686920
Two Players in Frequency: 10.885930
Three Players in Frequency: 0.785630
Four Players in Frequency: 0.015360
==============================================================================================================
============================******************************************************============================
==============================================================================================================
cutoff strategy: FourtyfivePercent
delear strategy: FivePercent
small blind strategy: TenPercent
big blind strategy: FifteenPercent
=====================================================================
========= Table: 10, #Hand: 10000000

| 5c | 10s | 8s | 8h | 10c | 

Player ID: 11, Position: CutOff, Holding Cards: | 2d | 10d | , Action: Fold, 
Best Hand: | 10c | 10s | 10d | 8s | 8h | = FullHouse of: 10, full of: 8, Money: 597711.616626

Player ID: 12, Position: Dealer, Holding Cards: | Ad | 9h | , Action: Fold, 
Best Hand: | Ad | 10c | 10s | 8s | 8h | = TwoPairs of: 10 and 8, Money: 340594.483332

Player ID: 13, Position: SmallBlind, Holding Cards: | Jc | 3d | , Action: Fold, 
Best Hand: | Jc | 10c | 10s | 8s | 8h | = TwoPairs of: 10 and 8, Money: -479276.633259

Player ID: 14, Position: BigBlind, Holding Cards: | 7s | 9s | , Action: AllIn, 
Best Hand: | 10c | 10s | 9s | 8s | 8h | = TwoPairs of: 10 and 8, Money: -459029.466705

=====================================================================


HighCard: 17.412057
Pair: 43.824227
TwoPairs: 23.487497
Trips: 4.829560
Straight: 4.622998
Flush: 3.028113
FullHouse: 2.596388
Quads: 0.168160
StraightFlush: 0.031000

Empty-BigBlind: 46.066500
OneRaise-CutOff: 32.902440
OneRaise-Dealer: 2.415450
OneRaise-SmallBlind: 4.921010
TwoRaises-CutOff, Dealer: 1.821240
TwoRaises-CutOff, SmallBlind: 3.764350
TwoRaises-CutOff, BigBlind: 5.572290
TwoRaises-Dealer, SmallBlind: 0.264480
TwoRaises-Dealer, BigBlind: 0.400680
TwoRaises-SmallBlind, BigBlind: 0.802320
ThreeRaises-CutOff, Dealer, SmallBlind: 0.180590
ThreeRaises-CutOff, Dealer, BigBlind: 0.269880
ThreeRaises-CutOff, SmallBlind, BigBlind: 0.556360
ThreeRaises-Dealer, SmallBlind, BigBlind: 0.038260
FourRaises-CutOff, Dealer, SmallBlind, BigBlind: 0.024150


Show Downs Frequency: 13.694600
Two Players in Frequency: 12.625360
Three Players in Frequency: 1.045090
Four Players in Frequency: 0.024150
==============================================================================================================
============================******************************************************============================
==============================================================================================================
cutoff strategy: FourtyfivePercent
delear strategy: FivePercent
small blind strategy: TenPercent
big blind strategy: TwentyPercent
=====================================================================
========= Table: 10, #Hand: 10000000

| Kh | 5h | 3c | 2c | 6h | 

Player ID: 11, Position: CutOff, Holding Cards: | 4c | 9s | , Action: Fold, 
Best Hand: | 6h | 5h | 4c | 3c | 2c | = Straight of: 6 high, Money: 538258.558299

Player ID: 12, Position: Dealer, Holding Cards: | 3d | 4s | , Action: Fold, 
Best Hand: | 6h | 5h | 4s | 3d | 2c | = Straight of: 6 high, Money: 351928.616665

Player ID: 13, Position: SmallBlind, Holding Cards: | 6d | Qd | , Action: Fold, 
Best Hand: | Kh | Qd | 6d | 6h | 5h | = Pair of: 6, Money: -465808.824930

Player ID: 14, Position: BigBlind, Holding Cards: | Kd | Js | , Action: AllIn, 
Best Hand: | Kd | Kh | Js | 6h | 5h | = Pair of: 13, Money: -424378.350033

=====================================================================


HighCard: 17.412938
Pair: 43.842182
TwoPairs: 23.488700
Trips: 4.822622
Straight: 4.617595
Flush: 3.021307
FullHouse: 2.595015
Quads: 0.168623
StraightFlush: 0.031017

Empty-BigBlind: 46.026440
OneRaise-CutOff: 31.010080
OneRaise-Dealer: 2.301040
OneRaise-SmallBlind: 4.672450
TwoRaises-CutOff, Dealer: 1.736960
TwoRaises-CutOff, SmallBlind: 3.564940
TwoRaises-CutOff, BigBlind: 7.462650
TwoRaises-Dealer, SmallBlind: 0.252140
TwoRaises-Dealer, BigBlind: 0.525960
TwoRaises-SmallBlind, BigBlind: 1.080860
ThreeRaises-CutOff, Dealer, SmallBlind: 0.171240
ThreeRaises-CutOff, Dealer, BigBlind: 0.361290
ThreeRaises-CutOff, SmallBlind, BigBlind: 0.751360
ThreeRaises-Dealer, SmallBlind, BigBlind: 0.050570
FourRaises-CutOff, Dealer, SmallBlind, BigBlind: 0.032020


Show Downs Frequency: 15.989990
Two Players in Frequency: 14.623510
Three Players in Frequency: 1.334460
Four Players in Frequency: 0.032020
==============================================================================================================
============================******************************************************============================
==============================================================================================================
cutoff strategy: FourtyfivePercent
delear strategy: FivePercent
small blind strategy: TenPercent
big blind strategy: TwentyfivePercent
=====================================================================
========= Table: 10, #Hand: 10000000

| Ah | 8c | As | Qs | 4h | 

Player ID: 11, Position: CutOff, Holding Cards: | Qh | 3c | , Action: Fold, 
Best Hand: | As | Ah | Qs | Qh | 8c | = TwoPairs of: 14 and 12, Money: 489992.583304

Player ID: 12, Position: Dealer, Holding Cards: | 3h | 7s | , Action: Fold, 
Best Hand: | As | Ah | Qs | 8c | 7s | = Pair of: 14, Money: 362015.374999

Player ID: 13, Position: SmallBlind, Holding Cards: | 10c | 7h | , Action: Fold, 
Best Hand: | As | Ah | Qs | 10c | 8c | = Pair of: 14, Money: -448417.474935

Player ID: 14, Position: BigBlind, Holding Cards: | 10h | 10d | , Action: AllIn, 
Best Hand: | As | Ah | Qs | 10d | 10h | = TwoPairs of: 14 and 10, Money: -403590.483362

=====================================================================


HighCard: 17.407645
Pair: 43.815925
TwoPairs: 23.511090
Trips: 4.831317
Straight: 4.619520
Flush: 3.021365
FullHouse: 2.594863
Quads: 0.166923
StraightFlush: 0.031352

Empty-BigBlind: 46.050860
OneRaise-CutOff: 29.034970
OneRaise-Dealer: 2.151980
OneRaise-SmallBlind: 4.356490
TwoRaises-CutOff, Dealer: 1.632150
TwoRaises-CutOff, SmallBlind: 3.358560
TwoRaises-CutOff, BigBlind: 9.453890
TwoRaises-Dealer, SmallBlind: 0.235870
TwoRaises-Dealer, BigBlind: 0.666600
TwoRaises-SmallBlind, BigBlind: 1.365050
ThreeRaises-CutOff, Dealer, SmallBlind: 0.160940
ThreeRaises-CutOff, Dealer, BigBlind: 0.466260
ThreeRaises-CutOff, SmallBlind, BigBlind: 0.962260
ThreeRaises-Dealer, SmallBlind, BigBlind: 0.064520
FourRaises-CutOff, Dealer, SmallBlind, BigBlind: 0.039600


Show Downs Frequency: 18.405700
Two Players in Frequency: 16.712120
Three Players in Frequency: 1.653980
Four Players in Frequency: 0.039600
==============================================================================================================
============================******************************************************============================
==============================================================================================================
cutoff strategy: FourtyfivePercent
delear strategy: FivePercent
small blind strategy: TenPercent
big blind strategy: ThirtyPercent
=====================================================================
========= Table: 10, #Hand: 10000000

| 3s | 3h | 2c | As | 6c | 

Player ID: 11, Position: CutOff, Holding Cards: | Qc | 10d | , Action: AllIn, 
Best Hand: | As | Qc | 10d | 3s | 3h | = Pair of: 3, Money: 466310.483308

Player ID: 12, Position: Dealer, Holding Cards: | 3d | Ah | , Action: Fold, 
Best Hand: | As | Ah | 3s | 3d | 3h | = FullHouse of: 14, full of: 3, Money: 373116.033332

Player ID: 13, Position: SmallBlind, Holding Cards: | 4h | Ad | , Action: Fold, 
Best Hand: | As | Ad | 6c | 3s | 3h | = TwoPairs of: 14 and 3, Money: -436339.333273

Player ID: 14, Position: BigBlind, Holding Cards: | 5c | Jd | , Action: Fold, 
Best Hand: | As | Jd | 6c | 3s | 3h | = Pair of: 3, Money: -403087.183362

=====================================================================


HighCard: 17.422705
Pair: 43.813285
TwoPairs: 23.500700
Trips: 4.826975
Straight: 4.614915
Flush: 3.025803
FullHouse: 2.595617
Quads: 0.168928
StraightFlush: 0.031072

Empty-BigBlind: 46.039080
OneRaise-CutOff: 27.182890
OneRaise-Dealer: 2.014190
OneRaise-SmallBlind: 4.083250
TwoRaises-CutOff, Dealer: 1.533360
TwoRaises-CutOff, SmallBlind: 3.153700
TwoRaises-CutOff, BigBlind: 11.301470
TwoRaises-Dealer, SmallBlind: 0.224160
TwoRaises-Dealer, BigBlind: 0.807090
TwoRaises-SmallBlind, BigBlind: 1.650180
ThreeRaises-CutOff, Dealer, SmallBlind: 0.153680
ThreeRaises-CutOff, Dealer, BigBlind: 0.562570
ThreeRaises-CutOff, SmallBlind, BigBlind: 1.164720
ThreeRaises-Dealer, SmallBlind, BigBlind: 0.079960
FourRaises-CutOff, Dealer, SmallBlind, BigBlind: 0.049700


Show Downs Frequency: 20.680590
Two Players in Frequency: 18.669960
Three Players in Frequency: 1.960930
Four Players in Frequency: 0.049700
==============================================================================================================
============================******************************************************============================
==============================================================================================================
cutoff strategy: FourtyfivePercent
delear strategy: FivePercent
small blind strategy: TenPercent
big blind strategy: ThirtyfivePercent
=====================================================================
========= Table: 10, #Hand: 10000000

| 10d | Ks | Js | 3s | 2s | 

Player ID: 11, Position: CutOff, Holding Cards: | 9d | 10h | , Action: AllIn, 
Best Hand: | Ks | Js | 10d | 10h | 9d | = Pair of: 10, Money: 475277.574974

Player ID: 12, Position: Dealer, Holding Cards: | 7s | 5d | , Action: Fold, 
Best Hand: | Ks | Js | 7s | 3s | 2s | = Flush of: 13 high, Money: 385603.308331

Player ID: 13, Position: SmallBlind, Holding Cards: | Kd | 2d | , Action: Fold, 
Best Hand: | Ks | Kd | Js | 2s | 2d | = TwoPairs of: 13 and 2, Money: -416556.333279

Player ID: 14, Position: BigBlind, Holding Cards: | 3h | Ac | , Action: AllIn, 
Best Hand: | Ac | Ks | Js | 3s | 3h | = Pair of: 3, Money: -444324.550038

=====================================================================


HighCard: 17.406128
Pair: 43.819065
TwoPairs: 23.501803
Trips: 4.831460
Straight: 4.618420
Flush: 3.029253
FullHouse: 2.595343
Quads: 0.167730
StraightFlush: 0.030800

Empty-BigBlind: 46.050280
OneRaise-CutOff: 25.131820
OneRaise-Dealer: 1.868520
OneRaise-SmallBlind: 3.771900
TwoRaises-CutOff, Dealer: 1.426510
TwoRaises-CutOff, SmallBlind: 2.933890
TwoRaises-CutOff, BigBlind: 13.332540
TwoRaises-Dealer, SmallBlind: 0.206380
TwoRaises-Dealer, BigBlind: 0.960420
TwoRaises-SmallBlind, BigBlind: 1.963550
ThreeRaises-CutOff, Dealer, SmallBlind: 0.144070
ThreeRaises-CutOff, Dealer, BigBlind: 0.668360
ThreeRaises-CutOff, SmallBlind, BigBlind: 1.385500
ThreeRaises-Dealer, SmallBlind, BigBlind: 0.095310
FourRaises-CutOff, Dealer, SmallBlind, BigBlind: 0.060950


Show Downs Frequency: 23.177480
Two Players in Frequency: 20.823290
Three Players in Frequency: 2.293240
Four Players in Frequency: 0.060950
==============================================================================================================
============================******************************************************============================
==============================================================================================================
cutoff strategy: FourtyfivePercent
delear strategy: FivePercent
small blind strategy: TenPercent
big blind strategy: FourtyPercent
=====================================================================
========= Table: 10, #Hand: 10000000

| Js | 9s | Qs | 8d | Qd | 

Player ID: 11, Position: CutOff, Holding Cards: | 3s | 3d | , Action: AllIn, 
Best Hand: | Qs | Qd | Js | 3s | 3d | = TwoPairs of: 12 and 3, Money: 495172.741639

Player ID: 12, Position: Dealer, Holding Cards: | Kh | 4d | , Action: Fold, 
Best Hand: | Kh | Qs | Qd | Js | 9s | = Pair of: 12, Money: 395324.016665

Player ID: 13, Position: SmallBlind, Holding Cards: | 6s | 10s | , Action: Fold, 
Best Hand: | Qs | Js | 10s | 9s | 6s | = Flush of: 12 high, Money: -397352.691619

Player ID: 14, Position: BigBlind, Holding Cards: | Jd | 6h | , Action: Fold, 
Best Hand: | Qs | Qd | Js | Jd | 9s | = TwoPairs of: 12 and 11, Money: -493144.066715

=====================================================================


HighCard: 17.427135
Pair: 43.829130
TwoPairs: 23.479915
Trips: 4.828020
Straight: 4.614960
Flush: 3.027525
FullHouse: 2.594657
Quads: 0.167395
StraightFlush: 0.031262

Empty-BigBlind: 46.059960
OneRaise-CutOff: 23.278580
OneRaise-Dealer: 1.734040
OneRaise-SmallBlind: 3.494310
TwoRaises-CutOff, Dealer: 1.331100
TwoRaises-CutOff, SmallBlind: 2.722240
TwoRaises-CutOff, BigBlind: 15.184280
TwoRaises-Dealer, SmallBlind: 0.194580
TwoRaises-Dealer, BigBlind: 1.098860
TwoRaises-SmallBlind, BigBlind: 2.234350
ThreeRaises-CutOff, Dealer, SmallBlind: 0.134290
ThreeRaises-CutOff, Dealer, BigBlind: 0.762570
ThreeRaises-CutOff, SmallBlind, BigBlind: 1.592980
ThreeRaises-Dealer, SmallBlind, BigBlind: 0.108360
FourRaises-CutOff, Dealer, SmallBlind, BigBlind: 0.069500


Show Downs Frequency: 25.433110
Two Players in Frequency: 22.765410
Three Players in Frequency: 2.598200
Four Players in Frequency: 0.069500
==============================================================================================================
============================******************************************************============================
==============================================================================================================
cutoff strategy: FourtyfivePercent
delear strategy: FivePercent
small blind strategy: TenPercent
big blind strategy: FourtyfivePercent
=====================================================================
========= Table: 10, #Hand: 10000000

| 5c | 2d | 9s | 3h | 8d | 

Player ID: 11, Position: CutOff, Holding Cards: | 4s | 6d | , Action: Fold, 
Best Hand: | 6d | 5c | 4s | 3h | 2d | = Straight of: 6 high, Money: 523977.374970

Player ID: 12, Position: Dealer, Holding Cards: | 4d | Jd | , Action: Fold, 
Best Hand: | Jd | 9s | 8d | 5c | 4d | = HighCard of: 11, Money: 407360.349998

Player ID: 13, Position: SmallBlind, Holding Cards: | 3c | 4c | , Action: Fold, 
Best Hand: | 9s | 8d | 5c | 3c | 3h | = Pair of: 3, Money: -378448.524961

Player ID: 14, Position: BigBlind, Holding Cards: | 8c | Kh | , Action: AllIn, 
Best Hand: | Kh | 9s | 8c | 8d | 5c | = Pair of: 8, Money: -552889.200056

=====================================================================


HighCard: 17.409772
Pair: 43.823495
TwoPairs: 23.505218
Trips: 4.830415
Straight: 4.616245
Flush: 3.021905
FullHouse: 2.595162
Quads: 0.166447
StraightFlush: 0.031340

Empty-BigBlind: 46.030790
OneRaise-CutOff: 21.454160
OneRaise-Dealer: 1.602480
OneRaise-SmallBlind: 3.206280
TwoRaises-CutOff, Dealer: 1.229930
TwoRaises-CutOff, SmallBlind: 2.513250
TwoRaises-CutOff, BigBlind: 17.029820
TwoRaises-Dealer, SmallBlind: 0.180730
TwoRaises-Dealer, BigBlind: 1.226810
TwoRaises-SmallBlind, BigBlind: 2.523880
ThreeRaises-CutOff, Dealer, SmallBlind: 0.128030
ThreeRaises-CutOff, Dealer, BigBlind: 0.866050
ThreeRaises-CutOff, SmallBlind, BigBlind: 1.804550
ThreeRaises-Dealer, SmallBlind, BigBlind: 0.124330
FourRaises-CutOff, Dealer, SmallBlind, BigBlind: 0.078910


Show Downs Frequency: 27.706290
Two Players in Frequency: 24.704420
Three Players in Frequency: 2.922960
Four Players in Frequency: 0.078910
==============================================================================================================
============================******************************************************============================
==============================================================================================================
cutoff strategy: FourtyfivePercent
delear strategy: FivePercent
small blind strategy: TenPercent
big blind strategy: FiftyPercent
=====================================================================
========= Table: 10, #Hand: 10000000

| 8d | 10d | Kc | Qh | 5d | 

Player ID: 11, Position: CutOff, Holding Cards: | 10c | Js | , Action: AllIn, 
Best Hand: | Kc | Qh | Js | 10c | 10d | = Pair of: 10, Money: 577820.908301

Player ID: 12, Position: Dealer, Holding Cards: | As | 8s | , Action: Fold, 
Best Hand: | As | Kc | Qh | 8s | 8d | = Pair of: 8, Money: 421556.558331

Player ID: 13, Position: SmallBlind, Holding Cards: | 9d | 6c | , Action: Fold, 
Best Hand: | Kc | Qh | 10d | 9d | 8d | = HighCard of: 13, Money: -359502.833305

Player ID: 14, Position: BigBlind, Holding Cards: | 7c | 6h | , Action: Fold, 
Best Hand: | Kc | Qh | 10d | 8d | 7c | = HighCard of: 13, Money: -639874.633400

=====================================================================


HighCard: 17.407287
Pair: 43.832720
TwoPairs: 23.491598
Trips: 4.825798
Straight: 4.622962
Flush: 3.025305
FullHouse: 2.596340
Quads: 0.167070
StraightFlush: 0.030920

Empty-BigBlind: 46.054340
OneRaise-CutOff: 19.457960
OneRaise-Dealer: 1.448900
OneRaise-SmallBlind: 2.917230
TwoRaises-CutOff, Dealer: 1.120240
TwoRaises-CutOff, SmallBlind: 2.294380
TwoRaises-CutOff, BigBlind: 19.009910
TwoRaises-Dealer, SmallBlind: 0.160640
TwoRaises-Dealer, BigBlind: 1.377210
TwoRaises-SmallBlind, BigBlind: 2.820410
ThreeRaises-CutOff, Dealer, SmallBlind: 0.113940
ThreeRaises-CutOff, Dealer, BigBlind: 0.973890
ThreeRaises-CutOff, SmallBlind, BigBlind: 2.022050
ThreeRaises-Dealer, SmallBlind, BigBlind: 0.139330
FourRaises-CutOff, Dealer, SmallBlind, BigBlind: 0.089570


Show Downs Frequency: 30.121570
Two Players in Frequency: 26.782790
Three Players in Frequency: 3.249210
Four Players in Frequency: 0.089570
==============================================================================================================
============================******************************************************============================
==============================================================================================================
cutoff strategy: FourtyfivePercent
delear strategy: FivePercent
small blind strategy: FifteenPercent
big blind strategy: FivePercent
=====================================================================
========= Table: 10, #Hand: 10000000

| 9c | Qd | Qs | Qc | Kd | 

Player ID: 11, Position: CutOff, Holding Cards: | 4h | As | , Action: AllIn, 
Best Hand: | As | Kd | Qc | Qs | Qd | = Trips of: 12, Money: 722650.783285

Player ID: 12, Position: Dealer, Holding Cards: | Ad | 6c | , Action: Fold, 
Best Hand: | Ad | Kd | Qc | Qs | Qd | = Trips of: 12, Money: 335545.816666

Player ID: 13, Position: SmallBlind, Holding Cards: | Kh | 3c | , Action: Fold, 
Best Hand: | Kd | Kh | Qc | Qs | Qd | = FullHouse of: 13, full of: 12, Money: -365393.866636

Player ID: 14, Position: BigBlind, Holding Cards: | 10c | 8c | , Action: Fold, 
Best Hand: | Kd | Qc | Qs | Qd | 10c | = Trips of: 12, Money: -692802.733392

=====================================================================


HighCard: 17.418533
Pair: 43.813792
TwoPairs: 23.494208
Trips: 4.827802
Straight: 4.625393
Flush: 3.027942
FullHouse: 2.592128
Quads: 0.168648
StraightFlush: 0.031555

Empty-BigBlind: 43.704900
OneRaise-CutOff: 34.761630
OneRaise-Dealer: 2.556970
OneRaise-SmallBlind: 7.654850
TwoRaises-CutOff, Dealer: 1.920930
TwoRaises-CutOff, SmallBlind: 5.845870
TwoRaises-CutOff, BigBlind: 1.912100
TwoRaises-Dealer, SmallBlind: 0.415320
TwoRaises-Dealer, BigBlind: 0.133680
TwoRaises-SmallBlind, BigBlind: 0.413350
ThreeRaises-CutOff, Dealer, SmallBlind: 0.278500
ThreeRaises-CutOff, Dealer, BigBlind: 0.090310
ThreeRaises-CutOff, SmallBlind, BigBlind: 0.281040
ThreeRaises-Dealer, SmallBlind, BigBlind: 0.018920
FourRaises-CutOff, Dealer, SmallBlind, BigBlind: 0.011630


Show Downs Frequency: 11.321650
Two Players in Frequency: 10.641250
Three Players in Frequency: 0.668770
Four Players in Frequency: 0.011630
==============================================================================================================
============================******************************************************============================
==============================================================================================================
cutoff strategy: FourtyfivePercent
delear strategy: FivePercent
small blind strategy: FifteenPercent
big blind strategy: TenPercent
=====================================================================
========= Table: 10, #Hand: 10000000

| Qs | 7d | 9s | 9d | 6h | 

Player ID: 11, Position: CutOff, Holding Cards: | 6c | 10h | , Action: Fold, 
Best Hand: | Qs | 9s | 9d | 6c | 6h | = TwoPairs of: 9 and 6, Money: 611498.133293

Player ID: 12, Position: Dealer, Holding Cards: | Ah | 4c | , Action: Fold, 
Best Hand: | Ah | Qs | 9s | 9d | 7d | = Pair of: 9, Money: 345296.666666

Player ID: 13, Position: SmallBlind, Holding Cards: | 9h | 4s | , Action: Fold, 
Best Hand: | Qs | 9s | 9d | 9h | 7d | = Trips of: 9, Money: -380482.416630

Player ID: 14, Position: BigBlind, Holding Cards: | Jd | 8h | , Action: AllIn, 
Best Hand: | Qs | Jd | 9s | 9d | 8h | = Pair of: 9, Money: -576312.383384

=====================================================================


HighCard: 17.408650
Pair: 43.831785
TwoPairs: 23.488135
Trips: 4.828773
Straight: 4.611370
Flush: 3.030655
FullHouse: 2.600122
Quads: 0.168760
StraightFlush: 0.031750

Empty-BigBlind: 43.677190
OneRaise-CutOff: 32.916080
OneRaise-Dealer: 2.435280
OneRaise-SmallBlind: 7.273060
TwoRaises-CutOff, Dealer: 1.827640
TwoRaises-CutOff, SmallBlind: 5.573120
TwoRaises-CutOff, BigBlind: 3.767120
TwoRaises-Dealer, SmallBlind: 0.396720
TwoRaises-Dealer, BigBlind: 0.263280
TwoRaises-SmallBlind, BigBlind: 0.804950
ThreeRaises-CutOff, Dealer, SmallBlind: 0.267720
ThreeRaises-CutOff, Dealer, BigBlind: 0.179060
ThreeRaises-CutOff, SmallBlind, BigBlind: 0.557270
ThreeRaises-Dealer, SmallBlind, BigBlind: 0.038360
FourRaises-CutOff, Dealer, SmallBlind, BigBlind: 0.023150


Show Downs Frequency: 13.698390
Two Players in Frequency: 12.632830
Three Players in Frequency: 1.042410
Four Players in Frequency: 0.023150
==============================================================================================================
============================******************************************************============================
==============================================================================================================
cutoff strategy: FourtyfivePercent
delear strategy: FivePercent
small blind strategy: FifteenPercent
big blind strategy: FifteenPercent
=====================================================================
========= Table: 10, #Hand: 10000000

| Kh | 10d | 10c | 3h | Js | 

Player ID: 11, Position: CutOff, Holding Cards: | Jc | 2c | , Action: Fold, 
Best Hand: | Kh | Jc | Js | 10c | 10d | = TwoPairs of: 11 and 10, Money: 539024.974966

Player ID: 12, Position: Dealer, Holding Cards: | 8c | 6d | , Action: Fold, 
Best Hand: | Kh | Js | 10c | 10d | 8c | = Pair of: 10, Money: 353714.933332

Player ID: 13, Position: SmallBlind, Holding Cards: | 9h | 5h | , Action: Fold, 
Best Hand: | Kh | Js | 10c | 10d | 9h | = Pair of: 10, Money: -378395.408297

Player ID: 14, Position: BigBlind, Holding Cards: | 2d | 7s | , Action: AllIn, 
Best Hand: | Kh | Js | 10c | 10d | 7s | = Pair of: 10, Money: -514344.500044

=====================================================================


HighCard: 17.404305
Pair: 43.820482
TwoPairs: 23.497540
Trips: 4.831260
Straight: 4.622030
Flush: 3.025535
FullHouse: 2.597573
Quads: 0.169948
StraightFlush: 0.031328

Empty-BigBlind: 43.688500
OneRaise-CutOff: 31.340640
OneRaise-Dealer: 2.319830
OneRaise-SmallBlind: 6.927070
TwoRaises-CutOff, Dealer: 1.761100
TwoRaises-CutOff, SmallBlind: 5.317060
TwoRaises-CutOff, BigBlind: 5.324380
TwoRaises-Dealer, SmallBlind: 0.378300
TwoRaises-Dealer, BigBlind: 0.379220
TwoRaises-SmallBlind, BigBlind: 1.156210
ThreeRaises-CutOff, Dealer, SmallBlind: 0.258780
ThreeRaises-CutOff, Dealer, BigBlind: 0.260150
ThreeRaises-CutOff, SmallBlind, BigBlind: 0.800390
ThreeRaises-Dealer, SmallBlind, BigBlind: 0.054330
FourRaises-CutOff, Dealer, SmallBlind, BigBlind: 0.034040


Show Downs Frequency: 15.723960
Two Players in Frequency: 14.316270
Three Players in Frequency: 1.373650
Four Players in Frequency: 0.034040
==============================================================================================================
============================******************************************************============================
==============================================================================================================
cutoff strategy: FourtyfivePercent
delear strategy: FivePercent
small blind strategy: FifteenPercent
big blind strategy: TwentyPercent
=====================================================================
========= Table: 10, #Hand: 10000000

| 9h | 7c | 5h | 6h | 10c | 

Player ID: 11, Position: CutOff, Holding Cards: | Qh | 2s | , Action: Fold, 
Best Hand: | Qh | 10c | 9h | 7c | 6h | = HighCard of: 12, Money: 483868.383305

Player ID: 12, Position: Dealer, Holding Cards: | 5d | 4h | , Action: Fold, 
Best Hand: | 10c | 9h | 7c | 5d | 5h | = Pair of: 5, Money: 361298.766665

Player ID: 13, Position: SmallBlind, Holding Cards: | Jh | Qc | , Action: Fold, 
Best Hand: | Qc | Jh | 10c | 9h | 7c | = HighCard of: 12, Money: -363529.216638

Player ID: 14, Position: BigBlind, Holding Cards: | 3h | 3c | , Action: AllIn, 
Best Hand: | 10c | 9h | 7c | 3c | 3h | = Pair of: 3, Money: -481637.933374

=====================================================================


HighCard: 17.423230
Pair: 43.824305
TwoPairs: 23.488453
Trips: 4.824010
Straight: 4.618593
Flush: 3.026327
FullHouse: 2.596297
Quads: 0.167995
StraightFlush: 0.030790

Empty-BigBlind: 43.710030
OneRaise-CutOff: 29.522310
OneRaise-Dealer: 2.187750
OneRaise-SmallBlind: 6.542530
TwoRaises-CutOff, Dealer: 1.657160
TwoRaises-CutOff, SmallBlind: 5.056770
TwoRaises-CutOff, BigBlind: 7.134960
TwoRaises-Dealer, SmallBlind: 0.362480
TwoRaises-Dealer, BigBlind: 0.503920
TwoRaises-SmallBlind, BigBlind: 1.532540
ThreeRaises-CutOff, Dealer, SmallBlind: 0.246140
ThreeRaises-CutOff, Dealer, BigBlind: 0.349950
ThreeRaises-CutOff, SmallBlind, BigBlind: 1.071930
ThreeRaises-Dealer, SmallBlind, BigBlind: 0.074360
FourRaises-CutOff, Dealer, SmallBlind, BigBlind: 0.047170


Show Downs Frequency: 18.037380
Two Players in Frequency: 16.247830
Three Players in Frequency: 1.742380
Four Players in Frequency: 0.047170
==============================================================================================================
============================******************************************************============================
==============================================================================================================
cutoff strategy: FourtyfivePercent
delear strategy: FivePercent
small blind strategy: FifteenPercent
big blind strategy: TwentyfivePercent
=====================================================================
========= Table: 10, #Hand: 10000000

| Qs | 3d | 2s | 5s | 10d | 

Player ID: 11, Position: CutOff, Holding Cards: | 4c | 4h | , Action: AllIn, 
Best Hand: | Qs | 10d | 5s | 4c | 4h | = Pair of: 4, Money: 439167.466644

Player ID: 12, Position: Dealer, Holding Cards: | 7h | Qd | , Action: Fold, 
Best Hand: | Qs | Qd | 10d | 7h | 5s | = Pair of: 12, Money: 373236.383332

Player ID: 13, Position: SmallBlind, Holding Cards: | 6s | 2d | , Action: Fold, 
Best Hand: | Qs | 10d | 6s | 2s | 2d | = Pair of: 2, Money: -345921.799978

Player ID: 14, Position: BigBlind, Holding Cards: | Qh | 9h | , Action: Fold, 
Best Hand: | Qs | Qh | 10d | 9h | 5s | = Pair of: 12, Money: -466482.050039

=====================================================================


HighCard: 17.415670
Pair: 43.813445
TwoPairs: 23.506065
Trips: 4.828782
Straight: 4.622727
Flush: 3.022137
FullHouse: 2.592165
Quads: 0.167765
StraightFlush: 0.031242

Empty-BigBlind: 43.675550
OneRaise-CutOff: 27.642970
OneRaise-Dealer: 2.047150
OneRaise-SmallBlind: 6.134330
TwoRaises-CutOff, Dealer: 1.559350
TwoRaises-CutOff, SmallBlind: 4.754830
TwoRaises-CutOff, BigBlind: 9.039170
TwoRaises-Dealer, SmallBlind: 0.336950
TwoRaises-Dealer, BigBlind: 0.643030
TwoRaises-SmallBlind, BigBlind: 1.957820
ThreeRaises-CutOff, Dealer, SmallBlind: 0.230850
ThreeRaises-CutOff, Dealer, BigBlind: 0.446210
ThreeRaises-CutOff, SmallBlind, BigBlind: 1.379380
ThreeRaises-Dealer, SmallBlind, BigBlind: 0.093300
FourRaises-CutOff, Dealer, SmallBlind, BigBlind: 0.059110


Show Downs Frequency: 20.500000
Two Players in Frequency: 18.291150
Three Players in Frequency: 2.149740
Four Players in Frequency: 0.059110
==============================================================================================================
============================******************************************************============================
==============================================================================================================
cutoff strategy: FourtyfivePercent
delear strategy: FivePercent
small blind strategy: FifteenPercent
big blind strategy: ThirtyPercent
=====================================================================
========= Table: 10, #Hand: 10000000

| 8h | 4s | Qs | Jc | 5d | 

Player ID: 11, Position: CutOff, Holding Cards: | 8d | 8c | , Action: AllIn, 
Best Hand: | Qs | Jc | 8c | 8d | 8h | = Trips of: 8, Money: 418899.424980

Player ID: 12, Position: Dealer, Holding Cards: | 8s | 9c | , Action: Fold, 
Best Hand: | Qs | Jc | 9c | 8s | 8h | = Pair of: 8, Money: 381436.208332

Player ID: 13, Position: SmallBlind, Holding Cards: | 4c | 9d | , Action: Fold, 
Best Hand: | Qs | Jc | 9d | 4c | 4s | = Pair of: 4, Money: -327475.199988

Player ID: 14, Position: BigBlind, Holding Cards: | 7c | 6d | , Action: Fold, 
Best Hand: | 8h | 7c | 6d | 5d | 4s | = Straight of: 8 high, Money: -472860.433374

=====================================================================


HighCard: 17.403495
Pair: 43.834502
TwoPairs: 23.495697
Trips: 4.827180
Straight: 4.623053
Flush: 3.023045
FullHouse: 2.594142
Quads: 0.168187
StraightFlush: 0.030697

Empty-BigBlind: 43.693910
OneRaise-CutOff: 25.862280
OneRaise-Dealer: 1.925890
OneRaise-SmallBlind: 5.748730
TwoRaises-CutOff, Dealer: 1.468420
TwoRaises-CutOff, SmallBlind: 4.467150
TwoRaises-CutOff, BigBlind: 10.799560
TwoRaises-Dealer, SmallBlind: 0.318720
TwoRaises-Dealer, BigBlind: 0.770690
TwoRaises-SmallBlind, BigBlind: 2.338010
ThreeRaises-CutOff, Dealer, SmallBlind: 0.218520
ThreeRaises-CutOff, Dealer, BigBlind: 0.540520
ThreeRaises-CutOff, SmallBlind, BigBlind: 1.661230
ThreeRaises-Dealer, SmallBlind, BigBlind: 0.114410
FourRaises-CutOff, Dealer, SmallBlind, BigBlind: 0.071960


Show Downs Frequency: 22.769190
Two Players in Frequency: 20.162550
Three Players in Frequency: 2.534680
Four Players in Frequency: 0.071960
==============================================================================================================
============================******************************************************============================
==============================================================================================================
cutoff strategy: FourtyfivePercent
delear strategy: FivePercent
small blind strategy: FifteenPercent
big blind strategy: ThirtyfivePercent
=====================================================================
========= Table: 10, #Hand: 10000000

| Js | 3c | 7h | 4c | 7s | 

Player ID: 11, Position: CutOff, Holding Cards: | 4h | 8h | , Action: Fold, 
Best Hand: | Js | 7s | 7h | 4c | 4h | = TwoPairs of: 7 and 4, Money: 424494.033314

Player ID: 12, Position: Dealer, Holding Cards: | 2c | 7d | , Action: Fold, 
Best Hand: | Js | 7s | 7d | 7h | 4c | = Trips of: 7, Money: 393049.783331

Player ID: 13, Position: SmallBlind, Holding Cards: | 7c | 9h | , Action: Fold, 
Best Hand: | Js | 9h | 7c | 7s | 7h | = Trips of: 7, Money: -307327.350001

Player ID: 14, Position: BigBlind, Holding Cards: | Ah | 6s | , Action: AllIn, 
Best Hand: | Ah | Js | 7s | 7h | 6s | = Pair of: 7, Money: -510216.466714

=====================================================================


HighCard: 17.412437
Pair: 43.822587
TwoPairs: 23.497132
Trips: 4.826880
Straight: 4.624638
Flush: 3.023353
FullHouse: 2.593457
Quads: 0.168492
StraightFlush: 0.031023

Empty-BigBlind: 43.678970
OneRaise-CutOff: 23.936590
OneRaise-Dealer: 1.779090
OneRaise-SmallBlind: 5.305160
TwoRaises-CutOff, Dealer: 1.365400
TwoRaises-CutOff, SmallBlind: 4.154950
TwoRaises-CutOff, BigBlind: 12.740060
TwoRaises-Dealer, SmallBlind: 0.292150
TwoRaises-Dealer, BigBlind: 0.923870
TwoRaises-SmallBlind, BigBlind: 2.777160
ThreeRaises-CutOff, Dealer, SmallBlind: 0.204330
ThreeRaises-CutOff, Dealer, BigBlind: 0.637580
ThreeRaises-CutOff, SmallBlind, BigBlind: 1.982130
ThreeRaises-Dealer, SmallBlind, BigBlind: 0.136160
FourRaises-CutOff, Dealer, SmallBlind, BigBlind: 0.086400


Show Downs Frequency: 25.300190
Two Players in Frequency: 22.253590
Three Players in Frequency: 2.960200
Four Players in Frequency: 0.086400
==============================================================================================================
============================******************************************************============================
==============================================================================================================
cutoff strategy: FourtyfivePercent
delear strategy: FivePercent
small blind strategy: FifteenPercent
big blind strategy: FourtyPercent
=====================================================================
========= Table: 10, #Hand: 10000000

| Qs | 6c | 10s | As | 10h | 

Player ID: 11, Position: CutOff, Holding Cards: | 8d | 7s | , Action: Fold, 
Best Hand: | As | Qs | 10s | 10h | 8d | = Pair of: 10, Money: 445848.974978

Player ID: 12, Position: Dealer, Holding Cards: | Ks | 3h | , Action: Fold, 
Best Hand: | As | Ks | Qs | 10s | 10h | = Pair of: 10, Money: 404669.308331

Player ID: 13, Position: SmallBlind, Holding Cards: | 6h | Jd | , Action: Fold, 
Best Hand: | As | 10s | 10h | 6c | 6h | = TwoPairs of: 10 and 6, Money: -282457.583352

Player ID: 14, Position: BigBlind, Holding Cards: | 6d | 8s | , Action: AllIn, 
Best Hand: | As | 10s | 10h | 6c | 6d | = TwoPairs of: 10 and 6, Money: -568060.700054

=====================================================================


HighCard: 17.420617
Pair: 43.806852
TwoPairs: 23.496065
Trips: 4.833473
Straight: 4.618157
Flush: 3.027528
FullHouse: 2.598733
Quads: 0.167175
StraightFlush: 0.031400

Empty-BigBlind: 43.695430
OneRaise-CutOff: 22.155860
OneRaise-Dealer: 1.647780
OneRaise-SmallBlind: 4.917360
TwoRaises-CutOff, Dealer: 1.271040
TwoRaises-CutOff, SmallBlind: 3.854770
TwoRaises-CutOff, BigBlind: 14.515720
TwoRaises-Dealer, SmallBlind: 0.273360
TwoRaises-Dealer, BigBlind: 1.041540
TwoRaises-SmallBlind, BigBlind: 3.166760
ThreeRaises-CutOff, Dealer, SmallBlind: 0.193320
ThreeRaises-CutOff, Dealer, BigBlind: 0.738280
ThreeRaises-CutOff, SmallBlind, BigBlind: 2.269790
ThreeRaises-Dealer, SmallBlind, BigBlind: 0.157900
FourRaises-CutOff, Dealer, SmallBlind, BigBlind: 0.101090


Show Downs Frequency: 27.583570
Two Players in Frequency: 24.123190
Three Players in Frequency: 3.359290
Four Players in Frequency: 0.101090
==============================================================================================================
============================******************************************************============================
==============================================================================================================
cutoff strategy: FourtyfivePercent
delear strategy: FivePercent
small blind strategy: FifteenPercent
big blind strategy: FourtyfivePercent
=====================================================================
========= Table: 10, #Hand: 10000000

| 9s | 5c | 2s | Qd | 2c | 

Player ID: 11, Position: CutOff, Holding Cards: | Ks | 2d | , Action: AllIn, 
Best Hand: | Ks | Qd | 2c | 2s | 2d | = Trips of: 2, Money: 482870.158308

Player ID: 12, Position: Dealer, Holding Cards: | 7s | 9h | , Action: Fold, 
Best Hand: | Qd | 9s | 9h | 2c | 2s | = TwoPairs of: 9 and 2, Money: 418033.774998

Player ID: 13, Position: SmallBlind, Holding Cards: | 6d | 3c | , Action: Fold, 
Best Hand: | Qd | 9s | 6d | 2c | 2s | = Pair of: 2, Money: -261372.416702

Player ID: 14, Position: BigBlind, Holding Cards: | 10d | 4c | , Action: Fold, 
Best Hand: | Qd | 10d | 9s | 2c | 2s | = Pair of: 2, Money: -639531.516729

=====================================================================


HighCard: 17.409852
Pair: 43.810825
TwoPairs: 23.496813
Trips: 4.834142
Straight: 4.623213
Flush: 3.029290
FullHouse: 2.595782
Quads: 0.168600
StraightFlush: 0.031482

Empty-BigBlind: 43.695270
OneRaise-CutOff: 20.414540
OneRaise-Dealer: 1.518780
OneRaise-SmallBlind: 4.511440
TwoRaises-CutOff, Dealer: 1.180590
TwoRaises-CutOff, SmallBlind: 3.555050
TwoRaises-CutOff, BigBlind: 16.261920
TwoRaises-Dealer, SmallBlind: 0.252020
TwoRaises-Dealer, BigBlind: 1.179090
TwoRaises-SmallBlind, BigBlind: 3.559300
ThreeRaises-CutOff, Dealer, SmallBlind: 0.177200
ThreeRaises-CutOff, Dealer, BigBlind: 0.829660
ThreeRaises-CutOff, SmallBlind, BigBlind: 2.570170
ThreeRaises-Dealer, SmallBlind, BigBlind: 0.179390
FourRaises-CutOff, Dealer, SmallBlind, BigBlind: 0.115580


Show Downs Frequency: 29.859970
Two Players in Frequency: 25.987970
Three Players in Frequency: 3.756420
Four Players in Frequency: 0.115580
==============================================================================================================
============================******************************************************============================
==============================================================================================================
cutoff strategy: FourtyfivePercent
delear strategy: FivePercent
small blind strategy: FifteenPercent
big blind strategy: FiftyPercent
=====================================================================
========= Table: 10, #Hand: 10000000

| As | 2c | 8s | 6h | 5d | 

Player ID: 11, Position: CutOff, Holding Cards: | 9h | 7c | , Action: Fold, 
Best Hand: | 9h | 8s | 7c | 6h | 5d | = Straight of: 9 high, Money: 520710.208306

Player ID: 12, Position: Dealer, Holding Cards: | Kh | Js | , Action: Fold, 
Best Hand: | As | Kh | Js | 8s | 6h | = HighCard of: 14, Money: 429289.224998

Player ID: 13, Position: SmallBlind, Holding Cards: | Jh | Kd | , Action: AllIn, 
Best Hand: | As | Kd | Jh | 8s | 6h | = HighCard of: 14, Money: -233888.166700

Player ID: 14, Position: BigBlind, Holding Cards: | 7h | 3s | , Action: Fold, 
Best Hand: | As | 8s | 7h | 6h | 5d | = HighCard of: 14, Money: -716111.266736

=====================================================================


HighCard: 17.400725
Pair: 43.819243
TwoPairs: 23.501695
Trips: 4.831240
Straight: 4.619960
Flush: 3.027305
FullHouse: 2.599452
Quads: 0.168440
StraightFlush: 0.031940

Empty-BigBlind: 43.697170
OneRaise-CutOff: 18.518870
OneRaise-Dealer: 1.386890
OneRaise-SmallBlind: 4.099080
TwoRaises-CutOff, Dealer: 1.076810
TwoRaises-CutOff, SmallBlind: 3.248690
TwoRaises-CutOff, BigBlind: 18.151090
TwoRaises-Dealer, SmallBlind: 0.231730
TwoRaises-Dealer, BigBlind: 1.318880
TwoRaises-SmallBlind, BigBlind: 3.971150
ThreeRaises-CutOff, Dealer, SmallBlind: 0.162960
ThreeRaises-CutOff, Dealer, BigBlind: 0.930740
ThreeRaises-CutOff, SmallBlind, BigBlind: 2.877710
ThreeRaises-Dealer, SmallBlind, BigBlind: 0.200120
FourRaises-CutOff, Dealer, SmallBlind, BigBlind: 0.128110


Show Downs Frequency: 32.297990
Two Players in Frequency: 27.998350
Three Players in Frequency: 4.171530
Four Players in Frequency: 0.128110
==============================================================================================================
============================******************************************************============================
==============================================================================================================
cutoff strategy: FourtyfivePercent
delear strategy: FivePercent
small blind strategy: TwentyPercent
big blind strategy: FivePercent
=====================================================================
========= Table: 10, #Hand: 10000000

| 9c | 9d | Ah | 6s | 3h | 

Player ID: 11, Position: CutOff, Holding Cards: | 7h | 3s | , Action: Fold, 
Best Hand: | Ah | 9c | 9d | 3s | 3h | = TwoPairs of: 9 and 3, Money: 678138.266624

Player ID: 12, Position: Dealer, Holding Cards: | 5c | Js | , Action: Fold, 
Best Hand: | Ah | Js | 9c | 9d | 6s | = Pair of: 9, Money: 347779.974999

Player ID: 13, Position: SmallBlind, Holding Cards: | 10h | 9h | , Action: Fold, 
Best Hand: | Ah | 10h | 9c | 9d | 9h | = Trips of: 9, Money: -258259.708366

Player ID: 14, Position: BigBlind, Holding Cards: | 5s | Jc | , Action: AllIn, 
Best Hand: | Ah | Jc | 9c | 9d | 6s | = Pair of: 9, Money: -767658.533392

=====================================================================


HighCard: 17.403755
Pair: 43.829320
TwoPairs: 23.495358
Trips: 4.826652
Straight: 4.617667
Flush: 3.028348
FullHouse: 2.598715
Quads: 0.168475
StraightFlush: 0.031710

Empty-BigBlind: 41.053670
OneRaise-CutOff: 32.794920
OneRaise-Dealer: 2.416330
OneRaise-SmallBlind: 10.152180
TwoRaises-CutOff, Dealer: 1.814090
TwoRaises-CutOff, SmallBlind: 7.830120
TwoRaises-CutOff, BigBlind: 1.809400
TwoRaises-Dealer, SmallBlind: 0.552950
TwoRaises-Dealer, BigBlind: 0.131180
TwoRaises-SmallBlind, BigBlind: 0.557090
ThreeRaises-CutOff, Dealer, SmallBlind: 0.375740
ThreeRaises-CutOff, Dealer, BigBlind: 0.087610
ThreeRaises-CutOff, SmallBlind, BigBlind: 0.383290
ThreeRaises-Dealer, SmallBlind, BigBlind: 0.025710
FourRaises-CutOff, Dealer, SmallBlind, BigBlind: 0.015720


Show Downs Frequency: 13.582900
Two Players in Frequency: 12.694830
Three Players in Frequency: 0.872350
Four Players in Frequency: 0.015720
==============================================================================================================
============================******************************************************============================
==============================================================================================================
cutoff strategy: FourtyfivePercent
delear strategy: FivePercent
small blind strategy: TwentyPercent
big blind strategy: TenPercent
=====================================================================
========= Table: 10, #Hand: 10000000

| 10s | 3d | 10d | Jc | 2d | 

Player ID: 11, Position: CutOff, Holding Cards: | 3c | Kc | , Action: AllIn, 
Best Hand: | Kc | 10s | 10d | 3c | 3d | = TwoPairs of: 10 and 3, Money: 568619.774965

Player ID: 12, Position: Dealer, Holding Cards: | Jd | 7d | , Action: Fold, 
Best Hand: | Jd | 10d | 7d | 3d | 2d | = Flush of: 11 high, Money: 359029.624999

Player ID: 13, Position: SmallBlind, Holding Cards: | 5d | 3h | , Action: Fold, 
Best Hand: | Jc | 10s | 10d | 3d | 3h | = TwoPairs of: 10 and 3, Money: -284381.133349

Player ID: 14, Position: BigBlind, Holding Cards: | 2c | Ad | , Action: Fold, 
Best Hand: | Ad | 10s | 10d | 2c | 2d | = TwoPairs of: 10 and 2, Money: -643268.266719

=====================================================================


HighCard: 17.420260
Pair: 43.836953
TwoPairs: 23.478080
Trips: 4.829300
Straight: 4.620165
Flush: 3.025123
FullHouse: 2.591693
Quads: 0.167582
StraightFlush: 0.030845

Empty-BigBlind: 41.022430
OneRaise-CutOff: 31.037210
OneRaise-Dealer: 2.297010
OneRaise-SmallBlind: 9.651760
TwoRaises-CutOff, Dealer: 1.730550
TwoRaises-CutOff, SmallBlind: 7.462170
TwoRaises-CutOff, BigBlind: 3.570140
TwoRaises-Dealer, SmallBlind: 0.528910
TwoRaises-Dealer, BigBlind: 0.253860
TwoRaises-SmallBlind, BigBlind: 1.080500
ThreeRaises-CutOff, Dealer, SmallBlind: 0.364230
ThreeRaises-CutOff, Dealer, BigBlind: 0.170980
ThreeRaises-CutOff, SmallBlind, BigBlind: 0.747830
ThreeRaises-Dealer, SmallBlind, BigBlind: 0.050590
FourRaises-CutOff, Dealer, SmallBlind, BigBlind: 0.031830


Show Downs Frequency: 15.991590
Two Players in Frequency: 14.626130
Three Players in Frequency: 1.333630
Four Players in Frequency: 0.031830
==============================================================================================================
============================******************************************************============================
==============================================================================================================
cutoff strategy: FourtyfivePercent
delear strategy: FivePercent
small blind strategy: TwentyPercent
big blind strategy: FifteenPercent
=====================================================================
========= Table: 10, #Hand: 10000000

| Ks | Qd | 5d | 6h | 6s | 

Player ID: 11, Position: CutOff, Holding Cards: | Kd | As | , Action: AllIn, 
Best Hand: | As | Ks | Kd | 6s | 6h | = TwoPairs of: 13 and 6, Money: 495496.958305

Player ID: 12, Position: Dealer, Holding Cards: | 7c | 2d | , Action: Fold, 
Best Hand: | Ks | Qd | 7c | 6s | 6h | = Pair of: 6, Money: 364693.258332

Player ID: 13, Position: SmallBlind, Holding Cards: | Js | 9c | , Action: Fold, 
Best Hand: | Ks | Qd | Js | 6s | 6h | = Pair of: 6, Money: -281042.950017

Player ID: 14, Position: BigBlind, Holding Cards: | 7d | 3s | , Action: Fold, 
Best Hand: | Ks | Qd | 7d | 6s | 6h | = Pair of: 6, Money: -579147.266714

=====================================================================


HighCard: 17.406805
Pair: 43.840760
TwoPairs: 23.482473
Trips: 4.829890
Straight: 4.622583
Flush: 3.023955
FullHouse: 2.593365
Quads: 0.169340
StraightFlush: 0.030830

Empty-BigBlind: 41.023530
OneRaise-CutOff: 29.562660
OneRaise-Dealer: 2.198650
OneRaise-SmallBlind: 9.180800
TwoRaises-CutOff, Dealer: 1.659330
TwoRaises-CutOff, SmallBlind: 7.135630
TwoRaises-CutOff, BigBlind: 5.049810
TwoRaises-Dealer, SmallBlind: 0.501970
TwoRaises-Dealer, BigBlind: 0.361270
TwoRaises-SmallBlind, BigBlind: 1.533650
ThreeRaises-CutOff, Dealer, SmallBlind: 0.351090
ThreeRaises-CutOff, Dealer, BigBlind: 0.246620
ThreeRaises-CutOff, SmallBlind, BigBlind: 1.075210
ThreeRaises-Dealer, SmallBlind, BigBlind: 0.073390
FourRaises-CutOff, Dealer, SmallBlind, BigBlind: 0.046390


Show Downs Frequency: 18.034360
Two Players in Frequency: 16.241660
Three Players in Frequency: 1.746310
Four Players in Frequency: 0.046390
==============================================================================================================
============================******************************************************============================
==============================================================================================================
cutoff strategy: FourtyfivePercent
delear strategy: FivePercent
small blind strategy: TwentyPercent
big blind strategy: TwentyPercent
=====================================================================
========= Table: 10, #Hand: 10000000

| Kc | Qd | Jc | 4c | 3c | 

Player ID: 11, Position: CutOff, Holding Cards: | Qh | 4s | , Action: Fold, 
Best Hand: | Kc | Qd | Qh | 4c | 4s | = TwoPairs of: 12 and 4, Money: 446233.283311

Player ID: 12, Position: Dealer, Holding Cards: | 5d | 6h | , Action: Fold, 
Best Hand: | Kc | Qd | Jc | 6h | 5d | = HighCard of: 13, Money: 371732.208332

Player ID: 13, Position: SmallBlind, Holding Cards: | Jh | 6c | , Action: Fold, 
Best Hand: | Kc | Jc | 6c | 4c | 3c | = Flush of: 13 high, Money: -277742.541687

Player ID: 14, Position: BigBlind, Holding Cards: | 8h | 2h | , Action: AllIn, 
Best Hand: | Kc | Qd | Jc | 8h | 4c | = HighCard of: 13, Money: -540222.950046

=====================================================================


HighCard: 17.410435
Pair: 43.821385
TwoPairs: 23.504887
Trips: 4.826132
Straight: 4.616632
Flush: 3.025515
FullHouse: 2.596237
Quads: 0.167488
StraightFlush: 0.031288

Empty-BigBlind: 41.059820
OneRaise-CutOff: 27.837420
OneRaise-Dealer: 2.068520
OneRaise-SmallBlind: 8.667960
TwoRaises-CutOff, Dealer: 1.571340
TwoRaises-CutOff, SmallBlind: 6.760350
TwoRaises-CutOff, BigBlind: 6.738280
TwoRaises-Dealer, SmallBlind: 0.482020
TwoRaises-Dealer, BigBlind: 0.479550
TwoRaises-SmallBlind, BigBlind: 2.055920
ThreeRaises-CutOff, Dealer, SmallBlind: 0.332160
ThreeRaises-CutOff, Dealer, BigBlind: 0.331870
ThreeRaises-CutOff, SmallBlind, BigBlind: 1.455000
ThreeRaises-Dealer, SmallBlind, BigBlind: 0.098150
FourRaises-CutOff, Dealer, SmallBlind, BigBlind: 0.061640


Show Downs Frequency: 20.366280
Two Players in Frequency: 18.087460
Three Players in Frequency: 2.217180
Four Players in Frequency: 0.061640
==============================================================================================================
============================******************************************************============================
==============================================================================================================
cutoff strategy: FourtyfivePercent
delear strategy: FivePercent
small blind strategy: TwentyPercent
big blind strategy: TwentyfivePercent
=====================================================================
========= Table: 10, #Hand: 10000000

| 6h | 10h | 3s | Ah | Kd | 

Player ID: 11, Position: CutOff, Holding Cards: | 8d | 2c | , Action: Fold, 
Best Hand: | Ah | Kd | 10h | 8d | 6h | = HighCard of: 14, Money: 404250.066650

Player ID: 12, Position: Dealer, Holding Cards: | 7s | 10s | , Action: Fold, 
Best Hand: | Ah | Kd | 10s | 10h | 7s | = Pair of: 10, Money: 384037.016665

Player ID: 13, Position: SmallBlind, Holding Cards: | 10d | 4d | , Action: Fold, 
Best Hand: | Ah | Kd | 10d | 10h | 6h | = Pair of: 10, Money: -266486.350030

Player ID: 14, Position: BigBlind, Holding Cards: | 5d | Jd | , Action: AllIn, 
Best Hand: | Ah | Kd | Jd | 10h | 6h | = HighCard of: 14, Money: -521800.733378

=====================================================================


HighCard: 17.406508
Pair: 43.833193
TwoPairs: 23.494163
Trips: 4.827458
Straight: 4.618670
Flush: 3.025263
FullHouse: 2.596388
Quads: 0.167305
StraightFlush: 0.031055

Empty-BigBlind: 41.036070
OneRaise-CutOff: 26.025560
OneRaise-Dealer: 1.935230
OneRaise-SmallBlind: 8.127670
TwoRaises-CutOff, Dealer: 1.480060
TwoRaises-CutOff, SmallBlind: 6.362040
TwoRaises-CutOff, BigBlind: 8.569860
TwoRaises-Dealer, SmallBlind: 0.456290
TwoRaises-Dealer, BigBlind: 0.611680
TwoRaises-SmallBlind, BigBlind: 2.601330
ThreeRaises-CutOff, Dealer, SmallBlind: 0.313340
ThreeRaises-CutOff, Dealer, BigBlind: 0.423600
ThreeRaises-CutOff, SmallBlind, BigBlind: 1.850920
ThreeRaises-Dealer, SmallBlind, BigBlind: 0.127030
FourRaises-CutOff, Dealer, SmallBlind, BigBlind: 0.079320


Show Downs Frequency: 22.875470
Two Players in Frequency: 20.081260
Three Players in Frequency: 2.714890
Four Players in Frequency: 0.079320
==============================================================================================================
============================******************************************************============================
==============================================================================================================
cutoff strategy: FourtyfivePercent
delear strategy: FivePercent
small blind strategy: TwentyPercent
big blind strategy: ThirtyPercent
=====================================================================
========= Table: 10, #Hand: 10000000

| 10s | 3c | Ah | Ac | Qd | 

Player ID: 11, Position: CutOff, Holding Cards: | Qh | 2h | , Action: AllIn, 
Best Hand: | Ac | Ah | Qd | Qh | 10s | = TwoPairs of: 14 and 12, Money: 380967.366653

Player ID: 12, Position: Dealer, Holding Cards: | 3s | Ad | , Action: Fold, 
Best Hand: | Ac | Ad | Ah | 3c | 3s | = FullHouse of: 14, full of: 3, Money: 390954.283332

Player ID: 13, Position: SmallBlind, Holding Cards: | 4h | 8h | , Action: Fold, 
Best Hand: | Ac | Ah | Qd | 10s | 8h | = Pair of: 14, Money: -245918.350032

Player ID: 14, Position: BigBlind, Holding Cards: | 9s | 6c | , Action: Fold, 
Best Hand: | Ac | Ah | Qd | 10s | 9s | = Pair of: 14, Money: -526003.300045

=====================================================================


HighCard: 17.419010
Pair: 43.826898
TwoPairs: 23.497673
Trips: 4.829128
Straight: 4.616168
Flush: 3.017877
FullHouse: 2.594960
Quads: 0.167692
StraightFlush: 0.030595

Empty-BigBlind: 41.058830
OneRaise-CutOff: 24.379640
OneRaise-Dealer: 1.820820
OneRaise-SmallBlind: 7.597170
TwoRaises-CutOff, Dealer: 1.382360
TwoRaises-CutOff, SmallBlind: 5.974850
TwoRaises-CutOff, BigBlind: 10.220160
TwoRaises-Dealer, SmallBlind: 0.427400
TwoRaises-Dealer, BigBlind: 0.731780
TwoRaises-SmallBlind, BigBlind: 3.121020
ThreeRaises-CutOff, Dealer, SmallBlind: 0.297770
ThreeRaises-CutOff, Dealer, BigBlind: 0.510820
ThreeRaises-CutOff, SmallBlind, BigBlind: 2.222400
ThreeRaises-Dealer, SmallBlind, BigBlind: 0.156380
FourRaises-CutOff, Dealer, SmallBlind, BigBlind: 0.098600


Show Downs Frequency: 25.143540
Two Players in Frequency: 21.857570
Three Players in Frequency: 3.187370
Four Players in Frequency: 0.098600
